[0.062s] Invoking command in '/home/rokey/cobot_ws/build/dsr_moveit_config_m1509': CMAKE_PREFIX_PATH=/opt/ros/humble /usr/bin/cmake /home/rokey/cobot_ws/src/doosan-robot2/dsr_moveit2/dsr_moveit_config_m1509 -DCMAKE_INSTALL_PREFIX=/home/rokey/cobot_ws/install/dsr_moveit_config_m1509
[0.161s] -- The C compiler identification is GNU 11.4.0
[0.289s] -- The CXX compiler identification is GNU 11.4.0
[0.305s] -- Detecting C compiler ABI info
[0.446s] -- Detecting C compiler ABI info - done
[0.465s] -- Check for working C compiler: /usr/bin/cc - skipped
[0.465s] -- Detecting C compile features
[0.466s] -- Detecting C compile features - done
[0.472s] -- Detecting CXX compiler ABI info
[0.644s] -- Detecting CXX compiler ABI info - done
[0.662s] -- Check for working CXX compiler: /usr/bin/c++ - skipped
[0.663s] -- Detecting CXX compile features
[0.663s] -- Detecting CXX compile features - done
[0.666s] -- Found ament_cmake: 1.3.12 (/opt/ros/humble/share/ament_cmake/cmake)
[0.987s] -- Found Python3: /usr/bin/python3 (found version "3.10.12") found components: Interpreter 
[1.289s] -- Configuring done
[1.292s] -- Generating done
[1.295s] -- Build files have been written to: /home/rokey/cobot_ws/build/dsr_moveit_config_m1509
[1.384s] Invoked command in '/home/rokey/cobot_ws/build/dsr_moveit_config_m1509' returned '0': CMAKE_PREFIX_PATH=/opt/ros/humble /usr/bin/cmake /home/rokey/cobot_ws/src/doosan-robot2/dsr_moveit2/dsr_moveit_config_m1509 -DCMAKE_INSTALL_PREFIX=/home/rokey/cobot_ws/install/dsr_moveit_config_m1509
[1.386s] Invoking command in '/home/rokey/cobot_ws/build/dsr_moveit_config_m1509': CMAKE_PREFIX_PATH=/opt/ros/humble /usr/bin/cmake --build /home/rokey/cobot_ws/build/dsr_moveit_config_m1509 -- -j8 -l8
[1.439s] Invoked command in '/home/rokey/cobot_ws/build/dsr_moveit_config_m1509' returned '0': CMAKE_PREFIX_PATH=/opt/ros/humble /usr/bin/cmake --build /home/rokey/cobot_ws/build/dsr_moveit_config_m1509 -- -j8 -l8
[1.441s] Invoking command in '/home/rokey/cobot_ws/build/dsr_moveit_config_m1509': CMAKE_PREFIX_PATH=/opt/ros/humble /usr/bin/cmake --install /home/rokey/cobot_ws/build/dsr_moveit_config_m1509
[1.464s] -- Install configuration: ""
[1.469s] -- Installing: /home/rokey/cobot_ws/install/dsr_moveit_config_m1509/share/ament_index/resource_index/package_run_dependencies/dsr_moveit_config_m1509
[1.470s] -- Installing: /home/rokey/cobot_ws/install/dsr_moveit_config_m1509/share/ament_index/resource_index/parent_prefix_path/dsr_moveit_config_m1509
[1.470s] -- Installing: /home/rokey/cobot_ws/install/dsr_moveit_config_m1509/share/dsr_moveit_config_m1509/environment/ament_prefix_path.sh
[1.470s] -- Installing: /home/rokey/cobot_ws/install/dsr_moveit_config_m1509/share/dsr_moveit_config_m1509/environment/ament_prefix_path.dsv
[1.471s] -- Installing: /home/rokey/cobot_ws/install/dsr_moveit_config_m1509/share/dsr_moveit_config_m1509/environment/path.sh
[1.471s] -- Installing: /home/rokey/cobot_ws/install/dsr_moveit_config_m1509/share/dsr_moveit_config_m1509/environment/path.dsv
[1.471s] -- Installing: /home/rokey/cobot_ws/install/dsr_moveit_config_m1509/share/dsr_moveit_config_m1509/local_setup.bash
[1.471s] -- Installing: /home/rokey/cobot_ws/install/dsr_moveit_config_m1509/share/dsr_moveit_config_m1509/local_setup.sh
[1.471s] -- Installing: /home/rokey/cobot_ws/install/dsr_moveit_config_m1509/share/dsr_moveit_config_m1509/local_setup.zsh
[1.471s] -- Installing: /home/rokey/cobot_ws/install/dsr_moveit_config_m1509/share/dsr_moveit_config_m1509/local_setup.dsv
[1.471s] -- Installing: /home/rokey/cobot_ws/install/dsr_moveit_config_m1509/share/dsr_moveit_config_m1509/package.dsv
[1.471s] -- Installing: /home/rokey/cobot_ws/install/dsr_moveit_config_m1509/share/ament_index/resource_index/packages/dsr_moveit_config_m1509
[1.472s] -- Installing: /home/rokey/cobot_ws/install/dsr_moveit_config_m1509/share/dsr_moveit_config_m1509/cmake/dsr_moveit_config_m1509Config.cmake
[1.472s] -- Installing: /home/rokey/cobot_ws/install/dsr_moveit_config_m1509/share/dsr_moveit_config_m1509/cmake/dsr_moveit_config_m1509Config-version.cmake
[1.472s] -- Installing: /home/rokey/cobot_ws/install/dsr_moveit_config_m1509/share/dsr_moveit_config_m1509/package.xml
[1.472s] -- Installing: /home/rokey/cobot_ws/install/dsr_moveit_config_m1509/share/dsr_moveit_config_m1509/launch
[1.472s] -- Installing: /home/rokey/cobot_ws/install/dsr_moveit_config_m1509/share/dsr_moveit_config_m1509/launch/moveit.rviz
[1.472s] -- Installing: /home/rokey/cobot_ws/install/dsr_moveit_config_m1509/share/dsr_moveit_config_m1509/launch/start.launch.py
[1.473s] -- Installing: /home/rokey/cobot_ws/install/dsr_moveit_config_m1509/share/dsr_moveit_config_m1509/launch/demo.launch.py
[1.473s] -- Installing: /home/rokey/cobot_ws/install/dsr_moveit_config_m1509/share/dsr_moveit_config_m1509/config
[1.473s] -- Installing: /home/rokey/cobot_ws/install/dsr_moveit_config_m1509/share/dsr_moveit_config_m1509/config/dsr.ros2_control.xacro
[1.475s] -- Installing: /home/rokey/cobot_ws/install/dsr_moveit_config_m1509/share/dsr_moveit_config_m1509/config/pilz_cartesian_limits.yaml
[1.475s] -- Installing: /home/rokey/cobot_ws/install/dsr_moveit_config_m1509/share/dsr_moveit_config_m1509/config/ros2_controllers.yaml
[1.475s] -- Installing: /home/rokey/cobot_ws/install/dsr_moveit_config_m1509/share/dsr_moveit_config_m1509/config/pilz_industrial_motion_planner_planning.yaml
[1.475s] -- Installing: /home/rokey/cobot_ws/install/dsr_moveit_config_m1509/share/dsr_moveit_config_m1509/config/moveit_controllers.yaml
[1.476s] -- Installing: /home/rokey/cobot_ws/install/dsr_moveit_config_m1509/share/dsr_moveit_config_m1509/config/ompl_planning.yaml
[1.476s] -- Installing: /home/rokey/cobot_ws/install/dsr_moveit_config_m1509/share/dsr_moveit_config_m1509/config/kinematics.yaml
[1.476s] -- Installing: /home/rokey/cobot_ws/install/dsr_moveit_config_m1509/share/dsr_moveit_config_m1509/config/sensors_3d.yaml
[1.476s] -- Installing: /home/rokey/cobot_ws/install/dsr_moveit_config_m1509/share/dsr_moveit_config_m1509/config/initial_positions.yaml
[1.476s] -- Installing: /home/rokey/cobot_ws/install/dsr_moveit_config_m1509/share/dsr_moveit_config_m1509/config/dsr.srdf
[1.477s] -- Installing: /home/rokey/cobot_ws/install/dsr_moveit_config_m1509/share/dsr_moveit_config_m1509/config/joint_limits.yaml
[1.477s] -- Installing: /home/rokey/cobot_ws/install/dsr_moveit_config_m1509/share/dsr_moveit_config_m1509/config/m1509.urdf.xacro
[1.477s] -- Installing: /home/rokey/cobot_ws/install/dsr_moveit_config_m1509/share/dsr_moveit_config_m1509/config/chomp_planning.yaml
[1.479s] -- Installing: /home/rokey/cobot_ws/install/dsr_moveit_config_m1509/share/dsr_moveit_config_m1509/.setup_assistant
[1.523s] Invoked command in '/home/rokey/cobot_ws/build/dsr_moveit_config_m1509' returned '0': CMAKE_PREFIX_PATH=/opt/ros/humble /usr/bin/cmake --install /home/rokey/cobot_ws/build/dsr_moveit_config_m1509
