[0.031s] Invoking command in '/home/rokey/cobot_ws/build/dsr_common2': CMAKE_PREFIX_PATH=/opt/ros/humble /usr/bin/cmake /home/rokey/cobot_ws/src/doosan-robot2/dsr_common2 -DCMAKE_INSTALL_PREFIX=/home/rokey/cobot_ws/install/dsr_common2
[0.258s] -- The C compiler identification is GNU 11.4.0
[0.414s] -- The CXX compiler identification is GNU 11.4.0
[0.432s] -- Detecting C compiler ABI info
[0.560s] -- Detecting C compiler ABI info - done
[0.589s] -- Check for working C compiler: /usr/bin/cc - skipped
[0.589s] -- Detecting C compile features
[0.589s] -- Detecting C compile features - done
[0.592s] -- Detecting CXX compiler ABI info
[0.735s] -- Detecting CXX compiler ABI info - done
[0.763s] -- Check for working CXX compiler: /usr/bin/c++ - skipped
[0.763s] -- Detecting CXX compile features
[0.764s] -- Detecting CXX compile features - done
[0.767s] -- Found ament_cmake: 1.3.12 (/opt/ros/humble/share/ament_cmake/cmake)
[1.105s] -- Found Python3: /usr/bin/python3 (found version "3.10.12") found components: Interpreter 
[1.562s] -- Configuring done
[1.567s] -- Generating done
[1.571s] -- Build files have been written to: /home/rokey/cobot_ws/build/dsr_common2
[1.599s] Invoked command in '/home/rokey/cobot_ws/build/dsr_common2' returned '0': CMAKE_PREFIX_PATH=/opt/ros/humble /usr/bin/cmake /home/rokey/cobot_ws/src/doosan-robot2/dsr_common2 -DCMAKE_INSTALL_PREFIX=/home/rokey/cobot_ws/install/dsr_common2
[1.602s] Invoking command in '/home/rokey/cobot_ws/build/dsr_common2': CMAKE_PREFIX_PATH=/opt/ros/humble /usr/bin/cmake --build /home/rokey/cobot_ws/build/dsr_common2 -- -j8 -l8
[1.731s] Invoked command in '/home/rokey/cobot_ws/build/dsr_common2' returned '0': CMAKE_PREFIX_PATH=/opt/ros/humble /usr/bin/cmake --build /home/rokey/cobot_ws/build/dsr_common2 -- -j8 -l8
[1.733s] Invoking command in '/home/rokey/cobot_ws/build/dsr_common2': CMAKE_PREFIX_PATH=/opt/ros/humble /usr/bin/cmake --install /home/rokey/cobot_ws/build/dsr_common2
[1.742s] -- Install configuration: ""
[1.743s] -- Installing: /home/rokey/cobot_ws/install/dsr_common2/include
[1.743s] -- Installing: /home/rokey/cobot_ws/install/dsr_common2/include/DRFC.h
[1.743s] -- Installing: /home/rokey/cobot_ws/install/dsr_common2/include/DRFS.h
[1.743s] -- Installing: /home/rokey/cobot_ws/install/dsr_common2/include/DRFLEx.h
[1.743s] -- Installing: /home/rokey/cobot_ws/install/dsr_common2/include/dsr_util.h
[1.743s] -- Installing: /home/rokey/cobot_ws/install/dsr_common2/include/dsr_robot.h
[1.749s] -- Installing: /home/rokey/cobot_ws/install/dsr_common2/include/DRFL.h
[1.749s] -- Installing: /home/rokey/cobot_ws/install/dsr_common2/include/dsr_serial.h
[1.750s] -- Installing: /home/rokey/cobot_ws/install/dsr_common2/lib/libDRFL.a
[1.750s] -- Installing: /home/rokey/cobot_ws/install/dsr_common2/lib/python3.10/site-packages/
[1.750s] -- Installing: /home/rokey/cobot_ws/install/dsr_common2/lib/python3.10/site-packages//DR_tcp_server2.py
[1.750s] -- Installing: /home/rokey/cobot_ws/install/dsr_common2/lib/python3.10/site-packages//DR_tcp_client2.py
[1.750s] -- Installing: /home/rokey/cobot_ws/install/dsr_common2/lib/python3.10/site-packages//DSR_util2.py
[1.751s] -- Installing: /home/rokey/cobot_ws/install/dsr_common2/lib/python3.10/site-packages//DR_error2.py
[1.754s] -- Installing: /home/rokey/cobot_ws/install/dsr_common2/lib/python3.10/site-packages//__init__.py
[1.754s] -- Installing: /home/rokey/cobot_ws/install/dsr_common2/lib/python3.10/site-packages//DRFC.py
[1.754s] -- Installing: /home/rokey/cobot_ws/install/dsr_common2/lib/python3.10/site-packages//DR_common2.py
[1.754s] -- Installing: /home/rokey/cobot_ws/install/dsr_common2/lib/python3.10/site-packages//DSR_ROBOT2.py
[1.757s] -- Installing: /home/rokey/cobot_ws/install/dsr_common2/lib/python3.10/site-packages//DR_init.py
[1.757s] -- Installing: /home/rokey/cobot_ws/install/dsr_common2/share/ament_index/resource_index/package_run_dependencies/dsr_common2
[1.757s] -- Installing: /home/rokey/cobot_ws/install/dsr_common2/share/ament_index/resource_index/parent_prefix_path/dsr_common2
[1.758s] -- Installing: /home/rokey/cobot_ws/install/dsr_common2/share/dsr_common2/environment/ament_prefix_path.sh
[1.758s] -- Installing: /home/rokey/cobot_ws/install/dsr_common2/share/dsr_common2/environment/ament_prefix_path.dsv
[1.758s] -- Installing: /home/rokey/cobot_ws/install/dsr_common2/share/dsr_common2/environment/path.sh
[1.760s] -- Installing: /home/rokey/cobot_ws/install/dsr_common2/share/dsr_common2/environment/path.dsv
[1.760s] -- Installing: /home/rokey/cobot_ws/install/dsr_common2/share/dsr_common2/local_setup.bash
[1.760s] -- Installing: /home/rokey/cobot_ws/install/dsr_common2/share/dsr_common2/local_setup.sh
[1.760s] -- Installing: /home/rokey/cobot_ws/install/dsr_common2/share/dsr_common2/local_setup.zsh
[1.763s] -- Installing: /home/rokey/cobot_ws/install/dsr_common2/share/dsr_common2/local_setup.dsv
[1.776s] -- Installing: /home/rokey/cobot_ws/install/dsr_common2/share/dsr_common2/package.dsv
[1.776s] -- Installing: /home/rokey/cobot_ws/install/dsr_common2/share/ament_index/resource_index/packages/dsr_common2
[1.776s] -- Installing: /home/rokey/cobot_ws/install/dsr_common2/share/dsr_common2/cmake/dsr_common2TargetsExport.cmake
[1.776s] -- Installing: /home/rokey/cobot_ws/install/dsr_common2/share/dsr_common2/cmake/ament_cmake_export_targets-extras.cmake
[1.776s] -- Installing: /home/rokey/cobot_ws/install/dsr_common2/share/dsr_common2/cmake/dsr_common2Config.cmake
[1.776s] -- Installing: /home/rokey/cobot_ws/install/dsr_common2/share/dsr_common2/cmake/dsr_common2Config-version.cmake
[1.785s] -- Installing: /home/rokey/cobot_ws/install/dsr_common2/share/dsr_common2/package.xml
[1.785s] -- Installing: /home/rokey/cobot_ws/install/dsr_common2/share/dsr_common2/bin
[1.785s] -- Installing: /home/rokey/cobot_ws/install/dsr_common2/share/dsr_common2/bin/common2
[1.785s] -- Installing: /home/rokey/cobot_ws/install/dsr_common2/share/dsr_common2/bin/run_drcf.sh
[1.787s] -- Installing: /home/rokey/cobot_ws/install/dsr_common2/lib/dsr_common2/imp
[1.787s] -- Installing: /home/rokey/cobot_ws/install/dsr_common2/lib/dsr_common2/imp/DR_tcp_server2.py
[1.787s] -- Installing: /home/rokey/cobot_ws/install/dsr_common2/lib/dsr_common2/imp/DR_tcp_client2.py
[1.787s] -- Installing: /home/rokey/cobot_ws/install/dsr_common2/lib/dsr_common2/imp/DSR_util2.py
[1.787s] -- Installing: /home/rokey/cobot_ws/install/dsr_common2/lib/dsr_common2/imp/DR_error2.py
[1.788s] -- Installing: /home/rokey/cobot_ws/install/dsr_common2/lib/dsr_common2/imp/__init__.py
[1.788s] -- Installing: /home/rokey/cobot_ws/install/dsr_common2/lib/dsr_common2/imp/DRFC.py
[1.788s] -- Installing: /home/rokey/cobot_ws/install/dsr_common2/lib/dsr_common2/imp/DR_common2.py
[1.788s] -- Installing: /home/rokey/cobot_ws/install/dsr_common2/lib/dsr_common2/imp/DSR_ROBOT2.py
[1.788s] -- Installing: /home/rokey/cobot_ws/install/dsr_common2/lib/dsr_common2/imp/DR_init.py
[1.790s] Invoked command in '/home/rokey/cobot_ws/build/dsr_common2' returned '0': CMAKE_PREFIX_PATH=/opt/ros/humble /usr/bin/cmake --install /home/rokey/cobot_ws/build/dsr_common2
