[0.052s] Invoking command in '/home/rokey/cobot_ws/build/dsr_moveit_config_m0617': CMAKE_PREFIX_PATH=/opt/ros/humble /usr/bin/cmake /home/rokey/cobot_ws/src/doosan-robot2/dsr_moveit2/dsr_moveit_config_m0617 -DCMAKE_INSTALL_PREFIX=/home/rokey/cobot_ws/install/dsr_moveit_config_m0617
[0.166s] -- The C compiler identification is GNU 11.4.0
[0.288s] -- The CXX compiler identification is GNU 11.4.0
[0.304s] -- Detecting C compiler ABI info
[0.442s] -- Detecting C compiler ABI info - done
[0.466s] -- Check for working C compiler: /usr/bin/cc - skipped
[0.466s] -- Detecting C compile features
[0.467s] -- Detecting C compile features - done
[0.473s] -- Detecting CXX compiler ABI info
[0.643s] -- Detecting CXX compiler ABI info - done
[0.664s] -- Check for working CXX compiler: /usr/bin/c++ - skipped
[0.665s] -- Detecting CXX compile features
[0.666s] -- Detecting CXX compile features - done
[0.668s] -- Found ament_cmake: 1.3.12 (/opt/ros/humble/share/ament_cmake/cmake)
[0.994s] -- Found Python3: /usr/bin/python3 (found version "3.10.12") found components: Interpreter 
[1.286s] -- Configuring done
[1.289s] -- Generating done
[1.292s] -- Build files have been written to: /home/rokey/cobot_ws/build/dsr_moveit_config_m0617
[1.394s] Invoked command in '/home/rokey/cobot_ws/build/dsr_moveit_config_m0617' returned '0': CMAKE_PREFIX_PATH=/opt/ros/humble /usr/bin/cmake /home/rokey/cobot_ws/src/doosan-robot2/dsr_moveit2/dsr_moveit_config_m0617 -DCMAKE_INSTALL_PREFIX=/home/rokey/cobot_ws/install/dsr_moveit_config_m0617
[1.395s] Invoking command in '/home/rokey/cobot_ws/build/dsr_moveit_config_m0617': CMAKE_PREFIX_PATH=/opt/ros/humble /usr/bin/cmake --build /home/rokey/cobot_ws/build/dsr_moveit_config_m0617 -- -j8 -l8
[1.469s] Invoked command in '/home/rokey/cobot_ws/build/dsr_moveit_config_m0617' returned '0': CMAKE_PREFIX_PATH=/opt/ros/humble /usr/bin/cmake --build /home/rokey/cobot_ws/build/dsr_moveit_config_m0617 -- -j8 -l8
[1.471s] Invoking command in '/home/rokey/cobot_ws/build/dsr_moveit_config_m0617': CMAKE_PREFIX_PATH=/opt/ros/humble /usr/bin/cmake --install /home/rokey/cobot_ws/build/dsr_moveit_config_m0617
[1.487s] -- Install configuration: ""
[1.488s] -- Installing: /home/rokey/cobot_ws/install/dsr_moveit_config_m0617/share/ament_index/resource_index/package_run_dependencies/dsr_moveit_config_m0617
[1.488s] -- Installing: /home/rokey/cobot_ws/install/dsr_moveit_config_m0617/share/ament_index/resource_index/parent_prefix_path/dsr_moveit_config_m0617
[1.488s] -- Installing: /home/rokey/cobot_ws/install/dsr_moveit_config_m0617/share/dsr_moveit_config_m0617/environment/ament_prefix_path.sh
[1.489s] -- Installing: /home/rokey/cobot_ws/install/dsr_moveit_config_m0617/share/dsr_moveit_config_m0617/environment/ament_prefix_path.dsv
[1.489s] -- Installing: /home/rokey/cobot_ws/install/dsr_moveit_config_m0617/share/dsr_moveit_config_m0617/environment/path.sh
[1.489s] -- Installing: /home/rokey/cobot_ws/install/dsr_moveit_config_m0617/share/dsr_moveit_config_m0617/environment/path.dsv
[1.490s] -- Installing: /home/rokey/cobot_ws/install/dsr_moveit_config_m0617/share/dsr_moveit_config_m0617/local_setup.bash
[1.490s] -- Installing: /home/rokey/cobot_ws/install/dsr_moveit_config_m0617/share/dsr_moveit_config_m0617/local_setup.sh
[1.490s] -- Installing: /home/rokey/cobot_ws/install/dsr_moveit_config_m0617/share/dsr_moveit_config_m0617/local_setup.zsh
[1.491s] -- Installing: /home/rokey/cobot_ws/install/dsr_moveit_config_m0617/share/dsr_moveit_config_m0617/local_setup.dsv
[1.491s] -- Installing: /home/rokey/cobot_ws/install/dsr_moveit_config_m0617/share/dsr_moveit_config_m0617/package.dsv
[1.491s] -- Installing: /home/rokey/cobot_ws/install/dsr_moveit_config_m0617/share/ament_index/resource_index/packages/dsr_moveit_config_m0617
[1.491s] -- Installing: /home/rokey/cobot_ws/install/dsr_moveit_config_m0617/share/dsr_moveit_config_m0617/cmake/dsr_moveit_config_m0617Config.cmake
[1.491s] -- Installing: /home/rokey/cobot_ws/install/dsr_moveit_config_m0617/share/dsr_moveit_config_m0617/cmake/dsr_moveit_config_m0617Config-version.cmake
[1.492s] -- Installing: /home/rokey/cobot_ws/install/dsr_moveit_config_m0617/share/dsr_moveit_config_m0617/package.xml
[1.492s] -- Installing: /home/rokey/cobot_ws/install/dsr_moveit_config_m0617/share/dsr_moveit_config_m0617/launch
[1.492s] -- Installing: /home/rokey/cobot_ws/install/dsr_moveit_config_m0617/share/dsr_moveit_config_m0617/launch/moveit.rviz
[1.493s] -- Installing: /home/rokey/cobot_ws/install/dsr_moveit_config_m0617/share/dsr_moveit_config_m0617/launch/start.launch.py
[1.495s] -- Installing: /home/rokey/cobot_ws/install/dsr_moveit_config_m0617/share/dsr_moveit_config_m0617/launch/demo.launch.py
[1.495s] -- Installing: /home/rokey/cobot_ws/install/dsr_moveit_config_m0617/share/dsr_moveit_config_m0617/config
[1.496s] -- Installing: /home/rokey/cobot_ws/install/dsr_moveit_config_m0617/share/dsr_moveit_config_m0617/config/dsr.ros2_control.xacro
[1.496s] -- Installing: /home/rokey/cobot_ws/install/dsr_moveit_config_m0617/share/dsr_moveit_config_m0617/config/pilz_cartesian_limits.yaml
[1.496s] -- Installing: /home/rokey/cobot_ws/install/dsr_moveit_config_m0617/share/dsr_moveit_config_m0617/config/ros2_controllers.yaml
[1.497s] -- Installing: /home/rokey/cobot_ws/install/dsr_moveit_config_m0617/share/dsr_moveit_config_m0617/config/pilz_industrial_motion_planner_planning.yaml
[1.498s] -- Installing: /home/rokey/cobot_ws/install/dsr_moveit_config_m0617/share/dsr_moveit_config_m0617/config/moveit_controllers.yaml
[1.498s] -- Installing: /home/rokey/cobot_ws/install/dsr_moveit_config_m0617/share/dsr_moveit_config_m0617/config/ompl_planning.yaml
[1.499s] -- Installing: /home/rokey/cobot_ws/install/dsr_moveit_config_m0617/share/dsr_moveit_config_m0617/config/kinematics.yaml
[1.499s] -- Installing: /home/rokey/cobot_ws/install/dsr_moveit_config_m0617/share/dsr_moveit_config_m0617/config/sensors_3d.yaml
[1.499s] -- Installing: /home/rokey/cobot_ws/install/dsr_moveit_config_m0617/share/dsr_moveit_config_m0617/config/initial_positions.yaml
[1.500s] -- Installing: /home/rokey/cobot_ws/install/dsr_moveit_config_m0617/share/dsr_moveit_config_m0617/config/dsr.srdf
[1.501s] -- Installing: /home/rokey/cobot_ws/install/dsr_moveit_config_m0617/share/dsr_moveit_config_m0617/config/m0617.urdf.xacro
[1.501s] -- Installing: /home/rokey/cobot_ws/install/dsr_moveit_config_m0617/share/dsr_moveit_config_m0617/config/joint_limits.yaml
[1.501s] -- Installing: /home/rokey/cobot_ws/install/dsr_moveit_config_m0617/share/dsr_moveit_config_m0617/config/chomp_planning.yaml
[1.501s] -- Installing: /home/rokey/cobot_ws/install/dsr_moveit_config_m0617/share/dsr_moveit_config_m0617/.setup_assistant
[1.545s] Invoked command in '/home/rokey/cobot_ws/build/dsr_moveit_config_m0617' returned '0': CMAKE_PREFIX_PATH=/opt/ros/humble /usr/bin/cmake --install /home/rokey/cobot_ws/build/dsr_moveit_config_m0617
