[0.704s] Invoking command in '/home/rokey/cobot_ws/build/cobot1': PYTHONPATH=/home/rokey/cobot_ws/build/cobot1/prefix_override:/usr/lib/python3/dist-packages/colcon_core/task/python/colcon_distutils_commands:/home/rokey/cobot_ws/install/cobot1/lib/python3.10/site-packages:${PYTHONPATH} /usr/bin/python3 -W ignore:setup.py install is deprecated -W ignore:easy_install command is deprecated setup.py develop --uninstall --editable --build-directory /home/rokey/cobot_ws/build/cobot1/build
[0.954s] running develop
[1.128s] Removing /home/rokey/cobot_ws/install/cobot1/lib/python3.10/site-packages/cobot1.egg-link (link to .)
[1.161s] Invoked command in '/home/rokey/cobot_ws/build/cobot1' returned '0': PYTHONPATH=/home/rokey/cobot_ws/build/cobot1/prefix_override:/usr/lib/python3/dist-packages/colcon_core/task/python/colcon_distutils_commands:/home/rokey/cobot_ws/install/cobot1/lib/python3.10/site-packages:${PYTHONPATH} /usr/bin/python3 -W ignore:setup.py install is deprecated -W ignore:easy_install command is deprecated setup.py develop --uninstall --editable --build-directory /home/rokey/cobot_ws/build/cobot1/build
[1.163s] Invoking command in '/home/rokey/cobot_ws/src/cobot1': PYTHONPATH=/home/rokey/cobot_ws/build/cobot1/prefix_override:/usr/lib/python3/dist-packages/colcon_core/task/python/colcon_distutils_commands:/home/rokey/cobot_ws/install/cobot1/lib/python3.10/site-packages:${PYTHONPATH} /usr/bin/python3 -W ignore:setup.py install is deprecated -W ignore:easy_install command is deprecated setup.py egg_info --egg-base ../../build/cobot1 build --build-base /home/rokey/cobot_ws/build/cobot1/build install --record /home/rokey/cobot_ws/build/cobot1/install.log --single-version-externally-managed install_data --force
[1.389s] running egg_info
[1.390s] writing ../../build/cobot1/cobot1.egg-info/PKG-INFO
[1.390s] writing dependency_links to ../../build/cobot1/cobot1.egg-info/dependency_links.txt
[1.390s] writing entry points to ../../build/cobot1/cobot1.egg-info/entry_points.txt
[1.391s] writing requirements to ../../build/cobot1/cobot1.egg-info/requires.txt
[1.391s] writing top-level names to ../../build/cobot1/cobot1.egg-info/top_level.txt
[1.404s] reading manifest file '../../build/cobot1/cobot1.egg-info/SOURCES.txt'
[1.404s] adding license file 'LICENSE'
[1.406s] writing manifest file '../../build/cobot1/cobot1.egg-info/SOURCES.txt'
[1.406s] running build
[1.406s] running build_py
[1.407s] creating /home/rokey/cobot_ws/build/cobot1/build
[1.407s] creating /home/rokey/cobot_ws/build/cobot1/build/lib
[1.407s] creating /home/rokey/cobot_ws/build/cobot1/build/lib/cobot1
[1.407s] copying cobot1/topic_test.py -> /home/rokey/cobot_ws/build/cobot1/build/lib/cobot1
[1.407s] copying cobot1/grip_test.py -> /home/rokey/cobot_ws/build/cobot1/build/lib/cobot1
[1.408s] copying cobot1/move_periodic.py -> /home/rokey/cobot_ws/build/cobot1/build/lib/cobot1
[1.408s] copying cobot1/__init__.py -> /home/rokey/cobot_ws/build/cobot1/build/lib/cobot1
[1.408s] copying cobot1/move_basic.py -> /home/rokey/cobot_ws/build/cobot1/build/lib/cobot1
[1.408s] copying cobot1/sub.py -> /home/rokey/cobot_ws/build/cobot1/build/lib/cobot1
[1.408s] running install
[1.409s] running install_lib
[1.410s] creating /home/rokey/cobot_ws/install/cobot1/lib/python3.10/site-packages/cobot1
[1.410s] copying /home/rokey/cobot_ws/build/cobot1/build/lib/cobot1/topic_test.py -> /home/rokey/cobot_ws/install/cobot1/lib/python3.10/site-packages/cobot1
[1.411s] copying /home/rokey/cobot_ws/build/cobot1/build/lib/cobot1/grip_test.py -> /home/rokey/cobot_ws/install/cobot1/lib/python3.10/site-packages/cobot1
[1.411s] copying /home/rokey/cobot_ws/build/cobot1/build/lib/cobot1/move_periodic.py -> /home/rokey/cobot_ws/install/cobot1/lib/python3.10/site-packages/cobot1
[1.411s] copying /home/rokey/cobot_ws/build/cobot1/build/lib/cobot1/__init__.py -> /home/rokey/cobot_ws/install/cobot1/lib/python3.10/site-packages/cobot1
[1.411s] copying /home/rokey/cobot_ws/build/cobot1/build/lib/cobot1/move_basic.py -> /home/rokey/cobot_ws/install/cobot1/lib/python3.10/site-packages/cobot1
[1.411s] copying /home/rokey/cobot_ws/build/cobot1/build/lib/cobot1/sub.py -> /home/rokey/cobot_ws/install/cobot1/lib/python3.10/site-packages/cobot1
[1.412s] byte-compiling /home/rokey/cobot_ws/install/cobot1/lib/python3.10/site-packages/cobot1/topic_test.py to topic_test.cpython-310.pyc
[1.412s] byte-compiling /home/rokey/cobot_ws/install/cobot1/lib/python3.10/site-packages/cobot1/grip_test.py to grip_test.cpython-310.pyc
[1.413s] byte-compiling /home/rokey/cobot_ws/install/cobot1/lib/python3.10/site-packages/cobot1/move_periodic.py to move_periodic.cpython-310.pyc
[1.414s] byte-compiling /home/rokey/cobot_ws/install/cobot1/lib/python3.10/site-packages/cobot1/__init__.py to __init__.cpython-310.pyc
[1.414s] byte-compiling /home/rokey/cobot_ws/install/cobot1/lib/python3.10/site-packages/cobot1/move_basic.py to move_basic.cpython-310.pyc
[1.415s] byte-compiling /home/rokey/cobot_ws/install/cobot1/lib/python3.10/site-packages/cobot1/sub.py to sub.cpython-310.pyc
[1.416s] running install_data
[1.416s] copying resource/cobot1 -> /home/rokey/cobot_ws/install/cobot1/share/ament_index/resource_index/packages
[1.416s] copying package.xml -> /home/rokey/cobot_ws/install/cobot1/share/cobot1
[1.416s] running install_egg_info
[1.419s] Copying ../../build/cobot1/cobot1.egg-info to /home/rokey/cobot_ws/install/cobot1/lib/python3.10/site-packages/cobot1-0.0.0-py3.10.egg-info
[1.420s] running install_scripts
[1.443s] Installing grip_test script to /home/rokey/cobot_ws/install/cobot1/lib/cobot1
[1.443s] Installing move_basic script to /home/rokey/cobot_ws/install/cobot1/lib/cobot1
[1.443s] Installing move_periodic script to /home/rokey/cobot_ws/install/cobot1/lib/cobot1
[1.443s] Installing sub script to /home/rokey/cobot_ws/install/cobot1/lib/cobot1
[1.444s] writing list of installed files to '/home/rokey/cobot_ws/build/cobot1/install.log'
[1.468s] Invoked command in '/home/rokey/cobot_ws/src/cobot1' returned '0': PYTHONPATH=/home/rokey/cobot_ws/build/cobot1/prefix_override:/usr/lib/python3/dist-packages/colcon_core/task/python/colcon_distutils_commands:/home/rokey/cobot_ws/install/cobot1/lib/python3.10/site-packages:${PYTHONPATH} /usr/bin/python3 -W ignore:setup.py install is deprecated -W ignore:easy_install command is deprecated setup.py egg_info --egg-base ../../build/cobot1 build --build-base /home/rokey/cobot_ws/build/cobot1/build install --record /home/rokey/cobot_ws/build/cobot1/install.log --single-version-externally-managed install_data --force
