[0.104s] Invoking command in '/home/rokey/cobot_ws/build/dsr_common2': CMAKE_PREFIX_PATH=${CMAKE_PREFIX_PATH}:/home/rokey/cobot_ws/install/dsr_visualservoing:/home/rokey/cobot_ws/install/dsr_tests:/home/rokey/cobot_ws/install/dsr_bringup2:/home/rokey/cobot_ws/install/dsr_example:/home/rokey/cobot_ws/install/cobot1:/opt/ros/humble /usr/bin/cmake --build /home/rokey/cobot_ws/build/dsr_common2 -- -j8 -l8
[0.409s] Invoked command in '/home/rokey/cobot_ws/build/dsr_common2' returned '0': CMAKE_PREFIX_PATH=${CMAKE_PREFIX_PATH}:/home/rokey/cobot_ws/install/dsr_visualservoing:/home/rokey/cobot_ws/install/dsr_tests:/home/rokey/cobot_ws/install/dsr_bringup2:/home/rokey/cobot_ws/install/dsr_example:/home/rokey/cobot_ws/install/cobot1:/opt/ros/humble /usr/bin/cmake --build /home/rokey/cobot_ws/build/dsr_common2 -- -j8 -l8
[0.413s] Invoking command in '/home/rokey/cobot_ws/build/dsr_common2': CMAKE_PREFIX_PATH=${CMAKE_PREFIX_PATH}:/home/rokey/cobot_ws/install/dsr_visualservoing:/home/rokey/cobot_ws/install/dsr_tests:/home/rokey/cobot_ws/install/dsr_bringup2:/home/rokey/cobot_ws/install/dsr_example:/home/rokey/cobot_ws/install/cobot1:/opt/ros/humble /usr/bin/cmake --install /home/rokey/cobot_ws/build/dsr_common2
[0.433s] -- Install configuration: ""
[0.433s] -- Up-to-date: /home/rokey/cobot_ws/install/dsr_common2/include
[0.434s] -- Up-to-date: /home/rokey/cobot_ws/install/dsr_common2/include/DRFC.h
[0.434s] -- Up-to-date: /home/rokey/cobot_ws/install/dsr_common2/include/DRFS.h
[0.434s] -- Up-to-date: /home/rokey/cobot_ws/install/dsr_common2/include/DRFLEx.h
[0.434s] -- Up-to-date: /home/rokey/cobot_ws/install/dsr_common2/include/dsr_util.h
[0.434s] -- Up-to-date: /home/rokey/cobot_ws/install/dsr_common2/include/dsr_robot.h
[0.434s] -- Up-to-date: /home/rokey/cobot_ws/install/dsr_common2/include/DRFL.h
[0.434s] -- Up-to-date: /home/rokey/cobot_ws/install/dsr_common2/include/dsr_serial.h
[0.434s] -- Up-to-date: /home/rokey/cobot_ws/install/dsr_common2/lib/libDRFL.a
[0.435s] -- Up-to-date: /home/rokey/cobot_ws/install/dsr_common2/lib/python3.10/site-packages/
[0.436s] -- Up-to-date: /home/rokey/cobot_ws/install/dsr_common2/lib/python3.10/site-packages//DR_tcp_server2.py
[0.437s] -- Up-to-date: /home/rokey/cobot_ws/install/dsr_common2/lib/python3.10/site-packages//DR_tcp_client2.py
[0.437s] -- Up-to-date: /home/rokey/cobot_ws/install/dsr_common2/lib/python3.10/site-packages//DSR_util2.py
[0.437s] -- Up-to-date: /home/rokey/cobot_ws/install/dsr_common2/lib/python3.10/site-packages//DR_error2.py
[0.437s] -- Up-to-date: /home/rokey/cobot_ws/install/dsr_common2/lib/python3.10/site-packages//__init__.py
[0.438s] -- Up-to-date: /home/rokey/cobot_ws/install/dsr_common2/lib/python3.10/site-packages//DRFC.py
[0.438s] -- Up-to-date: /home/rokey/cobot_ws/install/dsr_common2/lib/python3.10/site-packages//DR_common2.py
[0.438s] -- Up-to-date: /home/rokey/cobot_ws/install/dsr_common2/lib/python3.10/site-packages//DSR_ROBOT2.py
[0.438s] -- Up-to-date: /home/rokey/cobot_ws/install/dsr_common2/lib/python3.10/site-packages//DR_init.py
[0.438s] -- Up-to-date: /home/rokey/cobot_ws/install/dsr_common2/share/ament_index/resource_index/package_run_dependencies/dsr_common2
[0.438s] -- Up-to-date: /home/rokey/cobot_ws/install/dsr_common2/share/ament_index/resource_index/parent_prefix_path/dsr_common2
[0.438s] -- Up-to-date: /home/rokey/cobot_ws/install/dsr_common2/share/dsr_common2/environment/ament_prefix_path.sh
[0.438s] -- Up-to-date: /home/rokey/cobot_ws/install/dsr_common2/share/dsr_common2/environment/ament_prefix_path.dsv
[0.438s] -- Up-to-date: /home/rokey/cobot_ws/install/dsr_common2/share/dsr_common2/environment/path.sh
[0.438s] -- Up-to-date: /home/rokey/cobot_ws/install/dsr_common2/share/dsr_common2/environment/path.dsv
[0.442s] -- Up-to-date: /home/rokey/cobot_ws/install/dsr_common2/share/dsr_common2/local_setup.bash
[0.442s] -- Up-to-date: /home/rokey/cobot_ws/install/dsr_common2/share/dsr_common2/local_setup.sh
[0.443s] -- Up-to-date: /home/rokey/cobot_ws/install/dsr_common2/share/dsr_common2/local_setup.zsh
[0.443s] -- Up-to-date: /home/rokey/cobot_ws/install/dsr_common2/share/dsr_common2/local_setup.dsv
[0.443s] -- Up-to-date: /home/rokey/cobot_ws/install/dsr_common2/share/dsr_common2/package.dsv
[0.443s] -- Up-to-date: /home/rokey/cobot_ws/install/dsr_common2/share/ament_index/resource_index/packages/dsr_common2
[0.453s] -- Up-to-date: /home/rokey/cobot_ws/install/dsr_common2/share/dsr_common2/cmake/dsr_common2TargetsExport.cmake
[0.453s] -- Up-to-date: /home/rokey/cobot_ws/install/dsr_common2/share/dsr_common2/cmake/ament_cmake_export_targets-extras.cmake
[0.454s] -- Up-to-date: /home/rokey/cobot_ws/install/dsr_common2/share/dsr_common2/cmake/dsr_common2Config.cmake
[0.454s] -- Up-to-date: /home/rokey/cobot_ws/install/dsr_common2/share/dsr_common2/cmake/dsr_common2Config-version.cmake
[0.454s] -- Up-to-date: /home/rokey/cobot_ws/install/dsr_common2/share/dsr_common2/package.xml
[0.454s] -- Up-to-date: /home/rokey/cobot_ws/install/dsr_common2/share/dsr_common2/bin
[0.454s] -- Up-to-date: /home/rokey/cobot_ws/install/dsr_common2/share/dsr_common2/bin/common2
[0.455s] -- Up-to-date: /home/rokey/cobot_ws/install/dsr_common2/share/dsr_common2/bin/run_drcf.sh
[0.456s] -- Up-to-date: /home/rokey/cobot_ws/install/dsr_common2/lib/dsr_common2/imp
[0.456s] -- Up-to-date: /home/rokey/cobot_ws/install/dsr_common2/lib/dsr_common2/imp/DR_tcp_server2.py
[0.459s] -- Up-to-date: /home/rokey/cobot_ws/install/dsr_common2/lib/dsr_common2/imp/DR_tcp_client2.py
[0.459s] -- Up-to-date: /home/rokey/cobot_ws/install/dsr_common2/lib/dsr_common2/imp/DSR_util2.py
[0.460s] -- Up-to-date: /home/rokey/cobot_ws/install/dsr_common2/lib/dsr_common2/imp/DR_error2.py
[0.460s] -- Up-to-date: /home/rokey/cobot_ws/install/dsr_common2/lib/dsr_common2/imp/__init__.py
[0.460s] -- Up-to-date: /home/rokey/cobot_ws/install/dsr_common2/lib/dsr_common2/imp/DRFC.py
[0.460s] -- Up-to-date: /home/rokey/cobot_ws/install/dsr_common2/lib/dsr_common2/imp/DR_common2.py
[0.460s] -- Up-to-date: /home/rokey/cobot_ws/install/dsr_common2/lib/dsr_common2/imp/DSR_ROBOT2.py
[0.460s] -- Up-to-date: /home/rokey/cobot_ws/install/dsr_common2/lib/dsr_common2/imp/DR_init.py
[0.479s] Invoked command in '/home/rokey/cobot_ws/build/dsr_common2' returned '0': CMAKE_PREFIX_PATH=${CMAKE_PREFIX_PATH}:/home/rokey/cobot_ws/install/dsr_visualservoing:/home/rokey/cobot_ws/install/dsr_tests:/home/rokey/cobot_ws/install/dsr_bringup2:/home/rokey/cobot_ws/install/dsr_example:/home/rokey/cobot_ws/install/cobot1:/opt/ros/humble /usr/bin/cmake --install /home/rokey/cobot_ws/build/dsr_common2
