[1.488s] Invoking command in '/home/rokey/cobot_ws/src/doosan-robot2/dsr_example2/dsr_visualservoing': PYTHONPATH=/home/rokey/cobot_ws/build/dsr_visualservoing/prefix_override:/usr/lib/python3/dist-packages/colcon_core/task/python/colcon_distutils_commands:/home/rokey/cobot_ws/install/dsr_visualservoing/lib/python3.10/site-packages:${PYTHONPATH} /usr/bin/python3 -W ignore:setup.py install is deprecated -W ignore:easy_install command is deprecated setup.py egg_info --egg-base ../../../../build/dsr_visualservoing build --build-base /home/rokey/cobot_ws/build/dsr_visualservoing/build install --record /home/rokey/cobot_ws/build/dsr_visualservoing/install.log --single-version-externally-managed install_data
[1.775s] running egg_info
[1.775s] writing ../../../../build/dsr_visualservoing/dsr_visualservoing.egg-info/PKG-INFO
[1.776s] writing dependency_links to ../../../../build/dsr_visualservoing/dsr_visualservoing.egg-info/dependency_links.txt
[1.776s] writing entry points to ../../../../build/dsr_visualservoing/dsr_visualservoing.egg-info/entry_points.txt
[1.776s] writing requirements to ../../../../build/dsr_visualservoing/dsr_visualservoing.egg-info/requires.txt
[1.776s] writing top-level names to ../../../../build/dsr_visualservoing/dsr_visualservoing.egg-info/top_level.txt
[1.779s] reading manifest file '../../../../build/dsr_visualservoing/dsr_visualservoing.egg-info/SOURCES.txt'
[1.780s] writing manifest file '../../../../build/dsr_visualservoing/dsr_visualservoing.egg-info/SOURCES.txt'
[1.780s] running build
[1.780s] running build_py
[1.781s] running install
[1.781s] running install_lib
[1.784s] running install_data
[1.785s] running install_egg_info
[1.787s] removing '/home/rokey/cobot_ws/install/dsr_visualservoing/lib/python3.10/site-packages/dsr_visualservoing-0.0.0-py3.10.egg-info' (and everything under it)
[1.787s] Copying ../../../../build/dsr_visualservoing/dsr_visualservoing.egg-info to /home/rokey/cobot_ws/install/dsr_visualservoing/lib/python3.10/site-packages/dsr_visualservoing-0.0.0-py3.10.egg-info
[1.788s] running install_scripts
[1.809s] Installing camera_publisher script to /home/rokey/cobot_ws/install/dsr_visualservoing/lib/dsr_visualservoing
[1.810s] Installing detect_marker_gz script to /home/rokey/cobot_ws/install/dsr_visualservoing/lib/dsr_visualservoing
[1.810s] Installing joint90 script to /home/rokey/cobot_ws/install/dsr_visualservoing/lib/dsr_visualservoing
[1.810s] Installing send_pose_servol_gz script to /home/rokey/cobot_ws/install/dsr_visualservoing/lib/dsr_visualservoing
[1.810s] writing list of installed files to '/home/rokey/cobot_ws/build/dsr_visualservoing/install.log'
[1.843s] Invoked command in '/home/rokey/cobot_ws/src/doosan-robot2/dsr_example2/dsr_visualservoing' returned '0': PYTHONPATH=/home/rokey/cobot_ws/build/dsr_visualservoing/prefix_override:/usr/lib/python3/dist-packages/colcon_core/task/python/colcon_distutils_commands:/home/rokey/cobot_ws/install/dsr_visualservoing/lib/python3.10/site-packages:${PYTHONPATH} /usr/bin/python3 -W ignore:setup.py install is deprecated -W ignore:easy_install command is deprecated setup.py egg_info --egg-base ../../../../build/dsr_visualservoing build --build-base /home/rokey/cobot_ws/build/dsr_visualservoing/build install --record /home/rokey/cobot_ws/build/dsr_visualservoing/install.log --single-version-externally-managed install_data
