[0.297s] Invoking command in '/home/rokey/cobot_ws/build/dsr_moveit_config_h2017': CMAKE_PREFIX_PATH=${CMAKE_PREFIX_PATH}:/home/rokey/cobot_ws/install/dsr_visualservoing:/home/rokey/cobot_ws/install/dsr_tests:/home/rokey/cobot_ws/install/dsr_bringup2:/home/rokey/cobot_ws/install/dsr_example:/home/rokey/cobot_ws/install/cobot1:/opt/ros/humble /usr/bin/cmake --build /home/rokey/cobot_ws/build/dsr_moveit_config_h2017 -- -j8 -l8
[0.458s] Invoked command in '/home/rokey/cobot_ws/build/dsr_moveit_config_h2017' returned '0': CMAKE_PREFIX_PATH=${CMAKE_PREFIX_PATH}:/home/rokey/cobot_ws/install/dsr_visualservoing:/home/rokey/cobot_ws/install/dsr_tests:/home/rokey/cobot_ws/install/dsr_bringup2:/home/rokey/cobot_ws/install/dsr_example:/home/rokey/cobot_ws/install/cobot1:/opt/ros/humble /usr/bin/cmake --build /home/rokey/cobot_ws/build/dsr_moveit_config_h2017 -- -j8 -l8
[0.460s] Invoking command in '/home/rokey/cobot_ws/build/dsr_moveit_config_h2017': CMAKE_PREFIX_PATH=${CMAKE_PREFIX_PATH}:/home/rokey/cobot_ws/install/dsr_visualservoing:/home/rokey/cobot_ws/install/dsr_tests:/home/rokey/cobot_ws/install/dsr_bringup2:/home/rokey/cobot_ws/install/dsr_example:/home/rokey/cobot_ws/install/cobot1:/opt/ros/humble /usr/bin/cmake --install /home/rokey/cobot_ws/build/dsr_moveit_config_h2017
[0.525s] -- Install configuration: ""
[0.525s] -- Up-to-date: /home/rokey/cobot_ws/install/dsr_moveit_config_h2017/share/ament_index/resource_index/package_run_dependencies/dsr_moveit_config_h2017
[0.525s] -- Up-to-date: /home/rokey/cobot_ws/install/dsr_moveit_config_h2017/share/ament_index/resource_index/parent_prefix_path/dsr_moveit_config_h2017
[0.525s] -- Up-to-date: /home/rokey/cobot_ws/install/dsr_moveit_config_h2017/share/dsr_moveit_config_h2017/environment/ament_prefix_path.sh
[0.526s] -- Up-to-date: /home/rokey/cobot_ws/install/dsr_moveit_config_h2017/share/dsr_moveit_config_h2017/environment/ament_prefix_path.dsv
[0.526s] -- Up-to-date: /home/rokey/cobot_ws/install/dsr_moveit_config_h2017/share/dsr_moveit_config_h2017/environment/path.sh
[0.526s] -- Up-to-date: /home/rokey/cobot_ws/install/dsr_moveit_config_h2017/share/dsr_moveit_config_h2017/environment/path.dsv
[0.526s] -- Up-to-date: /home/rokey/cobot_ws/install/dsr_moveit_config_h2017/share/dsr_moveit_config_h2017/local_setup.bash
[0.526s] -- Up-to-date: /home/rokey/cobot_ws/install/dsr_moveit_config_h2017/share/dsr_moveit_config_h2017/local_setup.sh
[0.526s] -- Up-to-date: /home/rokey/cobot_ws/install/dsr_moveit_config_h2017/share/dsr_moveit_config_h2017/local_setup.zsh
[0.526s] -- Up-to-date: /home/rokey/cobot_ws/install/dsr_moveit_config_h2017/share/dsr_moveit_config_h2017/local_setup.dsv
[0.527s] -- Up-to-date: /home/rokey/cobot_ws/install/dsr_moveit_config_h2017/share/dsr_moveit_config_h2017/package.dsv
[0.527s] -- Up-to-date: /home/rokey/cobot_ws/install/dsr_moveit_config_h2017/share/ament_index/resource_index/packages/dsr_moveit_config_h2017
[0.527s] -- Up-to-date: /home/rokey/cobot_ws/install/dsr_moveit_config_h2017/share/dsr_moveit_config_h2017/cmake/dsr_moveit_config_h2017Config.cmake
[0.527s] -- Up-to-date: /home/rokey/cobot_ws/install/dsr_moveit_config_h2017/share/dsr_moveit_config_h2017/cmake/dsr_moveit_config_h2017Config-version.cmake
[0.527s] -- Up-to-date: /home/rokey/cobot_ws/install/dsr_moveit_config_h2017/share/dsr_moveit_config_h2017/package.xml
[0.527s] -- Up-to-date: /home/rokey/cobot_ws/install/dsr_moveit_config_h2017/share/dsr_moveit_config_h2017/launch
[0.527s] -- Up-to-date: /home/rokey/cobot_ws/install/dsr_moveit_config_h2017/share/dsr_moveit_config_h2017/launch/moveit.rviz
[0.527s] -- Up-to-date: /home/rokey/cobot_ws/install/dsr_moveit_config_h2017/share/dsr_moveit_config_h2017/launch/start.launch.py
[0.527s] -- Up-to-date: /home/rokey/cobot_ws/install/dsr_moveit_config_h2017/share/dsr_moveit_config_h2017/launch/demo.launch.py
[0.528s] -- Up-to-date: /home/rokey/cobot_ws/install/dsr_moveit_config_h2017/share/dsr_moveit_config_h2017/config
[0.528s] -- Up-to-date: /home/rokey/cobot_ws/install/dsr_moveit_config_h2017/share/dsr_moveit_config_h2017/config/dsr.ros2_control.xacro
[0.528s] -- Up-to-date: /home/rokey/cobot_ws/install/dsr_moveit_config_h2017/share/dsr_moveit_config_h2017/config/pilz_cartesian_limits.yaml
[0.528s] -- Up-to-date: /home/rokey/cobot_ws/install/dsr_moveit_config_h2017/share/dsr_moveit_config_h2017/config/ros2_controllers.yaml
[0.528s] -- Up-to-date: /home/rokey/cobot_ws/install/dsr_moveit_config_h2017/share/dsr_moveit_config_h2017/config/pilz_industrial_motion_planner_planning.yaml
[0.528s] -- Up-to-date: /home/rokey/cobot_ws/install/dsr_moveit_config_h2017/share/dsr_moveit_config_h2017/config/moveit_controllers.yaml
[0.528s] -- Up-to-date: /home/rokey/cobot_ws/install/dsr_moveit_config_h2017/share/dsr_moveit_config_h2017/config/ompl_planning.yaml
[0.528s] -- Up-to-date: /home/rokey/cobot_ws/install/dsr_moveit_config_h2017/share/dsr_moveit_config_h2017/config/kinematics.yaml
[0.528s] -- Up-to-date: /home/rokey/cobot_ws/install/dsr_moveit_config_h2017/share/dsr_moveit_config_h2017/config/sensors_3d.yaml
[0.529s] -- Up-to-date: /home/rokey/cobot_ws/install/dsr_moveit_config_h2017/share/dsr_moveit_config_h2017/config/initial_positions.yaml
[0.529s] -- Up-to-date: /home/rokey/cobot_ws/install/dsr_moveit_config_h2017/share/dsr_moveit_config_h2017/config/h2017.urdf.xacro
[0.529s] -- Up-to-date: /home/rokey/cobot_ws/install/dsr_moveit_config_h2017/share/dsr_moveit_config_h2017/config/dsr.srdf
[0.529s] -- Up-to-date: /home/rokey/cobot_ws/install/dsr_moveit_config_h2017/share/dsr_moveit_config_h2017/config/joint_limits.yaml
[0.529s] -- Up-to-date: /home/rokey/cobot_ws/install/dsr_moveit_config_h2017/share/dsr_moveit_config_h2017/config/chomp_planning.yaml
[0.529s] -- Up-to-date: /home/rokey/cobot_ws/install/dsr_moveit_config_h2017/share/dsr_moveit_config_h2017/.setup_assistant
[0.582s] Invoked command in '/home/rokey/cobot_ws/build/dsr_moveit_config_h2017' returned '0': CMAKE_PREFIX_PATH=${CMAKE_PREFIX_PATH}:/home/rokey/cobot_ws/install/dsr_visualservoing:/home/rokey/cobot_ws/install/dsr_tests:/home/rokey/cobot_ws/install/dsr_bringup2:/home/rokey/cobot_ws/install/dsr_example:/home/rokey/cobot_ws/install/cobot1:/opt/ros/humble /usr/bin/cmake --install /home/rokey/cobot_ws/build/dsr_moveit_config_h2017
