[0.027s] Invoking command in '/home/rokey/cobot_ws/build/dsr_description2': CMAKE_PREFIX_PATH=/opt/ros/humble /usr/bin/cmake /home/rokey/cobot_ws/src/doosan-robot2/dsr_description2 -DCMAKE_INSTALL_PREFIX=/home/rokey/cobot_ws/install/dsr_description2
[0.249s] -- The C compiler identification is GNU 11.4.0
[0.431s] -- The CXX compiler identification is GNU 11.4.0
[0.445s] -- Detecting C compiler ABI info
[0.564s] -- Detecting C compiler ABI info - done
[0.586s] -- Check for working C compiler: /usr/bin/cc - skipped
[0.586s] -- Detecting C compile features
[0.586s] -- Detecting C compile features - done
[0.591s] -- Detecting CXX compiler ABI info
[0.739s] -- Detecting CXX compiler ABI info - done
[0.758s] -- Check for working CXX compiler: /usr/bin/c++ - skipped
[0.759s] -- Detecting CXX compile features
[0.761s] -- Detecting CXX compile features - done
[0.763s] -- Found ament_cmake: 1.3.12 (/opt/ros/humble/share/ament_cmake/cmake)
[1.097s] -- Found Python3: /usr/bin/python3 (found version "3.10.12") found components: Interpreter 
[1.462s] -- Configuring done
[1.472s] -- Generating done
[1.474s] -- Build files have been written to: /home/rokey/cobot_ws/build/dsr_description2
[1.503s] Invoked command in '/home/rokey/cobot_ws/build/dsr_description2' returned '0': CMAKE_PREFIX_PATH=/opt/ros/humble /usr/bin/cmake /home/rokey/cobot_ws/src/doosan-robot2/dsr_description2 -DCMAKE_INSTALL_PREFIX=/home/rokey/cobot_ws/install/dsr_description2
[1.506s] Invoking command in '/home/rokey/cobot_ws/build/dsr_description2': CMAKE_PREFIX_PATH=/opt/ros/humble /usr/bin/cmake --build /home/rokey/cobot_ws/build/dsr_description2 -- -j8 -l8
[1.558s] Invoked command in '/home/rokey/cobot_ws/build/dsr_description2' returned '0': CMAKE_PREFIX_PATH=/opt/ros/humble /usr/bin/cmake --build /home/rokey/cobot_ws/build/dsr_description2 -- -j8 -l8
[1.561s] Invoking command in '/home/rokey/cobot_ws/build/dsr_description2': CMAKE_PREFIX_PATH=/opt/ros/humble /usr/bin/cmake --install /home/rokey/cobot_ws/build/dsr_description2
[1.575s] -- Install configuration: ""
[1.575s] -- Installing: /home/rokey/cobot_ws/install/dsr_description2/share/dsr_description2/environment/dsr_description2_path.dsv
[1.575s] -- Installing: /home/rokey/cobot_ws/install/dsr_description2/share/ament_index/resource_index/package_run_dependencies/dsr_description2
[1.576s] -- Installing: /home/rokey/cobot_ws/install/dsr_description2/share/ament_index/resource_index/parent_prefix_path/dsr_description2
[1.577s] -- Installing: /home/rokey/cobot_ws/install/dsr_description2/share/dsr_description2/environment/ament_prefix_path.sh
[1.577s] -- Installing: /home/rokey/cobot_ws/install/dsr_description2/share/dsr_description2/environment/ament_prefix_path.dsv
[1.577s] -- Installing: /home/rokey/cobot_ws/install/dsr_description2/share/dsr_description2/environment/path.sh
[1.578s] -- Installing: /home/rokey/cobot_ws/install/dsr_description2/share/dsr_description2/environment/path.dsv
[1.578s] -- Installing: /home/rokey/cobot_ws/install/dsr_description2/share/dsr_description2/local_setup.bash
[1.578s] -- Installing: /home/rokey/cobot_ws/install/dsr_description2/share/dsr_description2/local_setup.sh
[1.578s] -- Installing: /home/rokey/cobot_ws/install/dsr_description2/share/dsr_description2/local_setup.zsh
[1.578s] -- Installing: /home/rokey/cobot_ws/install/dsr_description2/share/dsr_description2/local_setup.dsv
[1.578s] -- Installing: /home/rokey/cobot_ws/install/dsr_description2/share/dsr_description2/package.dsv
[1.578s] -- Installing: /home/rokey/cobot_ws/install/dsr_description2/share/ament_index/resource_index/packages/dsr_description2
[1.579s] -- Installing: /home/rokey/cobot_ws/install/dsr_description2/share/dsr_description2/cmake/dsr_description2Config.cmake
[1.579s] -- Installing: /home/rokey/cobot_ws/install/dsr_description2/share/dsr_description2/cmake/dsr_description2Config-version.cmake
[1.579s] -- Installing: /home/rokey/cobot_ws/install/dsr_description2/share/dsr_description2/package.xml
[1.579s] -- Installing: /home/rokey/cobot_ws/install/dsr_description2/share/dsr_description2/meshes
[1.579s] -- Installing: /home/rokey/cobot_ws/install/dsr_description2/share/dsr_description2/meshes/m1509_white
[1.579s] -- Installing: /home/rokey/cobot_ws/install/dsr_description2/share/dsr_description2/meshes/m1509_white/MF1509_4_1.dae
[1.581s] -- Installing: /home/rokey/cobot_ws/install/dsr_description2/share/dsr_description2/meshes/m1509_white/MF1509_4_0.dae
[1.582s] -- Installing: /home/rokey/cobot_ws/install/dsr_description2/share/dsr_description2/meshes/m1509_white/MF1509_2_1.dae
[1.589s] -- Installing: /home/rokey/cobot_ws/install/dsr_description2/share/dsr_description2/meshes/m1509_white/MF1509_2_2.dae
[1.591s] -- Installing: /home/rokey/cobot_ws/install/dsr_description2/share/dsr_description2/meshes/m1509_white/MF1509_2_0.dae
[1.592s] -- Installing: /home/rokey/cobot_ws/install/dsr_description2/share/dsr_description2/meshes/m1509_white/MF1509_6_0.dae
[1.594s] -- Installing: /home/rokey/cobot_ws/install/dsr_description2/share/dsr_description2/meshes/m1509_white/MF1509_0_0.dae
[1.596s] -- Installing: /home/rokey/cobot_ws/install/dsr_description2/share/dsr_description2/meshes/m1509_white/MF1509_3_0.dae
[1.597s] -- Installing: /home/rokey/cobot_ws/install/dsr_description2/share/dsr_description2/meshes/m1509_white/MF1509_5_0.dae
[1.597s] -- Installing: /home/rokey/cobot_ws/install/dsr_description2/share/dsr_description2/meshes/m1509_white/MF1509_1_0.dae
[1.597s] -- Installing: /home/rokey/cobot_ws/install/dsr_description2/share/dsr_description2/meshes/m1013_blue
[1.598s] -- Installing: /home/rokey/cobot_ws/install/dsr_description2/share/dsr_description2/meshes/m1013_blue/MF1013_6_0.dae
[1.598s] -- Installing: /home/rokey/cobot_ws/install/dsr_description2/share/dsr_description2/meshes/m1013_blue/MF1013_2_2.dae
[1.600s] -- Installing: /home/rokey/cobot_ws/install/dsr_description2/share/dsr_description2/meshes/m1013_blue/MF1013_1_0.dae
[1.602s] -- Installing: /home/rokey/cobot_ws/install/dsr_description2/share/dsr_description2/meshes/m1013_blue/MF1013_3_0.dae
[1.602s] -- Installing: /home/rokey/cobot_ws/install/dsr_description2/share/dsr_description2/meshes/m1013_blue/MF1013_2_1.dae
[1.602s] -- Installing: /home/rokey/cobot_ws/install/dsr_description2/share/dsr_description2/meshes/m1013_blue/MF1013_4_0.dae
[1.602s] -- Installing: /home/rokey/cobot_ws/install/dsr_description2/share/dsr_description2/meshes/m1013_blue/MF1013_0_0.dae
[1.602s] -- Installing: /home/rokey/cobot_ws/install/dsr_description2/share/dsr_description2/meshes/m1013_blue/MF1013_2_0.dae
[1.602s] -- Installing: /home/rokey/cobot_ws/install/dsr_description2/share/dsr_description2/meshes/m1013_blue/MF1013_4_1.dae
[1.602s] -- Installing: /home/rokey/cobot_ws/install/dsr_description2/share/dsr_description2/meshes/m1013_blue/MF1013_5_0.dae
[1.603s] -- Installing: /home/rokey/cobot_ws/install/dsr_description2/share/dsr_description2/meshes/h2515_white
[1.604s] -- Installing: /home/rokey/cobot_ws/install/dsr_description2/share/dsr_description2/meshes/h2515_white/H2515_4_1.dae
[1.605s] -- Installing: /home/rokey/cobot_ws/install/dsr_description2/share/dsr_description2/meshes/h2515_white/H2515_2_0.dae
[1.606s] -- Installing: /home/rokey/cobot_ws/install/dsr_description2/share/dsr_description2/meshes/h2515_white/H2515_0_0.dae
[1.609s] -- Installing: /home/rokey/cobot_ws/install/dsr_description2/share/dsr_description2/meshes/h2515_white/H2515_2_1.dae
[1.611s] -- Installing: /home/rokey/cobot_ws/install/dsr_description2/share/dsr_description2/meshes/h2515_white/H2515_3_0.dae
[1.612s] -- Installing: /home/rokey/cobot_ws/install/dsr_description2/share/dsr_description2/meshes/h2515_white/H2515_5_0.dae
[1.614s] -- Installing: /home/rokey/cobot_ws/install/dsr_description2/share/dsr_description2/meshes/h2515_white/H2515_6_0.dae
[1.615s] -- Installing: /home/rokey/cobot_ws/install/dsr_description2/share/dsr_description2/meshes/h2515_white/H2515_4_0.dae
[1.616s] -- Installing: /home/rokey/cobot_ws/install/dsr_description2/share/dsr_description2/meshes/h2515_white/H2515_1_0.dae
[1.617s] -- Installing: /home/rokey/cobot_ws/install/dsr_description2/share/dsr_description2/meshes/h2515_white/H2515_2_2.dae
[1.619s] -- Installing: /home/rokey/cobot_ws/install/dsr_description2/share/dsr_description2/meshes/m0617_white
[1.619s] -- Installing: /home/rokey/cobot_ws/install/dsr_description2/share/dsr_description2/meshes/m0617_white/MF0617_0_0.dae
[1.620s] -- Installing: /home/rokey/cobot_ws/install/dsr_description2/share/dsr_description2/meshes/m0617_white/MF0617_1_0.dae
[1.622s] -- Installing: /home/rokey/cobot_ws/install/dsr_description2/share/dsr_description2/meshes/m0617_white/MF0617_4_0.dae
[1.622s] -- Installing: /home/rokey/cobot_ws/install/dsr_description2/share/dsr_description2/meshes/m0617_white/MF0617_6_0.dae
[1.622s] -- Installing: /home/rokey/cobot_ws/install/dsr_description2/share/dsr_description2/meshes/m0617_white/MF0617_3_0.dae
[1.622s] -- Installing: /home/rokey/cobot_ws/install/dsr_description2/share/dsr_description2/meshes/m0617_white/MF0617_5_0.dae
[1.623s] -- Installing: /home/rokey/cobot_ws/install/dsr_description2/share/dsr_description2/meshes/m0617_white/MF0617_4_1.dae
[1.624s] -- Installing: /home/rokey/cobot_ws/install/dsr_description2/share/dsr_description2/meshes/m0617_white/MF0617_2_2.dae
[1.625s] -- Installing: /home/rokey/cobot_ws/install/dsr_description2/share/dsr_description2/meshes/m0617_white/MF0617_2_1.dae
[1.628s] -- Installing: /home/rokey/cobot_ws/install/dsr_description2/share/dsr_description2/meshes/m0617_white/MF0617_2_0.dae
[1.631s] -- Installing: /home/rokey/cobot_ws/install/dsr_description2/share/dsr_description2/meshes/h2515_collision
[1.631s] -- Installing: /home/rokey/cobot_ws/install/dsr_description2/share/dsr_description2/meshes/h2515_collision/H2515_4_1.dae
[1.631s] -- Installing: /home/rokey/cobot_ws/install/dsr_description2/share/dsr_description2/meshes/h2515_collision/H2515_2_0.dae
[1.631s] -- Installing: /home/rokey/cobot_ws/install/dsr_description2/share/dsr_description2/meshes/h2515_collision/H2515_0_0.dae
[1.632s] -- Installing: /home/rokey/cobot_ws/install/dsr_description2/share/dsr_description2/meshes/h2515_collision/H2515_2_1.dae
[1.636s] -- Installing: /home/rokey/cobot_ws/install/dsr_description2/share/dsr_description2/meshes/h2515_collision/H2515_3_0.dae
[1.637s] -- Installing: /home/rokey/cobot_ws/install/dsr_description2/share/dsr_description2/meshes/h2515_collision/H2515_5_0.dae
[1.638s] -- Installing: /home/rokey/cobot_ws/install/dsr_description2/share/dsr_description2/meshes/h2515_collision/H2515_6_0.dae
[1.641s] -- Installing: /home/rokey/cobot_ws/install/dsr_description2/share/dsr_description2/meshes/h2515_collision/H2515_4_0.dae
[1.641s] -- Installing: /home/rokey/cobot_ws/install/dsr_description2/share/dsr_description2/meshes/h2515_collision/H2515_1_0.dae
[1.642s] -- Installing: /home/rokey/cobot_ws/install/dsr_description2/share/dsr_description2/meshes/h2515_collision/H2515_2_2.dae
[1.643s] -- Installing: /home/rokey/cobot_ws/install/dsr_description2/share/dsr_description2/meshes/a0509_collision
[1.643s] -- Installing: /home/rokey/cobot_ws/install/dsr_description2/share/dsr_description2/meshes/a0509_collision/A0509_3_1.dae
[1.644s] -- Installing: /home/rokey/cobot_ws/install/dsr_description2/share/dsr_description2/meshes/a0509_collision/A0509_3_0.dae
[1.644s] -- Installing: /home/rokey/cobot_ws/install/dsr_description2/share/dsr_description2/meshes/a0509_collision/A0509_4_1.dae
[1.646s] -- Installing: /home/rokey/cobot_ws/install/dsr_description2/share/dsr_description2/meshes/a0509_collision/A0509_5_1.dae
[1.647s] -- Installing: /home/rokey/cobot_ws/install/dsr_description2/share/dsr_description2/meshes/a0509_collision/A0509_4_0.dae
[1.648s] -- Installing: /home/rokey/cobot_ws/install/dsr_description2/share/dsr_description2/meshes/a0509_collision/A0509_2_2.dae
[1.650s] -- Installing: /home/rokey/cobot_ws/install/dsr_description2/share/dsr_description2/meshes/a0509_collision/A0509_1_2.dae
[1.651s] -- Installing: /home/rokey/cobot_ws/install/dsr_description2/share/dsr_description2/meshes/a0509_collision/A0509_5_0.dae
[1.651s] -- Installing: /home/rokey/cobot_ws/install/dsr_description2/share/dsr_description2/meshes/a0509_collision/A0509_1_1.dae
[1.653s] -- Installing: /home/rokey/cobot_ws/install/dsr_description2/share/dsr_description2/meshes/a0509_collision/A0509_6_0.dae
[1.653s] -- Installing: /home/rokey/cobot_ws/install/dsr_description2/share/dsr_description2/meshes/a0509_collision/A0509_2_1.dae
[1.657s] -- Installing: /home/rokey/cobot_ws/install/dsr_description2/share/dsr_description2/meshes/a0509_collision/A0509_1_0.dae
[1.657s] -- Installing: /home/rokey/cobot_ws/install/dsr_description2/share/dsr_description2/meshes/a0509_collision/A0509_0_0.dae
[1.658s] -- Installing: /home/rokey/cobot_ws/install/dsr_description2/share/dsr_description2/meshes/a0509_collision/A0509_2_0.dae
[1.661s] -- Installing: /home/rokey/cobot_ws/install/dsr_description2/share/dsr_description2/meshes/a0912_collision
[1.661s] -- Installing: /home/rokey/cobot_ws/install/dsr_description2/share/dsr_description2/meshes/a0912_collision/A0912_2_2.dae
[1.661s] -- Installing: /home/rokey/cobot_ws/install/dsr_description2/share/dsr_description2/meshes/a0912_collision/A0912_0_0.dae
[1.662s] -- Installing: /home/rokey/cobot_ws/install/dsr_description2/share/dsr_description2/meshes/a0912_collision/A0912_3_1.dae
[1.663s] -- Installing: /home/rokey/cobot_ws/install/dsr_description2/share/dsr_description2/meshes/a0912_collision/A0912_2_1.dae
[1.665s] -- Installing: /home/rokey/cobot_ws/install/dsr_description2/share/dsr_description2/meshes/a0912_collision/A0912_5_1.dae
[1.667s] -- Installing: /home/rokey/cobot_ws/install/dsr_description2/share/dsr_description2/meshes/a0912_collision/A0912_1_1.dae
[1.670s] -- Installing: /home/rokey/cobot_ws/install/dsr_description2/share/dsr_description2/meshes/a0912_collision/A0912_4_1.dae
[1.671s] -- Installing: /home/rokey/cobot_ws/install/dsr_description2/share/dsr_description2/meshes/a0912_collision/A0912_2_0.dae
[1.673s] -- Installing: /home/rokey/cobot_ws/install/dsr_description2/share/dsr_description2/meshes/a0912_collision/A0912_1_2.dae
[1.674s] -- Installing: /home/rokey/cobot_ws/install/dsr_description2/share/dsr_description2/meshes/a0912_collision/A0912_4_0.dae
[1.676s] -- Installing: /home/rokey/cobot_ws/install/dsr_description2/share/dsr_description2/meshes/a0912_collision/A0912_6_0.dae
[1.676s] -- Installing: /home/rokey/cobot_ws/install/dsr_description2/share/dsr_description2/meshes/a0912_collision/A0912_3_0.dae
[1.676s] -- Installing: /home/rokey/cobot_ws/install/dsr_description2/share/dsr_description2/meshes/a0912_collision/A0912_1_0.dae
[1.677s] -- Installing: /home/rokey/cobot_ws/install/dsr_description2/share/dsr_description2/meshes/a0912_collision/A0912_5_0.dae
[1.677s] -- Installing: /home/rokey/cobot_ws/install/dsr_description2/share/dsr_description2/meshes/h2017_blue
[1.678s] -- Installing: /home/rokey/cobot_ws/install/dsr_description2/share/dsr_description2/meshes/h2017_blue/H2017_4_0.dae
[1.678s] -- Installing: /home/rokey/cobot_ws/install/dsr_description2/share/dsr_description2/meshes/h2017_blue/H2017_0_0.dae
[1.680s] -- Installing: /home/rokey/cobot_ws/install/dsr_description2/share/dsr_description2/meshes/h2017_blue/H2017_6_0.dae
[1.680s] -- Installing: /home/rokey/cobot_ws/install/dsr_description2/share/dsr_description2/meshes/h2017_blue/H2017_1_0.dae
[1.681s] -- Installing: /home/rokey/cobot_ws/install/dsr_description2/share/dsr_description2/meshes/h2017_blue/H2017_5_0.dae
[1.683s] -- Installing: /home/rokey/cobot_ws/install/dsr_description2/share/dsr_description2/meshes/h2017_blue/H2017_2_1.dae
[1.686s] -- Installing: /home/rokey/cobot_ws/install/dsr_description2/share/dsr_description2/meshes/h2017_blue/H2017_2_0.dae
[1.687s] -- Installing: /home/rokey/cobot_ws/install/dsr_description2/share/dsr_description2/meshes/h2017_blue/H2017_2_2.dae
[1.688s] -- Installing: /home/rokey/cobot_ws/install/dsr_description2/share/dsr_description2/meshes/h2017_blue/H2017_4_1.dae
[1.689s] -- Installing: /home/rokey/cobot_ws/install/dsr_description2/share/dsr_description2/meshes/h2017_blue/H2017_3_0.dae
[1.692s] -- Installing: /home/rokey/cobot_ws/install/dsr_description2/share/dsr_description2/meshes/e0509_collision
[1.692s] -- Installing: /home/rokey/cobot_ws/install/dsr_description2/share/dsr_description2/meshes/e0509_collision/E0509_1_3.dae
[1.692s] -- Installing: /home/rokey/cobot_ws/install/dsr_description2/share/dsr_description2/meshes/e0509_collision/E0509_1_4.dae
[1.692s] -- Installing: /home/rokey/cobot_ws/install/dsr_description2/share/dsr_description2/meshes/e0509_collision/E0509_3_2.dae
[1.692s] -- Installing: /home/rokey/cobot_ws/install/dsr_description2/share/dsr_description2/meshes/e0509_collision/E0509_1_2.dae
[1.695s] -- Installing: /home/rokey/cobot_ws/install/dsr_description2/share/dsr_description2/meshes/e0509_collision/E0509_0_0.dae
[1.696s] -- Installing: /home/rokey/cobot_ws/install/dsr_description2/share/dsr_description2/meshes/e0509_collision/E0509_2_2.dae
[1.696s] -- Installing: /home/rokey/cobot_ws/install/dsr_description2/share/dsr_description2/meshes/e0509_collision/E0509_5_2.dae
[1.696s] -- Installing: /home/rokey/cobot_ws/install/dsr_description2/share/dsr_description2/meshes/e0509_collision/E0509_3_1.dae
[1.698s] -- Installing: /home/rokey/cobot_ws/install/dsr_description2/share/dsr_description2/meshes/e0509_collision/E0509_2_1.dae
[1.700s] -- Installing: /home/rokey/cobot_ws/install/dsr_description2/share/dsr_description2/meshes/e0509_collision/E0509_1_1.dae
[1.700s] -- Installing: /home/rokey/cobot_ws/install/dsr_description2/share/dsr_description2/meshes/e0509_collision/E0509_6_1.dae
[1.701s] -- Installing: /home/rokey/cobot_ws/install/dsr_description2/share/dsr_description2/meshes/e0509_collision/E0509_4_1.dae
[1.703s] -- Installing: /home/rokey/cobot_ws/install/dsr_description2/share/dsr_description2/meshes/e0509_collision/E0509_4_2.dae
[1.704s] -- Installing: /home/rokey/cobot_ws/install/dsr_description2/share/dsr_description2/meshes/e0509_collision/E0509_5_1.dae
[1.706s] -- Installing: /home/rokey/cobot_ws/install/dsr_description2/share/dsr_description2/meshes/e0509_white
[1.707s] -- Installing: /home/rokey/cobot_ws/install/dsr_description2/share/dsr_description2/meshes/e0509_white/E0509_1_3.dae
[1.708s] -- Installing: /home/rokey/cobot_ws/install/dsr_description2/share/dsr_description2/meshes/e0509_white/E0509_1_4.dae
[1.709s] -- Installing: /home/rokey/cobot_ws/install/dsr_description2/share/dsr_description2/meshes/e0509_white/E0509_3_2.dae
[1.709s] -- Installing: /home/rokey/cobot_ws/install/dsr_description2/share/dsr_description2/meshes/e0509_white/E0509_1_2.dae
[1.710s] -- Installing: /home/rokey/cobot_ws/install/dsr_description2/share/dsr_description2/meshes/e0509_white/E0509_0_0.dae
[1.711s] -- Installing: /home/rokey/cobot_ws/install/dsr_description2/share/dsr_description2/meshes/e0509_white/E0509_2_2.dae
[1.711s] -- Installing: /home/rokey/cobot_ws/install/dsr_description2/share/dsr_description2/meshes/e0509_white/E0509_5_2.dae
[1.712s] -- Installing: /home/rokey/cobot_ws/install/dsr_description2/share/dsr_description2/meshes/e0509_white/E0509_3_1.dae
[1.713s] -- Installing: /home/rokey/cobot_ws/install/dsr_description2/share/dsr_description2/meshes/e0509_white/E0509_2_1.dae
[1.716s] -- Installing: /home/rokey/cobot_ws/install/dsr_description2/share/dsr_description2/meshes/e0509_white/E0509_1_1.dae
[1.716s] -- Installing: /home/rokey/cobot_ws/install/dsr_description2/share/dsr_description2/meshes/e0509_white/E0509_6_1.dae
[1.717s] -- Installing: /home/rokey/cobot_ws/install/dsr_description2/share/dsr_description2/meshes/e0509_white/E0509_4_1.dae
[1.719s] -- Installing: /home/rokey/cobot_ws/install/dsr_description2/share/dsr_description2/meshes/e0509_white/E0509_4_2.dae
[1.719s] -- Installing: /home/rokey/cobot_ws/install/dsr_description2/share/dsr_description2/meshes/e0509_white/E0509_5_1.dae
[1.722s] -- Installing: /home/rokey/cobot_ws/install/dsr_description2/share/dsr_description2/meshes/m0609_white
[1.723s] -- Installing: /home/rokey/cobot_ws/install/dsr_description2/share/dsr_description2/meshes/m0609_white/MF0609_1_0.dae
[1.723s] -- Installing: /home/rokey/cobot_ws/install/dsr_description2/share/dsr_description2/meshes/m0609_white/MF0609_0_0.dae
[1.724s] -- Installing: /home/rokey/cobot_ws/install/dsr_description2/share/dsr_description2/meshes/m0609_white/MF0609_2_0.dae
[1.724s] -- Installing: /home/rokey/cobot_ws/install/dsr_description2/share/dsr_description2/meshes/m0609_white/MF0609_2_1.dae
[1.727s] -- Installing: /home/rokey/cobot_ws/install/dsr_description2/share/dsr_description2/meshes/m0609_white/MF0609_4_0.dae
[1.728s] -- Installing: /home/rokey/cobot_ws/install/dsr_description2/share/dsr_description2/meshes/m0609_white/MF0609_5_0.dae
[1.729s] -- Installing: /home/rokey/cobot_ws/install/dsr_description2/share/dsr_description2/meshes/m0609_white/MF0609_6_0.dae
[1.730s] -- Installing: /home/rokey/cobot_ws/install/dsr_description2/share/dsr_description2/meshes/m0609_white/MF0609_4_1.dae
[1.731s] -- Installing: /home/rokey/cobot_ws/install/dsr_description2/share/dsr_description2/meshes/m0609_white/MF0609_3_0.dae
[1.732s] -- Installing: /home/rokey/cobot_ws/install/dsr_description2/share/dsr_description2/meshes/m0609_white/MF0609_2_2.dae
[1.733s] -- Installing: /home/rokey/cobot_ws/install/dsr_description2/share/dsr_description2/meshes/a0912_blue
[1.733s] -- Installing: /home/rokey/cobot_ws/install/dsr_description2/share/dsr_description2/meshes/a0912_blue/A0912_2_2.dae
[1.734s] -- Installing: /home/rokey/cobot_ws/install/dsr_description2/share/dsr_description2/meshes/a0912_blue/A0912_0_0.dae
[1.739s] -- Installing: /home/rokey/cobot_ws/install/dsr_description2/share/dsr_description2/meshes/a0912_blue/A0912_3_1.dae
[1.740s] -- Installing: /home/rokey/cobot_ws/install/dsr_description2/share/dsr_description2/meshes/a0912_blue/A0912_2_1.dae
[1.740s] -- Installing: /home/rokey/cobot_ws/install/dsr_description2/share/dsr_description2/meshes/a0912_blue/A0912_5_1.dae
[1.744s] -- Installing: /home/rokey/cobot_ws/install/dsr_description2/share/dsr_description2/meshes/a0912_blue/A0912_1_1.dae
[1.745s] -- Installing: /home/rokey/cobot_ws/install/dsr_description2/share/dsr_description2/meshes/a0912_blue/A0912_4_1.dae
[1.748s] -- Installing: /home/rokey/cobot_ws/install/dsr_description2/share/dsr_description2/meshes/a0912_blue/A0912_2_0.dae
[1.776s] -- Installing: /home/rokey/cobot_ws/install/dsr_description2/share/dsr_description2/meshes/a0912_blue/A0912_1_2.dae
[1.777s] -- Installing: /home/rokey/cobot_ws/install/dsr_description2/share/dsr_description2/meshes/a0912_blue/A0912_4_0.dae
[1.778s] -- Installing: /home/rokey/cobot_ws/install/dsr_description2/share/dsr_description2/meshes/a0912_blue/A0912_6_0.dae
[1.779s] -- Installing: /home/rokey/cobot_ws/install/dsr_description2/share/dsr_description2/meshes/a0912_blue/A0912_3_0.dae
[1.779s] -- Installing: /home/rokey/cobot_ws/install/dsr_description2/share/dsr_description2/meshes/a0912_blue/A0912_1_0.dae
[1.780s] -- Installing: /home/rokey/cobot_ws/install/dsr_description2/share/dsr_description2/meshes/a0912_blue/A0912_5_0.dae
[1.780s] -- Installing: /home/rokey/cobot_ws/install/dsr_description2/share/dsr_description2/meshes/h2515_blue
[1.780s] -- Installing: /home/rokey/cobot_ws/install/dsr_description2/share/dsr_description2/meshes/h2515_blue/H2515_4_1.dae
[1.782s] -- Installing: /home/rokey/cobot_ws/install/dsr_description2/share/dsr_description2/meshes/h2515_blue/H2515_2_0.dae
[1.782s] -- Installing: /home/rokey/cobot_ws/install/dsr_description2/share/dsr_description2/meshes/h2515_blue/H2515_0_0.dae
[1.783s] -- Installing: /home/rokey/cobot_ws/install/dsr_description2/share/dsr_description2/meshes/h2515_blue/H2515_2_1.dae
[1.783s] -- Installing: /home/rokey/cobot_ws/install/dsr_description2/share/dsr_description2/meshes/h2515_blue/H2515_3_0.dae
[1.784s] -- Installing: /home/rokey/cobot_ws/install/dsr_description2/share/dsr_description2/meshes/h2515_blue/H2515_5_0.dae
[1.784s] -- Installing: /home/rokey/cobot_ws/install/dsr_description2/share/dsr_description2/meshes/h2515_blue/H2515_6_0.dae
[1.784s] -- Installing: /home/rokey/cobot_ws/install/dsr_description2/share/dsr_description2/meshes/h2515_blue/H2515_4_0.dae
[1.785s] -- Installing: /home/rokey/cobot_ws/install/dsr_description2/share/dsr_description2/meshes/h2515_blue/H2515_1_0.dae
[1.785s] -- Installing: /home/rokey/cobot_ws/install/dsr_description2/share/dsr_description2/meshes/h2515_blue/H2515_2_2.dae
[1.787s] -- Installing: /home/rokey/cobot_ws/install/dsr_description2/share/dsr_description2/meshes/mobile
[1.787s] -- Installing: /home/rokey/cobot_ws/install/dsr_description2/share/dsr_description2/meshes/mobile/large_top_plate_collision.stl
[1.787s] -- Installing: /home/rokey/cobot_ws/install/dsr_description2/share/dsr_description2/meshes/mobile/user_rail.stl
[1.791s] -- Installing: /home/rokey/cobot_ws/install/dsr_description2/share/dsr_description2/meshes/mobile/base_link.dae
[1.794s] -- Installing: /home/rokey/cobot_ws/install/dsr_description2/share/dsr_description2/meshes/mobile/wheel.dae
[1.798s] -- Installing: /home/rokey/cobot_ws/install/dsr_description2/share/dsr_description2/meshes/mobile/bumper.stl
[1.800s] -- Installing: /home/rokey/cobot_ws/install/dsr_description2/share/dsr_description2/meshes/mobile/bumper.dae
[1.801s] -- Installing: /home/rokey/cobot_ws/install/dsr_description2/share/dsr_description2/meshes/mobile/user_rail.dae
[1.804s] -- Installing: /home/rokey/cobot_ws/install/dsr_description2/share/dsr_description2/meshes/mobile/large_top_plate.dae
[1.805s] -- Installing: /home/rokey/cobot_ws/install/dsr_description2/share/dsr_description2/meshes/mobile/top_plate.stl
[1.805s] -- Installing: /home/rokey/cobot_ws/install/dsr_description2/share/dsr_description2/meshes/mobile/base_link.stl
[1.809s] -- Installing: /home/rokey/cobot_ws/install/dsr_description2/share/dsr_description2/meshes/mobile/wheel.stl
[1.816s] -- Installing: /home/rokey/cobot_ws/install/dsr_description2/share/dsr_description2/meshes/mobile/top_plate.dae
[1.816s] -- Installing: /home/rokey/cobot_ws/install/dsr_description2/share/dsr_description2/meshes/mobile/top_chassis.dae
[1.816s] -- Installing: /home/rokey/cobot_ws/install/dsr_description2/share/dsr_description2/meshes/mobile/top_chassis.stl
[1.826s] -- Installing: /home/rokey/cobot_ws/install/dsr_description2/share/dsr_description2/meshes/m1509_collision
[1.826s] -- Installing: /home/rokey/cobot_ws/install/dsr_description2/share/dsr_description2/meshes/m1509_collision/MF1509_4_1.dae
[1.826s] -- Installing: /home/rokey/cobot_ws/install/dsr_description2/share/dsr_description2/meshes/m1509_collision/MF1509_4_0.dae
[1.828s] -- Installing: /home/rokey/cobot_ws/install/dsr_description2/share/dsr_description2/meshes/m1509_collision/MF1509_2_1.dae
[1.833s] -- Installing: /home/rokey/cobot_ws/install/dsr_description2/share/dsr_description2/meshes/m1509_collision/MF1509_2_2.dae
[1.835s] -- Installing: /home/rokey/cobot_ws/install/dsr_description2/share/dsr_description2/meshes/m1509_collision/MF1509_2_0.dae
[1.838s] -- Installing: /home/rokey/cobot_ws/install/dsr_description2/share/dsr_description2/meshes/m1509_collision/MF1509_6_0.dae
[1.841s] -- Installing: /home/rokey/cobot_ws/install/dsr_description2/share/dsr_description2/meshes/m1509_collision/MF1509_0_0.dae
[1.851s] -- Installing: /home/rokey/cobot_ws/install/dsr_description2/share/dsr_description2/meshes/m1509_collision/MF1509_3_0.dae
[1.857s] -- Installing: /home/rokey/cobot_ws/install/dsr_description2/share/dsr_description2/meshes/m1509_collision/MF1509_5_0.dae
[1.857s] -- Installing: /home/rokey/cobot_ws/install/dsr_description2/share/dsr_description2/meshes/m1509_collision/MF1509_1_0.dae
[1.858s] -- Installing: /home/rokey/cobot_ws/install/dsr_description2/share/dsr_description2/meshes/m0609_blue
[1.858s] -- Installing: /home/rokey/cobot_ws/install/dsr_description2/share/dsr_description2/meshes/m0609_blue/MF0609_1_0.dae
[1.858s] -- Installing: /home/rokey/cobot_ws/install/dsr_description2/share/dsr_description2/meshes/m0609_blue/MF0609_0_0.dae
[1.860s] -- Installing: /home/rokey/cobot_ws/install/dsr_description2/share/dsr_description2/meshes/m0609_blue/MF0609_2_0.dae
[1.862s] -- Installing: /home/rokey/cobot_ws/install/dsr_description2/share/dsr_description2/meshes/m0609_blue/MF0609_2_1.dae
[1.868s] -- Installing: /home/rokey/cobot_ws/install/dsr_description2/share/dsr_description2/meshes/m0609_blue/MF0609_4_0.dae
[1.869s] -- Installing: /home/rokey/cobot_ws/install/dsr_description2/share/dsr_description2/meshes/m0609_blue/MF0609_5_0.dae
[1.870s] -- Installing: /home/rokey/cobot_ws/install/dsr_description2/share/dsr_description2/meshes/m0609_blue/MF0609_6_0.dae
[1.872s] -- Installing: /home/rokey/cobot_ws/install/dsr_description2/share/dsr_description2/meshes/m0609_blue/MF0609_4_1.dae
[1.874s] -- Installing: /home/rokey/cobot_ws/install/dsr_description2/share/dsr_description2/meshes/m0609_blue/MF0609_3_0.dae
[1.876s] -- Installing: /home/rokey/cobot_ws/install/dsr_description2/share/dsr_description2/meshes/m0609_blue/MF0609_2_2.dae
[1.877s] -- Installing: /home/rokey/cobot_ws/install/dsr_description2/share/dsr_description2/meshes/m0617_collision
[1.877s] -- Installing: /home/rokey/cobot_ws/install/dsr_description2/share/dsr_description2/meshes/m0617_collision/MF0617_0_0.dae
[1.879s] -- Installing: /home/rokey/cobot_ws/install/dsr_description2/share/dsr_description2/meshes/m0617_collision/MF0617_1_0.dae
[1.880s] -- Installing: /home/rokey/cobot_ws/install/dsr_description2/share/dsr_description2/meshes/m0617_collision/MF0617_4_0.dae
[1.881s] -- Installing: /home/rokey/cobot_ws/install/dsr_description2/share/dsr_description2/meshes/m0617_collision/MF0617_6_0.dae
[1.882s] -- Installing: /home/rokey/cobot_ws/install/dsr_description2/share/dsr_description2/meshes/m0617_collision/MF0617_3_0.dae
[1.883s] -- Installing: /home/rokey/cobot_ws/install/dsr_description2/share/dsr_description2/meshes/m0617_collision/MF0617_5_0.dae
[1.884s] -- Installing: /home/rokey/cobot_ws/install/dsr_description2/share/dsr_description2/meshes/m0617_collision/MF0617_4_1.dae
[1.885s] -- Installing: /home/rokey/cobot_ws/install/dsr_description2/share/dsr_description2/meshes/m0617_collision/MF0617_2_2.dae
[1.886s] -- Installing: /home/rokey/cobot_ws/install/dsr_description2/share/dsr_description2/meshes/m0617_collision/MF0617_2_1.dae
[1.890s] -- Installing: /home/rokey/cobot_ws/install/dsr_description2/share/dsr_description2/meshes/m0617_collision/MF0617_2_0.dae
[1.891s] -- Installing: /home/rokey/cobot_ws/install/dsr_description2/share/dsr_description2/meshes/m1013_collision
[1.892s] -- Installing: /home/rokey/cobot_ws/install/dsr_description2/share/dsr_description2/meshes/m1013_collision/MF1013_6_0.dae
[1.892s] -- Installing: /home/rokey/cobot_ws/install/dsr_description2/share/dsr_description2/meshes/m1013_collision/MF1013_2_2.dae
[1.895s] -- Installing: /home/rokey/cobot_ws/install/dsr_description2/share/dsr_description2/meshes/m1013_collision/MF1013_1_0.dae
[1.897s] -- Installing: /home/rokey/cobot_ws/install/dsr_description2/share/dsr_description2/meshes/m1013_collision/MF1013_3_0.dae
[1.900s] -- Installing: /home/rokey/cobot_ws/install/dsr_description2/share/dsr_description2/meshes/m1013_collision/MF1013_2_1.dae
[1.904s] -- Installing: /home/rokey/cobot_ws/install/dsr_description2/share/dsr_description2/meshes/m1013_collision/MF1013_4_0.dae
[1.905s] -- Installing: /home/rokey/cobot_ws/install/dsr_description2/share/dsr_description2/meshes/m1013_collision/MF1013_0_0.dae
[1.908s] -- Installing: /home/rokey/cobot_ws/install/dsr_description2/share/dsr_description2/meshes/m1013_collision/MF1013_2_0.dae
[1.910s] -- Installing: /home/rokey/cobot_ws/install/dsr_description2/share/dsr_description2/meshes/m1013_collision/MF1013_4_1.dae
[1.914s] -- Installing: /home/rokey/cobot_ws/install/dsr_description2/share/dsr_description2/meshes/m1013_collision/MF1013_5_0.dae
[1.916s] -- Installing: /home/rokey/cobot_ws/install/dsr_description2/share/dsr_description2/meshes/a0509_white
[1.916s] -- Installing: /home/rokey/cobot_ws/install/dsr_description2/share/dsr_description2/meshes/a0509_white/A0509_3_1.dae
[1.918s] -- Installing: /home/rokey/cobot_ws/install/dsr_description2/share/dsr_description2/meshes/a0509_white/A0509_3_0.dae
[1.918s] -- Installing: /home/rokey/cobot_ws/install/dsr_description2/share/dsr_description2/meshes/a0509_white/A0509_4_1.dae
[1.924s] -- Installing: /home/rokey/cobot_ws/install/dsr_description2/share/dsr_description2/meshes/a0509_white/A0509_5_1.dae
[1.927s] -- Installing: /home/rokey/cobot_ws/install/dsr_description2/share/dsr_description2/meshes/a0509_white/A0509_4_0.dae
[1.931s] -- Installing: /home/rokey/cobot_ws/install/dsr_description2/share/dsr_description2/meshes/a0509_white/A0509_2_2.dae
[1.935s] -- Installing: /home/rokey/cobot_ws/install/dsr_description2/share/dsr_description2/meshes/a0509_white/A0509_1_2.dae
[1.936s] -- Installing: /home/rokey/cobot_ws/install/dsr_description2/share/dsr_description2/meshes/a0509_white/A0509_5_0.dae
[1.937s] -- Installing: /home/rokey/cobot_ws/install/dsr_description2/share/dsr_description2/meshes/a0509_white/A0509_1_1.dae
[1.942s] -- Installing: /home/rokey/cobot_ws/install/dsr_description2/share/dsr_description2/meshes/a0509_white/A0509_6_0.dae
[1.944s] -- Installing: /home/rokey/cobot_ws/install/dsr_description2/share/dsr_description2/meshes/a0509_white/A0509_2_1.dae
[1.948s] -- Installing: /home/rokey/cobot_ws/install/dsr_description2/share/dsr_description2/meshes/a0509_white/A0509_1_0.dae
[1.951s] -- Installing: /home/rokey/cobot_ws/install/dsr_description2/share/dsr_description2/meshes/a0509_white/A0509_0_0.dae
[1.953s] -- Installing: /home/rokey/cobot_ws/install/dsr_description2/share/dsr_description2/meshes/a0509_white/A0509_2_0.dae
[1.958s] -- Installing: /home/rokey/cobot_ws/install/dsr_description2/share/dsr_description2/meshes/a0912_white
[1.958s] -- Installing: /home/rokey/cobot_ws/install/dsr_description2/share/dsr_description2/meshes/a0912_white/A0912_2_2.dae
[1.962s] -- Installing: /home/rokey/cobot_ws/install/dsr_description2/share/dsr_description2/meshes/a0912_white/A0912_0_0.dae
[1.963s] -- Installing: /home/rokey/cobot_ws/install/dsr_description2/share/dsr_description2/meshes/a0912_white/A0912_3_1.dae
[1.966s] -- Installing: /home/rokey/cobot_ws/install/dsr_description2/share/dsr_description2/meshes/a0912_white/A0912_2_1.dae
[1.972s] -- Installing: /home/rokey/cobot_ws/install/dsr_description2/share/dsr_description2/meshes/a0912_white/A0912_5_1.dae
[1.975s] -- Installing: /home/rokey/cobot_ws/install/dsr_description2/share/dsr_description2/meshes/a0912_white/A0912_1_1.dae
[1.979s] -- Installing: /home/rokey/cobot_ws/install/dsr_description2/share/dsr_description2/meshes/a0912_white/A0912_4_1.dae
[1.982s] -- Installing: /home/rokey/cobot_ws/install/dsr_description2/share/dsr_description2/meshes/a0912_white/A0912_2_0.dae
[1.985s] -- Installing: /home/rokey/cobot_ws/install/dsr_description2/share/dsr_description2/meshes/a0912_white/A0912_1_2.dae
[1.987s] -- Installing: /home/rokey/cobot_ws/install/dsr_description2/share/dsr_description2/meshes/a0912_white/A0912_4_0.dae
[1.989s] -- Installing: /home/rokey/cobot_ws/install/dsr_description2/share/dsr_description2/meshes/a0912_white/A0912_6_0.dae
[1.991s] -- Installing: /home/rokey/cobot_ws/install/dsr_description2/share/dsr_description2/meshes/a0912_white/A0912_3_0.dae
[1.992s] -- Installing: /home/rokey/cobot_ws/install/dsr_description2/share/dsr_description2/meshes/a0912_white/A0912_1_0.dae
[1.993s] -- Installing: /home/rokey/cobot_ws/install/dsr_description2/share/dsr_description2/meshes/a0912_white/A0912_5_0.dae
[1.995s] -- Installing: /home/rokey/cobot_ws/install/dsr_description2/share/dsr_description2/meshes/h2017_white
[1.995s] -- Installing: /home/rokey/cobot_ws/install/dsr_description2/share/dsr_description2/meshes/h2017_white/H2017_4_0.dae
[1.998s] -- Installing: /home/rokey/cobot_ws/install/dsr_description2/share/dsr_description2/meshes/h2017_white/H2017_0_0.dae
[1.999s] -- Installing: /home/rokey/cobot_ws/install/dsr_description2/share/dsr_description2/meshes/h2017_white/H2017_6_0.dae
[1.999s] -- Installing: /home/rokey/cobot_ws/install/dsr_description2/share/dsr_description2/meshes/h2017_white/H2017_1_0.dae
[2.001s] -- Installing: /home/rokey/cobot_ws/install/dsr_description2/share/dsr_description2/meshes/h2017_white/H2017_5_0.dae
[2.004s] -- Installing: /home/rokey/cobot_ws/install/dsr_description2/share/dsr_description2/meshes/h2017_white/H2017_2_1.dae
[2.011s] -- Installing: /home/rokey/cobot_ws/install/dsr_description2/share/dsr_description2/meshes/h2017_white/H2017_2_0.dae
[2.015s] -- Installing: /home/rokey/cobot_ws/install/dsr_description2/share/dsr_description2/meshes/h2017_white/H2017_2_2.dae
[2.015s] -- Installing: /home/rokey/cobot_ws/install/dsr_description2/share/dsr_description2/meshes/h2017_white/H2017_4_1.dae
[2.016s] -- Installing: /home/rokey/cobot_ws/install/dsr_description2/share/dsr_description2/meshes/h2017_white/H2017_3_0.dae
[2.017s] -- Installing: /home/rokey/cobot_ws/install/dsr_description2/share/dsr_description2/meshes/gripper
[2.018s] -- Installing: /home/rokey/cobot_ws/install/dsr_description2/share/dsr_description2/meshes/gripper/robotiq
[2.018s] -- Installing: /home/rokey/cobot_ws/install/dsr_description2/share/dsr_description2/meshes/gripper/robotiq/85_2f
[2.018s] -- Installing: /home/rokey/cobot_ws/install/dsr_description2/share/dsr_description2/meshes/gripper/robotiq/85_2f/visual
[2.018s] -- Installing: /home/rokey/cobot_ws/install/dsr_description2/share/dsr_description2/meshes/gripper/robotiq/85_2f/visual/robotiq_85_base_link.dae
[2.022s] -- Installing: /home/rokey/cobot_ws/install/dsr_description2/share/dsr_description2/meshes/gripper/robotiq/85_2f/visual/robotiq_85_finger_tip_link.dae
[2.023s] -- Installing: /home/rokey/cobot_ws/install/dsr_description2/share/dsr_description2/meshes/gripper/robotiq/85_2f/visual/robotiq_85_knuckle_link.dae
[2.024s] -- Installing: /home/rokey/cobot_ws/install/dsr_description2/share/dsr_description2/meshes/gripper/robotiq/85_2f/visual/robotiq_85_inner_knuckle_link.dae
[2.030s] -- Installing: /home/rokey/cobot_ws/install/dsr_description2/share/dsr_description2/meshes/gripper/robotiq/85_2f/visual/robotiq_85_finger_link.dae
[2.031s] -- Installing: /home/rokey/cobot_ws/install/dsr_description2/share/dsr_description2/meshes/gripper/robotiq/85_2f/collision
[2.032s] -- Installing: /home/rokey/cobot_ws/install/dsr_description2/share/dsr_description2/meshes/gripper/robotiq/85_2f/collision/robotiq_85_finger_link.stl
[2.032s] -- Installing: /home/rokey/cobot_ws/install/dsr_description2/share/dsr_description2/meshes/gripper/robotiq/85_2f/collision/robotiq_85_inner_knuckle_link.stl
[2.032s] -- Installing: /home/rokey/cobot_ws/install/dsr_description2/share/dsr_description2/meshes/gripper/robotiq/85_2f/collision/robotiq_85_base_link.stl
[2.040s] -- Installing: /home/rokey/cobot_ws/install/dsr_description2/share/dsr_description2/meshes/gripper/robotiq/85_2f/collision/robotiq_85_finger_tip_link.stl
[2.040s] -- Installing: /home/rokey/cobot_ws/install/dsr_description2/share/dsr_description2/meshes/gripper/robotiq/85_2f/collision/robotiq_85_knuckle_link.stl
[2.040s] -- Installing: /home/rokey/cobot_ws/install/dsr_description2/share/dsr_description2/meshes/gripper/robotiq/85_2f/robotiq_85_coupler.stl
[2.040s] -- Installing: /home/rokey/cobot_ws/install/dsr_description2/share/dsr_description2/meshes/m0609_collision
[2.041s] -- Installing: /home/rokey/cobot_ws/install/dsr_description2/share/dsr_description2/meshes/m0609_collision/MF0609_1_0.dae
[2.041s] -- Installing: /home/rokey/cobot_ws/install/dsr_description2/share/dsr_description2/meshes/m0609_collision/MF0609_0_0.dae
[2.045s] -- Installing: /home/rokey/cobot_ws/install/dsr_description2/share/dsr_description2/meshes/m0609_collision/MF0609_2_0.dae
[2.046s] -- Installing: /home/rokey/cobot_ws/install/dsr_description2/share/dsr_description2/meshes/m0609_collision/MF0609_2_1.dae
[2.051s] -- Installing: /home/rokey/cobot_ws/install/dsr_description2/share/dsr_description2/meshes/m0609_collision/MF0609_4_0.dae
[2.052s] -- Installing: /home/rokey/cobot_ws/install/dsr_description2/share/dsr_description2/meshes/m0609_collision/MF0609_5_0.dae
[2.053s] -- Installing: /home/rokey/cobot_ws/install/dsr_description2/share/dsr_description2/meshes/m0609_collision/MF0609_6_0.dae
[2.054s] -- Installing: /home/rokey/cobot_ws/install/dsr_description2/share/dsr_description2/meshes/m0609_collision/MF0609_4_1.dae
[2.055s] -- Installing: /home/rokey/cobot_ws/install/dsr_description2/share/dsr_description2/meshes/m0609_collision/MF0609_3_0.dae
[2.057s] -- Installing: /home/rokey/cobot_ws/install/dsr_description2/share/dsr_description2/meshes/m0609_collision/MF0609_2_2.dae
[2.058s] -- Installing: /home/rokey/cobot_ws/install/dsr_description2/share/dsr_description2/meshes/p3020
[2.059s] -- Installing: /home/rokey/cobot_ws/install/dsr_description2/share/dsr_description2/meshes/p3020/P3020_0_1.STL
[2.062s] -- Installing: /home/rokey/cobot_ws/install/dsr_description2/share/dsr_description2/meshes/p3020/P3020_2_7.STL
[2.064s] -- Installing: /home/rokey/cobot_ws/install/dsr_description2/share/dsr_description2/meshes/p3020/P3020_1_3.STL
[2.065s] -- Installing: /home/rokey/cobot_ws/install/dsr_description2/share/dsr_description2/meshes/p3020/P3020_1_5.STL
[2.065s] -- Installing: /home/rokey/cobot_ws/install/dsr_description2/share/dsr_description2/meshes/p3020/P3020_1_2.STL
[2.067s] -- Installing: /home/rokey/cobot_ws/install/dsr_description2/share/dsr_description2/meshes/p3020/P3020_1_1.STL
[2.069s] -- Installing: /home/rokey/cobot_ws/install/dsr_description2/share/dsr_description2/meshes/p3020/P3020_3_4.STL
[2.070s] -- Installing: /home/rokey/cobot_ws/install/dsr_description2/share/dsr_description2/meshes/p3020/P3020_3_2.STL
[2.071s] -- Installing: /home/rokey/cobot_ws/install/dsr_description2/share/dsr_description2/meshes/p3020/P3020_2_3.STL
[2.073s] -- Installing: /home/rokey/cobot_ws/install/dsr_description2/share/dsr_description2/meshes/p3020/P3020_5_2.STL
[2.074s] -- Installing: /home/rokey/cobot_ws/install/dsr_description2/share/dsr_description2/meshes/p3020/P3020_3_3.STL
[2.076s] -- Installing: /home/rokey/cobot_ws/install/dsr_description2/share/dsr_description2/meshes/p3020/P3020_3_1.STL
[2.078s] -- Installing: /home/rokey/cobot_ws/install/dsr_description2/share/dsr_description2/meshes/p3020/P3020_2_2.STL
[2.079s] -- Installing: /home/rokey/cobot_ws/install/dsr_description2/share/dsr_description2/meshes/p3020/P3020_5_3.STL
[2.080s] -- Installing: /home/rokey/cobot_ws/install/dsr_description2/share/dsr_description2/meshes/p3020/P3020_1_4.STL
[2.081s] -- Installing: /home/rokey/cobot_ws/install/dsr_description2/share/dsr_description2/meshes/p3020/P3020_5_1.STL
[2.083s] -- Installing: /home/rokey/cobot_ws/install/dsr_description2/share/dsr_description2/meshes/p3020/P3020_2_5.STL
[2.083s] -- Installing: /home/rokey/cobot_ws/install/dsr_description2/share/dsr_description2/meshes/p3020/P3020_2_1.STL
[2.085s] -- Installing: /home/rokey/cobot_ws/install/dsr_description2/share/dsr_description2/meshes/p3020/P3020_6_1.STL
[2.086s] -- Installing: /home/rokey/cobot_ws/install/dsr_description2/share/dsr_description2/meshes/p3020/P3020_2_4.STL
[2.087s] -- Installing: /home/rokey/cobot_ws/install/dsr_description2/share/dsr_description2/meshes/p3020/P3020_2_6.STL
[2.088s] -- Installing: /home/rokey/cobot_ws/install/dsr_description2/share/dsr_description2/meshes/p3020/P3020_2_8.STL
[2.090s] -- Installing: /home/rokey/cobot_ws/install/dsr_description2/share/dsr_description2/meshes/a0509_blue
[2.090s] -- Installing: /home/rokey/cobot_ws/install/dsr_description2/share/dsr_description2/meshes/a0509_blue/A0509_3_1.dae
[2.092s] -- Installing: /home/rokey/cobot_ws/install/dsr_description2/share/dsr_description2/meshes/a0509_blue/A0509_3_0.dae
[2.092s] -- Installing: /home/rokey/cobot_ws/install/dsr_description2/share/dsr_description2/meshes/a0509_blue/A0509_4_1.dae
[2.094s] -- Installing: /home/rokey/cobot_ws/install/dsr_description2/share/dsr_description2/meshes/a0509_blue/A0509_5_1.dae
[2.096s] -- Installing: /home/rokey/cobot_ws/install/dsr_description2/share/dsr_description2/meshes/a0509_blue/A0509_4_0.dae
[2.099s] -- Installing: /home/rokey/cobot_ws/install/dsr_description2/share/dsr_description2/meshes/a0509_blue/A0509_2_2.dae
[2.101s] -- Installing: /home/rokey/cobot_ws/install/dsr_description2/share/dsr_description2/meshes/a0509_blue/A0509_1_2.dae
[2.103s] -- Installing: /home/rokey/cobot_ws/install/dsr_description2/share/dsr_description2/meshes/a0509_blue/A0509_5_0.dae
[2.104s] -- Installing: /home/rokey/cobot_ws/install/dsr_description2/share/dsr_description2/meshes/a0509_blue/A0509_1_1.dae
[2.106s] -- Installing: /home/rokey/cobot_ws/install/dsr_description2/share/dsr_description2/meshes/a0509_blue/A0509_6_0.dae
[2.108s] -- Installing: /home/rokey/cobot_ws/install/dsr_description2/share/dsr_description2/meshes/a0509_blue/A0509_2_1.dae
[2.112s] -- Installing: /home/rokey/cobot_ws/install/dsr_description2/share/dsr_description2/meshes/a0509_blue/A0509_1_0.dae
[2.113s] -- Installing: /home/rokey/cobot_ws/install/dsr_description2/share/dsr_description2/meshes/a0509_blue/A0509_0_0.dae
[2.116s] -- Installing: /home/rokey/cobot_ws/install/dsr_description2/share/dsr_description2/meshes/a0509_blue/A0509_2_0.dae
[2.124s] -- Installing: /home/rokey/cobot_ws/install/dsr_description2/share/dsr_description2/meshes/m0617_blue
[2.128s] -- Installing: /home/rokey/cobot_ws/install/dsr_description2/share/dsr_description2/meshes/m0617_blue/MF0617_0_0.dae
[2.134s] -- Installing: /home/rokey/cobot_ws/install/dsr_description2/share/dsr_description2/meshes/m0617_blue/MF0617_1_0.dae
[2.134s] -- Installing: /home/rokey/cobot_ws/install/dsr_description2/share/dsr_description2/meshes/m0617_blue/MF0617_4_0.dae
[2.136s] -- Installing: /home/rokey/cobot_ws/install/dsr_description2/share/dsr_description2/meshes/m0617_blue/MF0617_6_0.dae
[2.139s] -- Installing: /home/rokey/cobot_ws/install/dsr_description2/share/dsr_description2/meshes/m0617_blue/MF0617_3_0.dae
[2.139s] -- Installing: /home/rokey/cobot_ws/install/dsr_description2/share/dsr_description2/meshes/m0617_blue/MF0617_5_0.dae
[2.141s] -- Installing: /home/rokey/cobot_ws/install/dsr_description2/share/dsr_description2/meshes/m0617_blue/MF0617_4_1.dae
[2.145s] -- Installing: /home/rokey/cobot_ws/install/dsr_description2/share/dsr_description2/meshes/m0617_blue/MF0617_2_2.dae
[2.146s] -- Installing: /home/rokey/cobot_ws/install/dsr_description2/share/dsr_description2/meshes/m0617_blue/MF0617_2_1.dae
[2.153s] -- Installing: /home/rokey/cobot_ws/install/dsr_description2/share/dsr_description2/meshes/m0617_blue/MF0617_2_0.dae
[2.155s] -- Installing: /home/rokey/cobot_ws/install/dsr_description2/share/dsr_description2/meshes/m1013_white
[2.155s] -- Installing: /home/rokey/cobot_ws/install/dsr_description2/share/dsr_description2/meshes/m1013_white/MF1013_6_0.dae
[2.156s] -- Installing: /home/rokey/cobot_ws/install/dsr_description2/share/dsr_description2/meshes/m1013_white/MF1013_2_2.dae
[2.159s] -- Installing: /home/rokey/cobot_ws/install/dsr_description2/share/dsr_description2/meshes/m1013_white/MF1013_1_0.dae
[2.161s] -- Installing: /home/rokey/cobot_ws/install/dsr_description2/share/dsr_description2/meshes/m1013_white/MF1013_3_0.dae
[2.164s] -- Installing: /home/rokey/cobot_ws/install/dsr_description2/share/dsr_description2/meshes/m1013_white/MF1013_2_1.dae
[2.169s] -- Installing: /home/rokey/cobot_ws/install/dsr_description2/share/dsr_description2/meshes/m1013_white/MF1013_4_0.dae
[2.171s] -- Installing: /home/rokey/cobot_ws/install/dsr_description2/share/dsr_description2/meshes/m1013_white/MF1013_0_0.dae
[2.176s] -- Installing: /home/rokey/cobot_ws/install/dsr_description2/share/dsr_description2/meshes/m1013_white/MF1013_2_0.dae
[2.184s] -- Installing: /home/rokey/cobot_ws/install/dsr_description2/share/dsr_description2/meshes/m1013_white/MF1013_4_1.dae
[2.186s] -- Installing: /home/rokey/cobot_ws/install/dsr_description2/share/dsr_description2/meshes/m1013_white/MF1013_5_0.dae
[2.189s] -- Installing: /home/rokey/cobot_ws/install/dsr_description2/share/dsr_description2/meshes/m1509_blue
[2.190s] -- Installing: /home/rokey/cobot_ws/install/dsr_description2/share/dsr_description2/meshes/m1509_blue/MF1509_4_1.dae
[2.193s] -- Installing: /home/rokey/cobot_ws/install/dsr_description2/share/dsr_description2/meshes/m1509_blue/MF1509_4_0.dae
[2.194s] -- Installing: /home/rokey/cobot_ws/install/dsr_description2/share/dsr_description2/meshes/m1509_blue/MF1509_2_1.dae
[2.200s] -- Installing: /home/rokey/cobot_ws/install/dsr_description2/share/dsr_description2/meshes/m1509_blue/MF1509_2_2.dae
[2.202s] -- Installing: /home/rokey/cobot_ws/install/dsr_description2/share/dsr_description2/meshes/m1509_blue/MF1509_2_0.dae
[2.203s] -- Installing: /home/rokey/cobot_ws/install/dsr_description2/share/dsr_description2/meshes/m1509_blue/MF1509_6_0.dae
[2.204s] -- Installing: /home/rokey/cobot_ws/install/dsr_description2/share/dsr_description2/meshes/m1509_blue/MF1509_0_0.dae
[2.208s] -- Installing: /home/rokey/cobot_ws/install/dsr_description2/share/dsr_description2/meshes/m1509_blue/MF1509_3_0.dae
[2.208s] -- Installing: /home/rokey/cobot_ws/install/dsr_description2/share/dsr_description2/meshes/m1509_blue/MF1509_5_0.dae
[2.208s] -- Installing: /home/rokey/cobot_ws/install/dsr_description2/share/dsr_description2/meshes/m1509_blue/MF1509_1_0.dae
[2.210s] -- Installing: /home/rokey/cobot_ws/install/dsr_description2/share/dsr_description2/meshes/h2017_collision
[2.210s] -- Installing: /home/rokey/cobot_ws/install/dsr_description2/share/dsr_description2/meshes/h2017_collision/H2017_4_0.dae
[2.214s] -- Installing: /home/rokey/cobot_ws/install/dsr_description2/share/dsr_description2/meshes/h2017_collision/H2017_0_0.dae
[2.215s] -- Installing: /home/rokey/cobot_ws/install/dsr_description2/share/dsr_description2/meshes/h2017_collision/H2017_6_0.dae
[2.216s] -- Installing: /home/rokey/cobot_ws/install/dsr_description2/share/dsr_description2/meshes/h2017_collision/H2017_1_0.dae
[2.219s] -- Installing: /home/rokey/cobot_ws/install/dsr_description2/share/dsr_description2/meshes/h2017_collision/H2017_5_0.dae
[2.221s] -- Installing: /home/rokey/cobot_ws/install/dsr_description2/share/dsr_description2/meshes/h2017_collision/H2017_2_1.dae
[2.225s] -- Installing: /home/rokey/cobot_ws/install/dsr_description2/share/dsr_description2/meshes/h2017_collision/H2017_2_0.dae
[2.227s] -- Installing: /home/rokey/cobot_ws/install/dsr_description2/share/dsr_description2/meshes/h2017_collision/H2017_2_2.dae
[2.230s] -- Installing: /home/rokey/cobot_ws/install/dsr_description2/share/dsr_description2/meshes/h2017_collision/H2017_4_1.dae
[2.231s] -- Installing: /home/rokey/cobot_ws/install/dsr_description2/share/dsr_description2/meshes/h2017_collision/H2017_3_0.dae
[2.236s] -- Installing: /home/rokey/cobot_ws/install/dsr_description2/share/dsr_description2/meshes/p3020_collision
[2.237s] -- Installing: /home/rokey/cobot_ws/install/dsr_description2/share/dsr_description2/meshes/p3020_collision/3-4.STL
[2.237s] -- Installing: /home/rokey/cobot_ws/install/dsr_description2/share/dsr_description2/meshes/p3020_collision/6-3.STL
[2.238s] -- Installing: /home/rokey/cobot_ws/install/dsr_description2/share/dsr_description2/meshes/p3020_collision/4-4.STL
[2.239s] -- Installing: /home/rokey/cobot_ws/install/dsr_description2/share/dsr_description2/meshes/p3020_collision/3-8.STL
[2.241s] -- Installing: /home/rokey/cobot_ws/install/dsr_description2/share/dsr_description2/meshes/p3020_collision/3-1.STL
[2.242s] -- Installing: /home/rokey/cobot_ws/install/dsr_description2/share/dsr_description2/meshes/p3020_collision/2-2.STL
[2.246s] -- Installing: /home/rokey/cobot_ws/install/dsr_description2/share/dsr_description2/meshes/p3020_collision/4-2.STL
[2.249s] -- Installing: /home/rokey/cobot_ws/install/dsr_description2/share/dsr_description2/meshes/p3020_collision/3-5.STL
[2.249s] -- Installing: /home/rokey/cobot_ws/install/dsr_description2/share/dsr_description2/meshes/p3020_collision/3-7.STL
[2.250s] -- Installing: /home/rokey/cobot_ws/install/dsr_description2/share/dsr_description2/meshes/p3020_collision/2-5.STL
[2.250s] -- Installing: /home/rokey/cobot_ws/install/dsr_description2/share/dsr_description2/meshes/p3020_collision/4-3.STL
[2.255s] -- Installing: /home/rokey/cobot_ws/install/dsr_description2/share/dsr_description2/meshes/p3020_collision/6-2.STL
[2.257s] -- Installing: /home/rokey/cobot_ws/install/dsr_description2/share/dsr_description2/meshes/p3020_collision/2-3.STL
[2.257s] -- Installing: /home/rokey/cobot_ws/install/dsr_description2/share/dsr_description2/meshes/p3020_collision/2-1.STL
[2.258s] -- Installing: /home/rokey/cobot_ws/install/dsr_description2/share/dsr_description2/meshes/p3020_collision/2-4.STL
[2.260s] -- Installing: /home/rokey/cobot_ws/install/dsr_description2/share/dsr_description2/meshes/p3020_collision/3-3.STL
[2.262s] -- Installing: /home/rokey/cobot_ws/install/dsr_description2/share/dsr_description2/meshes/p3020_collision/1.STL
[2.264s] -- Installing: /home/rokey/cobot_ws/install/dsr_description2/share/dsr_description2/meshes/p3020_collision/3-6.STL
[2.267s] -- Installing: /home/rokey/cobot_ws/install/dsr_description2/share/dsr_description2/meshes/p3020_collision/4-1.STL
[2.267s] -- Installing: /home/rokey/cobot_ws/install/dsr_description2/share/dsr_description2/meshes/p3020_collision/6-1.STL
[2.268s] -- Installing: /home/rokey/cobot_ws/install/dsr_description2/share/dsr_description2/meshes/p3020_collision/3-2.STL
[2.269s] -- Installing: /home/rokey/cobot_ws/install/dsr_description2/share/dsr_description2/meshes/p3020_collision/7.STL
[2.270s] -- Installing: /home/rokey/cobot_ws/install/dsr_description2/share/dsr_description2/urdf
[2.270s] -- Installing: /home/rokey/cobot_ws/install/dsr_description2/share/dsr_description2/urdf/h2017.white.urdf
[2.270s] -- Installing: /home/rokey/cobot_ws/install/dsr_description2/share/dsr_description2/urdf/m1013_isaac_sim.urdf
[2.271s] -- Installing: /home/rokey/cobot_ws/install/dsr_description2/share/dsr_description2/urdf/e0509.urdf
[2.271s] -- Installing: /home/rokey/cobot_ws/install/dsr_description2/share/dsr_description2/urdf/a0509.white.urdf
[2.271s] -- Installing: /home/rokey/cobot_ws/install/dsr_description2/share/dsr_description2/urdf/h2017.blue.urdf
[2.271s] -- Installing: /home/rokey/cobot_ws/install/dsr_description2/share/dsr_description2/urdf/a0912.white.urdf
[2.272s] -- Installing: /home/rokey/cobot_ws/install/dsr_description2/share/dsr_description2/urdf/m0609.blue.urdf
[2.272s] -- Installing: /home/rokey/cobot_ws/install/dsr_description2/share/dsr_description2/urdf/m1509.white.urdf
[2.272s] -- Installing: /home/rokey/cobot_ws/install/dsr_description2/share/dsr_description2/urdf/m1013.white.urdf
[2.273s] -- Installing: /home/rokey/cobot_ws/install/dsr_description2/share/dsr_description2/urdf/p3020.urdf
[2.273s] -- Installing: /home/rokey/cobot_ws/install/dsr_description2/share/dsr_description2/urdf/h2515.white.urdf
[2.274s] -- Installing: /home/rokey/cobot_ws/install/dsr_description2/share/dsr_description2/urdf/a0912.blue.urdf
[2.274s] -- Installing: /home/rokey/cobot_ws/install/dsr_description2/share/dsr_description2/urdf/m1509.blue.urdf
[2.274s] -- Installing: /home/rokey/cobot_ws/install/dsr_description2/share/dsr_description2/urdf/m0609_isaac_sim.urdf
[2.274s] -- Installing: /home/rokey/cobot_ws/install/dsr_description2/share/dsr_description2/urdf/a0509.blue.urdf
[2.275s] -- Installing: /home/rokey/cobot_ws/install/dsr_description2/share/dsr_description2/urdf/m0609.white.urdf
[2.275s] -- Installing: /home/rokey/cobot_ws/install/dsr_description2/share/dsr_description2/urdf/m0617.blue.urdf
[2.275s] -- Installing: /home/rokey/cobot_ws/install/dsr_description2/share/dsr_description2/urdf/m0617.white.urdf
[2.276s] -- Installing: /home/rokey/cobot_ws/install/dsr_description2/share/dsr_description2/urdf/m1509.urdf
[2.276s] -- Installing: /home/rokey/cobot_ws/install/dsr_description2/share/dsr_description2/urdf/m0617.urdf
[2.276s] -- Installing: /home/rokey/cobot_ws/install/dsr_description2/share/dsr_description2/urdf/e0509.white.urdf
[2.277s] -- Installing: /home/rokey/cobot_ws/install/dsr_description2/share/dsr_description2/urdf/a0509.urdf
[2.277s] -- Installing: /home/rokey/cobot_ws/install/dsr_description2/share/dsr_description2/urdf/a0912.urdf
[2.277s] -- Installing: /home/rokey/cobot_ws/install/dsr_description2/share/dsr_description2/urdf/m0609.urdf
[2.278s] -- Installing: /home/rokey/cobot_ws/install/dsr_description2/share/dsr_description2/urdf/h2017.urdf
[2.278s] -- Installing: /home/rokey/cobot_ws/install/dsr_description2/share/dsr_description2/urdf/m1013.blue.urdf
[2.278s] -- Installing: /home/rokey/cobot_ws/install/dsr_description2/share/dsr_description2/urdf/h2515.urdf
[2.279s] -- Installing: /home/rokey/cobot_ws/install/dsr_description2/share/dsr_description2/urdf/m1013.urdf
[2.279s] -- Installing: /home/rokey/cobot_ws/install/dsr_description2/share/dsr_description2/urdf/h2515.blue.urdf
[2.279s] -- Installing: /home/rokey/cobot_ws/install/dsr_description2/share/dsr_description2/xacro
[2.280s] -- Installing: /home/rokey/cobot_ws/install/dsr_description2/share/dsr_description2/xacro/macro.m1013.white.xacro
[2.280s] -- Installing: /home/rokey/cobot_ws/install/dsr_description2/share/dsr_description2/xacro/macro.m0617.blue.xacro
[2.280s] -- Installing: /home/rokey/cobot_ws/install/dsr_description2/share/dsr_description2/xacro/macro.a0912.blue.xacro
[2.280s] -- Installing: /home/rokey/cobot_ws/install/dsr_description2/share/dsr_description2/xacro/e0509.urdf.xacro
[2.281s] -- Installing: /home/rokey/cobot_ws/install/dsr_description2/share/dsr_description2/xacro/m0609.urdf.xacro
[2.281s] -- Installing: /home/rokey/cobot_ws/install/dsr_description2/share/dsr_description2/xacro/macro.m0617.white.xacro
[2.281s] -- Installing: /home/rokey/cobot_ws/install/dsr_description2/share/dsr_description2/xacro/macro.h2515.white.xacro
[2.282s] -- Installing: /home/rokey/cobot_ws/install/dsr_description2/share/dsr_description2/xacro/macro.p3020.blue.xacro
[2.282s] -- Installing: /home/rokey/cobot_ws/install/dsr_description2/share/dsr_description2/xacro/macro.h2017.white.xacro
[2.282s] -- Installing: /home/rokey/cobot_ws/install/dsr_description2/share/dsr_description2/xacro/macro.m1509.white.xacro
[2.282s] -- Installing: /home/rokey/cobot_ws/install/dsr_description2/share/dsr_description2/xacro/robotiq_2f85.xacro
[2.283s] -- Installing: /home/rokey/cobot_ws/install/dsr_description2/share/dsr_description2/xacro/macro.p3020.white.xacro
[2.283s] -- Installing: /home/rokey/cobot_ws/install/dsr_description2/share/dsr_description2/xacro/macro.a0509.white.xacro
[2.283s] -- Installing: /home/rokey/cobot_ws/install/dsr_description2/share/dsr_description2/xacro/h2017.urdf.xacro
[2.284s] -- Installing: /home/rokey/cobot_ws/install/dsr_description2/share/dsr_description2/xacro/a0509.urdf.xacro
[2.284s] -- Installing: /home/rokey/cobot_ws/install/dsr_description2/share/dsr_description2/xacro/h2515.urdf.xacro
[2.284s] -- Installing: /home/rokey/cobot_ws/install/dsr_description2/share/dsr_description2/xacro/macro.a0509.blue.xacro
[2.285s] -- Installing: /home/rokey/cobot_ws/install/dsr_description2/share/dsr_description2/xacro/m1013.urdf.xacro
[2.285s] -- Installing: /home/rokey/cobot_ws/install/dsr_description2/share/dsr_description2/xacro/macro.h2515.blue.xacro
[2.285s] -- Installing: /home/rokey/cobot_ws/install/dsr_description2/share/dsr_description2/xacro/macro.e0509.white.xacro
[2.285s] -- Installing: /home/rokey/cobot_ws/install/dsr_description2/share/dsr_description2/xacro/m0617.urdf.xacro
[2.286s] -- Installing: /home/rokey/cobot_ws/install/dsr_description2/share/dsr_description2/xacro/p3020.urdf.xacro
[2.286s] -- Installing: /home/rokey/cobot_ws/install/dsr_description2/share/dsr_description2/xacro/macro.h2017.blue.xacro
[2.286s] -- Installing: /home/rokey/cobot_ws/install/dsr_description2/share/dsr_description2/xacro/macro.a0912.white.xacro
[2.287s] -- Installing: /home/rokey/cobot_ws/install/dsr_description2/share/dsr_description2/xacro/macro.m0609.white.xacro
[2.287s] -- Installing: /home/rokey/cobot_ws/install/dsr_description2/share/dsr_description2/xacro/macro.m1013.blue.xacro
[2.287s] -- Installing: /home/rokey/cobot_ws/install/dsr_description2/share/dsr_description2/xacro/macro.m0609.blue.xacro
[2.287s] -- Installing: /home/rokey/cobot_ws/install/dsr_description2/share/dsr_description2/xacro/macro.m1509.blue.xacro
[2.288s] -- Installing: /home/rokey/cobot_ws/install/dsr_description2/share/dsr_description2/xacro/m1509.urdf.xacro
[2.288s] -- Installing: /home/rokey/cobot_ws/install/dsr_description2/share/dsr_description2/xacro/a0912.urdf.xacro
[2.288s] -- Installing: /home/rokey/cobot_ws/install/dsr_description2/share/dsr_description2/config
[2.288s] -- Installing: /home/rokey/cobot_ws/install/dsr_description2/share/dsr_description2/config/macro.wheel.xacro
[2.289s] -- Installing: /home/rokey/cobot_ws/install/dsr_description2/share/dsr_description2/config/macro.gazebo.xacro
[2.289s] -- Installing: /home/rokey/cobot_ws/install/dsr_description2/share/dsr_description2/config/macro.materials.xacro
[2.289s] -- Installing: /home/rokey/cobot_ws/install/dsr_description2/share/dsr_description2/config/macro.gazebo.p3020.xacro
[2.289s] -- Installing: /home/rokey/cobot_ws/install/dsr_description2/share/dsr_description2/config/macro.decorations.xacro
[2.290s] -- Installing: /home/rokey/cobot_ws/install/dsr_description2/share/dsr_description2/config/macro.transmission.xacro
[2.290s] -- Installing: /home/rokey/cobot_ws/install/dsr_description2/share/dsr_description2/ros2_control
[2.290s] -- Installing: /home/rokey/cobot_ws/install/dsr_description2/share/dsr_description2/ros2_control/a0912.mj_ros2_control.xacro
[2.290s] -- Installing: /home/rokey/cobot_ws/install/dsr_description2/share/dsr_description2/ros2_control/m1013.ros2_control.xacro
[2.291s] -- Installing: /home/rokey/cobot_ws/install/dsr_description2/share/dsr_description2/ros2_control/p3020.ros2_control.xacro
[2.291s] -- Installing: /home/rokey/cobot_ws/install/dsr_description2/share/dsr_description2/ros2_control/m0609.ros2_control.xacro
[2.292s] -- Installing: /home/rokey/cobot_ws/install/dsr_description2/share/dsr_description2/ros2_control/m0609.gz_ros2_control.xacro
[2.292s] -- Installing: /home/rokey/cobot_ws/install/dsr_description2/share/dsr_description2/ros2_control/h2515.ros2_control.xacro
[2.292s] -- Installing: /home/rokey/cobot_ws/install/dsr_description2/share/dsr_description2/ros2_control/m1509.gz_ros2_control.xacro
[2.293s] -- Installing: /home/rokey/cobot_ws/install/dsr_description2/share/dsr_description2/ros2_control/m0609.mj_ros2_control.xacro
[2.293s] -- Installing: /home/rokey/cobot_ws/install/dsr_description2/share/dsr_description2/ros2_control/a0912.gz_ros2_control.xacro
[2.294s] -- Installing: /home/rokey/cobot_ws/install/dsr_description2/share/dsr_description2/ros2_control/robotiq_2f85.mj_ros2_control.xacro
[2.294s] -- Installing: /home/rokey/cobot_ws/install/dsr_description2/share/dsr_description2/ros2_control/m1509.ros2_control.xacro
[2.295s] -- Installing: /home/rokey/cobot_ws/install/dsr_description2/share/dsr_description2/ros2_control/h2515.mj_ros2_control.xacro
[2.295s] -- Installing: /home/rokey/cobot_ws/install/dsr_description2/share/dsr_description2/ros2_control/a0509.gz_ros2_control.xacro
[2.296s] -- Installing: /home/rokey/cobot_ws/install/dsr_description2/share/dsr_description2/ros2_control/a0912.ros2_control.xacro
[2.296s] -- Installing: /home/rokey/cobot_ws/install/dsr_description2/share/dsr_description2/ros2_control/e0509.ros2_control.xacro
[2.297s] -- Installing: /home/rokey/cobot_ws/install/dsr_description2/share/dsr_description2/ros2_control/a0509.ros2_control.xacro
[2.297s] -- Installing: /home/rokey/cobot_ws/install/dsr_description2/share/dsr_description2/ros2_control/a0509.mj_ros2_control.xacro
[2.297s] -- Installing: /home/rokey/cobot_ws/install/dsr_description2/share/dsr_description2/ros2_control/m1013.gz_ros2_control.xacro
[2.298s] -- Installing: /home/rokey/cobot_ws/install/dsr_description2/share/dsr_description2/ros2_control/m0617.mj_ros2_control.xacro
[2.299s] -- Installing: /home/rokey/cobot_ws/install/dsr_description2/share/dsr_description2/ros2_control/h2017.ros2_control.xacro
[2.300s] -- Installing: /home/rokey/cobot_ws/install/dsr_description2/share/dsr_description2/ros2_control/h2017.gz_ros2_control.xacro
[2.301s] -- Installing: /home/rokey/cobot_ws/install/dsr_description2/share/dsr_description2/ros2_control/h2017.mj_ros2_control.xacro
[2.301s] -- Installing: /home/rokey/cobot_ws/install/dsr_description2/share/dsr_description2/ros2_control/m0617.gz_ros2_control.xacro
[2.302s] -- Installing: /home/rokey/cobot_ws/install/dsr_description2/share/dsr_description2/ros2_control/p3020.gz_ros2_control.xacro
[2.303s] -- Installing: /home/rokey/cobot_ws/install/dsr_description2/share/dsr_description2/ros2_control/h2515.gz_ros2_control.xacro
[2.304s] -- Installing: /home/rokey/cobot_ws/install/dsr_description2/share/dsr_description2/ros2_control/m0617.ros2_control.xacro
[2.306s] -- Installing: /home/rokey/cobot_ws/install/dsr_description2/share/dsr_description2/ros2_control/m1509.mj_ros2_control.xacro
[2.306s] -- Installing: /home/rokey/cobot_ws/install/dsr_description2/share/dsr_description2/ros2_control/e0509.mj_ros2_control.xacro
[2.307s] -- Installing: /home/rokey/cobot_ws/install/dsr_description2/share/dsr_description2/ros2_control/e0509.gz_ros2_control.xacro
[2.309s] -- Installing: /home/rokey/cobot_ws/install/dsr_description2/share/dsr_description2/ros2_control/m1013.mj_ros2_control.xacro
[2.310s] -- Installing: /home/rokey/cobot_ws/install/dsr_description2/share/dsr_description2/mujoco_models
[2.311s] -- Installing: /home/rokey/cobot_ws/install/dsr_description2/share/dsr_description2/mujoco_models/a0912
[2.311s] -- Installing: /home/rokey/cobot_ws/install/dsr_description2/share/dsr_description2/mujoco_models/a0912/a0912.xml
[2.311s] -- Installing: /home/rokey/cobot_ws/install/dsr_description2/share/dsr_description2/mujoco_models/a0912/scene.xml
[2.315s] -- Installing: /home/rokey/cobot_ws/install/dsr_description2/share/dsr_description2/mujoco_models/a0912/assets
[2.315s] -- Installing: /home/rokey/cobot_ws/install/dsr_description2/share/dsr_description2/mujoco_models/a0912/assets/A0912_0_0.stl
[2.315s] -- Installing: /home/rokey/cobot_ws/install/dsr_description2/share/dsr_description2/mujoco_models/a0912/assets/A0912_2_0.stl
[2.317s] -- Installing: /home/rokey/cobot_ws/install/dsr_description2/share/dsr_description2/mujoco_models/a0912/assets/A0912_2_1.stl
[2.321s] -- Installing: /home/rokey/cobot_ws/install/dsr_description2/share/dsr_description2/mujoco_models/a0912/assets/A0912_1_0.stl
[2.324s] -- Installing: /home/rokey/cobot_ws/install/dsr_description2/share/dsr_description2/mujoco_models/a0912/assets/A0912_6_0.stl
[2.326s] -- Installing: /home/rokey/cobot_ws/install/dsr_description2/share/dsr_description2/mujoco_models/a0912/assets/A0912_3_1.stl
[2.328s] -- Installing: /home/rokey/cobot_ws/install/dsr_description2/share/dsr_description2/mujoco_models/a0912/assets/A0912_4_0.stl
[2.330s] -- Installing: /home/rokey/cobot_ws/install/dsr_description2/share/dsr_description2/mujoco_models/a0912/assets/A0912_1_1.stl
[2.332s] -- Installing: /home/rokey/cobot_ws/install/dsr_description2/share/dsr_description2/mujoco_models/a0912/assets/A0912_3_0.stl
[2.337s] -- Installing: /home/rokey/cobot_ws/install/dsr_description2/share/dsr_description2/mujoco_models/a0912/assets/A0912_4_1.stl
[2.338s] -- Installing: /home/rokey/cobot_ws/install/dsr_description2/share/dsr_description2/mujoco_models/a0912/assets/A0912_5_1.stl
[2.344s] -- Installing: /home/rokey/cobot_ws/install/dsr_description2/share/dsr_description2/mujoco_models/a0912/assets/A0912_1_2.stl
[2.345s] -- Installing: /home/rokey/cobot_ws/install/dsr_description2/share/dsr_description2/mujoco_models/a0912/assets/A0912_2_2.stl
[2.346s] -- Installing: /home/rokey/cobot_ws/install/dsr_description2/share/dsr_description2/mujoco_models/a0912/assets/A0912_5_0.stl
[2.349s] -- Installing: /home/rokey/cobot_ws/install/dsr_description2/share/dsr_description2/mujoco_models/demo
[2.349s] -- Installing: /home/rokey/cobot_ws/install/dsr_description2/share/dsr_description2/mujoco_models/demo/slope_demo_scene.xml
[2.350s] -- Installing: /home/rokey/cobot_ws/install/dsr_description2/share/dsr_description2/mujoco_models/demo/assets
[2.350s] -- Installing: /home/rokey/cobot_ws/install/dsr_description2/share/dsr_description2/mujoco_models/demo/assets/stopper.stl
[2.353s] -- Installing: /home/rokey/cobot_ws/install/dsr_description2/share/dsr_description2/mujoco_models/demo/assets/storage_box.stl
[2.355s] -- Installing: /home/rokey/cobot_ws/install/dsr_description2/share/dsr_description2/mujoco_models/demo/assets/bottom_fence_left.stl
[2.356s] -- Installing: /home/rokey/cobot_ws/install/dsr_description2/share/dsr_description2/mujoco_models/demo/assets/bottom_fence_right.stl
[2.356s] -- Installing: /home/rokey/cobot_ws/install/dsr_description2/share/dsr_description2/mujoco_models/demo/assets/stopper_left.stl
[2.357s] -- Installing: /home/rokey/cobot_ws/install/dsr_description2/share/dsr_description2/mujoco_models/demo/assets/top_slope.stl
[2.358s] -- Installing: /home/rokey/cobot_ws/install/dsr_description2/share/dsr_description2/mujoco_models/demo/assets/bottom_slope.stl
[2.358s] -- Installing: /home/rokey/cobot_ws/install/dsr_description2/share/dsr_description2/mujoco_models/demo/assets/left_fence.stl
[2.358s] -- Installing: /home/rokey/cobot_ws/install/dsr_description2/share/dsr_description2/mujoco_models/demo/assets/bottom_support_right.stl
[2.359s] -- Installing: /home/rokey/cobot_ws/install/dsr_description2/share/dsr_description2/mujoco_models/demo/assets/top_fence_left.stl
[2.359s] -- Installing: /home/rokey/cobot_ws/install/dsr_description2/share/dsr_description2/mujoco_models/demo/assets/top_fence_right.stl
[2.360s] -- Installing: /home/rokey/cobot_ws/install/dsr_description2/share/dsr_description2/mujoco_models/demo/assets/bottom_support_left.stl
[2.361s] -- Installing: /home/rokey/cobot_ws/install/dsr_description2/share/dsr_description2/mujoco_models/demo/assets/stopper_right.stl
[2.362s] -- Installing: /home/rokey/cobot_ws/install/dsr_description2/share/dsr_description2/mujoco_models/m0617
[2.362s] -- Installing: /home/rokey/cobot_ws/install/dsr_description2/share/dsr_description2/mujoco_models/m0617/m0617.xml
[2.362s] -- Installing: /home/rokey/cobot_ws/install/dsr_description2/share/dsr_description2/mujoco_models/m0617/scene.xml
[2.362s] -- Installing: /home/rokey/cobot_ws/install/dsr_description2/share/dsr_description2/mujoco_models/m0617/assets
[2.362s] -- Installing: /home/rokey/cobot_ws/install/dsr_description2/share/dsr_description2/mujoco_models/m0617/assets/MF0617_2_0.stl
[2.363s] -- Installing: /home/rokey/cobot_ws/install/dsr_description2/share/dsr_description2/mujoco_models/m0617/assets/MF0617_2_2.stl
[2.364s] -- Installing: /home/rokey/cobot_ws/install/dsr_description2/share/dsr_description2/mujoco_models/m0617/assets/MF0617_0_0.stl
[2.366s] -- Installing: /home/rokey/cobot_ws/install/dsr_description2/share/dsr_description2/mujoco_models/m0617/assets/MF0617_4_0.stl
[2.366s] -- Installing: /home/rokey/cobot_ws/install/dsr_description2/share/dsr_description2/mujoco_models/m0617/assets/MF0617_1_0.stl
[2.367s] -- Installing: /home/rokey/cobot_ws/install/dsr_description2/share/dsr_description2/mujoco_models/m0617/assets/MF0617_5_0.stl
[2.368s] -- Installing: /home/rokey/cobot_ws/install/dsr_description2/share/dsr_description2/mujoco_models/m0617/assets/MF0617_6_0.stl
[2.369s] -- Installing: /home/rokey/cobot_ws/install/dsr_description2/share/dsr_description2/mujoco_models/m0617/assets/MF0617_2_1.stl
[2.372s] -- Installing: /home/rokey/cobot_ws/install/dsr_description2/share/dsr_description2/mujoco_models/m0617/assets/MF0617_3_0.stl
[2.373s] -- Installing: /home/rokey/cobot_ws/install/dsr_description2/share/dsr_description2/mujoco_models/m0617/assets/MF0617_4_1.stl
[2.375s] -- Installing: /home/rokey/cobot_ws/install/dsr_description2/share/dsr_description2/mujoco_models/2f85
[2.375s] -- Installing: /home/rokey/cobot_ws/install/dsr_description2/share/dsr_description2/mujoco_models/2f85/LICENSE
[2.376s] -- Installing: /home/rokey/cobot_ws/install/dsr_description2/share/dsr_description2/mujoco_models/2f85/README.md
[2.376s] -- Installing: /home/rokey/cobot_ws/install/dsr_description2/share/dsr_description2/mujoco_models/2f85/2f85.xml
[2.376s] -- Installing: /home/rokey/cobot_ws/install/dsr_description2/share/dsr_description2/mujoco_models/2f85/scene.xml
[2.377s] -- Installing: /home/rokey/cobot_ws/install/dsr_description2/share/dsr_description2/mujoco_models/2f85/assets
[2.377s] -- Installing: /home/rokey/cobot_ws/install/dsr_description2/share/dsr_description2/mujoco_models/2f85/assets/silicone_pad.stl
[2.377s] -- Installing: /home/rokey/cobot_ws/install/dsr_description2/share/dsr_description2/mujoco_models/2f85/assets/base_mount.stl
[2.380s] -- Installing: /home/rokey/cobot_ws/install/dsr_description2/share/dsr_description2/mujoco_models/2f85/assets/follower.stl
[2.382s] -- Installing: /home/rokey/cobot_ws/install/dsr_description2/share/dsr_description2/mujoco_models/2f85/assets/coupler.stl
[2.382s] -- Installing: /home/rokey/cobot_ws/install/dsr_description2/share/dsr_description2/mujoco_models/2f85/assets/spring_link.stl
[2.383s] -- Installing: /home/rokey/cobot_ws/install/dsr_description2/share/dsr_description2/mujoco_models/2f85/assets/pad.stl
[2.384s] -- Installing: /home/rokey/cobot_ws/install/dsr_description2/share/dsr_description2/mujoco_models/2f85/assets/base.stl
[2.389s] -- Installing: /home/rokey/cobot_ws/install/dsr_description2/share/dsr_description2/mujoco_models/2f85/assets/driver.stl
[2.390s] -- Installing: /home/rokey/cobot_ws/install/dsr_description2/share/dsr_description2/mujoco_models/h2017
[2.392s] -- Installing: /home/rokey/cobot_ws/install/dsr_description2/share/dsr_description2/mujoco_models/h2017/h2017.xml
[2.392s] -- Installing: /home/rokey/cobot_ws/install/dsr_description2/share/dsr_description2/mujoco_models/h2017/scene.xml
[2.392s] -- Installing: /home/rokey/cobot_ws/install/dsr_description2/share/dsr_description2/mujoco_models/h2017/assets
[2.393s] -- Installing: /home/rokey/cobot_ws/install/dsr_description2/share/dsr_description2/mujoco_models/h2017/assets/H2017_3_0.stl
[2.393s] -- Installing: /home/rokey/cobot_ws/install/dsr_description2/share/dsr_description2/mujoco_models/h2017/assets/H2017_2_0.stl
[2.394s] -- Installing: /home/rokey/cobot_ws/install/dsr_description2/share/dsr_description2/mujoco_models/h2017/assets/H2017_5_0.stl
[2.395s] -- Installing: /home/rokey/cobot_ws/install/dsr_description2/share/dsr_description2/mujoco_models/h2017/assets/H2017_2_2.stl
[2.397s] -- Installing: /home/rokey/cobot_ws/install/dsr_description2/share/dsr_description2/mujoco_models/h2017/assets/H2017_6_0.stl
[2.398s] -- Installing: /home/rokey/cobot_ws/install/dsr_description2/share/dsr_description2/mujoco_models/h2017/assets/H2017_4_0.stl
[2.398s] -- Installing: /home/rokey/cobot_ws/install/dsr_description2/share/dsr_description2/mujoco_models/h2017/assets/H2017_4_1.stl
[2.400s] -- Installing: /home/rokey/cobot_ws/install/dsr_description2/share/dsr_description2/mujoco_models/h2017/assets/H2017_2_1.stl
[2.403s] -- Installing: /home/rokey/cobot_ws/install/dsr_description2/share/dsr_description2/mujoco_models/h2017/assets/H2017_1_0.stl
[2.404s] -- Installing: /home/rokey/cobot_ws/install/dsr_description2/share/dsr_description2/mujoco_models/h2017/assets/H2017_0_0.stl
[2.405s] -- Installing: /home/rokey/cobot_ws/install/dsr_description2/share/dsr_description2/mujoco_models/m0609
[2.406s] -- Installing: /home/rokey/cobot_ws/install/dsr_description2/share/dsr_description2/mujoco_models/m0609/m0609.xml
[2.406s] -- Installing: /home/rokey/cobot_ws/install/dsr_description2/share/dsr_description2/mujoco_models/m0609/scene.xml
[2.406s] -- Installing: /home/rokey/cobot_ws/install/dsr_description2/share/dsr_description2/mujoco_models/m0609/assets
[2.406s] -- Installing: /home/rokey/cobot_ws/install/dsr_description2/share/dsr_description2/mujoco_models/m0609/assets/MF0609_1_0.stl
[2.407s] -- Installing: /home/rokey/cobot_ws/install/dsr_description2/share/dsr_description2/mujoco_models/m0609/assets/MF0609_4_1.stl
[2.407s] -- Installing: /home/rokey/cobot_ws/install/dsr_description2/share/dsr_description2/mujoco_models/m0609/assets/MF0609_2_0.stl
[2.409s] -- Installing: /home/rokey/cobot_ws/install/dsr_description2/share/dsr_description2/mujoco_models/m0609/assets/MF0609_2_2.stl
[2.411s] -- Installing: /home/rokey/cobot_ws/install/dsr_description2/share/dsr_description2/mujoco_models/m0609/assets/MF0609_0_0.stl
[2.413s] -- Installing: /home/rokey/cobot_ws/install/dsr_description2/share/dsr_description2/mujoco_models/m0609/assets/MF0609_4_0.stl
[2.414s] -- Installing: /home/rokey/cobot_ws/install/dsr_description2/share/dsr_description2/mujoco_models/m0609/assets/MF0609_2_1.stl
[2.418s] -- Installing: /home/rokey/cobot_ws/install/dsr_description2/share/dsr_description2/mujoco_models/m0609/assets/MF0609_3_0.stl
[2.419s] -- Installing: /home/rokey/cobot_ws/install/dsr_description2/share/dsr_description2/mujoco_models/m0609/assets/MF0609_5_0.stl
[2.419s] -- Installing: /home/rokey/cobot_ws/install/dsr_description2/share/dsr_description2/mujoco_models/m0609/assets/MF0609_6_0.stl
[2.420s] -- Installing: /home/rokey/cobot_ws/install/dsr_description2/share/dsr_description2/mujoco_models/m1509
[2.420s] -- Installing: /home/rokey/cobot_ws/install/dsr_description2/share/dsr_description2/mujoco_models/m1509/scene.xml
[2.421s] -- Installing: /home/rokey/cobot_ws/install/dsr_description2/share/dsr_description2/mujoco_models/m1509/m1509.xml
[2.421s] -- Installing: /home/rokey/cobot_ws/install/dsr_description2/share/dsr_description2/mujoco_models/m1509/assets
[2.421s] -- Installing: /home/rokey/cobot_ws/install/dsr_description2/share/dsr_description2/mujoco_models/m1509/assets/MF1509_2_1.stl
[2.431s] -- Installing: /home/rokey/cobot_ws/install/dsr_description2/share/dsr_description2/mujoco_models/m1509/assets/MF1509_3_0.stl
[2.432s] -- Installing: /home/rokey/cobot_ws/install/dsr_description2/share/dsr_description2/mujoco_models/m1509/assets/MF1509_6_0.stl
[2.432s] -- Installing: /home/rokey/cobot_ws/install/dsr_description2/share/dsr_description2/mujoco_models/m1509/assets/MF1509_1_0.stl
[2.438s] -- Installing: /home/rokey/cobot_ws/install/dsr_description2/share/dsr_description2/mujoco_models/m1509/assets/MF1509_0_0.stl
[2.438s] -- Installing: /home/rokey/cobot_ws/install/dsr_description2/share/dsr_description2/mujoco_models/m1509/assets/MF1509_2_2.stl
[2.439s] -- Installing: /home/rokey/cobot_ws/install/dsr_description2/share/dsr_description2/mujoco_models/m1509/assets/MF1509_5_0.stl
[2.441s] -- Installing: /home/rokey/cobot_ws/install/dsr_description2/share/dsr_description2/mujoco_models/m1509/assets/MF1509_4_1.stl
[2.442s] -- Installing: /home/rokey/cobot_ws/install/dsr_description2/share/dsr_description2/mujoco_models/m1509/assets/MF1509_4_0.stl
[2.443s] -- Installing: /home/rokey/cobot_ws/install/dsr_description2/share/dsr_description2/mujoco_models/m1509/assets/MF1509_2_0.stl
[2.444s] -- Installing: /home/rokey/cobot_ws/install/dsr_description2/share/dsr_description2/mujoco_models/e0509
[2.444s] -- Installing: /home/rokey/cobot_ws/install/dsr_description2/share/dsr_description2/mujoco_models/e0509/e0509.xml
[2.445s] -- Installing: /home/rokey/cobot_ws/install/dsr_description2/share/dsr_description2/mujoco_models/e0509/scene.xml
[2.445s] -- Installing: /home/rokey/cobot_ws/install/dsr_description2/share/dsr_description2/mujoco_models/e0509/assets
[2.446s] -- Installing: /home/rokey/cobot_ws/install/dsr_description2/share/dsr_description2/mujoco_models/e0509/assets/E0509_1_1.stl
[2.447s] -- Installing: /home/rokey/cobot_ws/install/dsr_description2/share/dsr_description2/mujoco_models/e0509/assets/E0509_4_1.stl
[2.449s] -- Installing: /home/rokey/cobot_ws/install/dsr_description2/share/dsr_description2/mujoco_models/e0509/assets/E0509_1_3.stl
[2.451s] -- Installing: /home/rokey/cobot_ws/install/dsr_description2/share/dsr_description2/mujoco_models/e0509/assets/E0509_2_1.stl
[2.453s] -- Installing: /home/rokey/cobot_ws/install/dsr_description2/share/dsr_description2/mujoco_models/e0509/assets/E0509_3_1.stl
[2.455s] -- Installing: /home/rokey/cobot_ws/install/dsr_description2/share/dsr_description2/mujoco_models/e0509/assets/E0509_2_2.stl
[2.456s] -- Installing: /home/rokey/cobot_ws/install/dsr_description2/share/dsr_description2/mujoco_models/e0509/assets/E0509_4_2.stl
[2.457s] -- Installing: /home/rokey/cobot_ws/install/dsr_description2/share/dsr_description2/mujoco_models/e0509/assets/E0509_5_1.stl
[2.460s] -- Installing: /home/rokey/cobot_ws/install/dsr_description2/share/dsr_description2/mujoco_models/e0509/assets/E0509_6_1.stl
[2.461s] -- Installing: /home/rokey/cobot_ws/install/dsr_description2/share/dsr_description2/mujoco_models/e0509/assets/E0509_1_2.stl
[2.463s] -- Installing: /home/rokey/cobot_ws/install/dsr_description2/share/dsr_description2/mujoco_models/e0509/assets/E0509_5_2.stl
[2.464s] -- Installing: /home/rokey/cobot_ws/install/dsr_description2/share/dsr_description2/mujoco_models/e0509/assets/E0509_1_4.stl
[2.465s] -- Installing: /home/rokey/cobot_ws/install/dsr_description2/share/dsr_description2/mujoco_models/e0509/assets/E0509_3_2.stl
[2.465s] -- Installing: /home/rokey/cobot_ws/install/dsr_description2/share/dsr_description2/mujoco_models/e0509/assets/E0509_0_0.stl
[2.467s] -- Installing: /home/rokey/cobot_ws/install/dsr_description2/share/dsr_description2/mujoco_models/m1013
[2.468s] -- Installing: /home/rokey/cobot_ws/install/dsr_description2/share/dsr_description2/mujoco_models/m1013/scene.xml
[2.468s] -- Installing: /home/rokey/cobot_ws/install/dsr_description2/share/dsr_description2/mujoco_models/m1013/assets
[2.469s] -- Installing: /home/rokey/cobot_ws/install/dsr_description2/share/dsr_description2/mujoco_models/m1013/assets/MF1013_1_0.stl
[2.470s] -- Installing: /home/rokey/cobot_ws/install/dsr_description2/share/dsr_description2/mujoco_models/m1013/assets/MF1013_4_0.stl
[2.472s] -- Installing: /home/rokey/cobot_ws/install/dsr_description2/share/dsr_description2/mujoco_models/m1013/assets/MF1013_5_0.stl
[2.473s] -- Installing: /home/rokey/cobot_ws/install/dsr_description2/share/dsr_description2/mujoco_models/m1013/assets/MF1013_6_0.stl
[2.475s] -- Installing: /home/rokey/cobot_ws/install/dsr_description2/share/dsr_description2/mujoco_models/m1013/assets/MF1013_2_1.stl
[2.478s] -- Installing: /home/rokey/cobot_ws/install/dsr_description2/share/dsr_description2/mujoco_models/m1013/assets/MF1013_2_0.stl
[2.480s] -- Installing: /home/rokey/cobot_ws/install/dsr_description2/share/dsr_description2/mujoco_models/m1013/assets/MF1013_3_0.stl
[2.481s] -- Installing: /home/rokey/cobot_ws/install/dsr_description2/share/dsr_description2/mujoco_models/m1013/assets/MF1013_4_1.stl
[2.482s] -- Installing: /home/rokey/cobot_ws/install/dsr_description2/share/dsr_description2/mujoco_models/m1013/assets/MF1013_2_2.stl
[2.483s] -- Installing: /home/rokey/cobot_ws/install/dsr_description2/share/dsr_description2/mujoco_models/m1013/assets/MF1013_0_0.stl
[2.486s] -- Installing: /home/rokey/cobot_ws/install/dsr_description2/share/dsr_description2/mujoco_models/m1013/m1013.xml
[2.486s] -- Installing: /home/rokey/cobot_ws/install/dsr_description2/share/dsr_description2/mujoco_models/h2515
[2.486s] -- Installing: /home/rokey/cobot_ws/install/dsr_description2/share/dsr_description2/mujoco_models/h2515/h2515.xml
[2.491s] -- Installing: /home/rokey/cobot_ws/install/dsr_description2/share/dsr_description2/mujoco_models/h2515/scene.xml
[2.491s] -- Installing: /home/rokey/cobot_ws/install/dsr_description2/share/dsr_description2/mujoco_models/h2515/assets
[2.491s] -- Installing: /home/rokey/cobot_ws/install/dsr_description2/share/dsr_description2/mujoco_models/h2515/assets/H2515_0_0.stl
[2.493s] -- Installing: /home/rokey/cobot_ws/install/dsr_description2/share/dsr_description2/mujoco_models/h2515/assets/H2515_1_0.stl
[2.494s] -- Installing: /home/rokey/cobot_ws/install/dsr_description2/share/dsr_description2/mujoco_models/h2515/assets/H2515_4_0.stl
[2.496s] -- Installing: /home/rokey/cobot_ws/install/dsr_description2/share/dsr_description2/mujoco_models/h2515/assets/H2515_5_0.stl
[2.501s] -- Installing: /home/rokey/cobot_ws/install/dsr_description2/share/dsr_description2/mujoco_models/h2515/assets/H2515_3_0.stl
[2.502s] -- Installing: /home/rokey/cobot_ws/install/dsr_description2/share/dsr_description2/mujoco_models/h2515/assets/H2515_4_1.stl
[2.505s] -- Installing: /home/rokey/cobot_ws/install/dsr_description2/share/dsr_description2/mujoco_models/h2515/assets/H2515_2_2.stl
[2.506s] -- Installing: /home/rokey/cobot_ws/install/dsr_description2/share/dsr_description2/mujoco_models/h2515/assets/H2515_2_1.stl
[2.510s] -- Installing: /home/rokey/cobot_ws/install/dsr_description2/share/dsr_description2/mujoco_models/h2515/assets/H2515_6_0.stl
[2.511s] -- Installing: /home/rokey/cobot_ws/install/dsr_description2/share/dsr_description2/mujoco_models/h2515/assets/H2515_2_0.stl
[2.513s] -- Installing: /home/rokey/cobot_ws/install/dsr_description2/share/dsr_description2/mujoco_models/a0509
[2.513s] -- Installing: /home/rokey/cobot_ws/install/dsr_description2/share/dsr_description2/mujoco_models/a0509/a0509.xml
[2.514s] -- Installing: /home/rokey/cobot_ws/install/dsr_description2/share/dsr_description2/mujoco_models/a0509/scene.xml
[2.515s] -- Installing: /home/rokey/cobot_ws/install/dsr_description2/share/dsr_description2/mujoco_models/a0509/assets
[2.516s] -- Installing: /home/rokey/cobot_ws/install/dsr_description2/share/dsr_description2/mujoco_models/a0509/assets/A0509_5_1.stl
[2.518s] -- Installing: /home/rokey/cobot_ws/install/dsr_description2/share/dsr_description2/mujoco_models/a0509/assets/A0509_3_0.stl
[2.519s] -- Installing: /home/rokey/cobot_ws/install/dsr_description2/share/dsr_description2/mujoco_models/a0509/assets/A0509_0_0.stl
[2.520s] -- Installing: /home/rokey/cobot_ws/install/dsr_description2/share/dsr_description2/mujoco_models/a0509/assets/A0509_3_1.stl
[2.522s] -- Installing: /home/rokey/cobot_ws/install/dsr_description2/share/dsr_description2/mujoco_models/a0509/assets/A0509_1_2.stl
[2.523s] -- Installing: /home/rokey/cobot_ws/install/dsr_description2/share/dsr_description2/mujoco_models/a0509/assets/A0509_2_0.stl
[2.525s] -- Installing: /home/rokey/cobot_ws/install/dsr_description2/share/dsr_description2/mujoco_models/a0509/assets/A0509_1_1.stl
[2.527s] -- Installing: /home/rokey/cobot_ws/install/dsr_description2/share/dsr_description2/mujoco_models/a0509/assets/A0509_6_0.stl
[2.528s] -- Installing: /home/rokey/cobot_ws/install/dsr_description2/share/dsr_description2/mujoco_models/a0509/assets/A0509_2_2.stl
[2.530s] -- Installing: /home/rokey/cobot_ws/install/dsr_description2/share/dsr_description2/mujoco_models/a0509/assets/A0509_1_0.stl
[2.533s] -- Installing: /home/rokey/cobot_ws/install/dsr_description2/share/dsr_description2/mujoco_models/a0509/assets/A0509_2_1.stl
[2.536s] -- Installing: /home/rokey/cobot_ws/install/dsr_description2/share/dsr_description2/mujoco_models/a0509/assets/A0509_4_0.stl
[2.540s] -- Installing: /home/rokey/cobot_ws/install/dsr_description2/share/dsr_description2/mujoco_models/a0509/assets/A0509_4_1.stl
[2.540s] -- Installing: /home/rokey/cobot_ws/install/dsr_description2/share/dsr_description2/mujoco_models/a0509/assets/A0509_5_0.stl
[2.541s] -- Installing: /home/rokey/cobot_ws/install/dsr_description2/share/dsr_description2/launch
[2.542s] -- Installing: /home/rokey/cobot_ws/install/dsr_description2/share/dsr_description2/launch/dsr_description.launch.py
[2.543s] -- Installing: /home/rokey/cobot_ws/install/dsr_description2/share/dsr_description2/rviz
[2.544s] -- Installing: /home/rokey/cobot_ws/install/dsr_description2/share/dsr_description2/rviz/moveit.rviz
[2.546s] -- Installing: /home/rokey/cobot_ws/install/dsr_description2/share/dsr_description2/rviz/default.rviz
[2.561s] Invoked command in '/home/rokey/cobot_ws/build/dsr_description2' returned '0': CMAKE_PREFIX_PATH=/opt/ros/humble /usr/bin/cmake --install /home/rokey/cobot_ws/build/dsr_description2
