[1.640s] Invoking command in '/home/rokey/cobot_ws/build/cobot1': PYTHONPATH=/home/rokey/cobot_ws/build/cobot1/prefix_override:/usr/lib/python3/dist-packages/colcon_core/task/python/colcon_distutils_commands:/home/rokey/cobot_ws/install/cobot1/lib/python3.10/site-packages:${PYTHONPATH} /usr/bin/python3 -W ignore:setup.py install is deprecated -W ignore:easy_install command is deprecated setup.py develop --uninstall --editable --build-directory /home/rokey/cobot_ws/build/cobot1/build
[2.274s] running develop
[2.671s] Removing /home/rokey/cobot_ws/install/cobot1/lib/python3.10/site-packages/cobot1.egg-link (link to .)
[2.737s] Invoked command in '/home/rokey/cobot_ws/build/cobot1' returned '0': PYTHONPATH=/home/rokey/cobot_ws/build/cobot1/prefix_override:/usr/lib/python3/dist-packages/colcon_core/task/python/colcon_distutils_commands:/home/rokey/cobot_ws/install/cobot1/lib/python3.10/site-packages:${PYTHONPATH} /usr/bin/python3 -W ignore:setup.py install is deprecated -W ignore:easy_install command is deprecated setup.py develop --uninstall --editable --build-directory /home/rokey/cobot_ws/build/cobot1/build
[2.747s] Invoking command in '/home/rokey/cobot_ws/src/cobot1': PYTHONPATH=/home/rokey/cobot_ws/build/cobot1/prefix_override:/usr/lib/python3/dist-packages/colcon_core/task/python/colcon_distutils_commands:/home/rokey/cobot_ws/install/cobot1/lib/python3.10/site-packages:${PYTHONPATH} /usr/bin/python3 -W ignore:setup.py install is deprecated -W ignore:easy_install command is deprecated setup.py egg_info --egg-base ../../build/cobot1 build --build-base /home/rokey/cobot_ws/build/cobot1/build install --record /home/rokey/cobot_ws/build/cobot1/install.log --single-version-externally-managed install_data --force
[3.364s] running egg_info
[3.365s] writing ../../build/cobot1/cobot1.egg-info/PKG-INFO
[3.365s] writing dependency_links to ../../build/cobot1/cobot1.egg-info/dependency_links.txt
[3.366s] writing entry points to ../../build/cobot1/cobot1.egg-info/entry_points.txt
[3.366s] writing requirements to ../../build/cobot1/cobot1.egg-info/requires.txt
[3.366s] writing top-level names to ../../build/cobot1/cobot1.egg-info/top_level.txt
[3.372s] reading manifest file '../../build/cobot1/cobot1.egg-info/SOURCES.txt'
[3.372s] adding license file 'LICENSE'
[3.374s] writing manifest file '../../build/cobot1/cobot1.egg-info/SOURCES.txt'
[3.374s] running build
[3.374s] running build_py
[3.375s] copying cobot1/robo_pub_test.py -> /home/rokey/cobot_ws/build/cobot1/build/lib/cobot1
[3.375s] copying cobot1/pub.py -> /home/rokey/cobot_ws/build/cobot1/build/lib/cobot1
[3.376s] copying cobot1/get_pose.py -> /home/rokey/cobot_ws/build/cobot1/build/lib/cobot1
[3.376s] copying cobot1/sub.py -> /home/rokey/cobot_ws/build/cobot1/build/lib/cobot1
[3.377s] copying cobot1/move_test.py -> /home/rokey/cobot_ws/build/cobot1/build/lib/cobot1
[3.377s] running install
[3.378s] running install_lib
[3.380s] creating /home/rokey/cobot_ws/install/cobot1/lib/python3.10/site-packages/cobot1
[3.380s] copying /home/rokey/cobot_ws/build/cobot1/build/lib/cobot1/robo_pub_test.py -> /home/rokey/cobot_ws/install/cobot1/lib/python3.10/site-packages/cobot1
[3.381s] copying /home/rokey/cobot_ws/build/cobot1/build/lib/cobot1/topic_test.py -> /home/rokey/cobot_ws/install/cobot1/lib/python3.10/site-packages/cobot1
[3.381s] copying /home/rokey/cobot_ws/build/cobot1/build/lib/cobot1/grip_test.py -> /home/rokey/cobot_ws/install/cobot1/lib/python3.10/site-packages/cobot1
[3.381s] copying /home/rokey/cobot_ws/build/cobot1/build/lib/cobot1/pub.py -> /home/rokey/cobot_ws/install/cobot1/lib/python3.10/site-packages/cobot1
[3.381s] copying /home/rokey/cobot_ws/build/cobot1/build/lib/cobot1/move_periodic.py -> /home/rokey/cobot_ws/install/cobot1/lib/python3.10/site-packages/cobot1
[3.382s] copying /home/rokey/cobot_ws/build/cobot1/build/lib/cobot1/get_pose.py -> /home/rokey/cobot_ws/install/cobot1/lib/python3.10/site-packages/cobot1
[3.382s] copying /home/rokey/cobot_ws/build/cobot1/build/lib/cobot1/__init__.py -> /home/rokey/cobot_ws/install/cobot1/lib/python3.10/site-packages/cobot1
[3.382s] copying /home/rokey/cobot_ws/build/cobot1/build/lib/cobot1/move_basic.py -> /home/rokey/cobot_ws/install/cobot1/lib/python3.10/site-packages/cobot1
[3.383s] copying /home/rokey/cobot_ws/build/cobot1/build/lib/cobot1/sub.py -> /home/rokey/cobot_ws/install/cobot1/lib/python3.10/site-packages/cobot1
[3.383s] copying /home/rokey/cobot_ws/build/cobot1/build/lib/cobot1/move_test.py -> /home/rokey/cobot_ws/install/cobot1/lib/python3.10/site-packages/cobot1
[3.384s] byte-compiling /home/rokey/cobot_ws/install/cobot1/lib/python3.10/site-packages/cobot1/robo_pub_test.py to robo_pub_test.cpython-310.pyc
[3.385s] byte-compiling /home/rokey/cobot_ws/install/cobot1/lib/python3.10/site-packages/cobot1/topic_test.py to topic_test.cpython-310.pyc
[3.386s] byte-compiling /home/rokey/cobot_ws/install/cobot1/lib/python3.10/site-packages/cobot1/grip_test.py to grip_test.cpython-310.pyc
[3.388s] byte-compiling /home/rokey/cobot_ws/install/cobot1/lib/python3.10/site-packages/cobot1/pub.py to pub.cpython-310.pyc
[3.388s] byte-compiling /home/rokey/cobot_ws/install/cobot1/lib/python3.10/site-packages/cobot1/move_periodic.py to move_periodic.cpython-310.pyc
[3.390s] byte-compiling /home/rokey/cobot_ws/install/cobot1/lib/python3.10/site-packages/cobot1/get_pose.py to get_pose.cpython-310.pyc
[3.391s] byte-compiling /home/rokey/cobot_ws/install/cobot1/lib/python3.10/site-packages/cobot1/__init__.py to __init__.cpython-310.pyc
[3.391s] byte-compiling /home/rokey/cobot_ws/install/cobot1/lib/python3.10/site-packages/cobot1/move_basic.py to move_basic.cpython-310.pyc
[3.393s] byte-compiling /home/rokey/cobot_ws/install/cobot1/lib/python3.10/site-packages/cobot1/sub.py to sub.cpython-310.pyc
[3.393s] byte-compiling /home/rokey/cobot_ws/install/cobot1/lib/python3.10/site-packages/cobot1/move_test.py to move_test.cpython-310.pyc
[3.395s] running install_data
[3.395s] copying resource/cobot1 -> /home/rokey/cobot_ws/install/cobot1/share/ament_index/resource_index/packages
[3.395s] copying package.xml -> /home/rokey/cobot_ws/install/cobot1/share/cobot1
[3.396s] running install_egg_info
[3.400s] Copying ../../build/cobot1/cobot1.egg-info to /home/rokey/cobot_ws/install/cobot1/lib/python3.10/site-packages/cobot1-0.0.0-py3.10.egg-info
[3.402s] running install_scripts
[3.451s] Installing get_pose script to /home/rokey/cobot_ws/install/cobot1/lib/cobot1
[3.452s] Installing grip_test script to /home/rokey/cobot_ws/install/cobot1/lib/cobot1
[3.452s] Installing move_basic script to /home/rokey/cobot_ws/install/cobot1/lib/cobot1
[3.453s] Installing move_periodic script to /home/rokey/cobot_ws/install/cobot1/lib/cobot1
[3.453s] Installing pub script to /home/rokey/cobot_ws/install/cobot1/lib/cobot1
[3.454s] Installing robo_pub_test script to /home/rokey/cobot_ws/install/cobot1/lib/cobot1
[3.454s] Installing sub script to /home/rokey/cobot_ws/install/cobot1/lib/cobot1
[3.454s] writing list of installed files to '/home/rokey/cobot_ws/build/cobot1/install.log'
[3.503s] Invoked command in '/home/rokey/cobot_ws/src/cobot1' returned '0': PYTHONPATH=/home/rokey/cobot_ws/build/cobot1/prefix_override:/usr/lib/python3/dist-packages/colcon_core/task/python/colcon_distutils_commands:/home/rokey/cobot_ws/install/cobot1/lib/python3.10/site-packages:${PYTHONPATH} /usr/bin/python3 -W ignore:setup.py install is deprecated -W ignore:easy_install command is deprecated setup.py egg_info --egg-base ../../build/cobot1 build --build-base /home/rokey/cobot_ws/build/cobot1/build install --record /home/rokey/cobot_ws/build/cobot1/install.log --single-version-externally-managed install_data --force
