[0.592s] Invoking command in '/home/rokey/cobot_ws/src/cobot1': PYTHONPATH=/home/rokey/cobot_ws/build/cobot1/prefix_override:/usr/lib/python3/dist-packages/colcon_core/task/python/colcon_distutils_commands:/home/rokey/cobot_ws/install/cobot1/lib/python3.10/site-packages:${PYTHONPATH} /usr/bin/python3 -W ignore:setup.py install is deprecated -W ignore:easy_install command is deprecated setup.py egg_info --egg-base ../../build/cobot1 build --build-base /home/rokey/cobot_ws/build/cobot1/build install --record /home/rokey/cobot_ws/build/cobot1/install.log --single-version-externally-managed install_data
[0.815s] running egg_info
[0.816s] writing ../../build/cobot1/cobot1.egg-info/PKG-INFO
[0.816s] writing dependency_links to ../../build/cobot1/cobot1.egg-info/dependency_links.txt
[0.816s] writing entry points to ../../build/cobot1/cobot1.egg-info/entry_points.txt
[0.816s] writing requirements to ../../build/cobot1/cobot1.egg-info/requires.txt
[0.816s] writing top-level names to ../../build/cobot1/cobot1.egg-info/top_level.txt
[0.819s] reading manifest file '../../build/cobot1/cobot1.egg-info/SOURCES.txt'
[0.819s] adding license file 'LICENSE'
[0.820s] writing manifest file '../../build/cobot1/cobot1.egg-info/SOURCES.txt'
[0.820s] running build
[0.820s] running build_py
[0.820s] copying cobot1/robo_pub_test.py -> /home/rokey/cobot_ws/build/cobot1/build/lib/cobot1
[0.820s] copying cobot1/pub.py -> /home/rokey/cobot_ws/build/cobot1/build/lib/cobot1
[0.821s] running install
[0.821s] running install_lib
[0.822s] copying /home/rokey/cobot_ws/build/cobot1/build/lib/cobot1/robo_pub_test.py -> /home/rokey/cobot_ws/install/cobot1/lib/python3.10/site-packages/cobot1
[0.822s] copying /home/rokey/cobot_ws/build/cobot1/build/lib/cobot1/pub.py -> /home/rokey/cobot_ws/install/cobot1/lib/python3.10/site-packages/cobot1
[0.823s] byte-compiling /home/rokey/cobot_ws/install/cobot1/lib/python3.10/site-packages/cobot1/robo_pub_test.py to robo_pub_test.cpython-310.pyc
[0.823s] byte-compiling /home/rokey/cobot_ws/install/cobot1/lib/python3.10/site-packages/cobot1/pub.py to pub.cpython-310.pyc
[0.824s] running install_data
[0.824s] running install_egg_info
[0.826s] removing '/home/rokey/cobot_ws/install/cobot1/lib/python3.10/site-packages/cobot1-0.0.0-py3.10.egg-info' (and everything under it)
[0.826s] Copying ../../build/cobot1/cobot1.egg-info to /home/rokey/cobot_ws/install/cobot1/lib/python3.10/site-packages/cobot1-0.0.0-py3.10.egg-info
[0.827s] running install_scripts
[0.847s] Installing grip_test script to /home/rokey/cobot_ws/install/cobot1/lib/cobot1
[0.847s] Installing move_basic script to /home/rokey/cobot_ws/install/cobot1/lib/cobot1
[0.847s] Installing move_periodic script to /home/rokey/cobot_ws/install/cobot1/lib/cobot1
[0.847s] Installing pub script to /home/rokey/cobot_ws/install/cobot1/lib/cobot1
[0.847s] Installing robo_pub_test script to /home/rokey/cobot_ws/install/cobot1/lib/cobot1
[0.847s] Installing sub script to /home/rokey/cobot_ws/install/cobot1/lib/cobot1
[0.848s] writing list of installed files to '/home/rokey/cobot_ws/build/cobot1/install.log'
[0.870s] Invoked command in '/home/rokey/cobot_ws/src/cobot1' returned '0': PYTHONPATH=/home/rokey/cobot_ws/build/cobot1/prefix_override:/usr/lib/python3/dist-packages/colcon_core/task/python/colcon_distutils_commands:/home/rokey/cobot_ws/install/cobot1/lib/python3.10/site-packages:${PYTHONPATH} /usr/bin/python3 -W ignore:setup.py install is deprecated -W ignore:easy_install command is deprecated setup.py egg_info --egg-base ../../build/cobot1 build --build-base /home/rokey/cobot_ws/build/cobot1/build install --record /home/rokey/cobot_ws/build/cobot1/install.log --single-version-externally-managed install_data
