[0.028s] Invoking command in '/home/rokey/cobot_ws/build/dsr_moveit_config_e0509': CMAKE_PREFIX_PATH=/opt/ros/humble /usr/bin/cmake /home/rokey/cobot_ws/src/doosan-robot2/dsr_moveit2/dsr_moveit_config_e0509 -DCMAKE_INSTALL_PREFIX=/home/rokey/cobot_ws/install/dsr_moveit_config_e0509
[0.254s] -- The C compiler identification is GNU 11.4.0
[0.396s] -- The CXX compiler identification is GNU 11.4.0
[0.414s] -- Detecting C compiler ABI info
[0.544s] -- Detecting C compiler ABI info - done
[0.571s] -- Check for working C compiler: /usr/bin/cc - skipped
[0.571s] -- Detecting C compile features
[0.571s] -- Detecting C compile features - done
[0.574s] -- Detecting CXX compiler ABI info
[0.717s] -- Detecting CXX compiler ABI info - done
[0.745s] -- Check for working CXX compiler: /usr/bin/c++ - skipped
[0.745s] -- Detecting CXX compile features
[0.745s] -- Detecting CXX compile features - done
[0.748s] -- Found ament_cmake: 1.3.12 (/opt/ros/humble/share/ament_cmake/cmake)
[1.085s] -- Found Python3: /usr/bin/python3 (found version "3.10.12") found components: Interpreter 
[1.456s] -- Configuring done
[1.460s] -- Generating done
[1.464s] -- Build files have been written to: /home/rokey/cobot_ws/build/dsr_moveit_config_e0509
[1.492s] Invoked command in '/home/rokey/cobot_ws/build/dsr_moveit_config_e0509' returned '0': CMAKE_PREFIX_PATH=/opt/ros/humble /usr/bin/cmake /home/rokey/cobot_ws/src/doosan-robot2/dsr_moveit2/dsr_moveit_config_e0509 -DCMAKE_INSTALL_PREFIX=/home/rokey/cobot_ws/install/dsr_moveit_config_e0509
[1.493s] Invoking command in '/home/rokey/cobot_ws/build/dsr_moveit_config_e0509': CMAKE_PREFIX_PATH=/opt/ros/humble /usr/bin/cmake --build /home/rokey/cobot_ws/build/dsr_moveit_config_e0509 -- -j8 -l8
[1.552s] Invoked command in '/home/rokey/cobot_ws/build/dsr_moveit_config_e0509' returned '0': CMAKE_PREFIX_PATH=/opt/ros/humble /usr/bin/cmake --build /home/rokey/cobot_ws/build/dsr_moveit_config_e0509 -- -j8 -l8
[1.555s] Invoking command in '/home/rokey/cobot_ws/build/dsr_moveit_config_e0509': CMAKE_PREFIX_PATH=/opt/ros/humble /usr/bin/cmake --install /home/rokey/cobot_ws/build/dsr_moveit_config_e0509
[1.572s] -- Install configuration: ""
[1.572s] -- Installing: /home/rokey/cobot_ws/install/dsr_moveit_config_e0509/share/ament_index/resource_index/package_run_dependencies/dsr_moveit_config_e0509
[1.572s] -- Installing: /home/rokey/cobot_ws/install/dsr_moveit_config_e0509/share/ament_index/resource_index/parent_prefix_path/dsr_moveit_config_e0509
[1.572s] -- Installing: /home/rokey/cobot_ws/install/dsr_moveit_config_e0509/share/dsr_moveit_config_e0509/environment/ament_prefix_path.sh
[1.572s] -- Installing: /home/rokey/cobot_ws/install/dsr_moveit_config_e0509/share/dsr_moveit_config_e0509/environment/ament_prefix_path.dsv
[1.573s] -- Installing: /home/rokey/cobot_ws/install/dsr_moveit_config_e0509/share/dsr_moveit_config_e0509/environment/path.sh
[1.573s] -- Installing: /home/rokey/cobot_ws/install/dsr_moveit_config_e0509/share/dsr_moveit_config_e0509/environment/path.dsv
[1.573s] -- Installing: /home/rokey/cobot_ws/install/dsr_moveit_config_e0509/share/dsr_moveit_config_e0509/local_setup.bash
[1.573s] -- Installing: /home/rokey/cobot_ws/install/dsr_moveit_config_e0509/share/dsr_moveit_config_e0509/local_setup.sh
[1.573s] -- Installing: /home/rokey/cobot_ws/install/dsr_moveit_config_e0509/share/dsr_moveit_config_e0509/local_setup.zsh
[1.573s] -- Installing: /home/rokey/cobot_ws/install/dsr_moveit_config_e0509/share/dsr_moveit_config_e0509/local_setup.dsv
[1.573s] -- Installing: /home/rokey/cobot_ws/install/dsr_moveit_config_e0509/share/dsr_moveit_config_e0509/package.dsv
[1.573s] -- Installing: /home/rokey/cobot_ws/install/dsr_moveit_config_e0509/share/ament_index/resource_index/packages/dsr_moveit_config_e0509
[1.575s] -- Installing: /home/rokey/cobot_ws/install/dsr_moveit_config_e0509/share/dsr_moveit_config_e0509/cmake/dsr_moveit_config_e0509Config.cmake
[1.576s] -- Installing: /home/rokey/cobot_ws/install/dsr_moveit_config_e0509/share/dsr_moveit_config_e0509/cmake/dsr_moveit_config_e0509Config-version.cmake
[1.576s] -- Installing: /home/rokey/cobot_ws/install/dsr_moveit_config_e0509/share/dsr_moveit_config_e0509/package.xml
[1.576s] -- Installing: /home/rokey/cobot_ws/install/dsr_moveit_config_e0509/share/dsr_moveit_config_e0509/launch
[1.576s] -- Installing: /home/rokey/cobot_ws/install/dsr_moveit_config_e0509/share/dsr_moveit_config_e0509/launch/moveit.rviz
[1.576s] -- Installing: /home/rokey/cobot_ws/install/dsr_moveit_config_e0509/share/dsr_moveit_config_e0509/launch/start.launch.py
[1.577s] -- Installing: /home/rokey/cobot_ws/install/dsr_moveit_config_e0509/share/dsr_moveit_config_e0509/launch/demo.launch.py
[1.577s] -- Installing: /home/rokey/cobot_ws/install/dsr_moveit_config_e0509/share/dsr_moveit_config_e0509/config
[1.578s] -- Installing: /home/rokey/cobot_ws/install/dsr_moveit_config_e0509/share/dsr_moveit_config_e0509/config/dsr.ros2_control.xacro
[1.578s] -- Installing: /home/rokey/cobot_ws/install/dsr_moveit_config_e0509/share/dsr_moveit_config_e0509/config/pilz_cartesian_limits.yaml
[1.578s] -- Installing: /home/rokey/cobot_ws/install/dsr_moveit_config_e0509/share/dsr_moveit_config_e0509/config/ros2_controllers.yaml
[1.578s] -- Installing: /home/rokey/cobot_ws/install/dsr_moveit_config_e0509/share/dsr_moveit_config_e0509/config/pilz_industrial_motion_planner_planning.yaml
[1.579s] -- Installing: /home/rokey/cobot_ws/install/dsr_moveit_config_e0509/share/dsr_moveit_config_e0509/config/moveit_controllers.yaml
[1.579s] -- Installing: /home/rokey/cobot_ws/install/dsr_moveit_config_e0509/share/dsr_moveit_config_e0509/config/e0509.urdf.xacro
[1.580s] -- Installing: /home/rokey/cobot_ws/install/dsr_moveit_config_e0509/share/dsr_moveit_config_e0509/config/ompl_planning.yaml
[1.581s] -- Installing: /home/rokey/cobot_ws/install/dsr_moveit_config_e0509/share/dsr_moveit_config_e0509/config/kinematics.yaml
[1.581s] -- Installing: /home/rokey/cobot_ws/install/dsr_moveit_config_e0509/share/dsr_moveit_config_e0509/config/sensors_3d.yaml
[1.581s] -- Installing: /home/rokey/cobot_ws/install/dsr_moveit_config_e0509/share/dsr_moveit_config_e0509/config/initial_positions.yaml
[1.581s] -- Installing: /home/rokey/cobot_ws/install/dsr_moveit_config_e0509/share/dsr_moveit_config_e0509/config/dsr.srdf
[1.581s] -- Installing: /home/rokey/cobot_ws/install/dsr_moveit_config_e0509/share/dsr_moveit_config_e0509/config/joint_limits.yaml
[1.581s] -- Installing: /home/rokey/cobot_ws/install/dsr_moveit_config_e0509/share/dsr_moveit_config_e0509/config/chomp_planning.yaml
[1.581s] -- Installing: /home/rokey/cobot_ws/install/dsr_moveit_config_e0509/share/dsr_moveit_config_e0509/.setup_assistant
[1.626s] Invoked command in '/home/rokey/cobot_ws/build/dsr_moveit_config_e0509' returned '0': CMAKE_PREFIX_PATH=/opt/ros/humble /usr/bin/cmake --install /home/rokey/cobot_ws/build/dsr_moveit_config_e0509
