[0.204s] DEBUG:colcon:Command line arguments: ['/usr/bin/colcon', 'build', '--packages-select', 'cobot1', '--symlink-install']
[0.204s] DEBUG:colcon:Parsed command line arguments: Namespace(log_base=None, log_level=None, verb_name='build', build_base='build', install_base='install', merge_install=False, symlink_install=True, test_result_base=None, continue_on_error=False, executor='parallel', parallel_workers=8, event_handlers=None, ignore_user_meta=False, metas=['./colcon.meta'], base_paths=['.'], packages_ignore=None, packages_ignore_regex=None, paths=None, packages_up_to=None, packages_up_to_regex=None, packages_above=None, packages_above_and_dependencies=None, packages_above_depth=None, packages_select_by_dep=None, packages_skip_by_dep=None, packages_skip_up_to=None, packages_select_build_failed=False, packages_skip_build_finished=False, packages_select_test_failures=False, packages_skip_test_passed=False, packages_select=['cobot1'], packages_skip=None, packages_select_regex=None, packages_skip_regex=None, packages_start=None, packages_end=None, allow_overriding=[], cmake_args=None, cmake_target=None, cmake_target_skip_unavailable=False, cmake_clean_cache=False, cmake_clean_first=False, cmake_force_configure=False, ament_cmake_args=None, catkin_cmake_args=None, catkin_skip_building_tests=False, verb_parser=<colcon_defaults.argument_parser.defaults.DefaultArgumentsDecorator object at 0x740989d7a170>, verb_extension=<colcon_core.verb.build.BuildVerb object at 0x740989d79960>, main=<bound method BuildVerb.main of <colcon_core.verb.build.BuildVerb object at 0x740989d79960>>)
[0.531s] Level 1:colcon.colcon_core.package_discovery:discover_packages(colcon_meta) check parameters
[0.531s] Level 1:colcon.colcon_core.package_discovery:discover_packages(recursive) check parameters
[0.531s] Level 1:colcon.colcon_core.package_discovery:discover_packages(ignore) check parameters
[0.531s] Level 1:colcon.colcon_core.package_discovery:discover_packages(path) check parameters
[0.531s] Level 1:colcon.colcon_core.package_discovery:discover_packages(colcon_meta) discover
[0.531s] Level 1:colcon.colcon_core.package_discovery:discover_packages(recursive) discover
[0.531s] INFO:colcon.colcon_core.package_discovery:Crawling recursively for packages in '/home/rokey/cobot_ws'
[0.532s] Level 1:colcon.colcon_core.package_identification:_identify(.) by extensions ['ignore', 'ignore_ament_install']
[0.532s] Level 1:colcon.colcon_core.package_identification:_identify(.) by extension 'ignore'
[0.532s] Level 1:colcon.colcon_core.package_identification:_identify(.) by extension 'ignore_ament_install'
[0.532s] Level 1:colcon.colcon_core.package_identification:_identify(.) by extensions ['colcon_pkg']
[0.532s] Level 1:colcon.colcon_core.package_identification:_identify(.) by extension 'colcon_pkg'
[0.532s] Level 1:colcon.colcon_core.package_identification:_identify(.) by extensions ['colcon_meta']
[0.532s] Level 1:colcon.colcon_core.package_identification:_identify(.) by extension 'colcon_meta'
[0.532s] Level 1:colcon.colcon_core.package_identification:_identify(.) by extensions ['ros']
[0.532s] Level 1:colcon.colcon_core.package_identification:_identify(.) by extension 'ros'
[0.558s] Level 1:colcon.colcon_core.package_identification:_identify(.) by extensions ['cmake', 'python']
[0.558s] Level 1:colcon.colcon_core.package_identification:_identify(.) by extension 'cmake'
[0.558s] Level 1:colcon.colcon_core.package_identification:_identify(.) by extension 'python'
[0.558s] Level 1:colcon.colcon_core.package_identification:_identify(.) by extensions ['python_setup_py']
[0.558s] Level 1:colcon.colcon_core.package_identification:_identify(.) by extension 'python_setup_py'
[0.559s] Level 1:colcon.colcon_core.package_identification:_identify(build) by extensions ['ignore', 'ignore_ament_install']
[0.559s] Level 1:colcon.colcon_core.package_identification:_identify(build) by extension 'ignore'
[0.559s] Level 1:colcon.colcon_core.package_identification:_identify(build) ignored
[0.559s] Level 1:colcon.colcon_core.package_identification:_identify(install) by extensions ['ignore', 'ignore_ament_install']
[0.559s] Level 1:colcon.colcon_core.package_identification:_identify(install) by extension 'ignore'
[0.559s] Level 1:colcon.colcon_core.package_identification:_identify(install) ignored
[0.559s] Level 1:colcon.colcon_core.package_identification:_identify(log) by extensions ['ignore', 'ignore_ament_install']
[0.559s] Level 1:colcon.colcon_core.package_identification:_identify(log) by extension 'ignore'
[0.559s] Level 1:colcon.colcon_core.package_identification:_identify(log) ignored
[0.560s] Level 1:colcon.colcon_core.package_identification:_identify(src) by extensions ['ignore', 'ignore_ament_install']
[0.560s] Level 1:colcon.colcon_core.package_identification:_identify(src) by extension 'ignore'
[0.560s] Level 1:colcon.colcon_core.package_identification:_identify(src) by extension 'ignore_ament_install'
[0.560s] Level 1:colcon.colcon_core.package_identification:_identify(src) by extensions ['colcon_pkg']
[0.560s] Level 1:colcon.colcon_core.package_identification:_identify(src) by extension 'colcon_pkg'
[0.560s] Level 1:colcon.colcon_core.package_identification:_identify(src) by extensions ['colcon_meta']
[0.560s] Level 1:colcon.colcon_core.package_identification:_identify(src) by extension 'colcon_meta'
[0.560s] Level 1:colcon.colcon_core.package_identification:_identify(src) by extensions ['ros']
[0.560s] Level 1:colcon.colcon_core.package_identification:_identify(src) by extension 'ros'
[0.560s] Level 1:colcon.colcon_core.package_identification:_identify(src) by extensions ['cmake', 'python']
[0.560s] Level 1:colcon.colcon_core.package_identification:_identify(src) by extension 'cmake'
[0.560s] Level 1:colcon.colcon_core.package_identification:_identify(src) by extension 'python'
[0.560s] Level 1:colcon.colcon_core.package_identification:_identify(src) by extensions ['python_setup_py']
[0.560s] Level 1:colcon.colcon_core.package_identification:_identify(src) by extension 'python_setup_py'
[0.561s] Level 1:colcon.colcon_core.package_identification:_identify(src/cobot1) by extensions ['ignore', 'ignore_ament_install']
[0.561s] Level 1:colcon.colcon_core.package_identification:_identify(src/cobot1) by extension 'ignore'
[0.561s] Level 1:colcon.colcon_core.package_identification:_identify(src/cobot1) by extension 'ignore_ament_install'
[0.561s] Level 1:colcon.colcon_core.package_identification:_identify(src/cobot1) by extensions ['colcon_pkg']
[0.561s] Level 1:colcon.colcon_core.package_identification:_identify(src/cobot1) by extension 'colcon_pkg'
[0.561s] Level 1:colcon.colcon_core.package_identification:_identify(src/cobot1) by extensions ['colcon_meta']
[0.561s] Level 1:colcon.colcon_core.package_identification:_identify(src/cobot1) by extension 'colcon_meta'
[0.561s] Level 1:colcon.colcon_core.package_identification:_identify(src/cobot1) by extensions ['ros']
[0.561s] Level 1:colcon.colcon_core.package_identification:_identify(src/cobot1) by extension 'ros'
[0.566s] DEBUG:colcon.colcon_core.package_identification:Package 'src/cobot1' with type 'ros.ament_python' and name 'cobot1'
[0.566s] Level 1:colcon.colcon_core.package_identification:_identify(src/doosan-robot2) by extensions ['ignore', 'ignore_ament_install']
[0.566s] Level 1:colcon.colcon_core.package_identification:_identify(src/doosan-robot2) by extension 'ignore'
[0.566s] Level 1:colcon.colcon_core.package_identification:_identify(src/doosan-robot2) by extension 'ignore_ament_install'
[0.566s] Level 1:colcon.colcon_core.package_identification:_identify(src/doosan-robot2) by extensions ['colcon_pkg']
[0.566s] Level 1:colcon.colcon_core.package_identification:_identify(src/doosan-robot2) by extension 'colcon_pkg'
[0.566s] Level 1:colcon.colcon_core.package_identification:_identify(src/doosan-robot2) by extensions ['colcon_meta']
[0.566s] Level 1:colcon.colcon_core.package_identification:_identify(src/doosan-robot2) by extension 'colcon_meta'
[0.566s] Level 1:colcon.colcon_core.package_identification:_identify(src/doosan-robot2) by extensions ['ros']
[0.566s] Level 1:colcon.colcon_core.package_identification:_identify(src/doosan-robot2) by extension 'ros'
[0.566s] Level 1:colcon.colcon_core.package_identification:_identify(src/doosan-robot2) by extensions ['cmake', 'python']
[0.566s] Level 1:colcon.colcon_core.package_identification:_identify(src/doosan-robot2) by extension 'cmake'
[0.567s] Level 1:colcon.colcon_core.package_identification:_identify(src/doosan-robot2) by extension 'python'
[0.567s] Level 1:colcon.colcon_core.package_identification:_identify(src/doosan-robot2) by extensions ['python_setup_py']
[0.567s] Level 1:colcon.colcon_core.package_identification:_identify(src/doosan-robot2) by extension 'python_setup_py'
[0.567s] Level 1:colcon.colcon_core.package_identification:_identify(src/doosan-robot2/dsr_bringup2) by extensions ['ignore', 'ignore_ament_install']
[0.567s] Level 1:colcon.colcon_core.package_identification:_identify(src/doosan-robot2/dsr_bringup2) by extension 'ignore'
[0.567s] Level 1:colcon.colcon_core.package_identification:_identify(src/doosan-robot2/dsr_bringup2) by extension 'ignore_ament_install'
[0.567s] Level 1:colcon.colcon_core.package_identification:_identify(src/doosan-robot2/dsr_bringup2) by extensions ['colcon_pkg']
[0.567s] Level 1:colcon.colcon_core.package_identification:_identify(src/doosan-robot2/dsr_bringup2) by extension 'colcon_pkg'
[0.567s] Level 1:colcon.colcon_core.package_identification:_identify(src/doosan-robot2/dsr_bringup2) by extensions ['colcon_meta']
[0.567s] Level 1:colcon.colcon_core.package_identification:_identify(src/doosan-robot2/dsr_bringup2) by extension 'colcon_meta'
[0.567s] Level 1:colcon.colcon_core.package_identification:_identify(src/doosan-robot2/dsr_bringup2) by extensions ['ros']
[0.567s] Level 1:colcon.colcon_core.package_identification:_identify(src/doosan-robot2/dsr_bringup2) by extension 'ros'
[0.568s] DEBUG:colcon.colcon_core.package_identification:Package 'src/doosan-robot2/dsr_bringup2' with type 'ros.ament_python' and name 'dsr_bringup2'
[0.568s] Level 1:colcon.colcon_core.package_identification:_identify(src/doosan-robot2/dsr_common2) by extensions ['ignore', 'ignore_ament_install']
[0.568s] Level 1:colcon.colcon_core.package_identification:_identify(src/doosan-robot2/dsr_common2) by extension 'ignore'
[0.569s] Level 1:colcon.colcon_core.package_identification:_identify(src/doosan-robot2/dsr_common2) by extension 'ignore_ament_install'
[0.569s] Level 1:colcon.colcon_core.package_identification:_identify(src/doosan-robot2/dsr_common2) by extensions ['colcon_pkg']
[0.569s] Level 1:colcon.colcon_core.package_identification:_identify(src/doosan-robot2/dsr_common2) by extension 'colcon_pkg'
[0.569s] Level 1:colcon.colcon_core.package_identification:_identify(src/doosan-robot2/dsr_common2) by extensions ['colcon_meta']
[0.569s] Level 1:colcon.colcon_core.package_identification:_identify(src/doosan-robot2/dsr_common2) by extension 'colcon_meta'
[0.569s] Level 1:colcon.colcon_core.package_identification:_identify(src/doosan-robot2/dsr_common2) by extensions ['ros']
[0.569s] Level 1:colcon.colcon_core.package_identification:_identify(src/doosan-robot2/dsr_common2) by extension 'ros'
[0.570s] DEBUG:colcon.colcon_core.package_identification:Package 'src/doosan-robot2/dsr_common2' with type 'ros.ament_cmake' and name 'dsr_common2'
[0.570s] Level 1:colcon.colcon_core.package_identification:_identify(src/doosan-robot2/dsr_controller2) by extensions ['ignore', 'ignore_ament_install']
[0.570s] Level 1:colcon.colcon_core.package_identification:_identify(src/doosan-robot2/dsr_controller2) by extension 'ignore'
[0.570s] Level 1:colcon.colcon_core.package_identification:_identify(src/doosan-robot2/dsr_controller2) by extension 'ignore_ament_install'
[0.570s] Level 1:colcon.colcon_core.package_identification:_identify(src/doosan-robot2/dsr_controller2) by extensions ['colcon_pkg']
[0.570s] Level 1:colcon.colcon_core.package_identification:_identify(src/doosan-robot2/dsr_controller2) by extension 'colcon_pkg'
[0.570s] Level 1:colcon.colcon_core.package_identification:_identify(src/doosan-robot2/dsr_controller2) by extensions ['colcon_meta']
[0.570s] Level 1:colcon.colcon_core.package_identification:_identify(src/doosan-robot2/dsr_controller2) by extension 'colcon_meta'
[0.570s] Level 1:colcon.colcon_core.package_identification:_identify(src/doosan-robot2/dsr_controller2) by extensions ['ros']
[0.570s] Level 1:colcon.colcon_core.package_identification:_identify(src/doosan-robot2/dsr_controller2) by extension 'ros'
[0.573s] DEBUG:colcon.colcon_core.package_identification:Package 'src/doosan-robot2/dsr_controller2' with type 'ros.ament_cmake' and name 'dsr_controller2'
[0.573s] Level 1:colcon.colcon_core.package_identification:_identify(src/doosan-robot2/dsr_description2) by extensions ['ignore', 'ignore_ament_install']
[0.573s] Level 1:colcon.colcon_core.package_identification:_identify(src/doosan-robot2/dsr_description2) by extension 'ignore'
[0.573s] Level 1:colcon.colcon_core.package_identification:_identify(src/doosan-robot2/dsr_description2) by extension 'ignore_ament_install'
[0.574s] Level 1:colcon.colcon_core.package_identification:_identify(src/doosan-robot2/dsr_description2) by extensions ['colcon_pkg']
[0.574s] Level 1:colcon.colcon_core.package_identification:_identify(src/doosan-robot2/dsr_description2) by extension 'colcon_pkg'
[0.574s] Level 1:colcon.colcon_core.package_identification:_identify(src/doosan-robot2/dsr_description2) by extensions ['colcon_meta']
[0.574s] Level 1:colcon.colcon_core.package_identification:_identify(src/doosan-robot2/dsr_description2) by extension 'colcon_meta'
[0.574s] Level 1:colcon.colcon_core.package_identification:_identify(src/doosan-robot2/dsr_description2) by extensions ['ros']
[0.574s] Level 1:colcon.colcon_core.package_identification:_identify(src/doosan-robot2/dsr_description2) by extension 'ros'
[0.575s] DEBUG:colcon.colcon_core.package_identification:Package 'src/doosan-robot2/dsr_description2' with type 'ros.ament_cmake' and name 'dsr_description2'
[0.575s] Level 1:colcon.colcon_core.package_identification:_identify(src/doosan-robot2/dsr_example2) by extensions ['ignore', 'ignore_ament_install']
[0.575s] Level 1:colcon.colcon_core.package_identification:_identify(src/doosan-robot2/dsr_example2) by extension 'ignore'
[0.575s] Level 1:colcon.colcon_core.package_identification:_identify(src/doosan-robot2/dsr_example2) by extension 'ignore_ament_install'
[0.576s] Level 1:colcon.colcon_core.package_identification:_identify(src/doosan-robot2/dsr_example2) by extensions ['colcon_pkg']
[0.576s] Level 1:colcon.colcon_core.package_identification:_identify(src/doosan-robot2/dsr_example2) by extension 'colcon_pkg'
[0.576s] Level 1:colcon.colcon_core.package_identification:_identify(src/doosan-robot2/dsr_example2) by extensions ['colcon_meta']
[0.576s] Level 1:colcon.colcon_core.package_identification:_identify(src/doosan-robot2/dsr_example2) by extension 'colcon_meta'
[0.576s] Level 1:colcon.colcon_core.package_identification:_identify(src/doosan-robot2/dsr_example2) by extensions ['ros']
[0.576s] Level 1:colcon.colcon_core.package_identification:_identify(src/doosan-robot2/dsr_example2) by extension 'ros'
[0.576s] Level 1:colcon.colcon_core.package_identification:_identify(src/doosan-robot2/dsr_example2) by extensions ['cmake', 'python']
[0.576s] Level 1:colcon.colcon_core.package_identification:_identify(src/doosan-robot2/dsr_example2) by extension 'cmake'
[0.576s] Level 1:colcon.colcon_core.package_identification:_identify(src/doosan-robot2/dsr_example2) by extension 'python'
[0.576s] Level 1:colcon.colcon_core.package_identification:_identify(src/doosan-robot2/dsr_example2) by extensions ['python_setup_py']
[0.576s] Level 1:colcon.colcon_core.package_identification:_identify(src/doosan-robot2/dsr_example2) by extension 'python_setup_py'
[0.576s] Level 1:colcon.colcon_core.package_identification:_identify(src/doosan-robot2/dsr_example2/dsr_example) by extensions ['ignore', 'ignore_ament_install']
[0.576s] Level 1:colcon.colcon_core.package_identification:_identify(src/doosan-robot2/dsr_example2/dsr_example) by extension 'ignore'
[0.576s] Level 1:colcon.colcon_core.package_identification:_identify(src/doosan-robot2/dsr_example2/dsr_example) by extension 'ignore_ament_install'
[0.577s] Level 1:colcon.colcon_core.package_identification:_identify(src/doosan-robot2/dsr_example2/dsr_example) by extensions ['colcon_pkg']
[0.577s] Level 1:colcon.colcon_core.package_identification:_identify(src/doosan-robot2/dsr_example2/dsr_example) by extension 'colcon_pkg'
[0.577s] Level 1:colcon.colcon_core.package_identification:_identify(src/doosan-robot2/dsr_example2/dsr_example) by extensions ['colcon_meta']
[0.577s] Level 1:colcon.colcon_core.package_identification:_identify(src/doosan-robot2/dsr_example2/dsr_example) by extension 'colcon_meta'
[0.577s] Level 1:colcon.colcon_core.package_identification:_identify(src/doosan-robot2/dsr_example2/dsr_example) by extensions ['ros']
[0.577s] Level 1:colcon.colcon_core.package_identification:_identify(src/doosan-robot2/dsr_example2/dsr_example) by extension 'ros'
[0.578s] DEBUG:colcon.colcon_core.package_identification:Package 'src/doosan-robot2/dsr_example2/dsr_example' with type 'ros.ament_python' and name 'dsr_example'
[0.578s] Level 1:colcon.colcon_core.package_identification:_identify(src/doosan-robot2/dsr_example2/dsr_realtime_control) by extensions ['ignore', 'ignore_ament_install']
[0.578s] Level 1:colcon.colcon_core.package_identification:_identify(src/doosan-robot2/dsr_example2/dsr_realtime_control) by extension 'ignore'
[0.578s] Level 1:colcon.colcon_core.package_identification:_identify(src/doosan-robot2/dsr_example2/dsr_realtime_control) by extension 'ignore_ament_install'
[0.578s] Level 1:colcon.colcon_core.package_identification:_identify(src/doosan-robot2/dsr_example2/dsr_realtime_control) by extensions ['colcon_pkg']
[0.578s] Level 1:colcon.colcon_core.package_identification:_identify(src/doosan-robot2/dsr_example2/dsr_realtime_control) by extension 'colcon_pkg'
[0.578s] Level 1:colcon.colcon_core.package_identification:_identify(src/doosan-robot2/dsr_example2/dsr_realtime_control) by extensions ['colcon_meta']
[0.578s] Level 1:colcon.colcon_core.package_identification:_identify(src/doosan-robot2/dsr_example2/dsr_realtime_control) by extension 'colcon_meta'
[0.578s] Level 1:colcon.colcon_core.package_identification:_identify(src/doosan-robot2/dsr_example2/dsr_realtime_control) by extensions ['ros']
[0.578s] Level 1:colcon.colcon_core.package_identification:_identify(src/doosan-robot2/dsr_example2/dsr_realtime_control) by extension 'ros'
[0.580s] DEBUG:colcon.colcon_core.package_identification:Package 'src/doosan-robot2/dsr_example2/dsr_realtime_control' with type 'ros.ament_cmake' and name 'dsr_realtime_control'
[0.580s] Level 1:colcon.colcon_core.package_identification:_identify(src/doosan-robot2/dsr_example2/dsr_visualservoing) by extensions ['ignore', 'ignore_ament_install']
[0.580s] Level 1:colcon.colcon_core.package_identification:_identify(src/doosan-robot2/dsr_example2/dsr_visualservoing) by extension 'ignore'
[0.580s] Level 1:colcon.colcon_core.package_identification:_identify(src/doosan-robot2/dsr_example2/dsr_visualservoing) by extension 'ignore_ament_install'
[0.580s] Level 1:colcon.colcon_core.package_identification:_identify(src/doosan-robot2/dsr_example2/dsr_visualservoing) by extensions ['colcon_pkg']
[0.580s] Level 1:colcon.colcon_core.package_identification:_identify(src/doosan-robot2/dsr_example2/dsr_visualservoing) by extension 'colcon_pkg'
[0.580s] Level 1:colcon.colcon_core.package_identification:_identify(src/doosan-robot2/dsr_example2/dsr_visualservoing) by extensions ['colcon_meta']
[0.580s] Level 1:colcon.colcon_core.package_identification:_identify(src/doosan-robot2/dsr_example2/dsr_visualservoing) by extension 'colcon_meta'
[0.580s] Level 1:colcon.colcon_core.package_identification:_identify(src/doosan-robot2/dsr_example2/dsr_visualservoing) by extensions ['ros']
[0.580s] Level 1:colcon.colcon_core.package_identification:_identify(src/doosan-robot2/dsr_example2/dsr_visualservoing) by extension 'ros'
[0.581s] DEBUG:colcon.colcon_core.package_identification:Package 'src/doosan-robot2/dsr_example2/dsr_visualservoing' with type 'ros.ament_python' and name 'dsr_visualservoing'
[0.581s] Level 1:colcon.colcon_core.package_identification:_identify(src/doosan-robot2/dsr_gazebo2) by extensions ['ignore', 'ignore_ament_install']
[0.581s] Level 1:colcon.colcon_core.package_identification:_identify(src/doosan-robot2/dsr_gazebo2) by extension 'ignore'
[0.582s] Level 1:colcon.colcon_core.package_identification:_identify(src/doosan-robot2/dsr_gazebo2) by extension 'ignore_ament_install'
[0.582s] Level 1:colcon.colcon_core.package_identification:_identify(src/doosan-robot2/dsr_gazebo2) by extensions ['colcon_pkg']
[0.582s] Level 1:colcon.colcon_core.package_identification:_identify(src/doosan-robot2/dsr_gazebo2) by extension 'colcon_pkg'
[0.582s] Level 1:colcon.colcon_core.package_identification:_identify(src/doosan-robot2/dsr_gazebo2) by extensions ['colcon_meta']
[0.582s] Level 1:colcon.colcon_core.package_identification:_identify(src/doosan-robot2/dsr_gazebo2) by extension 'colcon_meta'
[0.582s] Level 1:colcon.colcon_core.package_identification:_identify(src/doosan-robot2/dsr_gazebo2) by extensions ['ros']
[0.582s] Level 1:colcon.colcon_core.package_identification:_identify(src/doosan-robot2/dsr_gazebo2) by extension 'ros'
[0.583s] DEBUG:colcon.colcon_core.package_identification:Package 'src/doosan-robot2/dsr_gazebo2' with type 'ros.ament_cmake' and name 'dsr_gazebo2'
[0.583s] Level 1:colcon.colcon_core.package_identification:_identify(src/doosan-robot2/dsr_hardware2) by extensions ['ignore', 'ignore_ament_install']
[0.583s] Level 1:colcon.colcon_core.package_identification:_identify(src/doosan-robot2/dsr_hardware2) by extension 'ignore'
[0.583s] Level 1:colcon.colcon_core.package_identification:_identify(src/doosan-robot2/dsr_hardware2) by extension 'ignore_ament_install'
[0.583s] Level 1:colcon.colcon_core.package_identification:_identify(src/doosan-robot2/dsr_hardware2) by extensions ['colcon_pkg']
[0.584s] Level 1:colcon.colcon_core.package_identification:_identify(src/doosan-robot2/dsr_hardware2) by extension 'colcon_pkg'
[0.584s] Level 1:colcon.colcon_core.package_identification:_identify(src/doosan-robot2/dsr_hardware2) by extensions ['colcon_meta']
[0.584s] Level 1:colcon.colcon_core.package_identification:_identify(src/doosan-robot2/dsr_hardware2) by extension 'colcon_meta'
[0.584s] Level 1:colcon.colcon_core.package_identification:_identify(src/doosan-robot2/dsr_hardware2) by extensions ['ros']
[0.584s] Level 1:colcon.colcon_core.package_identification:_identify(src/doosan-robot2/dsr_hardware2) by extension 'ros'
[0.586s] DEBUG:colcon.colcon_core.package_identification:Package 'src/doosan-robot2/dsr_hardware2' with type 'ros.ament_cmake' and name 'dsr_hardware2'
[0.586s] Level 1:colcon.colcon_core.package_identification:_identify(src/doosan-robot2/dsr_moveit2) by extensions ['ignore', 'ignore_ament_install']
[0.586s] Level 1:colcon.colcon_core.package_identification:_identify(src/doosan-robot2/dsr_moveit2) by extension 'ignore'
[0.587s] Level 1:colcon.colcon_core.package_identification:_identify(src/doosan-robot2/dsr_moveit2) by extension 'ignore_ament_install'
[0.587s] Level 1:colcon.colcon_core.package_identification:_identify(src/doosan-robot2/dsr_moveit2) by extensions ['colcon_pkg']
[0.587s] Level 1:colcon.colcon_core.package_identification:_identify(src/doosan-robot2/dsr_moveit2) by extension 'colcon_pkg'
[0.587s] Level 1:colcon.colcon_core.package_identification:_identify(src/doosan-robot2/dsr_moveit2) by extensions ['colcon_meta']
[0.587s] Level 1:colcon.colcon_core.package_identification:_identify(src/doosan-robot2/dsr_moveit2) by extension 'colcon_meta'
[0.587s] Level 1:colcon.colcon_core.package_identification:_identify(src/doosan-robot2/dsr_moveit2) by extensions ['ros']
[0.587s] Level 1:colcon.colcon_core.package_identification:_identify(src/doosan-robot2/dsr_moveit2) by extension 'ros'
[0.587s] Level 1:colcon.colcon_core.package_identification:_identify(src/doosan-robot2/dsr_moveit2) by extensions ['cmake', 'python']
[0.587s] Level 1:colcon.colcon_core.package_identification:_identify(src/doosan-robot2/dsr_moveit2) by extension 'cmake'
[0.587s] Level 1:colcon.colcon_core.package_identification:_identify(src/doosan-robot2/dsr_moveit2) by extension 'python'
[0.587s] Level 1:colcon.colcon_core.package_identification:_identify(src/doosan-robot2/dsr_moveit2) by extensions ['python_setup_py']
[0.587s] Level 1:colcon.colcon_core.package_identification:_identify(src/doosan-robot2/dsr_moveit2) by extension 'python_setup_py'
[0.587s] Level 1:colcon.colcon_core.package_identification:_identify(src/doosan-robot2/dsr_moveit2/dsr_moveit_config_a0509) by extensions ['ignore', 'ignore_ament_install']
[0.588s] Level 1:colcon.colcon_core.package_identification:_identify(src/doosan-robot2/dsr_moveit2/dsr_moveit_config_a0509) by extension 'ignore'
[0.588s] Level 1:colcon.colcon_core.package_identification:_identify(src/doosan-robot2/dsr_moveit2/dsr_moveit_config_a0509) by extension 'ignore_ament_install'
[0.588s] Level 1:colcon.colcon_core.package_identification:_identify(src/doosan-robot2/dsr_moveit2/dsr_moveit_config_a0509) by extensions ['colcon_pkg']
[0.588s] Level 1:colcon.colcon_core.package_identification:_identify(src/doosan-robot2/dsr_moveit2/dsr_moveit_config_a0509) by extension 'colcon_pkg'
[0.588s] Level 1:colcon.colcon_core.package_identification:_identify(src/doosan-robot2/dsr_moveit2/dsr_moveit_config_a0509) by extensions ['colcon_meta']
[0.588s] Level 1:colcon.colcon_core.package_identification:_identify(src/doosan-robot2/dsr_moveit2/dsr_moveit_config_a0509) by extension 'colcon_meta'
[0.588s] Level 1:colcon.colcon_core.package_identification:_identify(src/doosan-robot2/dsr_moveit2/dsr_moveit_config_a0509) by extensions ['ros']
[0.588s] Level 1:colcon.colcon_core.package_identification:_identify(src/doosan-robot2/dsr_moveit2/dsr_moveit_config_a0509) by extension 'ros'
[0.589s] DEBUG:colcon.colcon_core.package_identification:Package 'src/doosan-robot2/dsr_moveit2/dsr_moveit_config_a0509' with type 'ros.ament_cmake' and name 'dsr_moveit_config_a0509'
[0.589s] Level 1:colcon.colcon_core.package_identification:_identify(src/doosan-robot2/dsr_moveit2/dsr_moveit_config_a0912) by extensions ['ignore', 'ignore_ament_install']
[0.589s] Level 1:colcon.colcon_core.package_identification:_identify(src/doosan-robot2/dsr_moveit2/dsr_moveit_config_a0912) by extension 'ignore'
[0.589s] Level 1:colcon.colcon_core.package_identification:_identify(src/doosan-robot2/dsr_moveit2/dsr_moveit_config_a0912) by extension 'ignore_ament_install'
[0.589s] Level 1:colcon.colcon_core.package_identification:_identify(src/doosan-robot2/dsr_moveit2/dsr_moveit_config_a0912) by extensions ['colcon_pkg']
[0.589s] Level 1:colcon.colcon_core.package_identification:_identify(src/doosan-robot2/dsr_moveit2/dsr_moveit_config_a0912) by extension 'colcon_pkg'
[0.589s] Level 1:colcon.colcon_core.package_identification:_identify(src/doosan-robot2/dsr_moveit2/dsr_moveit_config_a0912) by extensions ['colcon_meta']
[0.589s] Level 1:colcon.colcon_core.package_identification:_identify(src/doosan-robot2/dsr_moveit2/dsr_moveit_config_a0912) by extension 'colcon_meta'
[0.589s] Level 1:colcon.colcon_core.package_identification:_identify(src/doosan-robot2/dsr_moveit2/dsr_moveit_config_a0912) by extensions ['ros']
[0.590s] Level 1:colcon.colcon_core.package_identification:_identify(src/doosan-robot2/dsr_moveit2/dsr_moveit_config_a0912) by extension 'ros'
[0.590s] DEBUG:colcon.colcon_core.package_identification:Package 'src/doosan-robot2/dsr_moveit2/dsr_moveit_config_a0912' with type 'ros.ament_cmake' and name 'dsr_moveit_config_a0912'
[0.590s] Level 1:colcon.colcon_core.package_identification:_identify(src/doosan-robot2/dsr_moveit2/dsr_moveit_config_e0509) by extensions ['ignore', 'ignore_ament_install']
[0.591s] Level 1:colcon.colcon_core.package_identification:_identify(src/doosan-robot2/dsr_moveit2/dsr_moveit_config_e0509) by extension 'ignore'
[0.591s] Level 1:colcon.colcon_core.package_identification:_identify(src/doosan-robot2/dsr_moveit2/dsr_moveit_config_e0509) by extension 'ignore_ament_install'
[0.591s] Level 1:colcon.colcon_core.package_identification:_identify(src/doosan-robot2/dsr_moveit2/dsr_moveit_config_e0509) by extensions ['colcon_pkg']
[0.591s] Level 1:colcon.colcon_core.package_identification:_identify(src/doosan-robot2/dsr_moveit2/dsr_moveit_config_e0509) by extension 'colcon_pkg'
[0.591s] Level 1:colcon.colcon_core.package_identification:_identify(src/doosan-robot2/dsr_moveit2/dsr_moveit_config_e0509) by extensions ['colcon_meta']
[0.591s] Level 1:colcon.colcon_core.package_identification:_identify(src/doosan-robot2/dsr_moveit2/dsr_moveit_config_e0509) by extension 'colcon_meta'
[0.591s] Level 1:colcon.colcon_core.package_identification:_identify(src/doosan-robot2/dsr_moveit2/dsr_moveit_config_e0509) by extensions ['ros']
[0.591s] Level 1:colcon.colcon_core.package_identification:_identify(src/doosan-robot2/dsr_moveit2/dsr_moveit_config_e0509) by extension 'ros'
[0.592s] DEBUG:colcon.colcon_core.package_identification:Package 'src/doosan-robot2/dsr_moveit2/dsr_moveit_config_e0509' with type 'ros.ament_cmake' and name 'dsr_moveit_config_e0509'
[0.592s] Level 1:colcon.colcon_core.package_identification:_identify(src/doosan-robot2/dsr_moveit2/dsr_moveit_config_h2017) by extensions ['ignore', 'ignore_ament_install']
[0.592s] Level 1:colcon.colcon_core.package_identification:_identify(src/doosan-robot2/dsr_moveit2/dsr_moveit_config_h2017) by extension 'ignore'
[0.592s] Level 1:colcon.colcon_core.package_identification:_identify(src/doosan-robot2/dsr_moveit2/dsr_moveit_config_h2017) by extension 'ignore_ament_install'
[0.592s] Level 1:colcon.colcon_core.package_identification:_identify(src/doosan-robot2/dsr_moveit2/dsr_moveit_config_h2017) by extensions ['colcon_pkg']
[0.592s] Level 1:colcon.colcon_core.package_identification:_identify(src/doosan-robot2/dsr_moveit2/dsr_moveit_config_h2017) by extension 'colcon_pkg'
[0.592s] Level 1:colcon.colcon_core.package_identification:_identify(src/doosan-robot2/dsr_moveit2/dsr_moveit_config_h2017) by extensions ['colcon_meta']
[0.592s] Level 1:colcon.colcon_core.package_identification:_identify(src/doosan-robot2/dsr_moveit2/dsr_moveit_config_h2017) by extension 'colcon_meta'
[0.592s] Level 1:colcon.colcon_core.package_identification:_identify(src/doosan-robot2/dsr_moveit2/dsr_moveit_config_h2017) by extensions ['ros']
[0.592s] Level 1:colcon.colcon_core.package_identification:_identify(src/doosan-robot2/dsr_moveit2/dsr_moveit_config_h2017) by extension 'ros'
[0.593s] DEBUG:colcon.colcon_core.package_identification:Package 'src/doosan-robot2/dsr_moveit2/dsr_moveit_config_h2017' with type 'ros.ament_cmake' and name 'dsr_moveit_config_h2017'
[0.593s] Level 1:colcon.colcon_core.package_identification:_identify(src/doosan-robot2/dsr_moveit2/dsr_moveit_config_h2515) by extensions ['ignore', 'ignore_ament_install']
[0.593s] Level 1:colcon.colcon_core.package_identification:_identify(src/doosan-robot2/dsr_moveit2/dsr_moveit_config_h2515) by extension 'ignore'
[0.594s] Level 1:colcon.colcon_core.package_identification:_identify(src/doosan-robot2/dsr_moveit2/dsr_moveit_config_h2515) by extension 'ignore_ament_install'
[0.594s] Level 1:colcon.colcon_core.package_identification:_identify(src/doosan-robot2/dsr_moveit2/dsr_moveit_config_h2515) by extensions ['colcon_pkg']
[0.594s] Level 1:colcon.colcon_core.package_identification:_identify(src/doosan-robot2/dsr_moveit2/dsr_moveit_config_h2515) by extension 'colcon_pkg'
[0.594s] Level 1:colcon.colcon_core.package_identification:_identify(src/doosan-robot2/dsr_moveit2/dsr_moveit_config_h2515) by extensions ['colcon_meta']
[0.594s] Level 1:colcon.colcon_core.package_identification:_identify(src/doosan-robot2/dsr_moveit2/dsr_moveit_config_h2515) by extension 'colcon_meta'
[0.594s] Level 1:colcon.colcon_core.package_identification:_identify(src/doosan-robot2/dsr_moveit2/dsr_moveit_config_h2515) by extensions ['ros']
[0.594s] Level 1:colcon.colcon_core.package_identification:_identify(src/doosan-robot2/dsr_moveit2/dsr_moveit_config_h2515) by extension 'ros'
[0.595s] DEBUG:colcon.colcon_core.package_identification:Package 'src/doosan-robot2/dsr_moveit2/dsr_moveit_config_h2515' with type 'ros.ament_cmake' and name 'dsr_moveit_config_h2515'
[0.595s] Level 1:colcon.colcon_core.package_identification:_identify(src/doosan-robot2/dsr_moveit2/dsr_moveit_config_m0609) by extensions ['ignore', 'ignore_ament_install']
[0.595s] Level 1:colcon.colcon_core.package_identification:_identify(src/doosan-robot2/dsr_moveit2/dsr_moveit_config_m0609) by extension 'ignore'
[0.595s] Level 1:colcon.colcon_core.package_identification:_identify(src/doosan-robot2/dsr_moveit2/dsr_moveit_config_m0609) by extension 'ignore_ament_install'
[0.596s] Level 1:colcon.colcon_core.package_identification:_identify(src/doosan-robot2/dsr_moveit2/dsr_moveit_config_m0609) by extensions ['colcon_pkg']
[0.596s] Level 1:colcon.colcon_core.package_identification:_identify(src/doosan-robot2/dsr_moveit2/dsr_moveit_config_m0609) by extension 'colcon_pkg'
[0.596s] Level 1:colcon.colcon_core.package_identification:_identify(src/doosan-robot2/dsr_moveit2/dsr_moveit_config_m0609) by extensions ['colcon_meta']
[0.596s] Level 1:colcon.colcon_core.package_identification:_identify(src/doosan-robot2/dsr_moveit2/dsr_moveit_config_m0609) by extension 'colcon_meta'
[0.596s] Level 1:colcon.colcon_core.package_identification:_identify(src/doosan-robot2/dsr_moveit2/dsr_moveit_config_m0609) by extensions ['ros']
[0.596s] Level 1:colcon.colcon_core.package_identification:_identify(src/doosan-robot2/dsr_moveit2/dsr_moveit_config_m0609) by extension 'ros'
[0.597s] DEBUG:colcon.colcon_core.package_identification:Package 'src/doosan-robot2/dsr_moveit2/dsr_moveit_config_m0609' with type 'ros.ament_cmake' and name 'dsr_moveit_config_m0609'
[0.597s] Level 1:colcon.colcon_core.package_identification:_identify(src/doosan-robot2/dsr_moveit2/dsr_moveit_config_m0617) by extensions ['ignore', 'ignore_ament_install']
[0.597s] Level 1:colcon.colcon_core.package_identification:_identify(src/doosan-robot2/dsr_moveit2/dsr_moveit_config_m0617) by extension 'ignore'
[0.597s] Level 1:colcon.colcon_core.package_identification:_identify(src/doosan-robot2/dsr_moveit2/dsr_moveit_config_m0617) by extension 'ignore_ament_install'
[0.598s] Level 1:colcon.colcon_core.package_identification:_identify(src/doosan-robot2/dsr_moveit2/dsr_moveit_config_m0617) by extensions ['colcon_pkg']
[0.598s] Level 1:colcon.colcon_core.package_identification:_identify(src/doosan-robot2/dsr_moveit2/dsr_moveit_config_m0617) by extension 'colcon_pkg'
[0.598s] Level 1:colcon.colcon_core.package_identification:_identify(src/doosan-robot2/dsr_moveit2/dsr_moveit_config_m0617) by extensions ['colcon_meta']
[0.598s] Level 1:colcon.colcon_core.package_identification:_identify(src/doosan-robot2/dsr_moveit2/dsr_moveit_config_m0617) by extension 'colcon_meta'
[0.598s] Level 1:colcon.colcon_core.package_identification:_identify(src/doosan-robot2/dsr_moveit2/dsr_moveit_config_m0617) by extensions ['ros']
[0.598s] Level 1:colcon.colcon_core.package_identification:_identify(src/doosan-robot2/dsr_moveit2/dsr_moveit_config_m0617) by extension 'ros'
[0.599s] DEBUG:colcon.colcon_core.package_identification:Package 'src/doosan-robot2/dsr_moveit2/dsr_moveit_config_m0617' with type 'ros.ament_cmake' and name 'dsr_moveit_config_m0617'
[0.599s] Level 1:colcon.colcon_core.package_identification:_identify(src/doosan-robot2/dsr_moveit2/dsr_moveit_config_m1013) by extensions ['ignore', 'ignore_ament_install']
[0.599s] Level 1:colcon.colcon_core.package_identification:_identify(src/doosan-robot2/dsr_moveit2/dsr_moveit_config_m1013) by extension 'ignore'
[0.599s] Level 1:colcon.colcon_core.package_identification:_identify(src/doosan-robot2/dsr_moveit2/dsr_moveit_config_m1013) by extension 'ignore_ament_install'
[0.599s] Level 1:colcon.colcon_core.package_identification:_identify(src/doosan-robot2/dsr_moveit2/dsr_moveit_config_m1013) by extensions ['colcon_pkg']
[0.599s] Level 1:colcon.colcon_core.package_identification:_identify(src/doosan-robot2/dsr_moveit2/dsr_moveit_config_m1013) by extension 'colcon_pkg'
[0.599s] Level 1:colcon.colcon_core.package_identification:_identify(src/doosan-robot2/dsr_moveit2/dsr_moveit_config_m1013) by extensions ['colcon_meta']
[0.599s] Level 1:colcon.colcon_core.package_identification:_identify(src/doosan-robot2/dsr_moveit2/dsr_moveit_config_m1013) by extension 'colcon_meta'
[0.599s] Level 1:colcon.colcon_core.package_identification:_identify(src/doosan-robot2/dsr_moveit2/dsr_moveit_config_m1013) by extensions ['ros']
[0.599s] Level 1:colcon.colcon_core.package_identification:_identify(src/doosan-robot2/dsr_moveit2/dsr_moveit_config_m1013) by extension 'ros'
[0.600s] DEBUG:colcon.colcon_core.package_identification:Package 'src/doosan-robot2/dsr_moveit2/dsr_moveit_config_m1013' with type 'ros.ament_cmake' and name 'dsr_moveit_config_m1013'
[0.600s] Level 1:colcon.colcon_core.package_identification:_identify(src/doosan-robot2/dsr_moveit2/dsr_moveit_config_m1509) by extensions ['ignore', 'ignore_ament_install']
[0.601s] Level 1:colcon.colcon_core.package_identification:_identify(src/doosan-robot2/dsr_moveit2/dsr_moveit_config_m1509) by extension 'ignore'
[0.601s] Level 1:colcon.colcon_core.package_identification:_identify(src/doosan-robot2/dsr_moveit2/dsr_moveit_config_m1509) by extension 'ignore_ament_install'
[0.601s] Level 1:colcon.colcon_core.package_identification:_identify(src/doosan-robot2/dsr_moveit2/dsr_moveit_config_m1509) by extensions ['colcon_pkg']
[0.601s] Level 1:colcon.colcon_core.package_identification:_identify(src/doosan-robot2/dsr_moveit2/dsr_moveit_config_m1509) by extension 'colcon_pkg'
[0.601s] Level 1:colcon.colcon_core.package_identification:_identify(src/doosan-robot2/dsr_moveit2/dsr_moveit_config_m1509) by extensions ['colcon_meta']
[0.601s] Level 1:colcon.colcon_core.package_identification:_identify(src/doosan-robot2/dsr_moveit2/dsr_moveit_config_m1509) by extension 'colcon_meta'
[0.601s] Level 1:colcon.colcon_core.package_identification:_identify(src/doosan-robot2/dsr_moveit2/dsr_moveit_config_m1509) by extensions ['ros']
[0.601s] Level 1:colcon.colcon_core.package_identification:_identify(src/doosan-robot2/dsr_moveit2/dsr_moveit_config_m1509) by extension 'ros'
[0.602s] DEBUG:colcon.colcon_core.package_identification:Package 'src/doosan-robot2/dsr_moveit2/dsr_moveit_config_m1509' with type 'ros.ament_cmake' and name 'dsr_moveit_config_m1509'
[0.602s] Level 1:colcon.colcon_core.package_identification:_identify(src/doosan-robot2/dsr_moveit2/dsr_moveit_config_p3020) by extensions ['ignore', 'ignore_ament_install']
[0.602s] Level 1:colcon.colcon_core.package_identification:_identify(src/doosan-robot2/dsr_moveit2/dsr_moveit_config_p3020) by extension 'ignore'
[0.602s] Level 1:colcon.colcon_core.package_identification:_identify(src/doosan-robot2/dsr_moveit2/dsr_moveit_config_p3020) by extension 'ignore_ament_install'
[0.602s] Level 1:colcon.colcon_core.package_identification:_identify(src/doosan-robot2/dsr_moveit2/dsr_moveit_config_p3020) by extensions ['colcon_pkg']
[0.602s] Level 1:colcon.colcon_core.package_identification:_identify(src/doosan-robot2/dsr_moveit2/dsr_moveit_config_p3020) by extension 'colcon_pkg'
[0.602s] Level 1:colcon.colcon_core.package_identification:_identify(src/doosan-robot2/dsr_moveit2/dsr_moveit_config_p3020) by extensions ['colcon_meta']
[0.602s] Level 1:colcon.colcon_core.package_identification:_identify(src/doosan-robot2/dsr_moveit2/dsr_moveit_config_p3020) by extension 'colcon_meta'
[0.602s] Level 1:colcon.colcon_core.package_identification:_identify(src/doosan-robot2/dsr_moveit2/dsr_moveit_config_p3020) by extensions ['ros']
[0.602s] Level 1:colcon.colcon_core.package_identification:_identify(src/doosan-robot2/dsr_moveit2/dsr_moveit_config_p3020) by extension 'ros'
[0.603s] DEBUG:colcon.colcon_core.package_identification:Package 'src/doosan-robot2/dsr_moveit2/dsr_moveit_config_p3020' with type 'ros.ament_cmake' and name 'dsr_moveit_config_p3020'
[0.603s] Level 1:colcon.colcon_core.package_identification:_identify(src/doosan-robot2/dsr_msgs2) by extensions ['ignore', 'ignore_ament_install']
[0.603s] Level 1:colcon.colcon_core.package_identification:_identify(src/doosan-robot2/dsr_msgs2) by extension 'ignore'
[0.604s] Level 1:colcon.colcon_core.package_identification:_identify(src/doosan-robot2/dsr_msgs2) by extension 'ignore_ament_install'
[0.604s] Level 1:colcon.colcon_core.package_identification:_identify(src/doosan-robot2/dsr_msgs2) by extensions ['colcon_pkg']
[0.604s] Level 1:colcon.colcon_core.package_identification:_identify(src/doosan-robot2/dsr_msgs2) by extension 'colcon_pkg'
[0.604s] Level 1:colcon.colcon_core.package_identification:_identify(src/doosan-robot2/dsr_msgs2) by extensions ['colcon_meta']
[0.604s] Level 1:colcon.colcon_core.package_identification:_identify(src/doosan-robot2/dsr_msgs2) by extension 'colcon_meta'
[0.604s] Level 1:colcon.colcon_core.package_identification:_identify(src/doosan-robot2/dsr_msgs2) by extensions ['ros']
[0.604s] Level 1:colcon.colcon_core.package_identification:_identify(src/doosan-robot2/dsr_msgs2) by extension 'ros'
[0.605s] DEBUG:colcon.colcon_core.package_identification:Package 'src/doosan-robot2/dsr_msgs2' with type 'ros.ament_cmake' and name 'dsr_msgs2'
[0.605s] Level 1:colcon.colcon_core.package_identification:_identify(src/doosan-robot2/dsr_mujoco) by extensions ['ignore', 'ignore_ament_install']
[0.605s] Level 1:colcon.colcon_core.package_identification:_identify(src/doosan-robot2/dsr_mujoco) by extension 'ignore'
[0.605s] Level 1:colcon.colcon_core.package_identification:_identify(src/doosan-robot2/dsr_mujoco) by extension 'ignore_ament_install'
[0.605s] Level 1:colcon.colcon_core.package_identification:_identify(src/doosan-robot2/dsr_mujoco) by extensions ['colcon_pkg']
[0.605s] Level 1:colcon.colcon_core.package_identification:_identify(src/doosan-robot2/dsr_mujoco) by extension 'colcon_pkg'
[0.605s] Level 1:colcon.colcon_core.package_identification:_identify(src/doosan-robot2/dsr_mujoco) by extensions ['colcon_meta']
[0.605s] Level 1:colcon.colcon_core.package_identification:_identify(src/doosan-robot2/dsr_mujoco) by extension 'colcon_meta'
[0.606s] Level 1:colcon.colcon_core.package_identification:_identify(src/doosan-robot2/dsr_mujoco) by extensions ['ros']
[0.606s] Level 1:colcon.colcon_core.package_identification:_identify(src/doosan-robot2/dsr_mujoco) by extension 'ros'
[0.608s] DEBUG:colcon.colcon_core.package_identification:Package 'src/doosan-robot2/dsr_mujoco' with type 'ros.ament_cmake' and name 'dsr_mujoco'
[0.608s] Level 1:colcon.colcon_core.package_identification:_identify(src/doosan-robot2/dsr_tests) by extensions ['ignore', 'ignore_ament_install']
[0.608s] Level 1:colcon.colcon_core.package_identification:_identify(src/doosan-robot2/dsr_tests) by extension 'ignore'
[0.608s] Level 1:colcon.colcon_core.package_identification:_identify(src/doosan-robot2/dsr_tests) by extension 'ignore_ament_install'
[0.608s] Level 1:colcon.colcon_core.package_identification:_identify(src/doosan-robot2/dsr_tests) by extensions ['colcon_pkg']
[0.608s] Level 1:colcon.colcon_core.package_identification:_identify(src/doosan-robot2/dsr_tests) by extension 'colcon_pkg'
[0.608s] Level 1:colcon.colcon_core.package_identification:_identify(src/doosan-robot2/dsr_tests) by extensions ['colcon_meta']
[0.609s] Level 1:colcon.colcon_core.package_identification:_identify(src/doosan-robot2/dsr_tests) by extension 'colcon_meta'
[0.609s] Level 1:colcon.colcon_core.package_identification:_identify(src/doosan-robot2/dsr_tests) by extensions ['ros']
[0.609s] Level 1:colcon.colcon_core.package_identification:_identify(src/doosan-robot2/dsr_tests) by extension 'ros'
[0.610s] DEBUG:colcon.colcon_core.package_identification:Package 'src/doosan-robot2/dsr_tests' with type 'ros.ament_python' and name 'dsr_tests'
[0.610s] Level 1:colcon.colcon_core.package_discovery:discover_packages(recursive) using defaults
[0.610s] Level 1:colcon.colcon_core.package_discovery:discover_packages(ignore) discover
[0.610s] Level 1:colcon.colcon_core.package_discovery:discover_packages(ignore) using defaults
[0.610s] Level 1:colcon.colcon_core.package_discovery:discover_packages(path) discover
[0.610s] Level 1:colcon.colcon_core.package_discovery:discover_packages(path) using defaults
[0.647s] INFO:colcon.colcon_core.package_selection:Skipping not selected package 'dsr_common2' in 'src/doosan-robot2/dsr_common2'
[0.647s] INFO:colcon.colcon_core.package_selection:Skipping not selected package 'dsr_description2' in 'src/doosan-robot2/dsr_description2'
[0.648s] INFO:colcon.colcon_core.package_selection:Skipping not selected package 'dsr_moveit_config_a0509' in 'src/doosan-robot2/dsr_moveit2/dsr_moveit_config_a0509'
[0.648s] INFO:colcon.colcon_core.package_selection:Skipping not selected package 'dsr_moveit_config_a0912' in 'src/doosan-robot2/dsr_moveit2/dsr_moveit_config_a0912'
[0.648s] INFO:colcon.colcon_core.package_selection:Skipping not selected package 'dsr_moveit_config_e0509' in 'src/doosan-robot2/dsr_moveit2/dsr_moveit_config_e0509'
[0.648s] INFO:colcon.colcon_core.package_selection:Skipping not selected package 'dsr_moveit_config_h2017' in 'src/doosan-robot2/dsr_moveit2/dsr_moveit_config_h2017'
[0.648s] INFO:colcon.colcon_core.package_selection:Skipping not selected package 'dsr_moveit_config_h2515' in 'src/doosan-robot2/dsr_moveit2/dsr_moveit_config_h2515'
[0.648s] INFO:colcon.colcon_core.package_selection:Skipping not selected package 'dsr_moveit_config_m0609' in 'src/doosan-robot2/dsr_moveit2/dsr_moveit_config_m0609'
[0.648s] INFO:colcon.colcon_core.package_selection:Skipping not selected package 'dsr_moveit_config_m0617' in 'src/doosan-robot2/dsr_moveit2/dsr_moveit_config_m0617'
[0.648s] INFO:colcon.colcon_core.package_selection:Skipping not selected package 'dsr_moveit_config_m1013' in 'src/doosan-robot2/dsr_moveit2/dsr_moveit_config_m1013'
[0.648s] INFO:colcon.colcon_core.package_selection:Skipping not selected package 'dsr_moveit_config_m1509' in 'src/doosan-robot2/dsr_moveit2/dsr_moveit_config_m1509'
[0.648s] INFO:colcon.colcon_core.package_selection:Skipping not selected package 'dsr_moveit_config_p3020' in 'src/doosan-robot2/dsr_moveit2/dsr_moveit_config_p3020'
[0.648s] INFO:colcon.colcon_core.package_selection:Skipping not selected package 'dsr_msgs2' in 'src/doosan-robot2/dsr_msgs2'
[0.648s] INFO:colcon.colcon_core.package_selection:Skipping not selected package 'dsr_mujoco' in 'src/doosan-robot2/dsr_mujoco'
[0.648s] INFO:colcon.colcon_core.package_selection:Skipping not selected package 'dsr_visualservoing' in 'src/doosan-robot2/dsr_example2/dsr_visualservoing'
[0.648s] INFO:colcon.colcon_core.package_selection:Skipping not selected package 'dsr_bringup2' in 'src/doosan-robot2/dsr_bringup2'
[0.648s] INFO:colcon.colcon_core.package_selection:Skipping not selected package 'dsr_example' in 'src/doosan-robot2/dsr_example2/dsr_example'
[0.648s] INFO:colcon.colcon_core.package_selection:Skipping not selected package 'dsr_gazebo2' in 'src/doosan-robot2/dsr_gazebo2'
[0.648s] INFO:colcon.colcon_core.package_selection:Skipping not selected package 'dsr_hardware2' in 'src/doosan-robot2/dsr_hardware2'
[0.648s] INFO:colcon.colcon_core.package_selection:Skipping not selected package 'dsr_realtime_control' in 'src/doosan-robot2/dsr_example2/dsr_realtime_control'
[0.648s] INFO:colcon.colcon_core.package_selection:Skipping not selected package 'dsr_controller2' in 'src/doosan-robot2/dsr_controller2'
[0.648s] INFO:colcon.colcon_core.package_selection:Skipping not selected package 'dsr_tests' in 'src/doosan-robot2/dsr_tests'
[0.649s] Level 1:colcon.colcon_core.package_discovery:discover_packages(prefix_path) check parameters
[0.649s] Level 1:colcon.colcon_core.package_discovery:discover_packages(prefix_path) discover
[0.653s] DEBUG:colcon.colcon_installed_package_information.package_discovery:Found 23 installed packages in /home/rokey/cobot_ws/install
[0.655s] DEBUG:colcon.colcon_installed_package_information.package_discovery:Found 311 installed packages in /opt/ros/humble
[0.657s] Level 1:colcon.colcon_core.package_discovery:discover_packages(prefix_path) using defaults
[0.718s] Level 5:colcon.colcon_core.verb:set package 'cobot1' build argument 'cmake_args' from command line to 'None'
[0.718s] Level 5:colcon.colcon_core.verb:set package 'cobot1' build argument 'cmake_target' from command line to 'None'
[0.718s] Level 5:colcon.colcon_core.verb:set package 'cobot1' build argument 'cmake_target_skip_unavailable' from command line to 'False'
[0.718s] Level 5:colcon.colcon_core.verb:set package 'cobot1' build argument 'cmake_clean_cache' from command line to 'False'
[0.718s] Level 5:colcon.colcon_core.verb:set package 'cobot1' build argument 'cmake_clean_first' from command line to 'False'
[0.718s] Level 5:colcon.colcon_core.verb:set package 'cobot1' build argument 'cmake_force_configure' from command line to 'False'
[0.718s] Level 5:colcon.colcon_core.verb:set package 'cobot1' build argument 'ament_cmake_args' from command line to 'None'
[0.718s] Level 5:colcon.colcon_core.verb:set package 'cobot1' build argument 'catkin_cmake_args' from command line to 'None'
[0.718s] Level 5:colcon.colcon_core.verb:set package 'cobot1' build argument 'catkin_skip_building_tests' from command line to 'False'
[0.718s] DEBUG:colcon.colcon_core.verb:Building package 'cobot1' with the following arguments: {'ament_cmake_args': None, 'build_base': '/home/rokey/cobot_ws/build/cobot1', 'catkin_cmake_args': None, 'catkin_skip_building_tests': False, 'cmake_args': None, 'cmake_clean_cache': False, 'cmake_clean_first': False, 'cmake_force_configure': False, 'cmake_target': None, 'cmake_target_skip_unavailable': False, 'install_base': '/home/rokey/cobot_ws/install/cobot1', 'merge_install': False, 'path': '/home/rokey/cobot_ws/src/cobot1', 'symlink_install': True, 'test_result_base': None}
[0.718s] INFO:colcon.colcon_core.executor:Executing jobs using 'parallel' executor
[0.719s] DEBUG:colcon.colcon_parallel_executor.executor.parallel:run_until_complete
[0.720s] INFO:colcon.colcon_ros.task.ament_python.build:Building ROS package in '/home/rokey/cobot_ws/src/cobot1' with build type 'ament_python'
[0.720s] Level 1:colcon.colcon_core.shell:create_environment_hook('cobot1', 'ament_prefix_path')
[0.727s] INFO:colcon.colcon_core.plugin_system:Skipping extension 'colcon_core.shell.bat': Not used on non-Windows systems
[0.727s] INFO:colcon.colcon_core.shell:Creating environment hook '/home/rokey/cobot_ws/install/cobot1/share/cobot1/hook/ament_prefix_path.ps1'
[0.728s] INFO:colcon.colcon_core.shell:Creating environment descriptor '/home/rokey/cobot_ws/install/cobot1/share/cobot1/hook/ament_prefix_path.dsv'
[0.729s] INFO:colcon.colcon_core.shell:Creating environment hook '/home/rokey/cobot_ws/install/cobot1/share/cobot1/hook/ament_prefix_path.sh'
[0.730s] INFO:colcon.colcon_core.shell:Skip shell extension 'powershell' for command environment: Not usable outside of PowerShell
[0.730s] DEBUG:colcon.colcon_core.shell:Skip shell extension 'dsv' for command environment
[1.101s] INFO:colcon.colcon_core.task.python.build:Building Python package in '/home/rokey/cobot_ws/src/cobot1'
[1.101s] INFO:colcon.colcon_core.shell:Skip shell extension 'powershell' for command environment: Not usable outside of PowerShell
[1.101s] DEBUG:colcon.colcon_core.shell:Skip shell extension 'dsv' for command environment
[1.678s] DEBUG:colcon.colcon_core.event_handler.log_command:Invoking command in '/home/rokey/cobot_ws/build/cobot1': PYTHONPATH=/home/rokey/cobot_ws/build/cobot1/prefix_override:/usr/lib/python3/dist-packages/colcon_core/task/python/colcon_distutils_commands:/home/rokey/cobot_ws/install/cobot1/lib/python3.10/site-packages:${PYTHONPATH} /usr/bin/python3 -W ignore:setup.py install is deprecated -W ignore:easy_install command is deprecated setup.py develop --editable --build-directory /home/rokey/cobot_ws/build/cobot1/build --no-deps symlink_data
[2.303s] Level 1:colcon.colcon_core.shell:create_environment_hook('cobot1', 'pythonpath_develop')
[2.304s] INFO:colcon.colcon_core.shell:Creating environment hook '/home/rokey/cobot_ws/build/cobot1/share/cobot1/hook/pythonpath_develop.ps1'
[2.304s] DEBUG:colcon.colcon_core.event_handler.log_command:Invoked command in '/home/rokey/cobot_ws/build/cobot1' returned '0': PYTHONPATH=/home/rokey/cobot_ws/build/cobot1/prefix_override:/usr/lib/python3/dist-packages/colcon_core/task/python/colcon_distutils_commands:/home/rokey/cobot_ws/install/cobot1/lib/python3.10/site-packages:${PYTHONPATH} /usr/bin/python3 -W ignore:setup.py install is deprecated -W ignore:easy_install command is deprecated setup.py develop --editable --build-directory /home/rokey/cobot_ws/build/cobot1/build --no-deps symlink_data
[2.305s] INFO:colcon.colcon_core.shell:Creating environment descriptor '/home/rokey/cobot_ws/build/cobot1/share/cobot1/hook/pythonpath_develop.dsv'
[2.305s] INFO:colcon.colcon_core.shell:Creating environment hook '/home/rokey/cobot_ws/build/cobot1/share/cobot1/hook/pythonpath_develop.sh'
[2.311s] Level 1:colcon.colcon_core.environment:checking '/home/rokey/cobot_ws/install/cobot1' for CMake module files
[2.312s] Level 1:colcon.colcon_core.environment:checking '/home/rokey/cobot_ws/install/cobot1' for CMake config files
[2.312s] Level 1:colcon.colcon_core.environment:checking '/home/rokey/cobot_ws/install/cobot1/lib'
[2.313s] Level 1:colcon.colcon_core.environment:checking '/home/rokey/cobot_ws/install/cobot1/bin'
[2.313s] Level 1:colcon.colcon_core.environment:checking '/home/rokey/cobot_ws/install/cobot1/lib/pkgconfig/cobot1.pc'
[2.313s] Level 1:colcon.colcon_core.environment:checking '/home/rokey/cobot_ws/install/cobot1/lib/python3.10/site-packages'
[2.313s] Level 1:colcon.colcon_core.shell:create_environment_hook('cobot1', 'pythonpath')
[2.313s] INFO:colcon.colcon_core.shell:Creating environment hook '/home/rokey/cobot_ws/install/cobot1/share/cobot1/hook/pythonpath.ps1'
[2.314s] INFO:colcon.colcon_core.shell:Creating environment descriptor '/home/rokey/cobot_ws/install/cobot1/share/cobot1/hook/pythonpath.dsv'
[2.314s] INFO:colcon.colcon_core.shell:Creating environment hook '/home/rokey/cobot_ws/install/cobot1/share/cobot1/hook/pythonpath.sh'
[2.315s] Level 1:colcon.colcon_core.environment:checking '/home/rokey/cobot_ws/install/cobot1/bin'
[2.315s] Level 1:colcon.colcon_core.environment:create_environment_scripts_only(cobot1)
[2.316s] INFO:colcon.colcon_core.shell:Creating package script '/home/rokey/cobot_ws/install/cobot1/share/cobot1/package.ps1'
[2.317s] INFO:colcon.colcon_core.shell:Creating package descriptor '/home/rokey/cobot_ws/install/cobot1/share/cobot1/package.dsv'
[2.318s] INFO:colcon.colcon_core.shell:Creating package script '/home/rokey/cobot_ws/install/cobot1/share/cobot1/package.sh'
[2.319s] INFO:colcon.colcon_core.shell:Creating package script '/home/rokey/cobot_ws/install/cobot1/share/cobot1/package.bash'
[2.320s] INFO:colcon.colcon_core.shell:Creating package script '/home/rokey/cobot_ws/install/cobot1/share/cobot1/package.zsh'
[2.321s] Level 1:colcon.colcon_core.environment:create_file_with_runtime_dependencies(/home/rokey/cobot_ws/install/cobot1/share/colcon-core/packages/cobot1)
[2.322s] DEBUG:colcon.colcon_parallel_executor.executor.parallel:closing loop
[2.323s] DEBUG:colcon.colcon_parallel_executor.executor.parallel:loop closed
[2.323s] DEBUG:colcon.colcon_parallel_executor.executor.parallel:run_until_complete finished with '0'
[2.323s] DEBUG:colcon.colcon_core.event_reactor:joining thread
[2.332s] INFO:colcon.colcon_core.plugin_system:Skipping extension 'colcon_notification.desktop_notification.terminal_notifier': Not used on non-Darwin systems
[2.332s] INFO:colcon.colcon_core.plugin_system:Skipping extension 'colcon_notification.desktop_notification.win32': Not used on non-Windows systems
[2.332s] INFO:colcon.colcon_notification.desktop_notification:Sending desktop notification using 'notify2'
[2.345s] DEBUG:colcon.colcon_core.event_reactor:joined thread
[2.346s] INFO:colcon.colcon_core.shell:Creating prefix script '/home/rokey/cobot_ws/install/local_setup.ps1'
[2.347s] INFO:colcon.colcon_core.shell:Creating prefix util module '/home/rokey/cobot_ws/install/_local_setup_util_ps1.py'
[2.349s] INFO:colcon.colcon_core.shell:Creating prefix chain script '/home/rokey/cobot_ws/install/setup.ps1'
[2.353s] INFO:colcon.colcon_core.shell:Creating prefix script '/home/rokey/cobot_ws/install/local_setup.sh'
[2.354s] INFO:colcon.colcon_core.shell:Creating prefix util module '/home/rokey/cobot_ws/install/_local_setup_util_sh.py'
[2.355s] INFO:colcon.colcon_core.shell:Creating prefix chain script '/home/rokey/cobot_ws/install/setup.sh'
[2.358s] INFO:colcon.colcon_core.shell:Creating prefix script '/home/rokey/cobot_ws/install/local_setup.bash'
[2.359s] INFO:colcon.colcon_core.shell:Creating prefix chain script '/home/rokey/cobot_ws/install/setup.bash'
[2.361s] INFO:colcon.colcon_core.shell:Creating prefix script '/home/rokey/cobot_ws/install/local_setup.zsh'
[2.363s] INFO:colcon.colcon_core.shell:Creating prefix chain script '/home/rokey/cobot_ws/install/setup.zsh'
