[0.109s] Invoking command in '/home/rokey/cobot_ws/build/dsr_moveit_config_m0609': CMAKE_PREFIX_PATH=/opt/ros/humble /usr/bin/cmake /home/rokey/cobot_ws/src/doosan-robot2/dsr_moveit2/dsr_moveit_config_m0609 -DCMAKE_INSTALL_PREFIX=/home/rokey/cobot_ws/install/dsr_moveit_config_m0609
[0.223s] -- The C compiler identification is GNU 11.4.0
[0.348s] -- The CXX compiler identification is GNU 11.4.0
[0.366s] -- Detecting C compiler ABI info
[0.505s] -- Detecting C compiler ABI info - done
[0.529s] -- Check for working C compiler: /usr/bin/cc - skipped
[0.530s] -- Detecting C compile features
[0.530s] -- Detecting C compile features - done
[0.534s] -- Detecting CXX compiler ABI info
[0.706s] -- Detecting CXX compiler ABI info - done
[0.727s] -- Check for working CXX compiler: /usr/bin/c++ - skipped
[0.727s] -- Detecting CXX compile features
[0.729s] -- Detecting CXX compile features - done
[0.731s] -- Found ament_cmake: 1.3.12 (/opt/ros/humble/share/ament_cmake/cmake)
[1.047s] -- Found Python3: /usr/bin/python3 (found version "3.10.12") found components: Interpreter 
[1.340s] -- Configuring done
[1.344s] -- Generating done
[1.349s] -- Build files have been written to: /home/rokey/cobot_ws/build/dsr_moveit_config_m0609
[1.453s] Invoked command in '/home/rokey/cobot_ws/build/dsr_moveit_config_m0609' returned '0': CMAKE_PREFIX_PATH=/opt/ros/humble /usr/bin/cmake /home/rokey/cobot_ws/src/doosan-robot2/dsr_moveit2/dsr_moveit_config_m0609 -DCMAKE_INSTALL_PREFIX=/home/rokey/cobot_ws/install/dsr_moveit_config_m0609
[1.454s] Invoking command in '/home/rokey/cobot_ws/build/dsr_moveit_config_m0609': CMAKE_PREFIX_PATH=/opt/ros/humble /usr/bin/cmake --build /home/rokey/cobot_ws/build/dsr_moveit_config_m0609 -- -j8 -l8
[1.503s] Invoked command in '/home/rokey/cobot_ws/build/dsr_moveit_config_m0609' returned '0': CMAKE_PREFIX_PATH=/opt/ros/humble /usr/bin/cmake --build /home/rokey/cobot_ws/build/dsr_moveit_config_m0609 -- -j8 -l8
[1.506s] Invoking command in '/home/rokey/cobot_ws/build/dsr_moveit_config_m0609': CMAKE_PREFIX_PATH=/opt/ros/humble /usr/bin/cmake --install /home/rokey/cobot_ws/build/dsr_moveit_config_m0609
[1.523s] -- Install configuration: ""
[1.523s] -- Installing: /home/rokey/cobot_ws/install/dsr_moveit_config_m0609/share/ament_index/resource_index/package_run_dependencies/dsr_moveit_config_m0609
[1.525s] -- Installing: /home/rokey/cobot_ws/install/dsr_moveit_config_m0609/share/ament_index/resource_index/parent_prefix_path/dsr_moveit_config_m0609
[1.528s] -- Installing: /home/rokey/cobot_ws/install/dsr_moveit_config_m0609/share/dsr_moveit_config_m0609/environment/ament_prefix_path.sh
[1.531s] -- Installing: /home/rokey/cobot_ws/install/dsr_moveit_config_m0609/share/dsr_moveit_config_m0609/environment/ament_prefix_path.dsv
[1.535s] -- Installing: /home/rokey/cobot_ws/install/dsr_moveit_config_m0609/share/dsr_moveit_config_m0609/environment/path.sh
[1.535s] -- Installing: /home/rokey/cobot_ws/install/dsr_moveit_config_m0609/share/dsr_moveit_config_m0609/environment/path.dsv
[1.535s] -- Installing: /home/rokey/cobot_ws/install/dsr_moveit_config_m0609/share/dsr_moveit_config_m0609/local_setup.bash
[1.535s] -- Installing: /home/rokey/cobot_ws/install/dsr_moveit_config_m0609/share/dsr_moveit_config_m0609/local_setup.sh
[1.536s] -- Installing: /home/rokey/cobot_ws/install/dsr_moveit_config_m0609/share/dsr_moveit_config_m0609/local_setup.zsh
[1.536s] -- Installing: /home/rokey/cobot_ws/install/dsr_moveit_config_m0609/share/dsr_moveit_config_m0609/local_setup.dsv
[1.537s] -- Installing: /home/rokey/cobot_ws/install/dsr_moveit_config_m0609/share/dsr_moveit_config_m0609/package.dsv
[1.537s] -- Installing: /home/rokey/cobot_ws/install/dsr_moveit_config_m0609/share/ament_index/resource_index/packages/dsr_moveit_config_m0609
[1.537s] -- Installing: /home/rokey/cobot_ws/install/dsr_moveit_config_m0609/share/dsr_moveit_config_m0609/cmake/dsr_moveit_config_m0609Config.cmake
[1.537s] -- Installing: /home/rokey/cobot_ws/install/dsr_moveit_config_m0609/share/dsr_moveit_config_m0609/cmake/dsr_moveit_config_m0609Config-version.cmake
[1.537s] -- Installing: /home/rokey/cobot_ws/install/dsr_moveit_config_m0609/share/dsr_moveit_config_m0609/package.xml
[1.538s] -- Installing: /home/rokey/cobot_ws/install/dsr_moveit_config_m0609/share/dsr_moveit_config_m0609/launch
[1.538s] -- Installing: /home/rokey/cobot_ws/install/dsr_moveit_config_m0609/share/dsr_moveit_config_m0609/launch/moveit.rviz
[1.544s] -- Installing: /home/rokey/cobot_ws/install/dsr_moveit_config_m0609/share/dsr_moveit_config_m0609/launch/start.launch.py
[1.544s] -- Installing: /home/rokey/cobot_ws/install/dsr_moveit_config_m0609/share/dsr_moveit_config_m0609/launch/demo.launch.py
[1.544s] -- Installing: /home/rokey/cobot_ws/install/dsr_moveit_config_m0609/share/dsr_moveit_config_m0609/config
[1.544s] -- Installing: /home/rokey/cobot_ws/install/dsr_moveit_config_m0609/share/dsr_moveit_config_m0609/config/dsr.ros2_control.xacro
[1.544s] -- Installing: /home/rokey/cobot_ws/install/dsr_moveit_config_m0609/share/dsr_moveit_config_m0609/config/pilz_cartesian_limits.yaml
[1.545s] -- Installing: /home/rokey/cobot_ws/install/dsr_moveit_config_m0609/share/dsr_moveit_config_m0609/config/ros2_controllers.yaml
[1.545s] -- Installing: /home/rokey/cobot_ws/install/dsr_moveit_config_m0609/share/dsr_moveit_config_m0609/config/pilz_industrial_motion_planner_planning.yaml
[1.545s] -- Installing: /home/rokey/cobot_ws/install/dsr_moveit_config_m0609/share/dsr_moveit_config_m0609/config/moveit_controllers.yaml
[1.545s] -- Installing: /home/rokey/cobot_ws/install/dsr_moveit_config_m0609/share/dsr_moveit_config_m0609/config/m0609.urdf.xacro
[1.545s] -- Installing: /home/rokey/cobot_ws/install/dsr_moveit_config_m0609/share/dsr_moveit_config_m0609/config/ompl_planning.yaml
[1.545s] -- Installing: /home/rokey/cobot_ws/install/dsr_moveit_config_m0609/share/dsr_moveit_config_m0609/config/kinematics.yaml
[1.545s] -- Installing: /home/rokey/cobot_ws/install/dsr_moveit_config_m0609/share/dsr_moveit_config_m0609/config/sensors_3d.yaml
[1.545s] -- Installing: /home/rokey/cobot_ws/install/dsr_moveit_config_m0609/share/dsr_moveit_config_m0609/config/initial_positions.yaml
[1.545s] -- Installing: /home/rokey/cobot_ws/install/dsr_moveit_config_m0609/share/dsr_moveit_config_m0609/config/dsr.srdf
[1.545s] -- Installing: /home/rokey/cobot_ws/install/dsr_moveit_config_m0609/share/dsr_moveit_config_m0609/config/joint_limits.yaml
[1.545s] -- Installing: /home/rokey/cobot_ws/install/dsr_moveit_config_m0609/share/dsr_moveit_config_m0609/config/chomp_planning.yaml
[1.546s] -- Installing: /home/rokey/cobot_ws/install/dsr_moveit_config_m0609/share/dsr_moveit_config_m0609/.setup_assistant
[1.554s] Invoked command in '/home/rokey/cobot_ws/build/dsr_moveit_config_m0609' returned '0': CMAKE_PREFIX_PATH=/opt/ros/humble /usr/bin/cmake --install /home/rokey/cobot_ws/build/dsr_moveit_config_m0609
