running egg_info
writing ../../build/cobot1/cobot1.egg-info/PKG-INFO
writing dependency_links to ../../build/cobot1/cobot1.egg-info/dependency_links.txt
writing entry points to ../../build/cobot1/cobot1.egg-info/entry_points.txt
writing requirements to ../../build/cobot1/cobot1.egg-info/requires.txt
writing top-level names to ../../build/cobot1/cobot1.egg-info/top_level.txt
reading manifest file '../../build/cobot1/cobot1.egg-info/SOURCES.txt'
adding license file 'LICENSE'
writing manifest file '../../build/cobot1/cobot1.egg-info/SOURCES.txt'
running build
running build_py
copying cobot1/topic_test.py -> /home/rokey/cobot_ws/build/cobot1/build/lib/cobot1
copying cobot1/pub.py -> /home/rokey/cobot_ws/build/cobot1/build/lib/cobot1
copying cobot1/sub.py -> /home/rokey/cobot_ws/build/cobot1/build/lib/cobot1
running install
running install_lib
copying /home/rokey/cobot_ws/build/cobot1/build/lib/cobot1/topic_test.py -> /home/rokey/cobot_ws/install/cobot1/lib/python3.10/site-packages/cobot1
copying /home/rokey/cobot_ws/build/cobot1/build/lib/cobot1/pub.py -> /home/rokey/cobot_ws/install/cobot1/lib/python3.10/site-packages/cobot1
copying /home/rokey/cobot_ws/build/cobot1/build/lib/cobot1/sub.py -> /home/rokey/cobot_ws/install/cobot1/lib/python3.10/site-packages/cobot1
byte-compiling /home/rokey/cobot_ws/install/cobot1/lib/python3.10/site-packages/cobot1/topic_test.py to topic_test.cpython-310.pyc
byte-compiling /home/rokey/cobot_ws/install/cobot1/lib/python3.10/site-packages/cobot1/pub.py to pub.cpython-310.pyc
byte-compiling /home/rokey/cobot_ws/install/cobot1/lib/python3.10/site-packages/cobot1/sub.py to sub.cpython-310.pyc
running install_data
running install_egg_info
removing '/home/rokey/cobot_ws/install/cobot1/lib/python3.10/site-packages/cobot1-0.0.0-py3.10.egg-info' (and everything under it)
Copying ../../build/cobot1/cobot1.egg-info to /home/rokey/cobot_ws/install/cobot1/lib/python3.10/site-packages/cobot1-0.0.0-py3.10.egg-info
running install_scripts
Installing grip_test script to /home/rokey/cobot_ws/install/cobot1/lib/cobot1
Installing move_basic script to /home/rokey/cobot_ws/install/cobot1/lib/cobot1
Installing move_periodic script to /home/rokey/cobot_ws/install/cobot1/lib/cobot1
Installing pub script to /home/rokey/cobot_ws/install/cobot1/lib/cobot1
Installing sub script to /home/rokey/cobot_ws/install/cobot1/lib/cobot1
writing list of installed files to '/home/rokey/cobot_ws/build/cobot1/install.log'
