[0.688s] Invoking command in '/home/rokey/cobot_ws/src/cobot1': PYTHONPATH=/home/rokey/cobot_ws/build/cobot1/prefix_override:/usr/lib/python3/dist-packages/colcon_core/task/python/colcon_distutils_commands:/home/rokey/cobot_ws/install/cobot1/lib/python3.10/site-packages:${PYTHONPATH} /usr/bin/python3 -W ignore:setup.py install is deprecated -W ignore:easy_install command is deprecated setup.py egg_info --egg-base ../../build/cobot1 build --build-base /home/rokey/cobot_ws/build/cobot1/build install --record /home/rokey/cobot_ws/build/cobot1/install.log --single-version-externally-managed install_data
[0.921s] running egg_info
[0.922s] writing ../../build/cobot1/cobot1.egg-info/PKG-INFO
[0.929s] writing dependency_links to ../../build/cobot1/cobot1.egg-info/dependency_links.txt
[0.929s] writing entry points to ../../build/cobot1/cobot1.egg-info/entry_points.txt
[0.929s] writing requirements to ../../build/cobot1/cobot1.egg-info/requires.txt
[0.929s] writing top-level names to ../../build/cobot1/cobot1.egg-info/top_level.txt
[0.932s] reading manifest file '../../build/cobot1/cobot1.egg-info/SOURCES.txt'
[0.933s] adding license file 'LICENSE'
[0.933s] writing manifest file '../../build/cobot1/cobot1.egg-info/SOURCES.txt'
[0.933s] running build
[0.933s] running build_py
[0.934s] copying cobot1/topic_test.py -> /home/rokey/cobot_ws/build/cobot1/build/lib/cobot1
[0.934s] copying cobot1/pub.py -> /home/rokey/cobot_ws/build/cobot1/build/lib/cobot1
[0.935s] copying cobot1/sub.py -> /home/rokey/cobot_ws/build/cobot1/build/lib/cobot1
[0.935s] running install
[0.935s] running install_lib
[0.936s] copying /home/rokey/cobot_ws/build/cobot1/build/lib/cobot1/topic_test.py -> /home/rokey/cobot_ws/install/cobot1/lib/python3.10/site-packages/cobot1
[0.936s] copying /home/rokey/cobot_ws/build/cobot1/build/lib/cobot1/pub.py -> /home/rokey/cobot_ws/install/cobot1/lib/python3.10/site-packages/cobot1
[0.936s] copying /home/rokey/cobot_ws/build/cobot1/build/lib/cobot1/sub.py -> /home/rokey/cobot_ws/install/cobot1/lib/python3.10/site-packages/cobot1
[0.937s] byte-compiling /home/rokey/cobot_ws/install/cobot1/lib/python3.10/site-packages/cobot1/topic_test.py to topic_test.cpython-310.pyc
[0.937s] byte-compiling /home/rokey/cobot_ws/install/cobot1/lib/python3.10/site-packages/cobot1/pub.py to pub.cpython-310.pyc
[0.938s] byte-compiling /home/rokey/cobot_ws/install/cobot1/lib/python3.10/site-packages/cobot1/sub.py to sub.cpython-310.pyc
[0.938s] running install_data
[0.939s] running install_egg_info
[0.940s] removing '/home/rokey/cobot_ws/install/cobot1/lib/python3.10/site-packages/cobot1-0.0.0-py3.10.egg-info' (and everything under it)
[0.941s] Copying ../../build/cobot1/cobot1.egg-info to /home/rokey/cobot_ws/install/cobot1/lib/python3.10/site-packages/cobot1-0.0.0-py3.10.egg-info
[0.941s] running install_scripts
[0.961s] Installing grip_test script to /home/rokey/cobot_ws/install/cobot1/lib/cobot1
[0.961s] Installing move_basic script to /home/rokey/cobot_ws/install/cobot1/lib/cobot1
[0.961s] Installing move_periodic script to /home/rokey/cobot_ws/install/cobot1/lib/cobot1
[0.961s] Installing pub script to /home/rokey/cobot_ws/install/cobot1/lib/cobot1
[0.961s] Installing sub script to /home/rokey/cobot_ws/install/cobot1/lib/cobot1
[0.962s] writing list of installed files to '/home/rokey/cobot_ws/build/cobot1/install.log'
[0.986s] Invoked command in '/home/rokey/cobot_ws/src/cobot1' returned '0': PYTHONPATH=/home/rokey/cobot_ws/build/cobot1/prefix_override:/usr/lib/python3/dist-packages/colcon_core/task/python/colcon_distutils_commands:/home/rokey/cobot_ws/install/cobot1/lib/python3.10/site-packages:${PYTHONPATH} /usr/bin/python3 -W ignore:setup.py install is deprecated -W ignore:easy_install command is deprecated setup.py egg_info --egg-base ../../build/cobot1 build --build-base /home/rokey/cobot_ws/build/cobot1/build install --record /home/rokey/cobot_ws/build/cobot1/install.log --single-version-externally-managed install_data
