running egg_info
creating ../../../../build/dsr_example/dsr_example.egg-info
writing ../../../../build/dsr_example/dsr_example.egg-info/PKG-INFO
writing dependency_links to ../../../../build/dsr_example/dsr_example.egg-info/dependency_links.txt
writing entry points to ../../../../build/dsr_example/dsr_example.egg-info/entry_points.txt
writing requirements to ../../../../build/dsr_example/dsr_example.egg-info/requires.txt
writing top-level names to ../../../../build/dsr_example/dsr_example.egg-info/top_level.txt
writing manifest file '../../../../build/dsr_example/dsr_example.egg-info/SOURCES.txt'
reading manifest file '../../../../build/dsr_example/dsr_example.egg-info/SOURCES.txt'
writing manifest file '../../../../build/dsr_example/dsr_example.egg-info/SOURCES.txt'
running build
running build_py
creating /home/rokey/cobot_ws/build/dsr_example/build
creating /home/rokey/cobot_ws/build/dsr_example/build/lib
creating /home/rokey/cobot_ws/build/dsr_example/build/lib/dsr_example
copying dsr_example/__init__.py -> /home/rokey/cobot_ws/build/dsr_example/build/lib/dsr_example
creating /home/rokey/cobot_ws/build/dsr_example/build/lib/dsr_example/demo
copying dsr_example/demo/dance_m1013.py -> /home/rokey/cobot_ws/build/dsr_example/build/lib/dsr_example/demo
copying dsr_example/demo/slope_demo.py -> /home/rokey/cobot_ws/build/dsr_example/build/lib/dsr_example/demo
copying dsr_example/demo/__init__.py -> /home/rokey/cobot_ws/build/dsr_example/build/lib/dsr_example/demo
creating /home/rokey/cobot_ws/build/dsr_example/build/lib/dsr_example/simple
copying dsr_example/simple/single_robot_simple.py -> /home/rokey/cobot_ws/build/dsr_example/build/lib/dsr_example/simple
copying dsr_example/simple/__init__.py -> /home/rokey/cobot_ws/build/dsr_example/build/lib/dsr_example/simple
copying dsr_example/simple/test2.py -> /home/rokey/cobot_ws/build/dsr_example/build/lib/dsr_example/simple
copying dsr_example/simple/test.py -> /home/rokey/cobot_ws/build/dsr_example/build/lib/dsr_example/simple
running install
running install_lib
creating /home/rokey/cobot_ws/install/dsr_example/lib/python3.10/site-packages/dsr_example
creating /home/rokey/cobot_ws/install/dsr_example/lib/python3.10/site-packages/dsr_example/demo
copying /home/rokey/cobot_ws/build/dsr_example/build/lib/dsr_example/demo/dance_m1013.py -> /home/rokey/cobot_ws/install/dsr_example/lib/python3.10/site-packages/dsr_example/demo
copying /home/rokey/cobot_ws/build/dsr_example/build/lib/dsr_example/demo/slope_demo.py -> /home/rokey/cobot_ws/install/dsr_example/lib/python3.10/site-packages/dsr_example/demo
copying /home/rokey/cobot_ws/build/dsr_example/build/lib/dsr_example/demo/__init__.py -> /home/rokey/cobot_ws/install/dsr_example/lib/python3.10/site-packages/dsr_example/demo
copying /home/rokey/cobot_ws/build/dsr_example/build/lib/dsr_example/__init__.py -> /home/rokey/cobot_ws/install/dsr_example/lib/python3.10/site-packages/dsr_example
creating /home/rokey/cobot_ws/install/dsr_example/lib/python3.10/site-packages/dsr_example/simple
copying /home/rokey/cobot_ws/build/dsr_example/build/lib/dsr_example/simple/single_robot_simple.py -> /home/rokey/cobot_ws/install/dsr_example/lib/python3.10/site-packages/dsr_example/simple
copying /home/rokey/cobot_ws/build/dsr_example/build/lib/dsr_example/simple/__init__.py -> /home/rokey/cobot_ws/install/dsr_example/lib/python3.10/site-packages/dsr_example/simple
copying /home/rokey/cobot_ws/build/dsr_example/build/lib/dsr_example/simple/test2.py -> /home/rokey/cobot_ws/install/dsr_example/lib/python3.10/site-packages/dsr_example/simple
copying /home/rokey/cobot_ws/build/dsr_example/build/lib/dsr_example/simple/test.py -> /home/rokey/cobot_ws/install/dsr_example/lib/python3.10/site-packages/dsr_example/simple
byte-compiling /home/rokey/cobot_ws/install/dsr_example/lib/python3.10/site-packages/dsr_example/demo/dance_m1013.py to dance_m1013.cpython-310.pyc
byte-compiling /home/rokey/cobot_ws/install/dsr_example/lib/python3.10/site-packages/dsr_example/demo/slope_demo.py to slope_demo.cpython-310.pyc
byte-compiling /home/rokey/cobot_ws/install/dsr_example/lib/python3.10/site-packages/dsr_example/demo/__init__.py to __init__.cpython-310.pyc
byte-compiling /home/rokey/cobot_ws/install/dsr_example/lib/python3.10/site-packages/dsr_example/__init__.py to __init__.cpython-310.pyc
byte-compiling /home/rokey/cobot_ws/install/dsr_example/lib/python3.10/site-packages/dsr_example/simple/single_robot_simple.py to single_robot_simple.cpython-310.pyc
byte-compiling /home/rokey/cobot_ws/install/dsr_example/lib/python3.10/site-packages/dsr_example/simple/__init__.py to __init__.cpython-310.pyc
byte-compiling /home/rokey/cobot_ws/install/dsr_example/lib/python3.10/site-packages/dsr_example/simple/test2.py to test2.cpython-310.pyc
byte-compiling /home/rokey/cobot_ws/install/dsr_example/lib/python3.10/site-packages/dsr_example/simple/test.py to test.cpython-310.pyc
running install_data
creating /home/rokey/cobot_ws/install/dsr_example/share/ament_index
creating /home/rokey/cobot_ws/install/dsr_example/share/ament_index/resource_index
creating /home/rokey/cobot_ws/install/dsr_example/share/ament_index/resource_index/packages
copying resource/dsr_example -> /home/rokey/cobot_ws/install/dsr_example/share/ament_index/resource_index/packages
copying package.xml -> /home/rokey/cobot_ws/install/dsr_example/share/dsr_example
running install_egg_info
Copying ../../../../build/dsr_example/dsr_example.egg-info to /home/rokey/cobot_ws/install/dsr_example/lib/python3.10/site-packages/dsr_example-0.0.0-py3.10.egg-info
running install_scripts
Installing dance script to /home/rokey/cobot_ws/install/dsr_example/lib/dsr_example
Installing single_robot_simple script to /home/rokey/cobot_ws/install/dsr_example/lib/dsr_example
Installing slope_demo script to /home/rokey/cobot_ws/install/dsr_example/lib/dsr_example
Installing test script to /home/rokey/cobot_ws/install/dsr_example/lib/dsr_example
Installing test2 script to /home/rokey/cobot_ws/install/dsr_example/lib/dsr_example
writing list of installed files to '/home/rokey/cobot_ws/build/dsr_example/install.log'
