[0.898s] Invoking command in '/home/rokey/cobot_ws/src/doosan-robot2/dsr_example2/dsr_example': AMENT_PREFIX_PATH=/home/rokey/cobot_ws/install/dsr_common2:${AMENT_PREFIX_PATH} CMAKE_PREFIX_PATH=/home/rokey/cobot_ws/install/dsr_common2 PYTHONPATH=/home/rokey/cobot_ws/build/dsr_example/prefix_override:/usr/lib/python3/dist-packages/colcon_core/task/python/colcon_distutils_commands:/home/rokey/cobot_ws/install/dsr_example/lib/python3.10/site-packages:/home/rokey/cobot_ws/install/dsr_common2/lib/python3.10/site-packages:${PYTHONPATH} /usr/bin/python3 -W ignore:setup.py install is deprecated -W ignore:easy_install command is deprecated setup.py egg_info --egg-base ../../../../build/dsr_example build --build-base /home/rokey/cobot_ws/build/dsr_example/build install --record /home/rokey/cobot_ws/build/dsr_example/install.log --single-version-externally-managed install_data
[1.168s] running egg_info
[1.169s] creating ../../../../build/dsr_example/dsr_example.egg-info
[1.169s] writing ../../../../build/dsr_example/dsr_example.egg-info/PKG-INFO
[1.169s] writing dependency_links to ../../../../build/dsr_example/dsr_example.egg-info/dependency_links.txt
[1.170s] writing entry points to ../../../../build/dsr_example/dsr_example.egg-info/entry_points.txt
[1.170s] writing requirements to ../../../../build/dsr_example/dsr_example.egg-info/requires.txt
[1.170s] writing top-level names to ../../../../build/dsr_example/dsr_example.egg-info/top_level.txt
[1.170s] writing manifest file '../../../../build/dsr_example/dsr_example.egg-info/SOURCES.txt'
[1.172s] reading manifest file '../../../../build/dsr_example/dsr_example.egg-info/SOURCES.txt'
[1.173s] writing manifest file '../../../../build/dsr_example/dsr_example.egg-info/SOURCES.txt'
[1.173s] running build
[1.173s] running build_py
[1.173s] creating /home/rokey/cobot_ws/build/dsr_example/build
[1.173s] creating /home/rokey/cobot_ws/build/dsr_example/build/lib
[1.173s] creating /home/rokey/cobot_ws/build/dsr_example/build/lib/dsr_example
[1.173s] copying dsr_example/__init__.py -> /home/rokey/cobot_ws/build/dsr_example/build/lib/dsr_example
[1.173s] creating /home/rokey/cobot_ws/build/dsr_example/build/lib/dsr_example/demo
[1.174s] copying dsr_example/demo/dance_m1013.py -> /home/rokey/cobot_ws/build/dsr_example/build/lib/dsr_example/demo
[1.174s] copying dsr_example/demo/slope_demo.py -> /home/rokey/cobot_ws/build/dsr_example/build/lib/dsr_example/demo
[1.174s] copying dsr_example/demo/__init__.py -> /home/rokey/cobot_ws/build/dsr_example/build/lib/dsr_example/demo
[1.174s] creating /home/rokey/cobot_ws/build/dsr_example/build/lib/dsr_example/simple
[1.174s] copying dsr_example/simple/single_robot_simple.py -> /home/rokey/cobot_ws/build/dsr_example/build/lib/dsr_example/simple
[1.174s] copying dsr_example/simple/__init__.py -> /home/rokey/cobot_ws/build/dsr_example/build/lib/dsr_example/simple
[1.174s] copying dsr_example/simple/test2.py -> /home/rokey/cobot_ws/build/dsr_example/build/lib/dsr_example/simple
[1.174s] copying dsr_example/simple/test.py -> /home/rokey/cobot_ws/build/dsr_example/build/lib/dsr_example/simple
[1.175s] running install
[1.175s] running install_lib
[1.176s] creating /home/rokey/cobot_ws/install/dsr_example/lib/python3.10/site-packages/dsr_example
[1.177s] creating /home/rokey/cobot_ws/install/dsr_example/lib/python3.10/site-packages/dsr_example/demo
[1.177s] copying /home/rokey/cobot_ws/build/dsr_example/build/lib/dsr_example/demo/dance_m1013.py -> /home/rokey/cobot_ws/install/dsr_example/lib/python3.10/site-packages/dsr_example/demo
[1.177s] copying /home/rokey/cobot_ws/build/dsr_example/build/lib/dsr_example/demo/slope_demo.py -> /home/rokey/cobot_ws/install/dsr_example/lib/python3.10/site-packages/dsr_example/demo
[1.177s] copying /home/rokey/cobot_ws/build/dsr_example/build/lib/dsr_example/demo/__init__.py -> /home/rokey/cobot_ws/install/dsr_example/lib/python3.10/site-packages/dsr_example/demo
[1.177s] copying /home/rokey/cobot_ws/build/dsr_example/build/lib/dsr_example/__init__.py -> /home/rokey/cobot_ws/install/dsr_example/lib/python3.10/site-packages/dsr_example
[1.177s] creating /home/rokey/cobot_ws/install/dsr_example/lib/python3.10/site-packages/dsr_example/simple
[1.177s] copying /home/rokey/cobot_ws/build/dsr_example/build/lib/dsr_example/simple/single_robot_simple.py -> /home/rokey/cobot_ws/install/dsr_example/lib/python3.10/site-packages/dsr_example/simple
[1.177s] copying /home/rokey/cobot_ws/build/dsr_example/build/lib/dsr_example/simple/__init__.py -> /home/rokey/cobot_ws/install/dsr_example/lib/python3.10/site-packages/dsr_example/simple
[1.177s] copying /home/rokey/cobot_ws/build/dsr_example/build/lib/dsr_example/simple/test2.py -> /home/rokey/cobot_ws/install/dsr_example/lib/python3.10/site-packages/dsr_example/simple
[1.178s] copying /home/rokey/cobot_ws/build/dsr_example/build/lib/dsr_example/simple/test.py -> /home/rokey/cobot_ws/install/dsr_example/lib/python3.10/site-packages/dsr_example/simple
[1.178s] byte-compiling /home/rokey/cobot_ws/install/dsr_example/lib/python3.10/site-packages/dsr_example/demo/dance_m1013.py to dance_m1013.cpython-310.pyc
[1.180s] byte-compiling /home/rokey/cobot_ws/install/dsr_example/lib/python3.10/site-packages/dsr_example/demo/slope_demo.py to slope_demo.cpython-310.pyc
[1.181s] byte-compiling /home/rokey/cobot_ws/install/dsr_example/lib/python3.10/site-packages/dsr_example/demo/__init__.py to __init__.cpython-310.pyc
[1.181s] byte-compiling /home/rokey/cobot_ws/install/dsr_example/lib/python3.10/site-packages/dsr_example/__init__.py to __init__.cpython-310.pyc
[1.181s] byte-compiling /home/rokey/cobot_ws/install/dsr_example/lib/python3.10/site-packages/dsr_example/simple/single_robot_simple.py to single_robot_simple.cpython-310.pyc
[1.183s] byte-compiling /home/rokey/cobot_ws/install/dsr_example/lib/python3.10/site-packages/dsr_example/simple/__init__.py to __init__.cpython-310.pyc
[1.183s] byte-compiling /home/rokey/cobot_ws/install/dsr_example/lib/python3.10/site-packages/dsr_example/simple/test2.py to test2.cpython-310.pyc
[1.184s] byte-compiling /home/rokey/cobot_ws/install/dsr_example/lib/python3.10/site-packages/dsr_example/simple/test.py to test.cpython-310.pyc
[1.184s] running install_data
[1.185s] creating /home/rokey/cobot_ws/install/dsr_example/share/ament_index
[1.185s] creating /home/rokey/cobot_ws/install/dsr_example/share/ament_index/resource_index
[1.185s] creating /home/rokey/cobot_ws/install/dsr_example/share/ament_index/resource_index/packages
[1.185s] copying resource/dsr_example -> /home/rokey/cobot_ws/install/dsr_example/share/ament_index/resource_index/packages
[1.185s] copying package.xml -> /home/rokey/cobot_ws/install/dsr_example/share/dsr_example
[1.185s] running install_egg_info
[1.189s] Copying ../../../../build/dsr_example/dsr_example.egg-info to /home/rokey/cobot_ws/install/dsr_example/lib/python3.10/site-packages/dsr_example-0.0.0-py3.10.egg-info
[1.190s] running install_scripts
[1.211s] Installing dance script to /home/rokey/cobot_ws/install/dsr_example/lib/dsr_example
[1.211s] Installing single_robot_simple script to /home/rokey/cobot_ws/install/dsr_example/lib/dsr_example
[1.211s] Installing slope_demo script to /home/rokey/cobot_ws/install/dsr_example/lib/dsr_example
[1.211s] Installing test script to /home/rokey/cobot_ws/install/dsr_example/lib/dsr_example
[1.211s] Installing test2 script to /home/rokey/cobot_ws/install/dsr_example/lib/dsr_example
[1.212s] writing list of installed files to '/home/rokey/cobot_ws/build/dsr_example/install.log'
[1.242s] Invoked command in '/home/rokey/cobot_ws/src/doosan-robot2/dsr_example2/dsr_example' returned '0': AMENT_PREFIX_PATH=/home/rokey/cobot_ws/install/dsr_common2:${AMENT_PREFIX_PATH} CMAKE_PREFIX_PATH=/home/rokey/cobot_ws/install/dsr_common2 PYTHONPATH=/home/rokey/cobot_ws/build/dsr_example/prefix_override:/usr/lib/python3/dist-packages/colcon_core/task/python/colcon_distutils_commands:/home/rokey/cobot_ws/install/dsr_example/lib/python3.10/site-packages:/home/rokey/cobot_ws/install/dsr_common2/lib/python3.10/site-packages:${PYTHONPATH} /usr/bin/python3 -W ignore:setup.py install is deprecated -W ignore:easy_install command is deprecated setup.py egg_info --egg-base ../../../../build/dsr_example build --build-base /home/rokey/cobot_ws/build/dsr_example/build install --record /home/rokey/cobot_ws/build/dsr_example/install.log --single-version-externally-managed install_data
