[0.021s] Invoking command in '/home/rokey/cobot_ws/build/dsr_hardware2': AMENT_PREFIX_PATH=/home/rokey/cobot_ws/install/dsr_msgs2:/home/rokey/cobot_ws/install/dsr_common2:${AMENT_PREFIX_PATH} CMAKE_PREFIX_PATH=/home/rokey/cobot_ws/install/dsr_msgs2:/home/rokey/cobot_ws/install/dsr_common2:/opt/ros/humble LD_LIBRARY_PATH=/home/rokey/cobot_ws/install/dsr_msgs2/lib:${LD_LIBRARY_PATH} PYTHONPATH=/home/rokey/cobot_ws/install/dsr_msgs2/local/lib/python3.10/dist-packages:/home/rokey/cobot_ws/install/dsr_common2/lib/python3.10/site-packages:${PYTHONPATH} /usr/bin/cmake /home/rokey/cobot_ws/src/doosan-robot2/dsr_hardware2 -DCMAKE_INSTALL_PREFIX=/home/rokey/cobot_ws/install/dsr_hardware2
[0.552s] -- The CXX compiler identification is GNU 11.4.0
[0.552s] -- Detecting CXX compiler ABI info
[0.553s] -- Detecting CXX compiler ABI info - done
[0.553s] -- Check for working CXX compiler: /usr/bin/c++ - skipped
[0.553s] -- Detecting CXX compile features
[0.553s] -- Detecting CXX compile features - done
[0.554s] -- Found ament_cmake: 1.3.12 (/opt/ros/humble/share/ament_cmake/cmake)
[0.554s] -- Found Python3: /usr/bin/python3 (found version "3.10.12") found components: Interpreter 
[0.807s] -- Found pluginlib: 5.1.3 (/opt/ros/humble/share/pluginlib/cmake)
[0.858s] -- Found hardware_interface: 2.53.0 (/opt/ros/humble/share/hardware_interface/cmake)
[0.895s] -- Found rosidl_generator_c: 3.1.8 (/opt/ros/humble/share/rosidl_generator_c/cmake)
[0.901s] -- Found rosidl_adapter: 3.1.8 (/opt/ros/humble/share/rosidl_adapter/cmake)
[0.911s] -- Found rosidl_generator_cpp: 3.1.8 (/opt/ros/humble/share/rosidl_generator_cpp/cmake)
[0.928s] -- Using all available rosidl_typesupport_c: rosidl_typesupport_fastrtps_c;rosidl_typesupport_introspection_c
[0.950s] -- Using all available rosidl_typesupport_cpp: rosidl_typesupport_fastrtps_cpp;rosidl_typesupport_introspection_cpp
[1.252s] -- Found rmw_implementation_cmake: 6.1.2 (/opt/ros/humble/share/rmw_implementation_cmake/cmake)
[1.256s] -- Found rmw_fastrtps_cpp: 6.2.9 (/opt/ros/humble/share/rmw_fastrtps_cpp/cmake)
[1.294s] -- Found TinyXML2 via Config file: TinyXML2_DIR-NOTFOUND
[1.372s] -- Found OpenSSL: /usr/lib/x86_64-linux-gnu/libcrypto.so (found version "3.0.2")  
[1.378s] -- Found TinyXML2 via Config file: TinyXML2_DIR-NOTFOUND
[1.398s] -- Found FastRTPS: /opt/ros/humble/include  
[1.403s] -- Found TinyXML2 via Config file: TinyXML2_DIR-NOTFOUND
[1.414s] -- Found TinyXML2 via Config file: TinyXML2_DIR-NOTFOUND
[1.435s] -- Using RMW implementation 'rmw_fastrtps_cpp' as default
[1.456s] -- Looking for C++ include pthread.h
[1.570s] -- Looking for C++ include pthread.h - found
[1.570s] -- Performing Test CMAKE_HAVE_LIBC_PTHREAD
[1.678s] -- Performing Test CMAKE_HAVE_LIBC_PTHREAD - Success
[1.679s] -- Found Threads: TRUE  
[1.746s] -- Found dsr_msgs2: 1.1.0 (/home/rokey/cobot_ws/install/dsr_msgs2/share/dsr_msgs2/cmake)
[1.769s] -- Found moveit_msgs: 2.2.1 (/opt/ros/humble/share/moveit_msgs/cmake)
[1.907s] -- Found controller_manager: 2.53.0 (/opt/ros/humble/share/controller_manager/cmake)
[1.985s] -- Found dsr_common2: 1.1.0 (/home/rokey/cobot_ws/install/dsr_common2/share/dsr_common2/cmake)
[1.989s] -- Found kdl_parser: 2.6.4 (/opt/ros/humble/share/kdl_parser/cmake)
[2.003s] -- Found eigen3_cmake_module: 0.1.1 (/opt/ros/humble/share/eigen3_cmake_module/cmake)
[2.005s] -- Found Eigen3: TRUE (found version "3.4.0") 
[2.005s] -- Ensuring Eigen3 include directory is part of orocos-kdl CMake target
[2.010s] [0mDRCF_VERSION:2[0m
[2.016s] -- Found ament_cmake_pytest: 1.3.12 (/opt/ros/humble/share/ament_cmake_pytest/cmake)
[2.103s] -- Configuring done
[2.122s] -- Generating done
[2.128s] -- Build files have been written to: /home/rokey/cobot_ws/build/dsr_hardware2
[2.143s] Invoked command in '/home/rokey/cobot_ws/build/dsr_hardware2' returned '0': AMENT_PREFIX_PATH=/home/rokey/cobot_ws/install/dsr_msgs2:/home/rokey/cobot_ws/install/dsr_common2:${AMENT_PREFIX_PATH} CMAKE_PREFIX_PATH=/home/rokey/cobot_ws/install/dsr_msgs2:/home/rokey/cobot_ws/install/dsr_common2:/opt/ros/humble LD_LIBRARY_PATH=/home/rokey/cobot_ws/install/dsr_msgs2/lib:${LD_LIBRARY_PATH} PYTHONPATH=/home/rokey/cobot_ws/install/dsr_msgs2/local/lib/python3.10/dist-packages:/home/rokey/cobot_ws/install/dsr_common2/lib/python3.10/site-packages:${PYTHONPATH} /usr/bin/cmake /home/rokey/cobot_ws/src/doosan-robot2/dsr_hardware2 -DCMAKE_INSTALL_PREFIX=/home/rokey/cobot_ws/install/dsr_hardware2
[2.145s] Invoking command in '/home/rokey/cobot_ws/build/dsr_hardware2': AMENT_PREFIX_PATH=/home/rokey/cobot_ws/install/dsr_msgs2:/home/rokey/cobot_ws/install/dsr_common2:${AMENT_PREFIX_PATH} CMAKE_PREFIX_PATH=/home/rokey/cobot_ws/install/dsr_msgs2:/home/rokey/cobot_ws/install/dsr_common2:/opt/ros/humble LD_LIBRARY_PATH=/home/rokey/cobot_ws/install/dsr_msgs2/lib:${LD_LIBRARY_PATH} PYTHONPATH=/home/rokey/cobot_ws/install/dsr_msgs2/local/lib/python3.10/dist-packages:/home/rokey/cobot_ws/install/dsr_common2/lib/python3.10/site-packages:${PYTHONPATH} /usr/bin/cmake --build /home/rokey/cobot_ws/build/dsr_hardware2 -- -j8 -l8
[2.196s] [ 50%] [32mBuilding CXX object CMakeFiles/dsr_hardware2.dir/src/dsr_hw_interface2.cpp.o[0m
[4.436s] In file included from [01m[K/usr/include/boost/smart_ptr/detail/sp_thread_sleep.hpp:22[m[K,
[4.436s]                  from [01m[K/usr/include/boost/smart_ptr/detail/yield_k.hpp:23[m[K,
[4.436s]                  from [01m[K/usr/include/boost/smart_ptr/detail/spinlock_gcc_atomic.hpp:14[m[K,
[4.436s]                  from [01m[K/usr/include/boost/smart_ptr/detail/spinlock.hpp:42[m[K,
[4.436s]                  from [01m[K/usr/include/boost/smart_ptr/detail/spinlock_pool.hpp:25[m[K,
[4.436s]                  from [01m[K/usr/include/boost/smart_ptr/shared_ptr.hpp:29[m[K,
[4.436s]                  from [01m[K/usr/include/boost/shared_ptr.hpp:17[m[K,
[4.436s]                  from [01m[K/usr/include/boost/date_time/time_clock.hpp:17[m[K,
[4.437s]                  from [01m[K/usr/include/boost/thread/thread_time.hpp:9[m[K,
[4.437s]                  from [01m[K/usr/include/boost/thread/lock_types.hpp:18[m[K,
[4.437s]                  from [01m[K/usr/include/boost/thread/pthread/thread_data.hpp:12[m[K,
[4.437s]                  from [01m[K/usr/include/boost/thread/thread_only.hpp:17[m[K,
[4.437s]                  from [01m[K/usr/include/boost/thread/thread.hpp:12[m[K,
[4.437s]                  from [01m[K/home/rokey/cobot_ws/src/doosan-robot2/dsr_hardware2/src/dsr_hw_interface2.cpp:8[m[K:
[4.437s] [01m[K/usr/include/boost/bind.hpp:36:1:[m[K [01;36m[Knote: [m[K‘[01m[K#pragma message: The practice of declaring the Bind placeholders (_1, _2, ...) in the global namespace is deprecated. Please use <boost/bind/bind.hpp> + using namespace boost::placeholders, or define BOOST_BIND_GLOBAL_PLACEHOLDERS to retain the current behavior.[m[K’
[4.437s]    36 | [01;36m[KBOOST_PRAGMA_MESSAGE[m[K(
[4.437s]       | [01;36m[K^~~~~~~~~~~~~~~~~~~~[m[K
[9.131s] [100%] [32m[1mLinking CXX shared library libdsr_hardware2.so[0m
[9.769s] [100%] Built target dsr_hardware2
[9.780s] Invoked command in '/home/rokey/cobot_ws/build/dsr_hardware2' returned '0': AMENT_PREFIX_PATH=/home/rokey/cobot_ws/install/dsr_msgs2:/home/rokey/cobot_ws/install/dsr_common2:${AMENT_PREFIX_PATH} CMAKE_PREFIX_PATH=/home/rokey/cobot_ws/install/dsr_msgs2:/home/rokey/cobot_ws/install/dsr_common2:/opt/ros/humble LD_LIBRARY_PATH=/home/rokey/cobot_ws/install/dsr_msgs2/lib:${LD_LIBRARY_PATH} PYTHONPATH=/home/rokey/cobot_ws/install/dsr_msgs2/local/lib/python3.10/dist-packages:/home/rokey/cobot_ws/install/dsr_common2/lib/python3.10/site-packages:${PYTHONPATH} /usr/bin/cmake --build /home/rokey/cobot_ws/build/dsr_hardware2 -- -j8 -l8
[9.782s] Invoking command in '/home/rokey/cobot_ws/build/dsr_hardware2': AMENT_PREFIX_PATH=/home/rokey/cobot_ws/install/dsr_msgs2:/home/rokey/cobot_ws/install/dsr_common2:${AMENT_PREFIX_PATH} CMAKE_PREFIX_PATH=/home/rokey/cobot_ws/install/dsr_msgs2:/home/rokey/cobot_ws/install/dsr_common2:/opt/ros/humble LD_LIBRARY_PATH=/home/rokey/cobot_ws/install/dsr_msgs2/lib:${LD_LIBRARY_PATH} PYTHONPATH=/home/rokey/cobot_ws/install/dsr_msgs2/local/lib/python3.10/dist-packages:/home/rokey/cobot_ws/install/dsr_common2/lib/python3.10/site-packages:${PYTHONPATH} /usr/bin/cmake --install /home/rokey/cobot_ws/build/dsr_hardware2
[9.789s] -- Install configuration: ""
[9.789s] -- Installing: /home/rokey/cobot_ws/install/dsr_hardware2/share/dsr_hardware2/dsr_hardware2.xml
[9.789s] -- Up-to-date: /home/rokey/cobot_ws/install/dsr_hardware2/share/dsr_hardware2/dsr_hardware2.xml
[9.790s] -- Installing: /home/rokey/cobot_ws/install/dsr_hardware2/include/dsr_hardware2
[9.790s] -- Installing: /home/rokey/cobot_ws/install/dsr_hardware2/include/dsr_hardware2/dsr_hardware2
[9.790s] -- Installing: /home/rokey/cobot_ws/install/dsr_hardware2/include/dsr_hardware2/dsr_hardware2/dsr_hw_interface2.h
[9.790s] -- Installing: /home/rokey/cobot_ws/install/dsr_hardware2/include/dsr_hardware2/dsr_hardware2/util.hpp
[9.790s] -- Installing: /home/rokey/cobot_ws/install/dsr_hardware2/lib/libdsr_hardware2.so
[9.791s] -- Set runtime path of "/home/rokey/cobot_ws/install/dsr_hardware2/lib/libdsr_hardware2.so" to ""
[9.791s] -- Installing: /home/rokey/cobot_ws/install/dsr_hardware2/share/dsr_hardware2/environment/library_path.sh
[9.791s] -- Installing: /home/rokey/cobot_ws/install/dsr_hardware2/share/dsr_hardware2/environment/library_path.dsv
[9.791s] -- Installing: /home/rokey/cobot_ws/install/dsr_hardware2/share/ament_index/resource_index/package_run_dependencies/dsr_hardware2
[9.791s] -- Installing: /home/rokey/cobot_ws/install/dsr_hardware2/share/ament_index/resource_index/parent_prefix_path/dsr_hardware2
[9.792s] -- Installing: /home/rokey/cobot_ws/install/dsr_hardware2/share/dsr_hardware2/environment/ament_prefix_path.sh
[9.792s] -- Installing: /home/rokey/cobot_ws/install/dsr_hardware2/share/dsr_hardware2/environment/ament_prefix_path.dsv
[9.792s] -- Installing: /home/rokey/cobot_ws/install/dsr_hardware2/share/dsr_hardware2/environment/path.sh
[9.792s] -- Installing: /home/rokey/cobot_ws/install/dsr_hardware2/share/dsr_hardware2/environment/path.dsv
[9.792s] -- Installing: /home/rokey/cobot_ws/install/dsr_hardware2/share/dsr_hardware2/local_setup.bash
[9.792s] -- Installing: /home/rokey/cobot_ws/install/dsr_hardware2/share/dsr_hardware2/local_setup.sh
[9.792s] -- Installing: /home/rokey/cobot_ws/install/dsr_hardware2/share/dsr_hardware2/local_setup.zsh
[9.792s] -- Installing: /home/rokey/cobot_ws/install/dsr_hardware2/share/dsr_hardware2/local_setup.dsv
[9.792s] -- Installing: /home/rokey/cobot_ws/install/dsr_hardware2/share/dsr_hardware2/package.dsv
[9.792s] -- Installing: /home/rokey/cobot_ws/install/dsr_hardware2/share/ament_index/resource_index/packages/dsr_hardware2
[9.793s] -- Installing: /home/rokey/cobot_ws/install/dsr_hardware2/share/ament_index/resource_index/hardware_interface__pluginlib__plugin/dsr_hardware2
[9.793s] -- Installing: /home/rokey/cobot_ws/install/dsr_hardware2/share/ament_index/resource_index/controller_interface__pluginlib__plugin/dsr_hardware2
[9.793s] -- Installing: /home/rokey/cobot_ws/install/dsr_hardware2/share/dsr_hardware2/cmake/export_dsr_hardware2Export.cmake
[9.793s] -- Installing: /home/rokey/cobot_ws/install/dsr_hardware2/share/dsr_hardware2/cmake/export_dsr_hardware2Export-noconfig.cmake
[9.793s] -- Installing: /home/rokey/cobot_ws/install/dsr_hardware2/share/dsr_hardware2/cmake/ament_cmake_export_targets-extras.cmake
[9.793s] -- Installing: /home/rokey/cobot_ws/install/dsr_hardware2/share/dsr_hardware2/cmake/ament_cmake_export_dependencies-extras.cmake
[9.793s] -- Installing: /home/rokey/cobot_ws/install/dsr_hardware2/share/dsr_hardware2/cmake/dsr_hardware2Config.cmake
[9.793s] -- Installing: /home/rokey/cobot_ws/install/dsr_hardware2/share/dsr_hardware2/cmake/dsr_hardware2Config-version.cmake
[9.793s] -- Installing: /home/rokey/cobot_ws/install/dsr_hardware2/share/dsr_hardware2/package.xml
[9.796s] Invoked command in '/home/rokey/cobot_ws/build/dsr_hardware2' returned '0': AMENT_PREFIX_PATH=/home/rokey/cobot_ws/install/dsr_msgs2:/home/rokey/cobot_ws/install/dsr_common2:${AMENT_PREFIX_PATH} CMAKE_PREFIX_PATH=/home/rokey/cobot_ws/install/dsr_msgs2:/home/rokey/cobot_ws/install/dsr_common2:/opt/ros/humble LD_LIBRARY_PATH=/home/rokey/cobot_ws/install/dsr_msgs2/lib:${LD_LIBRARY_PATH} PYTHONPATH=/home/rokey/cobot_ws/install/dsr_msgs2/local/lib/python3.10/dist-packages:/home/rokey/cobot_ws/install/dsr_common2/lib/python3.10/site-packages:${PYTHONPATH} /usr/bin/cmake --install /home/rokey/cobot_ws/build/dsr_hardware2
