[0.016s] Invoking command in '/home/rokey/cobot_ws/build/dsr_controller2': CMAKE_PREFIX_PATH=/home/rokey/cobot_ws/install/dsr_hardware2:/home/rokey/cobot_ws/install/dsr_msgs2:/home/rokey/cobot_ws/install/dsr_common2:/home/rokey/cobot_ws/install/dsr_realtime_control:/home/rokey/cobot_ws/install/dsr_mujoco:/home/rokey/cobot_ws/install/dsr_controller2:/home/rokey/cobot_ws/install/dsr_moveit_config_p3020:/home/rokey/cobot_ws/install/dsr_moveit_config_m1509:/home/rokey/cobot_ws/install/dsr_moveit_config_m1013:/home/rokey/cobot_ws/install/dsr_moveit_config_m0617:/home/rokey/cobot_ws/install/dsr_moveit_config_m0609:/home/rokey/cobot_ws/install/dsr_moveit_config_h2515:/home/rokey/cobot_ws/install/dsr_moveit_config_h2017:/home/rokey/cobot_ws/install/dsr_moveit_config_e0509:/home/rokey/cobot_ws/install/dsr_moveit_config_a0912:/home/rokey/cobot_ws/install/dsr_moveit_config_a0509:/home/rokey/cobot_ws/install/dsr_gazebo2:/home/rokey/cobot_ws/install/dsr_description2:/home/rokey/cobot_ws/install/dsr_visualservoing:/home/rokey/cobot_ws/install/dsr_tests:/home/rokey/cobot_ws/install/dsr_bringup2:/home/rokey/cobot_ws/install/dsr_example:/home/rokey/cobot_ws/install/cobot1:/opt/ros/humble LD_LIBRARY_PATH=/home/rokey/cobot_ws/install/dsr_hardware2/lib:/home/rokey/cobot_ws/install/dsr_msgs2/lib:/home/rokey/cobot_ws/install/dsr_controller2/lib:/usr/lib/x86_64-linux-gnu/gazebo-11/plugins:/opt/ros/humble/opt/rviz_ogre_vendor/lib:/opt/ros/humble/lib/x86_64-linux-gnu:/opt/ros/humble/lib PYTHONPATH=/home/rokey/cobot_ws/install/dsr_common2/lib/python3.10/site-packages:/home/rokey/cobot_ws/install/dsr_visualservoing/lib/python3.10/site-packages:/home/rokey/cobot_ws/install/dsr_tests/lib/python3.10/site-packages:/home/rokey/cobot_ws/install/dsr_mujoco/local/lib/python3.10/dist-packages:/home/rokey/cobot_ws/install/dsr_bringup2/lib/python3.10/site-packages:/home/rokey/cobot_ws/install/dsr_msgs2/local/lib/python3.10/dist-packages:/home/rokey/cobot_ws/install/dsr_example/lib/python3.10/site-packages:/home/rokey/cobot_ws/install/cobot1/lib/python3.10/site-packages:/opt/ros/humble/lib/python3.10/site-packages:/opt/ros/humble/local/lib/python3.10/dist-packages /usr/bin/cmake --build /home/rokey/cobot_ws/build/dsr_controller2 -- -j8 -l8
[0.074s] [35m[1mConsolidate compiler generated dependencies of target dsr_controller2[0m
[0.076s] [35m[1mConsolidate compiler generated dependencies of target dsr_joint_trajectory[0m
[0.099s] [ 50%] Built target dsr_controller2
[0.100s] [100%] Built target dsr_joint_trajectory
[0.111s] Invoked command in '/home/rokey/cobot_ws/build/dsr_controller2' returned '0': CMAKE_PREFIX_PATH=/home/rokey/cobot_ws/install/dsr_hardware2:/home/rokey/cobot_ws/install/dsr_msgs2:/home/rokey/cobot_ws/install/dsr_common2:/home/rokey/cobot_ws/install/dsr_realtime_control:/home/rokey/cobot_ws/install/dsr_mujoco:/home/rokey/cobot_ws/install/dsr_controller2:/home/rokey/cobot_ws/install/dsr_moveit_config_p3020:/home/rokey/cobot_ws/install/dsr_moveit_config_m1509:/home/rokey/cobot_ws/install/dsr_moveit_config_m1013:/home/rokey/cobot_ws/install/dsr_moveit_config_m0617:/home/rokey/cobot_ws/install/dsr_moveit_config_m0609:/home/rokey/cobot_ws/install/dsr_moveit_config_h2515:/home/rokey/cobot_ws/install/dsr_moveit_config_h2017:/home/rokey/cobot_ws/install/dsr_moveit_config_e0509:/home/rokey/cobot_ws/install/dsr_moveit_config_a0912:/home/rokey/cobot_ws/install/dsr_moveit_config_a0509:/home/rokey/cobot_ws/install/dsr_gazebo2:/home/rokey/cobot_ws/install/dsr_description2:/home/rokey/cobot_ws/install/dsr_visualservoing:/home/rokey/cobot_ws/install/dsr_tests:/home/rokey/cobot_ws/install/dsr_bringup2:/home/rokey/cobot_ws/install/dsr_example:/home/rokey/cobot_ws/install/cobot1:/opt/ros/humble LD_LIBRARY_PATH=/home/rokey/cobot_ws/install/dsr_hardware2/lib:/home/rokey/cobot_ws/install/dsr_msgs2/lib:/home/rokey/cobot_ws/install/dsr_controller2/lib:/usr/lib/x86_64-linux-gnu/gazebo-11/plugins:/opt/ros/humble/opt/rviz_ogre_vendor/lib:/opt/ros/humble/lib/x86_64-linux-gnu:/opt/ros/humble/lib PYTHONPATH=/home/rokey/cobot_ws/install/dsr_common2/lib/python3.10/site-packages:/home/rokey/cobot_ws/install/dsr_visualservoing/lib/python3.10/site-packages:/home/rokey/cobot_ws/install/dsr_tests/lib/python3.10/site-packages:/home/rokey/cobot_ws/install/dsr_mujoco/local/lib/python3.10/dist-packages:/home/rokey/cobot_ws/install/dsr_bringup2/lib/python3.10/site-packages:/home/rokey/cobot_ws/install/dsr_msgs2/local/lib/python3.10/dist-packages:/home/rokey/cobot_ws/install/dsr_example/lib/python3.10/site-packages:/home/rokey/cobot_ws/install/cobot1/lib/python3.10/site-packages:/opt/ros/humble/lib/python3.10/site-packages:/opt/ros/humble/local/lib/python3.10/dist-packages /usr/bin/cmake --build /home/rokey/cobot_ws/build/dsr_controller2 -- -j8 -l8
[0.113s] Invoking command in '/home/rokey/cobot_ws/build/dsr_controller2': CMAKE_PREFIX_PATH=/home/rokey/cobot_ws/install/dsr_hardware2:/home/rokey/cobot_ws/install/dsr_msgs2:/home/rokey/cobot_ws/install/dsr_common2:/home/rokey/cobot_ws/install/dsr_realtime_control:/home/rokey/cobot_ws/install/dsr_mujoco:/home/rokey/cobot_ws/install/dsr_controller2:/home/rokey/cobot_ws/install/dsr_moveit_config_p3020:/home/rokey/cobot_ws/install/dsr_moveit_config_m1509:/home/rokey/cobot_ws/install/dsr_moveit_config_m1013:/home/rokey/cobot_ws/install/dsr_moveit_config_m0617:/home/rokey/cobot_ws/install/dsr_moveit_config_m0609:/home/rokey/cobot_ws/install/dsr_moveit_config_h2515:/home/rokey/cobot_ws/install/dsr_moveit_config_h2017:/home/rokey/cobot_ws/install/dsr_moveit_config_e0509:/home/rokey/cobot_ws/install/dsr_moveit_config_a0912:/home/rokey/cobot_ws/install/dsr_moveit_config_a0509:/home/rokey/cobot_ws/install/dsr_gazebo2:/home/rokey/cobot_ws/install/dsr_description2:/home/rokey/cobot_ws/install/dsr_visualservoing:/home/rokey/cobot_ws/install/dsr_tests:/home/rokey/cobot_ws/install/dsr_bringup2:/home/rokey/cobot_ws/install/dsr_example:/home/rokey/cobot_ws/install/cobot1:/opt/ros/humble LD_LIBRARY_PATH=/home/rokey/cobot_ws/install/dsr_hardware2/lib:/home/rokey/cobot_ws/install/dsr_msgs2/lib:/home/rokey/cobot_ws/install/dsr_controller2/lib:/usr/lib/x86_64-linux-gnu/gazebo-11/plugins:/opt/ros/humble/opt/rviz_ogre_vendor/lib:/opt/ros/humble/lib/x86_64-linux-gnu:/opt/ros/humble/lib PYTHONPATH=/home/rokey/cobot_ws/install/dsr_common2/lib/python3.10/site-packages:/home/rokey/cobot_ws/install/dsr_visualservoing/lib/python3.10/site-packages:/home/rokey/cobot_ws/install/dsr_tests/lib/python3.10/site-packages:/home/rokey/cobot_ws/install/dsr_mujoco/local/lib/python3.10/dist-packages:/home/rokey/cobot_ws/install/dsr_bringup2/lib/python3.10/site-packages:/home/rokey/cobot_ws/install/dsr_msgs2/local/lib/python3.10/dist-packages:/home/rokey/cobot_ws/install/dsr_example/lib/python3.10/site-packages:/home/rokey/cobot_ws/install/cobot1/lib/python3.10/site-packages:/opt/ros/humble/lib/python3.10/site-packages:/opt/ros/humble/local/lib/python3.10/dist-packages /usr/bin/cmake --install /home/rokey/cobot_ws/build/dsr_controller2
[0.120s] -- Install configuration: ""
[0.120s] -- Up-to-date: /home/rokey/cobot_ws/install/dsr_controller2/share/dsr_controller2/dsr_controller2_plugins.xml
[0.120s] -- Up-to-date: /home/rokey/cobot_ws/install/dsr_controller2/share/dsr_controller2/dsr_joint_trajectory_plugin.xml
[0.120s] -- Up-to-date: /home/rokey/cobot_ws/install/dsr_controller2/include/dsr_controller2
[0.120s] -- Up-to-date: /home/rokey/cobot_ws/install/dsr_controller2/include/dsr_controller2/dsr_controller2
[0.121s] -- Up-to-date: /home/rokey/cobot_ws/install/dsr_controller2/include/dsr_controller2/dsr_controller2/dsr_joint_trajectory.hpp
[0.121s] -- Up-to-date: /home/rokey/cobot_ws/install/dsr_controller2/include/dsr_controller2/dsr_controller2/dsr_controller2.hpp
[0.121s] -- Up-to-date: /home/rokey/cobot_ws/install/dsr_controller2/include/dsr_controller2/dsr_controller2/visibility_control.h
[0.121s] -- Up-to-date: /home/rokey/cobot_ws/install/dsr_controller2/share/dsr_controller2/config
[0.121s] -- Up-to-date: /home/rokey/cobot_ws/install/dsr_controller2/share/dsr_controller2/config/dsr_controller2_gz.yaml
[0.121s] -- Up-to-date: /home/rokey/cobot_ws/install/dsr_controller2/share/dsr_controller2/config/default.yaml
[0.121s] -- Up-to-date: /home/rokey/cobot_ws/install/dsr_controller2/share/dsr_controller2/config/dsr_controller2_p3020.yaml
[0.122s] -- Up-to-date: /home/rokey/cobot_ws/install/dsr_controller2/share/dsr_controller2/config/dsr_controller2_gz_p3020.yaml
[0.122s] -- Up-to-date: /home/rokey/cobot_ws/install/dsr_controller2/share/dsr_controller2/config/dsr_controller2_ex.yaml
[0.122s] -- Up-to-date: /home/rokey/cobot_ws/install/dsr_controller2/share/dsr_controller2/config/console.conf
[0.122s] -- Up-to-date: /home/rokey/cobot_ws/install/dsr_controller2/share/dsr_controller2/config/dsr_controller2.yaml
[0.122s] -- Up-to-date: /home/rokey/cobot_ws/install/dsr_controller2/share/dsr_controller2/launch
[0.122s] -- Up-to-date: /home/rokey/cobot_ws/install/dsr_controller2/share/dsr_controller2/launch/dsr_controller2.launch.py
[0.122s] -- Up-to-date: /home/rokey/cobot_ws/install/dsr_controller2/share/dsr_controller2/launch/dsr_control2.launch.py
[0.122s] -- Up-to-date: /home/rokey/cobot_ws/install/dsr_controller2/share/dsr_controller2/launch/dsr_moveit2.launch.py
[0.123s] -- Up-to-date: /home/rokey/cobot_ws/install/dsr_controller2/lib/libdsr_controller2.so
[0.124s] -- Up-to-date: /home/rokey/cobot_ws/install/dsr_controller2/lib/libdsr_joint_trajectory.so
[0.124s] -- Up-to-date: /home/rokey/cobot_ws/install/dsr_controller2/share/dsr_controller2/environment/library_path.sh
[0.125s] -- Up-to-date: /home/rokey/cobot_ws/install/dsr_controller2/share/dsr_controller2/environment/library_path.dsv
[0.125s] -- Up-to-date: /home/rokey/cobot_ws/install/dsr_controller2/share/ament_index/resource_index/package_run_dependencies/dsr_controller2
[0.125s] -- Up-to-date: /home/rokey/cobot_ws/install/dsr_controller2/share/ament_index/resource_index/parent_prefix_path/dsr_controller2
[0.125s] -- Up-to-date: /home/rokey/cobot_ws/install/dsr_controller2/share/dsr_controller2/environment/ament_prefix_path.sh
[0.125s] -- Up-to-date: /home/rokey/cobot_ws/install/dsr_controller2/share/dsr_controller2/environment/ament_prefix_path.dsv
[0.125s] -- Up-to-date: /home/rokey/cobot_ws/install/dsr_controller2/share/dsr_controller2/environment/path.sh
[0.126s] -- Up-to-date: /home/rokey/cobot_ws/install/dsr_controller2/share/dsr_controller2/environment/path.dsv
[0.126s] -- Up-to-date: /home/rokey/cobot_ws/install/dsr_controller2/share/dsr_controller2/local_setup.bash
[0.126s] -- Up-to-date: /home/rokey/cobot_ws/install/dsr_controller2/share/dsr_controller2/local_setup.sh
[0.126s] -- Up-to-date: /home/rokey/cobot_ws/install/dsr_controller2/share/dsr_controller2/local_setup.zsh
[0.126s] -- Up-to-date: /home/rokey/cobot_ws/install/dsr_controller2/share/dsr_controller2/local_setup.dsv
[0.126s] -- Installing: /home/rokey/cobot_ws/install/dsr_controller2/share/dsr_controller2/package.dsv
[0.126s] -- Up-to-date: /home/rokey/cobot_ws/install/dsr_controller2/share/ament_index/resource_index/packages/dsr_controller2
[0.126s] -- Up-to-date: /home/rokey/cobot_ws/install/dsr_controller2/share/ament_index/resource_index/controller_interface__pluginlib__plugin/dsr_controller2
[0.127s] -- Up-to-date: /home/rokey/cobot_ws/install/dsr_controller2/share/dsr_controller2/cmake/export_dsr_controller2Export.cmake
[0.127s] -- Up-to-date: /home/rokey/cobot_ws/install/dsr_controller2/share/dsr_controller2/cmake/export_dsr_controller2Export-noconfig.cmake
[0.127s] -- Up-to-date: /home/rokey/cobot_ws/install/dsr_controller2/share/dsr_controller2/cmake/export_dsr_joint_trajectoryExport.cmake
[0.128s] -- Up-to-date: /home/rokey/cobot_ws/install/dsr_controller2/share/dsr_controller2/cmake/export_dsr_joint_trajectoryExport-noconfig.cmake
[0.128s] -- Up-to-date: /home/rokey/cobot_ws/install/dsr_controller2/share/dsr_controller2/cmake/ament_cmake_export_targets-extras.cmake
[0.128s] -- Up-to-date: /home/rokey/cobot_ws/install/dsr_controller2/share/dsr_controller2/cmake/ament_cmake_export_dependencies-extras.cmake
[0.128s] -- Up-to-date: /home/rokey/cobot_ws/install/dsr_controller2/share/dsr_controller2/cmake/dsr_controller2Config.cmake
[0.128s] -- Up-to-date: /home/rokey/cobot_ws/install/dsr_controller2/share/dsr_controller2/cmake/dsr_controller2Config-version.cmake
[0.128s] -- Up-to-date: /home/rokey/cobot_ws/install/dsr_controller2/share/dsr_controller2/package.xml
[0.130s] Invoked command in '/home/rokey/cobot_ws/build/dsr_controller2' returned '0': CMAKE_PREFIX_PATH=/home/rokey/cobot_ws/install/dsr_hardware2:/home/rokey/cobot_ws/install/dsr_msgs2:/home/rokey/cobot_ws/install/dsr_common2:/home/rokey/cobot_ws/install/dsr_realtime_control:/home/rokey/cobot_ws/install/dsr_mujoco:/home/rokey/cobot_ws/install/dsr_controller2:/home/rokey/cobot_ws/install/dsr_moveit_config_p3020:/home/rokey/cobot_ws/install/dsr_moveit_config_m1509:/home/rokey/cobot_ws/install/dsr_moveit_config_m1013:/home/rokey/cobot_ws/install/dsr_moveit_config_m0617:/home/rokey/cobot_ws/install/dsr_moveit_config_m0609:/home/rokey/cobot_ws/install/dsr_moveit_config_h2515:/home/rokey/cobot_ws/install/dsr_moveit_config_h2017:/home/rokey/cobot_ws/install/dsr_moveit_config_e0509:/home/rokey/cobot_ws/install/dsr_moveit_config_a0912:/home/rokey/cobot_ws/install/dsr_moveit_config_a0509:/home/rokey/cobot_ws/install/dsr_gazebo2:/home/rokey/cobot_ws/install/dsr_description2:/home/rokey/cobot_ws/install/dsr_visualservoing:/home/rokey/cobot_ws/install/dsr_tests:/home/rokey/cobot_ws/install/dsr_bringup2:/home/rokey/cobot_ws/install/dsr_example:/home/rokey/cobot_ws/install/cobot1:/opt/ros/humble LD_LIBRARY_PATH=/home/rokey/cobot_ws/install/dsr_hardware2/lib:/home/rokey/cobot_ws/install/dsr_msgs2/lib:/home/rokey/cobot_ws/install/dsr_controller2/lib:/usr/lib/x86_64-linux-gnu/gazebo-11/plugins:/opt/ros/humble/opt/rviz_ogre_vendor/lib:/opt/ros/humble/lib/x86_64-linux-gnu:/opt/ros/humble/lib PYTHONPATH=/home/rokey/cobot_ws/install/dsr_common2/lib/python3.10/site-packages:/home/rokey/cobot_ws/install/dsr_visualservoing/lib/python3.10/site-packages:/home/rokey/cobot_ws/install/dsr_tests/lib/python3.10/site-packages:/home/rokey/cobot_ws/install/dsr_mujoco/local/lib/python3.10/dist-packages:/home/rokey/cobot_ws/install/dsr_bringup2/lib/python3.10/site-packages:/home/rokey/cobot_ws/install/dsr_msgs2/local/lib/python3.10/dist-packages:/home/rokey/cobot_ws/install/dsr_example/lib/python3.10/site-packages:/home/rokey/cobot_ws/install/cobot1/lib/python3.10/site-packages:/opt/ros/humble/lib/python3.10/site-packages:/opt/ros/humble/local/lib/python3.10/dist-packages /usr/bin/cmake --install /home/rokey/cobot_ws/build/dsr_controller2
