[1.062s] Invoking command in '/home/rokey/cobot_ws/src/doosan-robot2/dsr_example2/dsr_visualservoing': PYTHONPATH=/home/rokey/cobot_ws/build/dsr_visualservoing/prefix_override:/usr/lib/python3/dist-packages/colcon_core/task/python/colcon_distutils_commands:/home/rokey/cobot_ws/install/dsr_visualservoing/lib/python3.10/site-packages:${PYTHONPATH} /usr/bin/python3 -W ignore:setup.py install is deprecated -W ignore:easy_install command is deprecated setup.py egg_info --egg-base ../../../../build/dsr_visualservoing build --build-base /home/rokey/cobot_ws/build/dsr_visualservoing/build install --record /home/rokey/cobot_ws/build/dsr_visualservoing/install.log --single-version-externally-managed install_data
[1.343s] running egg_info
[1.344s] creating ../../../../build/dsr_visualservoing/dsr_visualservoing.egg-info
[1.344s] writing ../../../../build/dsr_visualservoing/dsr_visualservoing.egg-info/PKG-INFO
[1.344s] writing dependency_links to ../../../../build/dsr_visualservoing/dsr_visualservoing.egg-info/dependency_links.txt
[1.345s] writing entry points to ../../../../build/dsr_visualservoing/dsr_visualservoing.egg-info/entry_points.txt
[1.345s] writing requirements to ../../../../build/dsr_visualservoing/dsr_visualservoing.egg-info/requires.txt
[1.345s] writing top-level names to ../../../../build/dsr_visualservoing/dsr_visualservoing.egg-info/top_level.txt
[1.345s] writing manifest file '../../../../build/dsr_visualservoing/dsr_visualservoing.egg-info/SOURCES.txt'
[1.348s] reading manifest file '../../../../build/dsr_visualservoing/dsr_visualservoing.egg-info/SOURCES.txt'
[1.349s] writing manifest file '../../../../build/dsr_visualservoing/dsr_visualservoing.egg-info/SOURCES.txt'
[1.349s] running build
[1.349s] running build_py
[1.349s] creating /home/rokey/cobot_ws/build/dsr_visualservoing/build
[1.350s] creating /home/rokey/cobot_ws/build/dsr_visualservoing/build/lib
[1.350s] creating /home/rokey/cobot_ws/build/dsr_visualservoing/build/lib/dsr_visualservoing
[1.350s] copying dsr_visualservoing/send_pose_servol_gz.py -> /home/rokey/cobot_ws/build/dsr_visualservoing/build/lib/dsr_visualservoing
[1.350s] copying dsr_visualservoing/detect_marker_gz.py -> /home/rokey/cobot_ws/build/dsr_visualservoing/build/lib/dsr_visualservoing
[1.350s] copying dsr_visualservoing/camera_publisher.py -> /home/rokey/cobot_ws/build/dsr_visualservoing/build/lib/dsr_visualservoing
[1.350s] copying dsr_visualservoing/__init__.py -> /home/rokey/cobot_ws/build/dsr_visualservoing/build/lib/dsr_visualservoing
[1.350s] copying dsr_visualservoing/joint90.py -> /home/rokey/cobot_ws/build/dsr_visualservoing/build/lib/dsr_visualservoing
[1.351s] running install
[1.351s] running install_lib
[1.353s] creating /home/rokey/cobot_ws/install/dsr_visualservoing/lib/python3.10/site-packages/dsr_visualservoing
[1.353s] copying /home/rokey/cobot_ws/build/dsr_visualservoing/build/lib/dsr_visualservoing/send_pose_servol_gz.py -> /home/rokey/cobot_ws/install/dsr_visualservoing/lib/python3.10/site-packages/dsr_visualservoing
[1.353s] copying /home/rokey/cobot_ws/build/dsr_visualservoing/build/lib/dsr_visualservoing/detect_marker_gz.py -> /home/rokey/cobot_ws/install/dsr_visualservoing/lib/python3.10/site-packages/dsr_visualservoing
[1.353s] copying /home/rokey/cobot_ws/build/dsr_visualservoing/build/lib/dsr_visualservoing/camera_publisher.py -> /home/rokey/cobot_ws/install/dsr_visualservoing/lib/python3.10/site-packages/dsr_visualservoing
[1.353s] copying /home/rokey/cobot_ws/build/dsr_visualservoing/build/lib/dsr_visualservoing/__init__.py -> /home/rokey/cobot_ws/install/dsr_visualservoing/lib/python3.10/site-packages/dsr_visualservoing
[1.353s] copying /home/rokey/cobot_ws/build/dsr_visualservoing/build/lib/dsr_visualservoing/joint90.py -> /home/rokey/cobot_ws/install/dsr_visualservoing/lib/python3.10/site-packages/dsr_visualservoing
[1.354s] byte-compiling /home/rokey/cobot_ws/install/dsr_visualservoing/lib/python3.10/site-packages/dsr_visualservoing/send_pose_servol_gz.py to send_pose_servol_gz.cpython-310.pyc
[1.355s] byte-compiling /home/rokey/cobot_ws/install/dsr_visualservoing/lib/python3.10/site-packages/dsr_visualservoing/detect_marker_gz.py to detect_marker_gz.cpython-310.pyc
[1.359s] byte-compiling /home/rokey/cobot_ws/install/dsr_visualservoing/lib/python3.10/site-packages/dsr_visualservoing/camera_publisher.py to camera_publisher.cpython-310.pyc
[1.360s] byte-compiling /home/rokey/cobot_ws/install/dsr_visualservoing/lib/python3.10/site-packages/dsr_visualservoing/__init__.py to __init__.cpython-310.pyc
[1.360s] byte-compiling /home/rokey/cobot_ws/install/dsr_visualservoing/lib/python3.10/site-packages/dsr_visualservoing/joint90.py to joint90.cpython-310.pyc
[1.361s] running install_data
[1.362s] creating /home/rokey/cobot_ws/install/dsr_visualservoing/share/ament_index
[1.362s] creating /home/rokey/cobot_ws/install/dsr_visualservoing/share/ament_index/resource_index
[1.362s] creating /home/rokey/cobot_ws/install/dsr_visualservoing/share/ament_index/resource_index/packages
[1.362s] copying resource/dsr_visualservoing -> /home/rokey/cobot_ws/install/dsr_visualservoing/share/ament_index/resource_index/packages
[1.362s] copying package.xml -> /home/rokey/cobot_ws/install/dsr_visualservoing/share/dsr_visualservoing
[1.362s] creating /home/rokey/cobot_ws/install/dsr_visualservoing/share/dsr_visualservoing/launch
[1.362s] copying launch/dsr_gazebo_visual_servoing.launch.py -> /home/rokey/cobot_ws/install/dsr_visualservoing/share/dsr_visualservoing/launch
[1.362s] copying launch/rgbd_camera.launch.py -> /home/rokey/cobot_ws/install/dsr_visualservoing/share/dsr_visualservoing/launch
[1.362s] copying launch/dsr_bringup2_visual_servoing_gazebo.launch.py -> /home/rokey/cobot_ws/install/dsr_visualservoing/share/dsr_visualservoing/launch
[1.363s] copying launch/visual_servoing_gz.launch.py -> /home/rokey/cobot_ws/install/dsr_visualservoing/share/dsr_visualservoing/launch
[1.363s] copying launch/camera_calibration.launch.py -> /home/rokey/cobot_ws/install/dsr_visualservoing/share/dsr_visualservoing/launch
[1.363s] creating /home/rokey/cobot_ws/install/dsr_visualservoing/share/dsr_visualservoing/config
[1.363s] copying config/rgbd_camera_gz.yaml -> /home/rokey/cobot_ws/install/dsr_visualservoing/share/dsr_visualservoing/config
[1.364s] copying config/real_camera.yaml -> /home/rokey/cobot_ws/install/dsr_visualservoing/share/dsr_visualservoing/config
[1.364s] creating /home/rokey/cobot_ws/install/dsr_visualservoing/share/dsr_visualservoing/description
[1.364s] copying description/checker_board.sdf -> /home/rokey/cobot_ws/install/dsr_visualservoing/share/dsr_visualservoing/description
[1.364s] copying description/visual_servoing.sdf -> /home/rokey/cobot_ws/install/dsr_visualservoing/share/dsr_visualservoing/description
[1.365s] copying description/markerbox2.sdf -> /home/rokey/cobot_ws/install/dsr_visualservoing/share/dsr_visualservoing/description
[1.365s] copying description/camera_calibration.sdf -> /home/rokey/cobot_ws/install/dsr_visualservoing/share/dsr_visualservoing/description
[1.365s] copying description/markerbox3.sdf -> /home/rokey/cobot_ws/install/dsr_visualservoing/share/dsr_visualservoing/description
[1.365s] copying description/markerbox1.sdf -> /home/rokey/cobot_ws/install/dsr_visualservoing/share/dsr_visualservoing/description
[1.365s] creating /home/rokey/cobot_ws/install/dsr_visualservoing/share/dsr_visualservoing/description/textures
[1.366s] copying description/textures/4x4_1000-0.png -> /home/rokey/cobot_ws/install/dsr_visualservoing/share/dsr_visualservoing/description/textures
[1.366s] copying description/textures/4x4_1000-1_115.png -> /home/rokey/cobot_ws/install/dsr_visualservoing/share/dsr_visualservoing/description/textures
[1.366s] copying description/textures/4x4_1000-3_115.png -> /home/rokey/cobot_ws/install/dsr_visualservoing/share/dsr_visualservoing/description/textures
[1.366s] copying description/textures/4x4_1000-2_115.png -> /home/rokey/cobot_ws/install/dsr_visualservoing/share/dsr_visualservoing/description/textures
[1.367s] running install_egg_info
[1.369s] Copying ../../../../build/dsr_visualservoing/dsr_visualservoing.egg-info to /home/rokey/cobot_ws/install/dsr_visualservoing/lib/python3.10/site-packages/dsr_visualservoing-0.0.0-py3.10.egg-info
[1.370s] running install_scripts
[1.403s] Installing camera_publisher script to /home/rokey/cobot_ws/install/dsr_visualservoing/lib/dsr_visualservoing
[1.403s] Installing detect_marker_gz script to /home/rokey/cobot_ws/install/dsr_visualservoing/lib/dsr_visualservoing
[1.403s] Installing joint90 script to /home/rokey/cobot_ws/install/dsr_visualservoing/lib/dsr_visualservoing
[1.404s] Installing send_pose_servol_gz script to /home/rokey/cobot_ws/install/dsr_visualservoing/lib/dsr_visualservoing
[1.404s] writing list of installed files to '/home/rokey/cobot_ws/build/dsr_visualservoing/install.log'
[1.458s] Invoked command in '/home/rokey/cobot_ws/src/doosan-robot2/dsr_example2/dsr_visualservoing' returned '0': PYTHONPATH=/home/rokey/cobot_ws/build/dsr_visualservoing/prefix_override:/usr/lib/python3/dist-packages/colcon_core/task/python/colcon_distutils_commands:/home/rokey/cobot_ws/install/dsr_visualservoing/lib/python3.10/site-packages:${PYTHONPATH} /usr/bin/python3 -W ignore:setup.py install is deprecated -W ignore:easy_install command is deprecated setup.py egg_info --egg-base ../../../../build/dsr_visualservoing build --build-base /home/rokey/cobot_ws/build/dsr_visualservoing/build install --record /home/rokey/cobot_ws/build/dsr_visualservoing/install.log --single-version-externally-managed install_data
