[0.783s] Invoking command in '/home/rokey/cobot_ws/src/doosan-robot2/dsr_bringup2': CMAKE_PREFIX_PATH=/home/rokey/cobot_ws/install/dsr_msgs2:/home/rokey/cobot_ws/install/dsr_realtime_control:/home/rokey/cobot_ws/install/dsr_mujoco:/home/rokey/cobot_ws/install/dsr_controller2:/home/rokey/cobot_ws/install/dsr_moveit_config_p3020:/home/rokey/cobot_ws/install/dsr_moveit_config_m1509:/home/rokey/cobot_ws/install/dsr_moveit_config_m1013:/home/rokey/cobot_ws/install/dsr_moveit_config_m0617:/home/rokey/cobot_ws/install/dsr_moveit_config_m0609:/home/rokey/cobot_ws/install/dsr_moveit_config_h2515:/home/rokey/cobot_ws/install/dsr_moveit_config_h2017:/home/rokey/cobot_ws/install/dsr_moveit_config_e0509:/home/rokey/cobot_ws/install/dsr_moveit_config_a0912:/home/rokey/cobot_ws/install/dsr_moveit_config_a0509:/home/rokey/cobot_ws/install/dsr_hardware2:/home/rokey/cobot_ws/install/dsr_gazebo2:/home/rokey/cobot_ws/install/dsr_description2:/home/rokey/cobot_ws/install/dsr_common2 LD_LIBRARY_PATH=/home/rokey/cobot_ws/install/dsr_msgs2/lib:/home/rokey/cobot_ws/install/dsr_controller2/lib:/home/rokey/cobot_ws/install/dsr_hardware2/lib:/usr/lib/x86_64-linux-gnu/gazebo-11/plugins:/opt/ros/humble/opt/rviz_ogre_vendor/lib:/opt/ros/humble/lib/x86_64-linux-gnu:/opt/ros/humble/lib PYTHONPATH=/home/rokey/cobot_ws/build/dsr_bringup2/prefix_override:/usr/lib/python3/dist-packages/colcon_core/task/python/colcon_distutils_commands:/home/rokey/cobot_ws/install/dsr_bringup2/lib/python3.10/site-packages:${PYTHONPATH} /usr/bin/python3 -W ignore:setup.py install is deprecated -W ignore:easy_install command is deprecated setup.py egg_info --egg-base ../../../build/dsr_bringup2 build --build-base /home/rokey/cobot_ws/build/dsr_bringup2/build install --record /home/rokey/cobot_ws/build/dsr_bringup2/install.log --single-version-externally-managed install_data
[1.008s] running egg_info
[1.009s] writing ../../../build/dsr_bringup2/dsr_bringup2.egg-info/PKG-INFO
[1.015s] writing dependency_links to ../../../build/dsr_bringup2/dsr_bringup2.egg-info/dependency_links.txt
[1.016s] writing entry points to ../../../build/dsr_bringup2/dsr_bringup2.egg-info/entry_points.txt
[1.016s] writing requirements to ../../../build/dsr_bringup2/dsr_bringup2.egg-info/requires.txt
[1.016s] writing top-level names to ../../../build/dsr_bringup2/dsr_bringup2.egg-info/top_level.txt
[1.018s] reading manifest file '../../../build/dsr_bringup2/dsr_bringup2.egg-info/SOURCES.txt'
[1.019s] writing manifest file '../../../build/dsr_bringup2/dsr_bringup2.egg-info/SOURCES.txt'
[1.019s] running build
[1.019s] running build_py
[1.020s] running install
[1.021s] running install_lib
[1.024s] running install_data
[1.024s] running install_egg_info
[1.026s] removing '/home/rokey/cobot_ws/install/dsr_bringup2/lib/python3.10/site-packages/dsr_bringup2-0.1.2-py3.10.egg-info' (and everything under it)
[1.026s] Copying ../../../build/dsr_bringup2/dsr_bringup2.egg-info to /home/rokey/cobot_ws/install/dsr_bringup2/lib/python3.10/site-packages/dsr_bringup2-0.1.2-py3.10.egg-info
[1.027s] running install_scripts
[1.047s] Installing gazebo_connection script to /home/rokey/cobot_ws/install/dsr_bringup2/lib/dsr_bringup2
[1.047s] Installing moveit_connection script to /home/rokey/cobot_ws/install/dsr_bringup2/lib/dsr_bringup2
[1.047s] Installing mujoco_bridge script to /home/rokey/cobot_ws/install/dsr_bringup2/lib/dsr_bringup2
[1.047s] Installing run_emulator script to /home/rokey/cobot_ws/install/dsr_bringup2/lib/dsr_bringup2
[1.048s] writing list of installed files to '/home/rokey/cobot_ws/build/dsr_bringup2/install.log'
[1.072s] Invoked command in '/home/rokey/cobot_ws/src/doosan-robot2/dsr_bringup2' returned '0': CMAKE_PREFIX_PATH=/home/rokey/cobot_ws/install/dsr_msgs2:/home/rokey/cobot_ws/install/dsr_realtime_control:/home/rokey/cobot_ws/install/dsr_mujoco:/home/rokey/cobot_ws/install/dsr_controller2:/home/rokey/cobot_ws/install/dsr_moveit_config_p3020:/home/rokey/cobot_ws/install/dsr_moveit_config_m1509:/home/rokey/cobot_ws/install/dsr_moveit_config_m1013:/home/rokey/cobot_ws/install/dsr_moveit_config_m0617:/home/rokey/cobot_ws/install/dsr_moveit_config_m0609:/home/rokey/cobot_ws/install/dsr_moveit_config_h2515:/home/rokey/cobot_ws/install/dsr_moveit_config_h2017:/home/rokey/cobot_ws/install/dsr_moveit_config_e0509:/home/rokey/cobot_ws/install/dsr_moveit_config_a0912:/home/rokey/cobot_ws/install/dsr_moveit_config_a0509:/home/rokey/cobot_ws/install/dsr_hardware2:/home/rokey/cobot_ws/install/dsr_gazebo2:/home/rokey/cobot_ws/install/dsr_description2:/home/rokey/cobot_ws/install/dsr_common2 LD_LIBRARY_PATH=/home/rokey/cobot_ws/install/dsr_msgs2/lib:/home/rokey/cobot_ws/install/dsr_controller2/lib:/home/rokey/cobot_ws/install/dsr_hardware2/lib:/usr/lib/x86_64-linux-gnu/gazebo-11/plugins:/opt/ros/humble/opt/rviz_ogre_vendor/lib:/opt/ros/humble/lib/x86_64-linux-gnu:/opt/ros/humble/lib PYTHONPATH=/home/rokey/cobot_ws/build/dsr_bringup2/prefix_override:/usr/lib/python3/dist-packages/colcon_core/task/python/colcon_distutils_commands:/home/rokey/cobot_ws/install/dsr_bringup2/lib/python3.10/site-packages:${PYTHONPATH} /usr/bin/python3 -W ignore:setup.py install is deprecated -W ignore:easy_install command is deprecated setup.py egg_info --egg-base ../../../build/dsr_bringup2 build --build-base /home/rokey/cobot_ws/build/dsr_bringup2/build install --record /home/rokey/cobot_ws/build/dsr_bringup2/install.log --single-version-externally-managed install_data
