[0.093s] Invoking command in '/home/rokey/cobot_ws/build/dsr_mujoco': CMAKE_PREFIX_PATH=${CMAKE_PREFIX_PATH}:/home/rokey/cobot_ws/install/dsr_visualservoing:/home/rokey/cobot_ws/install/dsr_tests:/home/rokey/cobot_ws/install/dsr_bringup2:/home/rokey/cobot_ws/install/dsr_example:/home/rokey/cobot_ws/install/cobot1:/opt/ros/humble /usr/bin/cmake --build /home/rokey/cobot_ws/build/dsr_mujoco -- -j8 -l8
[0.179s] Built target ament_cmake_python_copy_dsr_mujoco
[0.450s] running egg_info
[0.450s] writing dsr_mujoco.egg-info/PKG-INFO
[0.451s] writing dependency_links to dsr_mujoco.egg-info/dependency_links.txt
[0.451s] writing top-level names to dsr_mujoco.egg-info/top_level.txt
[0.454s] reading manifest file 'dsr_mujoco.egg-info/SOURCES.txt'
[0.455s] writing manifest file 'dsr_mujoco.egg-info/SOURCES.txt'
[0.493s] Built target ament_cmake_python_build_dsr_mujoco_egg
[0.787s] Invoked command in '/home/rokey/cobot_ws/build/dsr_mujoco' returned '0': CMAKE_PREFIX_PATH=${CMAKE_PREFIX_PATH}:/home/rokey/cobot_ws/install/dsr_visualservoing:/home/rokey/cobot_ws/install/dsr_tests:/home/rokey/cobot_ws/install/dsr_bringup2:/home/rokey/cobot_ws/install/dsr_example:/home/rokey/cobot_ws/install/cobot1:/opt/ros/humble /usr/bin/cmake --build /home/rokey/cobot_ws/build/dsr_mujoco -- -j8 -l8
[0.789s] Invoking command in '/home/rokey/cobot_ws/build/dsr_mujoco': CMAKE_PREFIX_PATH=${CMAKE_PREFIX_PATH}:/home/rokey/cobot_ws/install/dsr_visualservoing:/home/rokey/cobot_ws/install/dsr_tests:/home/rokey/cobot_ws/install/dsr_bringup2:/home/rokey/cobot_ws/install/dsr_example:/home/rokey/cobot_ws/install/cobot1:/opt/ros/humble /usr/bin/cmake --install /home/rokey/cobot_ws/build/dsr_mujoco
[0.822s] -- Install configuration: ""
[0.822s] -- Up-to-date: /home/rokey/cobot_ws/install/dsr_mujoco/share/dsr_mujoco/environment/pythonpath.sh
[0.823s] -- Up-to-date: /home/rokey/cobot_ws/install/dsr_mujoco/share/dsr_mujoco/environment/pythonpath.dsv
[0.823s] -- Up-to-date: /home/rokey/cobot_ws/install/dsr_mujoco/local/lib/python3.10/dist-packages/dsr_mujoco-0.1.0-py3.10.egg-info
[0.823s] -- Installing: /home/rokey/cobot_ws/install/dsr_mujoco/local/lib/python3.10/dist-packages/dsr_mujoco-0.1.0-py3.10.egg-info/PKG-INFO
[0.829s] -- Installing: /home/rokey/cobot_ws/install/dsr_mujoco/local/lib/python3.10/dist-packages/dsr_mujoco-0.1.0-py3.10.egg-info/dependency_links.txt
[0.829s] -- Installing: /home/rokey/cobot_ws/install/dsr_mujoco/local/lib/python3.10/dist-packages/dsr_mujoco-0.1.0-py3.10.egg-info/top_level.txt
[0.829s] -- Installing: /home/rokey/cobot_ws/install/dsr_mujoco/local/lib/python3.10/dist-packages/dsr_mujoco-0.1.0-py3.10.egg-info/SOURCES.txt
[0.829s] -- Up-to-date: /home/rokey/cobot_ws/install/dsr_mujoco/local/lib/python3.10/dist-packages/dsr_mujoco
[0.830s] -- Up-to-date: /home/rokey/cobot_ws/install/dsr_mujoco/local/lib/python3.10/dist-packages/dsr_mujoco/dsr_build_scene.py
[0.830s] -- Up-to-date: /home/rokey/cobot_ws/install/dsr_mujoco/local/lib/python3.10/dist-packages/dsr_mujoco/dsr_merge_gripper.py
[0.830s] -- Up-to-date: /home/rokey/cobot_ws/install/dsr_mujoco/local/lib/python3.10/dist-packages/dsr_mujoco/__init__.py
[1.032s] Listing '/home/rokey/cobot_ws/install/dsr_mujoco/local/lib/python3.10/dist-packages/dsr_mujoco'...
[1.052s] -- Up-to-date: /home/rokey/cobot_ws/install/dsr_mujoco/share/dsr_mujoco//launch
[1.055s] -- Up-to-date: /home/rokey/cobot_ws/install/dsr_mujoco/share/dsr_mujoco//launch/dsr_mujoco.launch.py
[1.056s] -- Up-to-date: /home/rokey/cobot_ws/install/dsr_mujoco/share/dsr_mujoco//launch/dsr_mujoco_default.launch.py
[1.056s] -- Up-to-date: /home/rokey/cobot_ws/install/dsr_mujoco/share/dsr_mujoco//config
[1.056s] -- Up-to-date: /home/rokey/cobot_ws/install/dsr_mujoco/share/dsr_mujoco//config/2f85_controller.yaml
[1.056s] -- Up-to-date: /home/rokey/cobot_ws/install/dsr_mujoco/share/dsr_mujoco//config/dsr_mujoco_controller_with_2f85.yaml
[1.056s] -- Up-to-date: /home/rokey/cobot_ws/install/dsr_mujoco/share/dsr_mujoco//config/dsr_mujoco_controller.yaml
[1.056s] -- Up-to-date: /home/rokey/cobot_ws/install/dsr_mujoco/share/ament_index/resource_index/package_run_dependencies/dsr_mujoco
[1.057s] -- Up-to-date: /home/rokey/cobot_ws/install/dsr_mujoco/share/ament_index/resource_index/parent_prefix_path/dsr_mujoco
[1.057s] -- Up-to-date: /home/rokey/cobot_ws/install/dsr_mujoco/share/dsr_mujoco/environment/ament_prefix_path.sh
[1.057s] -- Up-to-date: /home/rokey/cobot_ws/install/dsr_mujoco/share/dsr_mujoco/environment/ament_prefix_path.dsv
[1.057s] -- Up-to-date: /home/rokey/cobot_ws/install/dsr_mujoco/share/dsr_mujoco/environment/path.sh
[1.057s] -- Up-to-date: /home/rokey/cobot_ws/install/dsr_mujoco/share/dsr_mujoco/environment/path.dsv
[1.058s] -- Up-to-date: /home/rokey/cobot_ws/install/dsr_mujoco/share/dsr_mujoco/local_setup.bash
[1.058s] -- Up-to-date: /home/rokey/cobot_ws/install/dsr_mujoco/share/dsr_mujoco/local_setup.sh
[1.058s] -- Up-to-date: /home/rokey/cobot_ws/install/dsr_mujoco/share/dsr_mujoco/local_setup.zsh
[1.058s] -- Up-to-date: /home/rokey/cobot_ws/install/dsr_mujoco/share/dsr_mujoco/local_setup.dsv
[1.058s] -- Up-to-date: /home/rokey/cobot_ws/install/dsr_mujoco/share/dsr_mujoco/package.dsv
[1.058s] -- Up-to-date: /home/rokey/cobot_ws/install/dsr_mujoco/share/ament_index/resource_index/packages/dsr_mujoco
[1.058s] -- Up-to-date: /home/rokey/cobot_ws/install/dsr_mujoco/share/dsr_mujoco/cmake/dsr_mujocoConfig.cmake
[1.058s] -- Up-to-date: /home/rokey/cobot_ws/install/dsr_mujoco/share/dsr_mujoco/cmake/dsr_mujocoConfig-version.cmake
[1.058s] -- Up-to-date: /home/rokey/cobot_ws/install/dsr_mujoco/share/dsr_mujoco/package.xml
[1.108s] Invoked command in '/home/rokey/cobot_ws/build/dsr_mujoco' returned '0': CMAKE_PREFIX_PATH=${CMAKE_PREFIX_PATH}:/home/rokey/cobot_ws/install/dsr_visualservoing:/home/rokey/cobot_ws/install/dsr_tests:/home/rokey/cobot_ws/install/dsr_bringup2:/home/rokey/cobot_ws/install/dsr_example:/home/rokey/cobot_ws/install/cobot1:/opt/ros/humble /usr/bin/cmake --install /home/rokey/cobot_ws/build/dsr_mujoco
