[0.318s] DEBUG:colcon:Command line arguments: ['/usr/bin/colcon', 'build', '--packages-select', 'cobot1']
[0.319s] DEBUG:colcon:Parsed command line arguments: Namespace(log_base=None, log_level=None, verb_name='build', build_base='build', install_base='install', merge_install=False, symlink_install=False, test_result_base=None, continue_on_error=False, executor='parallel', parallel_workers=8, event_handlers=None, ignore_user_meta=False, metas=['./colcon.meta'], base_paths=['.'], packages_ignore=None, packages_ignore_regex=None, paths=None, packages_up_to=None, packages_up_to_regex=None, packages_above=None, packages_above_and_dependencies=None, packages_above_depth=None, packages_select_by_dep=None, packages_skip_by_dep=None, packages_skip_up_to=None, packages_select_build_failed=False, packages_skip_build_finished=False, packages_select_test_failures=False, packages_skip_test_passed=False, packages_select=['cobot1'], packages_skip=None, packages_select_regex=None, packages_skip_regex=None, packages_start=None, packages_end=None, allow_overriding=[], cmake_args=None, cmake_target=None, cmake_target_skip_unavailable=False, cmake_clean_cache=False, cmake_clean_first=False, cmake_force_configure=False, ament_cmake_args=None, catkin_cmake_args=None, catkin_skip_building_tests=False, verb_parser=<colcon_defaults.argument_parser.defaults.DefaultArgumentsDecorator object at 0x7bdc894920b0>, verb_extension=<colcon_core.verb.build.BuildVerb object at 0x7bdc894918a0>, main=<bound method BuildVerb.main of <colcon_core.verb.build.BuildVerb object at 0x7bdc894918a0>>)
[0.826s] Level 1:colcon.colcon_core.package_discovery:discover_packages(colcon_meta) check parameters
[0.826s] Level 1:colcon.colcon_core.package_discovery:discover_packages(recursive) check parameters
[0.826s] Level 1:colcon.colcon_core.package_discovery:discover_packages(ignore) check parameters
[0.826s] Level 1:colcon.colcon_core.package_discovery:discover_packages(path) check parameters
[0.826s] Level 1:colcon.colcon_core.package_discovery:discover_packages(colcon_meta) discover
[0.826s] Level 1:colcon.colcon_core.package_discovery:discover_packages(recursive) discover
[0.826s] INFO:colcon.colcon_core.package_discovery:Crawling recursively for packages in '/home/rokey/cobot_ws'
[0.826s] Level 1:colcon.colcon_core.package_identification:_identify(.) by extensions ['ignore', 'ignore_ament_install']
[0.827s] Level 1:colcon.colcon_core.package_identification:_identify(.) by extension 'ignore'
[0.827s] Level 1:colcon.colcon_core.package_identification:_identify(.) by extension 'ignore_ament_install'
[0.827s] Level 1:colcon.colcon_core.package_identification:_identify(.) by extensions ['colcon_pkg']
[0.827s] Level 1:colcon.colcon_core.package_identification:_identify(.) by extension 'colcon_pkg'
[0.827s] Level 1:colcon.colcon_core.package_identification:_identify(.) by extensions ['colcon_meta']
[0.827s] Level 1:colcon.colcon_core.package_identification:_identify(.) by extension 'colcon_meta'
[0.827s] Level 1:colcon.colcon_core.package_identification:_identify(.) by extensions ['ros']
[0.827s] Level 1:colcon.colcon_core.package_identification:_identify(.) by extension 'ros'
[0.869s] Level 1:colcon.colcon_core.package_identification:_identify(.) by extensions ['cmake', 'python']
[0.869s] Level 1:colcon.colcon_core.package_identification:_identify(.) by extension 'cmake'
[0.869s] Level 1:colcon.colcon_core.package_identification:_identify(.) by extension 'python'
[0.869s] Level 1:colcon.colcon_core.package_identification:_identify(.) by extensions ['python_setup_py']
[0.869s] Level 1:colcon.colcon_core.package_identification:_identify(.) by extension 'python_setup_py'
[0.870s] Level 1:colcon.colcon_core.package_identification:_identify(build) by extensions ['ignore', 'ignore_ament_install']
[0.870s] Level 1:colcon.colcon_core.package_identification:_identify(build) by extension 'ignore'
[0.870s] Level 1:colcon.colcon_core.package_identification:_identify(build) ignored
[0.871s] Level 1:colcon.colcon_core.package_identification:_identify(install) by extensions ['ignore', 'ignore_ament_install']
[0.871s] Level 1:colcon.colcon_core.package_identification:_identify(install) by extension 'ignore'
[0.871s] Level 1:colcon.colcon_core.package_identification:_identify(install) ignored
[0.871s] Level 1:colcon.colcon_core.package_identification:_identify(log) by extensions ['ignore', 'ignore_ament_install']
[0.872s] Level 1:colcon.colcon_core.package_identification:_identify(log) by extension 'ignore'
[0.872s] Level 1:colcon.colcon_core.package_identification:_identify(log) ignored
[0.872s] Level 1:colcon.colcon_core.package_identification:_identify(src) by extensions ['ignore', 'ignore_ament_install']
[0.872s] Level 1:colcon.colcon_core.package_identification:_identify(src) by extension 'ignore'
[0.872s] Level 1:colcon.colcon_core.package_identification:_identify(src) by extension 'ignore_ament_install'
[0.872s] Level 1:colcon.colcon_core.package_identification:_identify(src) by extensions ['colcon_pkg']
[0.872s] Level 1:colcon.colcon_core.package_identification:_identify(src) by extension 'colcon_pkg'
[0.873s] Level 1:colcon.colcon_core.package_identification:_identify(src) by extensions ['colcon_meta']
[0.873s] Level 1:colcon.colcon_core.package_identification:_identify(src) by extension 'colcon_meta'
[0.873s] Level 1:colcon.colcon_core.package_identification:_identify(src) by extensions ['ros']
[0.873s] Level 1:colcon.colcon_core.package_identification:_identify(src) by extension 'ros'
[0.873s] Level 1:colcon.colcon_core.package_identification:_identify(src) by extensions ['cmake', 'python']
[0.873s] Level 1:colcon.colcon_core.package_identification:_identify(src) by extension 'cmake'
[0.873s] Level 1:colcon.colcon_core.package_identification:_identify(src) by extension 'python'
[0.874s] Level 1:colcon.colcon_core.package_identification:_identify(src) by extensions ['python_setup_py']
[0.874s] Level 1:colcon.colcon_core.package_identification:_identify(src) by extension 'python_setup_py'
[0.874s] Level 1:colcon.colcon_core.package_identification:_identify(src/cobot1) by extensions ['ignore', 'ignore_ament_install']
[0.874s] Level 1:colcon.colcon_core.package_identification:_identify(src/cobot1) by extension 'ignore'
[0.875s] Level 1:colcon.colcon_core.package_identification:_identify(src/cobot1) by extension 'ignore_ament_install'
[0.875s] Level 1:colcon.colcon_core.package_identification:_identify(src/cobot1) by extensions ['colcon_pkg']
[0.875s] Level 1:colcon.colcon_core.package_identification:_identify(src/cobot1) by extension 'colcon_pkg'
[0.875s] Level 1:colcon.colcon_core.package_identification:_identify(src/cobot1) by extensions ['colcon_meta']
[0.875s] Level 1:colcon.colcon_core.package_identification:_identify(src/cobot1) by extension 'colcon_meta'
[0.875s] Level 1:colcon.colcon_core.package_identification:_identify(src/cobot1) by extensions ['ros']
[0.875s] Level 1:colcon.colcon_core.package_identification:_identify(src/cobot1) by extension 'ros'
[0.881s] DEBUG:colcon.colcon_core.package_identification:Package 'src/cobot1' with type 'ros.ament_python' and name 'cobot1'
[0.881s] Level 1:colcon.colcon_core.package_identification:_identify(src/doosan-robot2) by extensions ['ignore', 'ignore_ament_install']
[0.881s] Level 1:colcon.colcon_core.package_identification:_identify(src/doosan-robot2) by extension 'ignore'
[0.881s] Level 1:colcon.colcon_core.package_identification:_identify(src/doosan-robot2) by extension 'ignore_ament_install'
[0.881s] Level 1:colcon.colcon_core.package_identification:_identify(src/doosan-robot2) by extensions ['colcon_pkg']
[0.881s] Level 1:colcon.colcon_core.package_identification:_identify(src/doosan-robot2) by extension 'colcon_pkg'
[0.881s] Level 1:colcon.colcon_core.package_identification:_identify(src/doosan-robot2) by extensions ['colcon_meta']
[0.882s] Level 1:colcon.colcon_core.package_identification:_identify(src/doosan-robot2) by extension 'colcon_meta'
[0.882s] Level 1:colcon.colcon_core.package_identification:_identify(src/doosan-robot2) by extensions ['ros']
[0.882s] Level 1:colcon.colcon_core.package_identification:_identify(src/doosan-robot2) by extension 'ros'
[0.882s] Level 1:colcon.colcon_core.package_identification:_identify(src/doosan-robot2) by extensions ['cmake', 'python']
[0.882s] Level 1:colcon.colcon_core.package_identification:_identify(src/doosan-robot2) by extension 'cmake'
[0.882s] Level 1:colcon.colcon_core.package_identification:_identify(src/doosan-robot2) by extension 'python'
[0.882s] Level 1:colcon.colcon_core.package_identification:_identify(src/doosan-robot2) by extensions ['python_setup_py']
[0.882s] Level 1:colcon.colcon_core.package_identification:_identify(src/doosan-robot2) by extension 'python_setup_py'
[0.882s] Level 1:colcon.colcon_core.package_identification:_identify(src/doosan-robot2/dsr_bringup2) by extensions ['ignore', 'ignore_ament_install']
[0.883s] Level 1:colcon.colcon_core.package_identification:_identify(src/doosan-robot2/dsr_bringup2) by extension 'ignore'
[0.883s] Level 1:colcon.colcon_core.package_identification:_identify(src/doosan-robot2/dsr_bringup2) by extension 'ignore_ament_install'
[0.883s] Level 1:colcon.colcon_core.package_identification:_identify(src/doosan-robot2/dsr_bringup2) by extensions ['colcon_pkg']
[0.883s] Level 1:colcon.colcon_core.package_identification:_identify(src/doosan-robot2/dsr_bringup2) by extension 'colcon_pkg'
[0.883s] Level 1:colcon.colcon_core.package_identification:_identify(src/doosan-robot2/dsr_bringup2) by extensions ['colcon_meta']
[0.883s] Level 1:colcon.colcon_core.package_identification:_identify(src/doosan-robot2/dsr_bringup2) by extension 'colcon_meta'
[0.883s] Level 1:colcon.colcon_core.package_identification:_identify(src/doosan-robot2/dsr_bringup2) by extensions ['ros']
[0.883s] Level 1:colcon.colcon_core.package_identification:_identify(src/doosan-robot2/dsr_bringup2) by extension 'ros'
[0.885s] DEBUG:colcon.colcon_core.package_identification:Package 'src/doosan-robot2/dsr_bringup2' with type 'ros.ament_python' and name 'dsr_bringup2'
[0.885s] Level 1:colcon.colcon_core.package_identification:_identify(src/doosan-robot2/dsr_common2) by extensions ['ignore', 'ignore_ament_install']
[0.885s] Level 1:colcon.colcon_core.package_identification:_identify(src/doosan-robot2/dsr_common2) by extension 'ignore'
[0.885s] Level 1:colcon.colcon_core.package_identification:_identify(src/doosan-robot2/dsr_common2) by extension 'ignore_ament_install'
[0.885s] Level 1:colcon.colcon_core.package_identification:_identify(src/doosan-robot2/dsr_common2) by extensions ['colcon_pkg']
[0.885s] Level 1:colcon.colcon_core.package_identification:_identify(src/doosan-robot2/dsr_common2) by extension 'colcon_pkg'
[0.885s] Level 1:colcon.colcon_core.package_identification:_identify(src/doosan-robot2/dsr_common2) by extensions ['colcon_meta']
[0.886s] Level 1:colcon.colcon_core.package_identification:_identify(src/doosan-robot2/dsr_common2) by extension 'colcon_meta'
[0.886s] Level 1:colcon.colcon_core.package_identification:_identify(src/doosan-robot2/dsr_common2) by extensions ['ros']
[0.886s] Level 1:colcon.colcon_core.package_identification:_identify(src/doosan-robot2/dsr_common2) by extension 'ros'
[0.887s] DEBUG:colcon.colcon_core.package_identification:Package 'src/doosan-robot2/dsr_common2' with type 'ros.ament_cmake' and name 'dsr_common2'
[0.887s] Level 1:colcon.colcon_core.package_identification:_identify(src/doosan-robot2/dsr_controller2) by extensions ['ignore', 'ignore_ament_install']
[0.887s] Level 1:colcon.colcon_core.package_identification:_identify(src/doosan-robot2/dsr_controller2) by extension 'ignore'
[0.888s] Level 1:colcon.colcon_core.package_identification:_identify(src/doosan-robot2/dsr_controller2) by extension 'ignore_ament_install'
[0.888s] Level 1:colcon.colcon_core.package_identification:_identify(src/doosan-robot2/dsr_controller2) by extensions ['colcon_pkg']
[0.888s] Level 1:colcon.colcon_core.package_identification:_identify(src/doosan-robot2/dsr_controller2) by extension 'colcon_pkg'
[0.888s] Level 1:colcon.colcon_core.package_identification:_identify(src/doosan-robot2/dsr_controller2) by extensions ['colcon_meta']
[0.888s] Level 1:colcon.colcon_core.package_identification:_identify(src/doosan-robot2/dsr_controller2) by extension 'colcon_meta'
[0.888s] Level 1:colcon.colcon_core.package_identification:_identify(src/doosan-robot2/dsr_controller2) by extensions ['ros']
[0.888s] Level 1:colcon.colcon_core.package_identification:_identify(src/doosan-robot2/dsr_controller2) by extension 'ros'
[0.894s] DEBUG:colcon.colcon_core.package_identification:Package 'src/doosan-robot2/dsr_controller2' with type 'ros.ament_cmake' and name 'dsr_controller2'
[0.895s] Level 1:colcon.colcon_core.package_identification:_identify(src/doosan-robot2/dsr_description2) by extensions ['ignore', 'ignore_ament_install']
[0.895s] Level 1:colcon.colcon_core.package_identification:_identify(src/doosan-robot2/dsr_description2) by extension 'ignore'
[0.895s] Level 1:colcon.colcon_core.package_identification:_identify(src/doosan-robot2/dsr_description2) by extension 'ignore_ament_install'
[0.895s] Level 1:colcon.colcon_core.package_identification:_identify(src/doosan-robot2/dsr_description2) by extensions ['colcon_pkg']
[0.895s] Level 1:colcon.colcon_core.package_identification:_identify(src/doosan-robot2/dsr_description2) by extension 'colcon_pkg'
[0.895s] Level 1:colcon.colcon_core.package_identification:_identify(src/doosan-robot2/dsr_description2) by extensions ['colcon_meta']
[0.895s] Level 1:colcon.colcon_core.package_identification:_identify(src/doosan-robot2/dsr_description2) by extension 'colcon_meta'
[0.896s] Level 1:colcon.colcon_core.package_identification:_identify(src/doosan-robot2/dsr_description2) by extensions ['ros']
[0.896s] Level 1:colcon.colcon_core.package_identification:_identify(src/doosan-robot2/dsr_description2) by extension 'ros'
[0.897s] DEBUG:colcon.colcon_core.package_identification:Package 'src/doosan-robot2/dsr_description2' with type 'ros.ament_cmake' and name 'dsr_description2'
[0.897s] Level 1:colcon.colcon_core.package_identification:_identify(src/doosan-robot2/dsr_example2) by extensions ['ignore', 'ignore_ament_install']
[0.898s] Level 1:colcon.colcon_core.package_identification:_identify(src/doosan-robot2/dsr_example2) by extension 'ignore'
[0.898s] Level 1:colcon.colcon_core.package_identification:_identify(src/doosan-robot2/dsr_example2) by extension 'ignore_ament_install'
[0.898s] Level 1:colcon.colcon_core.package_identification:_identify(src/doosan-robot2/dsr_example2) by extensions ['colcon_pkg']
[0.898s] Level 1:colcon.colcon_core.package_identification:_identify(src/doosan-robot2/dsr_example2) by extension 'colcon_pkg'
[0.898s] Level 1:colcon.colcon_core.package_identification:_identify(src/doosan-robot2/dsr_example2) by extensions ['colcon_meta']
[0.898s] Level 1:colcon.colcon_core.package_identification:_identify(src/doosan-robot2/dsr_example2) by extension 'colcon_meta'
[0.898s] Level 1:colcon.colcon_core.package_identification:_identify(src/doosan-robot2/dsr_example2) by extensions ['ros']
[0.898s] Level 1:colcon.colcon_core.package_identification:_identify(src/doosan-robot2/dsr_example2) by extension 'ros'
[0.898s] Level 1:colcon.colcon_core.package_identification:_identify(src/doosan-robot2/dsr_example2) by extensions ['cmake', 'python']
[0.898s] Level 1:colcon.colcon_core.package_identification:_identify(src/doosan-robot2/dsr_example2) by extension 'cmake'
[0.898s] Level 1:colcon.colcon_core.package_identification:_identify(src/doosan-robot2/dsr_example2) by extension 'python'
[0.899s] Level 1:colcon.colcon_core.package_identification:_identify(src/doosan-robot2/dsr_example2) by extensions ['python_setup_py']
[0.899s] Level 1:colcon.colcon_core.package_identification:_identify(src/doosan-robot2/dsr_example2) by extension 'python_setup_py'
[0.899s] Level 1:colcon.colcon_core.package_identification:_identify(src/doosan-robot2/dsr_example2/dsr_example) by extensions ['ignore', 'ignore_ament_install']
[0.899s] Level 1:colcon.colcon_core.package_identification:_identify(src/doosan-robot2/dsr_example2/dsr_example) by extension 'ignore'
[0.899s] Level 1:colcon.colcon_core.package_identification:_identify(src/doosan-robot2/dsr_example2/dsr_example) by extension 'ignore_ament_install'
[0.899s] Level 1:colcon.colcon_core.package_identification:_identify(src/doosan-robot2/dsr_example2/dsr_example) by extensions ['colcon_pkg']
[0.899s] Level 1:colcon.colcon_core.package_identification:_identify(src/doosan-robot2/dsr_example2/dsr_example) by extension 'colcon_pkg'
[0.899s] Level 1:colcon.colcon_core.package_identification:_identify(src/doosan-robot2/dsr_example2/dsr_example) by extensions ['colcon_meta']
[0.899s] Level 1:colcon.colcon_core.package_identification:_identify(src/doosan-robot2/dsr_example2/dsr_example) by extension 'colcon_meta'
[0.900s] Level 1:colcon.colcon_core.package_identification:_identify(src/doosan-robot2/dsr_example2/dsr_example) by extensions ['ros']
[0.900s] Level 1:colcon.colcon_core.package_identification:_identify(src/doosan-robot2/dsr_example2/dsr_example) by extension 'ros'
[0.901s] DEBUG:colcon.colcon_core.package_identification:Package 'src/doosan-robot2/dsr_example2/dsr_example' with type 'ros.ament_python' and name 'dsr_example'
[0.901s] Level 1:colcon.colcon_core.package_identification:_identify(src/doosan-robot2/dsr_example2/dsr_realtime_control) by extensions ['ignore', 'ignore_ament_install']
[0.902s] Level 1:colcon.colcon_core.package_identification:_identify(src/doosan-robot2/dsr_example2/dsr_realtime_control) by extension 'ignore'
[0.902s] Level 1:colcon.colcon_core.package_identification:_identify(src/doosan-robot2/dsr_example2/dsr_realtime_control) by extension 'ignore_ament_install'
[0.902s] Level 1:colcon.colcon_core.package_identification:_identify(src/doosan-robot2/dsr_example2/dsr_realtime_control) by extensions ['colcon_pkg']
[0.902s] Level 1:colcon.colcon_core.package_identification:_identify(src/doosan-robot2/dsr_example2/dsr_realtime_control) by extension 'colcon_pkg'
[0.902s] Level 1:colcon.colcon_core.package_identification:_identify(src/doosan-robot2/dsr_example2/dsr_realtime_control) by extensions ['colcon_meta']
[0.902s] Level 1:colcon.colcon_core.package_identification:_identify(src/doosan-robot2/dsr_example2/dsr_realtime_control) by extension 'colcon_meta'
[0.902s] Level 1:colcon.colcon_core.package_identification:_identify(src/doosan-robot2/dsr_example2/dsr_realtime_control) by extensions ['ros']
[0.903s] Level 1:colcon.colcon_core.package_identification:_identify(src/doosan-robot2/dsr_example2/dsr_realtime_control) by extension 'ros'
[0.905s] DEBUG:colcon.colcon_core.package_identification:Package 'src/doosan-robot2/dsr_example2/dsr_realtime_control' with type 'ros.ament_cmake' and name 'dsr_realtime_control'
[0.905s] Level 1:colcon.colcon_core.package_identification:_identify(src/doosan-robot2/dsr_example2/dsr_visualservoing) by extensions ['ignore', 'ignore_ament_install']
[0.906s] Level 1:colcon.colcon_core.package_identification:_identify(src/doosan-robot2/dsr_example2/dsr_visualservoing) by extension 'ignore'
[0.906s] Level 1:colcon.colcon_core.package_identification:_identify(src/doosan-robot2/dsr_example2/dsr_visualservoing) by extension 'ignore_ament_install'
[0.906s] Level 1:colcon.colcon_core.package_identification:_identify(src/doosan-robot2/dsr_example2/dsr_visualservoing) by extensions ['colcon_pkg']
[0.906s] Level 1:colcon.colcon_core.package_identification:_identify(src/doosan-robot2/dsr_example2/dsr_visualservoing) by extension 'colcon_pkg'
[0.906s] Level 1:colcon.colcon_core.package_identification:_identify(src/doosan-robot2/dsr_example2/dsr_visualservoing) by extensions ['colcon_meta']
[0.906s] Level 1:colcon.colcon_core.package_identification:_identify(src/doosan-robot2/dsr_example2/dsr_visualservoing) by extension 'colcon_meta'
[0.906s] Level 1:colcon.colcon_core.package_identification:_identify(src/doosan-robot2/dsr_example2/dsr_visualservoing) by extensions ['ros']
[0.906s] Level 1:colcon.colcon_core.package_identification:_identify(src/doosan-robot2/dsr_example2/dsr_visualservoing) by extension 'ros'
[0.908s] DEBUG:colcon.colcon_core.package_identification:Package 'src/doosan-robot2/dsr_example2/dsr_visualservoing' with type 'ros.ament_python' and name 'dsr_visualservoing'
[0.908s] Level 1:colcon.colcon_core.package_identification:_identify(src/doosan-robot2/dsr_gazebo2) by extensions ['ignore', 'ignore_ament_install']
[0.909s] Level 1:colcon.colcon_core.package_identification:_identify(src/doosan-robot2/dsr_gazebo2) by extension 'ignore'
[0.909s] Level 1:colcon.colcon_core.package_identification:_identify(src/doosan-robot2/dsr_gazebo2) by extension 'ignore_ament_install'
[0.909s] Level 1:colcon.colcon_core.package_identification:_identify(src/doosan-robot2/dsr_gazebo2) by extensions ['colcon_pkg']
[0.909s] Level 1:colcon.colcon_core.package_identification:_identify(src/doosan-robot2/dsr_gazebo2) by extension 'colcon_pkg'
[0.909s] Level 1:colcon.colcon_core.package_identification:_identify(src/doosan-robot2/dsr_gazebo2) by extensions ['colcon_meta']
[0.909s] Level 1:colcon.colcon_core.package_identification:_identify(src/doosan-robot2/dsr_gazebo2) by extension 'colcon_meta'
[0.909s] Level 1:colcon.colcon_core.package_identification:_identify(src/doosan-robot2/dsr_gazebo2) by extensions ['ros']
[0.909s] Level 1:colcon.colcon_core.package_identification:_identify(src/doosan-robot2/dsr_gazebo2) by extension 'ros'
[0.911s] DEBUG:colcon.colcon_core.package_identification:Package 'src/doosan-robot2/dsr_gazebo2' with type 'ros.ament_cmake' and name 'dsr_gazebo2'
[0.912s] Level 1:colcon.colcon_core.package_identification:_identify(src/doosan-robot2/dsr_hardware2) by extensions ['ignore', 'ignore_ament_install']
[0.912s] Level 1:colcon.colcon_core.package_identification:_identify(src/doosan-robot2/dsr_hardware2) by extension 'ignore'
[0.912s] Level 1:colcon.colcon_core.package_identification:_identify(src/doosan-robot2/dsr_hardware2) by extension 'ignore_ament_install'
[0.912s] Level 1:colcon.colcon_core.package_identification:_identify(src/doosan-robot2/dsr_hardware2) by extensions ['colcon_pkg']
[0.912s] Level 1:colcon.colcon_core.package_identification:_identify(src/doosan-robot2/dsr_hardware2) by extension 'colcon_pkg'
[0.912s] Level 1:colcon.colcon_core.package_identification:_identify(src/doosan-robot2/dsr_hardware2) by extensions ['colcon_meta']
[0.912s] Level 1:colcon.colcon_core.package_identification:_identify(src/doosan-robot2/dsr_hardware2) by extension 'colcon_meta'
[0.912s] Level 1:colcon.colcon_core.package_identification:_identify(src/doosan-robot2/dsr_hardware2) by extensions ['ros']
[0.913s] Level 1:colcon.colcon_core.package_identification:_identify(src/doosan-robot2/dsr_hardware2) by extension 'ros'
[0.918s] DEBUG:colcon.colcon_core.package_identification:Package 'src/doosan-robot2/dsr_hardware2' with type 'ros.ament_cmake' and name 'dsr_hardware2'
[0.918s] Level 1:colcon.colcon_core.package_identification:_identify(src/doosan-robot2/dsr_moveit2) by extensions ['ignore', 'ignore_ament_install']
[0.918s] Level 1:colcon.colcon_core.package_identification:_identify(src/doosan-robot2/dsr_moveit2) by extension 'ignore'
[0.918s] Level 1:colcon.colcon_core.package_identification:_identify(src/doosan-robot2/dsr_moveit2) by extension 'ignore_ament_install'
[0.918s] Level 1:colcon.colcon_core.package_identification:_identify(src/doosan-robot2/dsr_moveit2) by extensions ['colcon_pkg']
[0.918s] Level 1:colcon.colcon_core.package_identification:_identify(src/doosan-robot2/dsr_moveit2) by extension 'colcon_pkg'
[0.918s] Level 1:colcon.colcon_core.package_identification:_identify(src/doosan-robot2/dsr_moveit2) by extensions ['colcon_meta']
[0.918s] Level 1:colcon.colcon_core.package_identification:_identify(src/doosan-robot2/dsr_moveit2) by extension 'colcon_meta'
[0.919s] Level 1:colcon.colcon_core.package_identification:_identify(src/doosan-robot2/dsr_moveit2) by extensions ['ros']
[0.919s] Level 1:colcon.colcon_core.package_identification:_identify(src/doosan-robot2/dsr_moveit2) by extension 'ros'
[0.919s] Level 1:colcon.colcon_core.package_identification:_identify(src/doosan-robot2/dsr_moveit2) by extensions ['cmake', 'python']
[0.919s] Level 1:colcon.colcon_core.package_identification:_identify(src/doosan-robot2/dsr_moveit2) by extension 'cmake'
[0.919s] Level 1:colcon.colcon_core.package_identification:_identify(src/doosan-robot2/dsr_moveit2) by extension 'python'
[0.919s] Level 1:colcon.colcon_core.package_identification:_identify(src/doosan-robot2/dsr_moveit2) by extensions ['python_setup_py']
[0.919s] Level 1:colcon.colcon_core.package_identification:_identify(src/doosan-robot2/dsr_moveit2) by extension 'python_setup_py'
[0.919s] Level 1:colcon.colcon_core.package_identification:_identify(src/doosan-robot2/dsr_moveit2/dsr_moveit_config_a0509) by extensions ['ignore', 'ignore_ament_install']
[0.920s] Level 1:colcon.colcon_core.package_identification:_identify(src/doosan-robot2/dsr_moveit2/dsr_moveit_config_a0509) by extension 'ignore'
[0.920s] Level 1:colcon.colcon_core.package_identification:_identify(src/doosan-robot2/dsr_moveit2/dsr_moveit_config_a0509) by extension 'ignore_ament_install'
[0.920s] Level 1:colcon.colcon_core.package_identification:_identify(src/doosan-robot2/dsr_moveit2/dsr_moveit_config_a0509) by extensions ['colcon_pkg']
[0.920s] Level 1:colcon.colcon_core.package_identification:_identify(src/doosan-robot2/dsr_moveit2/dsr_moveit_config_a0509) by extension 'colcon_pkg'
[0.920s] Level 1:colcon.colcon_core.package_identification:_identify(src/doosan-robot2/dsr_moveit2/dsr_moveit_config_a0509) by extensions ['colcon_meta']
[0.920s] Level 1:colcon.colcon_core.package_identification:_identify(src/doosan-robot2/dsr_moveit2/dsr_moveit_config_a0509) by extension 'colcon_meta'
[0.920s] Level 1:colcon.colcon_core.package_identification:_identify(src/doosan-robot2/dsr_moveit2/dsr_moveit_config_a0509) by extensions ['ros']
[0.920s] Level 1:colcon.colcon_core.package_identification:_identify(src/doosan-robot2/dsr_moveit2/dsr_moveit_config_a0509) by extension 'ros'
[0.922s] DEBUG:colcon.colcon_core.package_identification:Package 'src/doosan-robot2/dsr_moveit2/dsr_moveit_config_a0509' with type 'ros.ament_cmake' and name 'dsr_moveit_config_a0509'
[0.922s] Level 1:colcon.colcon_core.package_identification:_identify(src/doosan-robot2/dsr_moveit2/dsr_moveit_config_a0912) by extensions ['ignore', 'ignore_ament_install']
[0.922s] Level 1:colcon.colcon_core.package_identification:_identify(src/doosan-robot2/dsr_moveit2/dsr_moveit_config_a0912) by extension 'ignore'
[0.922s] Level 1:colcon.colcon_core.package_identification:_identify(src/doosan-robot2/dsr_moveit2/dsr_moveit_config_a0912) by extension 'ignore_ament_install'
[0.922s] Level 1:colcon.colcon_core.package_identification:_identify(src/doosan-robot2/dsr_moveit2/dsr_moveit_config_a0912) by extensions ['colcon_pkg']
[0.922s] Level 1:colcon.colcon_core.package_identification:_identify(src/doosan-robot2/dsr_moveit2/dsr_moveit_config_a0912) by extension 'colcon_pkg'
[0.922s] Level 1:colcon.colcon_core.package_identification:_identify(src/doosan-robot2/dsr_moveit2/dsr_moveit_config_a0912) by extensions ['colcon_meta']
[0.923s] Level 1:colcon.colcon_core.package_identification:_identify(src/doosan-robot2/dsr_moveit2/dsr_moveit_config_a0912) by extension 'colcon_meta'
[0.923s] Level 1:colcon.colcon_core.package_identification:_identify(src/doosan-robot2/dsr_moveit2/dsr_moveit_config_a0912) by extensions ['ros']
[0.923s] Level 1:colcon.colcon_core.package_identification:_identify(src/doosan-robot2/dsr_moveit2/dsr_moveit_config_a0912) by extension 'ros'
[0.924s] DEBUG:colcon.colcon_core.package_identification:Package 'src/doosan-robot2/dsr_moveit2/dsr_moveit_config_a0912' with type 'ros.ament_cmake' and name 'dsr_moveit_config_a0912'
[0.924s] Level 1:colcon.colcon_core.package_identification:_identify(src/doosan-robot2/dsr_moveit2/dsr_moveit_config_e0509) by extensions ['ignore', 'ignore_ament_install']
[0.924s] Level 1:colcon.colcon_core.package_identification:_identify(src/doosan-robot2/dsr_moveit2/dsr_moveit_config_e0509) by extension 'ignore'
[0.924s] Level 1:colcon.colcon_core.package_identification:_identify(src/doosan-robot2/dsr_moveit2/dsr_moveit_config_e0509) by extension 'ignore_ament_install'
[0.925s] Level 1:colcon.colcon_core.package_identification:_identify(src/doosan-robot2/dsr_moveit2/dsr_moveit_config_e0509) by extensions ['colcon_pkg']
[0.925s] Level 1:colcon.colcon_core.package_identification:_identify(src/doosan-robot2/dsr_moveit2/dsr_moveit_config_e0509) by extension 'colcon_pkg'
[0.925s] Level 1:colcon.colcon_core.package_identification:_identify(src/doosan-robot2/dsr_moveit2/dsr_moveit_config_e0509) by extensions ['colcon_meta']
[0.925s] Level 1:colcon.colcon_core.package_identification:_identify(src/doosan-robot2/dsr_moveit2/dsr_moveit_config_e0509) by extension 'colcon_meta'
[0.925s] Level 1:colcon.colcon_core.package_identification:_identify(src/doosan-robot2/dsr_moveit2/dsr_moveit_config_e0509) by extensions ['ros']
[0.925s] Level 1:colcon.colcon_core.package_identification:_identify(src/doosan-robot2/dsr_moveit2/dsr_moveit_config_e0509) by extension 'ros'
[0.926s] DEBUG:colcon.colcon_core.package_identification:Package 'src/doosan-robot2/dsr_moveit2/dsr_moveit_config_e0509' with type 'ros.ament_cmake' and name 'dsr_moveit_config_e0509'
[0.926s] Level 1:colcon.colcon_core.package_identification:_identify(src/doosan-robot2/dsr_moveit2/dsr_moveit_config_h2017) by extensions ['ignore', 'ignore_ament_install']
[0.927s] Level 1:colcon.colcon_core.package_identification:_identify(src/doosan-robot2/dsr_moveit2/dsr_moveit_config_h2017) by extension 'ignore'
[0.927s] Level 1:colcon.colcon_core.package_identification:_identify(src/doosan-robot2/dsr_moveit2/dsr_moveit_config_h2017) by extension 'ignore_ament_install'
[0.927s] Level 1:colcon.colcon_core.package_identification:_identify(src/doosan-robot2/dsr_moveit2/dsr_moveit_config_h2017) by extensions ['colcon_pkg']
[0.927s] Level 1:colcon.colcon_core.package_identification:_identify(src/doosan-robot2/dsr_moveit2/dsr_moveit_config_h2017) by extension 'colcon_pkg'
[0.927s] Level 1:colcon.colcon_core.package_identification:_identify(src/doosan-robot2/dsr_moveit2/dsr_moveit_config_h2017) by extensions ['colcon_meta']
[0.927s] Level 1:colcon.colcon_core.package_identification:_identify(src/doosan-robot2/dsr_moveit2/dsr_moveit_config_h2017) by extension 'colcon_meta'
[0.927s] Level 1:colcon.colcon_core.package_identification:_identify(src/doosan-robot2/dsr_moveit2/dsr_moveit_config_h2017) by extensions ['ros']
[0.927s] Level 1:colcon.colcon_core.package_identification:_identify(src/doosan-robot2/dsr_moveit2/dsr_moveit_config_h2017) by extension 'ros'
[0.929s] DEBUG:colcon.colcon_core.package_identification:Package 'src/doosan-robot2/dsr_moveit2/dsr_moveit_config_h2017' with type 'ros.ament_cmake' and name 'dsr_moveit_config_h2017'
[0.929s] Level 1:colcon.colcon_core.package_identification:_identify(src/doosan-robot2/dsr_moveit2/dsr_moveit_config_h2515) by extensions ['ignore', 'ignore_ament_install']
[0.929s] Level 1:colcon.colcon_core.package_identification:_identify(src/doosan-robot2/dsr_moveit2/dsr_moveit_config_h2515) by extension 'ignore'
[0.929s] Level 1:colcon.colcon_core.package_identification:_identify(src/doosan-robot2/dsr_moveit2/dsr_moveit_config_h2515) by extension 'ignore_ament_install'
[0.929s] Level 1:colcon.colcon_core.package_identification:_identify(src/doosan-robot2/dsr_moveit2/dsr_moveit_config_h2515) by extensions ['colcon_pkg']
[0.929s] Level 1:colcon.colcon_core.package_identification:_identify(src/doosan-robot2/dsr_moveit2/dsr_moveit_config_h2515) by extension 'colcon_pkg'
[0.929s] Level 1:colcon.colcon_core.package_identification:_identify(src/doosan-robot2/dsr_moveit2/dsr_moveit_config_h2515) by extensions ['colcon_meta']
[0.929s] Level 1:colcon.colcon_core.package_identification:_identify(src/doosan-robot2/dsr_moveit2/dsr_moveit_config_h2515) by extension 'colcon_meta'
[0.930s] Level 1:colcon.colcon_core.package_identification:_identify(src/doosan-robot2/dsr_moveit2/dsr_moveit_config_h2515) by extensions ['ros']
[0.930s] Level 1:colcon.colcon_core.package_identification:_identify(src/doosan-robot2/dsr_moveit2/dsr_moveit_config_h2515) by extension 'ros'
[0.931s] DEBUG:colcon.colcon_core.package_identification:Package 'src/doosan-robot2/dsr_moveit2/dsr_moveit_config_h2515' with type 'ros.ament_cmake' and name 'dsr_moveit_config_h2515'
[0.931s] Level 1:colcon.colcon_core.package_identification:_identify(src/doosan-robot2/dsr_moveit2/dsr_moveit_config_m0609) by extensions ['ignore', 'ignore_ament_install']
[0.931s] Level 1:colcon.colcon_core.package_identification:_identify(src/doosan-robot2/dsr_moveit2/dsr_moveit_config_m0609) by extension 'ignore'
[0.931s] Level 1:colcon.colcon_core.package_identification:_identify(src/doosan-robot2/dsr_moveit2/dsr_moveit_config_m0609) by extension 'ignore_ament_install'
[0.931s] Level 1:colcon.colcon_core.package_identification:_identify(src/doosan-robot2/dsr_moveit2/dsr_moveit_config_m0609) by extensions ['colcon_pkg']
[0.932s] Level 1:colcon.colcon_core.package_identification:_identify(src/doosan-robot2/dsr_moveit2/dsr_moveit_config_m0609) by extension 'colcon_pkg'
[0.932s] Level 1:colcon.colcon_core.package_identification:_identify(src/doosan-robot2/dsr_moveit2/dsr_moveit_config_m0609) by extensions ['colcon_meta']
[0.932s] Level 1:colcon.colcon_core.package_identification:_identify(src/doosan-robot2/dsr_moveit2/dsr_moveit_config_m0609) by extension 'colcon_meta'
[0.932s] Level 1:colcon.colcon_core.package_identification:_identify(src/doosan-robot2/dsr_moveit2/dsr_moveit_config_m0609) by extensions ['ros']
[0.932s] Level 1:colcon.colcon_core.package_identification:_identify(src/doosan-robot2/dsr_moveit2/dsr_moveit_config_m0609) by extension 'ros'
[0.933s] DEBUG:colcon.colcon_core.package_identification:Package 'src/doosan-robot2/dsr_moveit2/dsr_moveit_config_m0609' with type 'ros.ament_cmake' and name 'dsr_moveit_config_m0609'
[0.933s] Level 1:colcon.colcon_core.package_identification:_identify(src/doosan-robot2/dsr_moveit2/dsr_moveit_config_m0617) by extensions ['ignore', 'ignore_ament_install']
[0.934s] Level 1:colcon.colcon_core.package_identification:_identify(src/doosan-robot2/dsr_moveit2/dsr_moveit_config_m0617) by extension 'ignore'
[0.934s] Level 1:colcon.colcon_core.package_identification:_identify(src/doosan-robot2/dsr_moveit2/dsr_moveit_config_m0617) by extension 'ignore_ament_install'
[0.934s] Level 1:colcon.colcon_core.package_identification:_identify(src/doosan-robot2/dsr_moveit2/dsr_moveit_config_m0617) by extensions ['colcon_pkg']
[0.934s] Level 1:colcon.colcon_core.package_identification:_identify(src/doosan-robot2/dsr_moveit2/dsr_moveit_config_m0617) by extension 'colcon_pkg'
[0.934s] Level 1:colcon.colcon_core.package_identification:_identify(src/doosan-robot2/dsr_moveit2/dsr_moveit_config_m0617) by extensions ['colcon_meta']
[0.934s] Level 1:colcon.colcon_core.package_identification:_identify(src/doosan-robot2/dsr_moveit2/dsr_moveit_config_m0617) by extension 'colcon_meta'
[0.934s] Level 1:colcon.colcon_core.package_identification:_identify(src/doosan-robot2/dsr_moveit2/dsr_moveit_config_m0617) by extensions ['ros']
[0.934s] Level 1:colcon.colcon_core.package_identification:_identify(src/doosan-robot2/dsr_moveit2/dsr_moveit_config_m0617) by extension 'ros'
[0.936s] DEBUG:colcon.colcon_core.package_identification:Package 'src/doosan-robot2/dsr_moveit2/dsr_moveit_config_m0617' with type 'ros.ament_cmake' and name 'dsr_moveit_config_m0617'
[0.937s] Level 1:colcon.colcon_core.package_identification:_identify(src/doosan-robot2/dsr_moveit2/dsr_moveit_config_m1013) by extensions ['ignore', 'ignore_ament_install']
[0.937s] Level 1:colcon.colcon_core.package_identification:_identify(src/doosan-robot2/dsr_moveit2/dsr_moveit_config_m1013) by extension 'ignore'
[0.937s] Level 1:colcon.colcon_core.package_identification:_identify(src/doosan-robot2/dsr_moveit2/dsr_moveit_config_m1013) by extension 'ignore_ament_install'
[0.937s] Level 1:colcon.colcon_core.package_identification:_identify(src/doosan-robot2/dsr_moveit2/dsr_moveit_config_m1013) by extensions ['colcon_pkg']
[0.937s] Level 1:colcon.colcon_core.package_identification:_identify(src/doosan-robot2/dsr_moveit2/dsr_moveit_config_m1013) by extension 'colcon_pkg'
[0.937s] Level 1:colcon.colcon_core.package_identification:_identify(src/doosan-robot2/dsr_moveit2/dsr_moveit_config_m1013) by extensions ['colcon_meta']
[0.938s] Level 1:colcon.colcon_core.package_identification:_identify(src/doosan-robot2/dsr_moveit2/dsr_moveit_config_m1013) by extension 'colcon_meta'
[0.938s] Level 1:colcon.colcon_core.package_identification:_identify(src/doosan-robot2/dsr_moveit2/dsr_moveit_config_m1013) by extensions ['ros']
[0.938s] Level 1:colcon.colcon_core.package_identification:_identify(src/doosan-robot2/dsr_moveit2/dsr_moveit_config_m1013) by extension 'ros'
[0.939s] DEBUG:colcon.colcon_core.package_identification:Package 'src/doosan-robot2/dsr_moveit2/dsr_moveit_config_m1013' with type 'ros.ament_cmake' and name 'dsr_moveit_config_m1013'
[0.939s] Level 1:colcon.colcon_core.package_identification:_identify(src/doosan-robot2/dsr_moveit2/dsr_moveit_config_m1509) by extensions ['ignore', 'ignore_ament_install']
[0.939s] Level 1:colcon.colcon_core.package_identification:_identify(src/doosan-robot2/dsr_moveit2/dsr_moveit_config_m1509) by extension 'ignore'
[0.940s] Level 1:colcon.colcon_core.package_identification:_identify(src/doosan-robot2/dsr_moveit2/dsr_moveit_config_m1509) by extension 'ignore_ament_install'
[0.940s] Level 1:colcon.colcon_core.package_identification:_identify(src/doosan-robot2/dsr_moveit2/dsr_moveit_config_m1509) by extensions ['colcon_pkg']
[0.940s] Level 1:colcon.colcon_core.package_identification:_identify(src/doosan-robot2/dsr_moveit2/dsr_moveit_config_m1509) by extension 'colcon_pkg'
[0.940s] Level 1:colcon.colcon_core.package_identification:_identify(src/doosan-robot2/dsr_moveit2/dsr_moveit_config_m1509) by extensions ['colcon_meta']
[0.940s] Level 1:colcon.colcon_core.package_identification:_identify(src/doosan-robot2/dsr_moveit2/dsr_moveit_config_m1509) by extension 'colcon_meta'
[0.940s] Level 1:colcon.colcon_core.package_identification:_identify(src/doosan-robot2/dsr_moveit2/dsr_moveit_config_m1509) by extensions ['ros']
[0.940s] Level 1:colcon.colcon_core.package_identification:_identify(src/doosan-robot2/dsr_moveit2/dsr_moveit_config_m1509) by extension 'ros'
[0.942s] DEBUG:colcon.colcon_core.package_identification:Package 'src/doosan-robot2/dsr_moveit2/dsr_moveit_config_m1509' with type 'ros.ament_cmake' and name 'dsr_moveit_config_m1509'
[0.942s] Level 1:colcon.colcon_core.package_identification:_identify(src/doosan-robot2/dsr_moveit2/dsr_moveit_config_p3020) by extensions ['ignore', 'ignore_ament_install']
[0.942s] Level 1:colcon.colcon_core.package_identification:_identify(src/doosan-robot2/dsr_moveit2/dsr_moveit_config_p3020) by extension 'ignore'
[0.942s] Level 1:colcon.colcon_core.package_identification:_identify(src/doosan-robot2/dsr_moveit2/dsr_moveit_config_p3020) by extension 'ignore_ament_install'
[0.942s] Level 1:colcon.colcon_core.package_identification:_identify(src/doosan-robot2/dsr_moveit2/dsr_moveit_config_p3020) by extensions ['colcon_pkg']
[0.942s] Level 1:colcon.colcon_core.package_identification:_identify(src/doosan-robot2/dsr_moveit2/dsr_moveit_config_p3020) by extension 'colcon_pkg'
[0.942s] Level 1:colcon.colcon_core.package_identification:_identify(src/doosan-robot2/dsr_moveit2/dsr_moveit_config_p3020) by extensions ['colcon_meta']
[0.942s] Level 1:colcon.colcon_core.package_identification:_identify(src/doosan-robot2/dsr_moveit2/dsr_moveit_config_p3020) by extension 'colcon_meta'
[0.943s] Level 1:colcon.colcon_core.package_identification:_identify(src/doosan-robot2/dsr_moveit2/dsr_moveit_config_p3020) by extensions ['ros']
[0.943s] Level 1:colcon.colcon_core.package_identification:_identify(src/doosan-robot2/dsr_moveit2/dsr_moveit_config_p3020) by extension 'ros'
[0.944s] DEBUG:colcon.colcon_core.package_identification:Package 'src/doosan-robot2/dsr_moveit2/dsr_moveit_config_p3020' with type 'ros.ament_cmake' and name 'dsr_moveit_config_p3020'
[0.944s] Level 1:colcon.colcon_core.package_identification:_identify(src/doosan-robot2/dsr_msgs2) by extensions ['ignore', 'ignore_ament_install']
[0.944s] Level 1:colcon.colcon_core.package_identification:_identify(src/doosan-robot2/dsr_msgs2) by extension 'ignore'
[0.944s] Level 1:colcon.colcon_core.package_identification:_identify(src/doosan-robot2/dsr_msgs2) by extension 'ignore_ament_install'
[0.945s] Level 1:colcon.colcon_core.package_identification:_identify(src/doosan-robot2/dsr_msgs2) by extensions ['colcon_pkg']
[0.945s] Level 1:colcon.colcon_core.package_identification:_identify(src/doosan-robot2/dsr_msgs2) by extension 'colcon_pkg'
[0.945s] Level 1:colcon.colcon_core.package_identification:_identify(src/doosan-robot2/dsr_msgs2) by extensions ['colcon_meta']
[0.945s] Level 1:colcon.colcon_core.package_identification:_identify(src/doosan-robot2/dsr_msgs2) by extension 'colcon_meta'
[0.945s] Level 1:colcon.colcon_core.package_identification:_identify(src/doosan-robot2/dsr_msgs2) by extensions ['ros']
[0.945s] Level 1:colcon.colcon_core.package_identification:_identify(src/doosan-robot2/dsr_msgs2) by extension 'ros'
[0.947s] DEBUG:colcon.colcon_core.package_identification:Package 'src/doosan-robot2/dsr_msgs2' with type 'ros.ament_cmake' and name 'dsr_msgs2'
[0.947s] Level 1:colcon.colcon_core.package_identification:_identify(src/doosan-robot2/dsr_mujoco) by extensions ['ignore', 'ignore_ament_install']
[0.947s] Level 1:colcon.colcon_core.package_identification:_identify(src/doosan-robot2/dsr_mujoco) by extension 'ignore'
[0.947s] Level 1:colcon.colcon_core.package_identification:_identify(src/doosan-robot2/dsr_mujoco) by extension 'ignore_ament_install'
[0.947s] Level 1:colcon.colcon_core.package_identification:_identify(src/doosan-robot2/dsr_mujoco) by extensions ['colcon_pkg']
[0.947s] Level 1:colcon.colcon_core.package_identification:_identify(src/doosan-robot2/dsr_mujoco) by extension 'colcon_pkg'
[0.948s] Level 1:colcon.colcon_core.package_identification:_identify(src/doosan-robot2/dsr_mujoco) by extensions ['colcon_meta']
[0.948s] Level 1:colcon.colcon_core.package_identification:_identify(src/doosan-robot2/dsr_mujoco) by extension 'colcon_meta'
[0.948s] Level 1:colcon.colcon_core.package_identification:_identify(src/doosan-robot2/dsr_mujoco) by extensions ['ros']
[0.948s] Level 1:colcon.colcon_core.package_identification:_identify(src/doosan-robot2/dsr_mujoco) by extension 'ros'
[0.951s] DEBUG:colcon.colcon_core.package_identification:Package 'src/doosan-robot2/dsr_mujoco' with type 'ros.ament_cmake' and name 'dsr_mujoco'
[0.952s] Level 1:colcon.colcon_core.package_identification:_identify(src/doosan-robot2/dsr_tests) by extensions ['ignore', 'ignore_ament_install']
[0.952s] Level 1:colcon.colcon_core.package_identification:_identify(src/doosan-robot2/dsr_tests) by extension 'ignore'
[0.952s] Level 1:colcon.colcon_core.package_identification:_identify(src/doosan-robot2/dsr_tests) by extension 'ignore_ament_install'
[0.952s] Level 1:colcon.colcon_core.package_identification:_identify(src/doosan-robot2/dsr_tests) by extensions ['colcon_pkg']
[0.952s] Level 1:colcon.colcon_core.package_identification:_identify(src/doosan-robot2/dsr_tests) by extension 'colcon_pkg'
[0.952s] Level 1:colcon.colcon_core.package_identification:_identify(src/doosan-robot2/dsr_tests) by extensions ['colcon_meta']
[0.952s] Level 1:colcon.colcon_core.package_identification:_identify(src/doosan-robot2/dsr_tests) by extension 'colcon_meta'
[0.952s] Level 1:colcon.colcon_core.package_identification:_identify(src/doosan-robot2/dsr_tests) by extensions ['ros']
[0.952s] Level 1:colcon.colcon_core.package_identification:_identify(src/doosan-robot2/dsr_tests) by extension 'ros'
[0.954s] DEBUG:colcon.colcon_core.package_identification:Package 'src/doosan-robot2/dsr_tests' with type 'ros.ament_python' and name 'dsr_tests'
[0.954s] Level 1:colcon.colcon_core.package_discovery:discover_packages(recursive) using defaults
[0.954s] Level 1:colcon.colcon_core.package_discovery:discover_packages(ignore) discover
[0.954s] Level 1:colcon.colcon_core.package_discovery:discover_packages(ignore) using defaults
[0.954s] Level 1:colcon.colcon_core.package_discovery:discover_packages(path) discover
[0.954s] Level 1:colcon.colcon_core.package_discovery:discover_packages(path) using defaults
[1.019s] INFO:colcon.colcon_core.package_selection:Skipping not selected package 'dsr_common2' in 'src/doosan-robot2/dsr_common2'
[1.020s] INFO:colcon.colcon_core.package_selection:Skipping not selected package 'dsr_description2' in 'src/doosan-robot2/dsr_description2'
[1.020s] INFO:colcon.colcon_core.package_selection:Skipping not selected package 'dsr_moveit_config_a0509' in 'src/doosan-robot2/dsr_moveit2/dsr_moveit_config_a0509'
[1.020s] INFO:colcon.colcon_core.package_selection:Skipping not selected package 'dsr_moveit_config_a0912' in 'src/doosan-robot2/dsr_moveit2/dsr_moveit_config_a0912'
[1.020s] INFO:colcon.colcon_core.package_selection:Skipping not selected package 'dsr_moveit_config_e0509' in 'src/doosan-robot2/dsr_moveit2/dsr_moveit_config_e0509'
[1.020s] INFO:colcon.colcon_core.package_selection:Skipping not selected package 'dsr_moveit_config_h2017' in 'src/doosan-robot2/dsr_moveit2/dsr_moveit_config_h2017'
[1.020s] INFO:colcon.colcon_core.package_selection:Skipping not selected package 'dsr_moveit_config_h2515' in 'src/doosan-robot2/dsr_moveit2/dsr_moveit_config_h2515'
[1.020s] INFO:colcon.colcon_core.package_selection:Skipping not selected package 'dsr_moveit_config_m0609' in 'src/doosan-robot2/dsr_moveit2/dsr_moveit_config_m0609'
[1.020s] INFO:colcon.colcon_core.package_selection:Skipping not selected package 'dsr_moveit_config_m0617' in 'src/doosan-robot2/dsr_moveit2/dsr_moveit_config_m0617'
[1.020s] INFO:colcon.colcon_core.package_selection:Skipping not selected package 'dsr_moveit_config_m1013' in 'src/doosan-robot2/dsr_moveit2/dsr_moveit_config_m1013'
[1.020s] INFO:colcon.colcon_core.package_selection:Skipping not selected package 'dsr_moveit_config_m1509' in 'src/doosan-robot2/dsr_moveit2/dsr_moveit_config_m1509'
[1.020s] INFO:colcon.colcon_core.package_selection:Skipping not selected package 'dsr_moveit_config_p3020' in 'src/doosan-robot2/dsr_moveit2/dsr_moveit_config_p3020'
[1.020s] INFO:colcon.colcon_core.package_selection:Skipping not selected package 'dsr_msgs2' in 'src/doosan-robot2/dsr_msgs2'
[1.020s] INFO:colcon.colcon_core.package_selection:Skipping not selected package 'dsr_mujoco' in 'src/doosan-robot2/dsr_mujoco'
[1.020s] INFO:colcon.colcon_core.package_selection:Skipping not selected package 'dsr_visualservoing' in 'src/doosan-robot2/dsr_example2/dsr_visualservoing'
[1.020s] INFO:colcon.colcon_core.package_selection:Skipping not selected package 'dsr_bringup2' in 'src/doosan-robot2/dsr_bringup2'
[1.020s] INFO:colcon.colcon_core.package_selection:Skipping not selected package 'dsr_example' in 'src/doosan-robot2/dsr_example2/dsr_example'
[1.021s] INFO:colcon.colcon_core.package_selection:Skipping not selected package 'dsr_gazebo2' in 'src/doosan-robot2/dsr_gazebo2'
[1.021s] INFO:colcon.colcon_core.package_selection:Skipping not selected package 'dsr_hardware2' in 'src/doosan-robot2/dsr_hardware2'
[1.021s] INFO:colcon.colcon_core.package_selection:Skipping not selected package 'dsr_realtime_control' in 'src/doosan-robot2/dsr_example2/dsr_realtime_control'
[1.021s] INFO:colcon.colcon_core.package_selection:Skipping not selected package 'dsr_controller2' in 'src/doosan-robot2/dsr_controller2'
[1.021s] INFO:colcon.colcon_core.package_selection:Skipping not selected package 'dsr_tests' in 'src/doosan-robot2/dsr_tests'
[1.022s] Level 1:colcon.colcon_core.package_discovery:discover_packages(prefix_path) check parameters
[1.022s] Level 1:colcon.colcon_core.package_discovery:discover_packages(prefix_path) discover
[1.028s] DEBUG:colcon.colcon_installed_package_information.package_discovery:Found 23 installed packages in /home/rokey/cobot_ws/install
[1.033s] DEBUG:colcon.colcon_installed_package_information.package_discovery:Found 311 installed packages in /opt/ros/humble
[1.037s] Level 1:colcon.colcon_core.package_discovery:discover_packages(prefix_path) using defaults
[1.161s] Level 5:colcon.colcon_core.verb:set package 'cobot1' build argument 'cmake_args' from command line to 'None'
[1.162s] Level 5:colcon.colcon_core.verb:set package 'cobot1' build argument 'cmake_target' from command line to 'None'
[1.162s] Level 5:colcon.colcon_core.verb:set package 'cobot1' build argument 'cmake_target_skip_unavailable' from command line to 'False'
[1.162s] Level 5:colcon.colcon_core.verb:set package 'cobot1' build argument 'cmake_clean_cache' from command line to 'False'
[1.162s] Level 5:colcon.colcon_core.verb:set package 'cobot1' build argument 'cmake_clean_first' from command line to 'False'
[1.162s] Level 5:colcon.colcon_core.verb:set package 'cobot1' build argument 'cmake_force_configure' from command line to 'False'
[1.162s] Level 5:colcon.colcon_core.verb:set package 'cobot1' build argument 'ament_cmake_args' from command line to 'None'
[1.162s] Level 5:colcon.colcon_core.verb:set package 'cobot1' build argument 'catkin_cmake_args' from command line to 'None'
[1.162s] Level 5:colcon.colcon_core.verb:set package 'cobot1' build argument 'catkin_skip_building_tests' from command line to 'False'
[1.162s] DEBUG:colcon.colcon_core.verb:Building package 'cobot1' with the following arguments: {'ament_cmake_args': None, 'build_base': '/home/rokey/cobot_ws/build/cobot1', 'catkin_cmake_args': None, 'catkin_skip_building_tests': False, 'cmake_args': None, 'cmake_clean_cache': False, 'cmake_clean_first': False, 'cmake_force_configure': False, 'cmake_target': None, 'cmake_target_skip_unavailable': False, 'install_base': '/home/rokey/cobot_ws/install/cobot1', 'merge_install': False, 'path': '/home/rokey/cobot_ws/src/cobot1', 'symlink_install': False, 'test_result_base': None}
[1.162s] INFO:colcon.colcon_core.executor:Executing jobs using 'parallel' executor
[1.164s] DEBUG:colcon.colcon_parallel_executor.executor.parallel:run_until_complete
[1.165s] INFO:colcon.colcon_ros.task.ament_python.build:Building ROS package in '/home/rokey/cobot_ws/src/cobot1' with build type 'ament_python'
[1.165s] Level 1:colcon.colcon_core.shell:create_environment_hook('cobot1', 'ament_prefix_path')
[1.170s] INFO:colcon.colcon_core.plugin_system:Skipping extension 'colcon_core.shell.bat': Not used on non-Windows systems
[1.171s] INFO:colcon.colcon_core.shell:Creating environment hook '/home/rokey/cobot_ws/install/cobot1/share/cobot1/hook/ament_prefix_path.ps1'
[1.172s] INFO:colcon.colcon_core.shell:Creating environment descriptor '/home/rokey/cobot_ws/install/cobot1/share/cobot1/hook/ament_prefix_path.dsv'
[1.173s] INFO:colcon.colcon_core.shell:Creating environment hook '/home/rokey/cobot_ws/install/cobot1/share/cobot1/hook/ament_prefix_path.sh'
[1.177s] INFO:colcon.colcon_core.shell:Skip shell extension 'powershell' for command environment: Not usable outside of PowerShell
[1.177s] DEBUG:colcon.colcon_core.shell:Skip shell extension 'dsv' for command environment
[1.898s] INFO:colcon.colcon_core.task.python.build:Building Python package in '/home/rokey/cobot_ws/src/cobot1'
[1.898s] INFO:colcon.colcon_core.shell:Skip shell extension 'powershell' for command environment: Not usable outside of PowerShell
[1.898s] DEBUG:colcon.colcon_core.shell:Skip shell extension 'dsv' for command environment
[2.768s] DEBUG:colcon.colcon_core.event_handler.log_command:Invoking command in '/home/rokey/cobot_ws/src/cobot1': PYTHONPATH=/home/rokey/cobot_ws/build/cobot1/prefix_override:/usr/lib/python3/dist-packages/colcon_core/task/python/colcon_distutils_commands:/home/rokey/cobot_ws/install/cobot1/lib/python3.10/site-packages:${PYTHONPATH} /usr/bin/python3 -W ignore:setup.py install is deprecated -W ignore:easy_install command is deprecated setup.py egg_info --egg-base ../../build/cobot1 build --build-base /home/rokey/cobot_ws/build/cobot1/build install --record /home/rokey/cobot_ws/build/cobot1/install.log --single-version-externally-managed install_data
[3.546s] DEBUG:colcon.colcon_core.event_handler.log_command:Invoked command in '/home/rokey/cobot_ws/src/cobot1' returned '0': PYTHONPATH=/home/rokey/cobot_ws/build/cobot1/prefix_override:/usr/lib/python3/dist-packages/colcon_core/task/python/colcon_distutils_commands:/home/rokey/cobot_ws/install/cobot1/lib/python3.10/site-packages:${PYTHONPATH} /usr/bin/python3 -W ignore:setup.py install is deprecated -W ignore:easy_install command is deprecated setup.py egg_info --egg-base ../../build/cobot1 build --build-base /home/rokey/cobot_ws/build/cobot1/build install --record /home/rokey/cobot_ws/build/cobot1/install.log --single-version-externally-managed install_data
[3.550s] Level 1:colcon.colcon_core.environment:checking '/home/rokey/cobot_ws/install/cobot1' for CMake module files
[3.551s] Level 1:colcon.colcon_core.environment:checking '/home/rokey/cobot_ws/install/cobot1' for CMake config files
[3.553s] Level 1:colcon.colcon_core.environment:checking '/home/rokey/cobot_ws/install/cobot1/lib'
[3.553s] Level 1:colcon.colcon_core.environment:checking '/home/rokey/cobot_ws/install/cobot1/bin'
[3.553s] Level 1:colcon.colcon_core.environment:checking '/home/rokey/cobot_ws/install/cobot1/lib/pkgconfig/cobot1.pc'
[3.554s] Level 1:colcon.colcon_core.environment:checking '/home/rokey/cobot_ws/install/cobot1/lib/python3.10/site-packages'
[3.554s] Level 1:colcon.colcon_core.shell:create_environment_hook('cobot1', 'pythonpath')
[3.554s] INFO:colcon.colcon_core.shell:Creating environment hook '/home/rokey/cobot_ws/install/cobot1/share/cobot1/hook/pythonpath.ps1'
[3.555s] INFO:colcon.colcon_core.shell:Creating environment descriptor '/home/rokey/cobot_ws/install/cobot1/share/cobot1/hook/pythonpath.dsv'
[3.556s] INFO:colcon.colcon_core.shell:Creating environment hook '/home/rokey/cobot_ws/install/cobot1/share/cobot1/hook/pythonpath.sh'
[3.558s] Level 1:colcon.colcon_core.environment:checking '/home/rokey/cobot_ws/install/cobot1/bin'
[3.558s] Level 1:colcon.colcon_core.environment:create_environment_scripts_only(cobot1)
[3.559s] INFO:colcon.colcon_core.shell:Creating package script '/home/rokey/cobot_ws/install/cobot1/share/cobot1/package.ps1'
[3.561s] INFO:colcon.colcon_core.shell:Creating package descriptor '/home/rokey/cobot_ws/install/cobot1/share/cobot1/package.dsv'
[3.563s] INFO:colcon.colcon_core.shell:Creating package script '/home/rokey/cobot_ws/install/cobot1/share/cobot1/package.sh'
[3.564s] INFO:colcon.colcon_core.shell:Creating package script '/home/rokey/cobot_ws/install/cobot1/share/cobot1/package.bash'
[3.566s] INFO:colcon.colcon_core.shell:Creating package script '/home/rokey/cobot_ws/install/cobot1/share/cobot1/package.zsh'
[3.568s] Level 1:colcon.colcon_core.environment:create_file_with_runtime_dependencies(/home/rokey/cobot_ws/install/cobot1/share/colcon-core/packages/cobot1)
[3.568s] DEBUG:colcon.colcon_parallel_executor.executor.parallel:closing loop
[3.569s] DEBUG:colcon.colcon_parallel_executor.executor.parallel:loop closed
[3.569s] DEBUG:colcon.colcon_parallel_executor.executor.parallel:run_until_complete finished with '0'
[3.569s] DEBUG:colcon.colcon_core.event_reactor:joining thread
[3.581s] INFO:colcon.colcon_core.plugin_system:Skipping extension 'colcon_notification.desktop_notification.terminal_notifier': Not used on non-Darwin systems
[3.581s] INFO:colcon.colcon_core.plugin_system:Skipping extension 'colcon_notification.desktop_notification.win32': Not used on non-Windows systems
[3.581s] INFO:colcon.colcon_notification.desktop_notification:Sending desktop notification using 'notify2'
[3.605s] DEBUG:colcon.colcon_core.event_reactor:joined thread
[3.606s] INFO:colcon.colcon_core.shell:Creating prefix script '/home/rokey/cobot_ws/install/local_setup.ps1'
[3.608s] INFO:colcon.colcon_core.shell:Creating prefix util module '/home/rokey/cobot_ws/install/_local_setup_util_ps1.py'
[3.613s] INFO:colcon.colcon_core.shell:Creating prefix chain script '/home/rokey/cobot_ws/install/setup.ps1'
[3.618s] INFO:colcon.colcon_core.shell:Creating prefix script '/home/rokey/cobot_ws/install/local_setup.sh'
[3.619s] INFO:colcon.colcon_core.shell:Creating prefix util module '/home/rokey/cobot_ws/install/_local_setup_util_sh.py'
[3.620s] INFO:colcon.colcon_core.shell:Creating prefix chain script '/home/rokey/cobot_ws/install/setup.sh'
[3.625s] INFO:colcon.colcon_core.shell:Creating prefix script '/home/rokey/cobot_ws/install/local_setup.bash'
[3.627s] INFO:colcon.colcon_core.shell:Creating prefix chain script '/home/rokey/cobot_ws/install/setup.bash'
[3.631s] INFO:colcon.colcon_core.shell:Creating prefix script '/home/rokey/cobot_ws/install/local_setup.zsh'
[3.633s] INFO:colcon.colcon_core.shell:Creating prefix chain script '/home/rokey/cobot_ws/install/setup.zsh'
