running egg_info
writing ../../build/cobot1/cobot1.egg-info/PKG-INFO
writing dependency_links to ../../build/cobot1/cobot1.egg-info/dependency_links.txt
writing entry points to ../../build/cobot1/cobot1.egg-info/entry_points.txt
writing requirements to ../../build/cobot1/cobot1.egg-info/requires.txt
writing top-level names to ../../build/cobot1/cobot1.egg-info/top_level.txt
reading manifest file '../../build/cobot1/cobot1.egg-info/SOURCES.txt'
adding license file 'LICENSE'
writing manifest file '../../build/cobot1/cobot1.egg-info/SOURCES.txt'
running build
running build_py
running install
running install_lib
running install_data
running install_egg_info
removing '/home/rokey/cobot_ws/install/cobot1/lib/python3.10/site-packages/cobot1-0.0.0-py3.10.egg-info' (and everything under it)
Copying ../../build/cobot1/cobot1.egg-info to /home/rokey/cobot_ws/install/cobot1/lib/python3.10/site-packages/cobot1-0.0.0-py3.10.egg-info
running install_scripts
Installing get_pose script to /home/rokey/cobot_ws/install/cobot1/lib/cobot1
Installing grip_test script to /home/rokey/cobot_ws/install/cobot1/lib/cobot1
Installing move_basic script to /home/rokey/cobot_ws/install/cobot1/lib/cobot1
Installing move_periodic script to /home/rokey/cobot_ws/install/cobot1/lib/cobot1
Installing move_test script to /home/rokey/cobot_ws/install/cobot1/lib/cobot1
Installing pub script to /home/rokey/cobot_ws/install/cobot1/lib/cobot1
Installing robo_pub_test script to /home/rokey/cobot_ws/install/cobot1/lib/cobot1
Installing sub script to /home/rokey/cobot_ws/install/cobot1/lib/cobot1
writing list of installed files to '/home/rokey/cobot_ws/build/cobot1/install.log'
