[1.601s] Invoking command in '/home/rokey/cobot_ws/src/cobot1': PYTHONPATH=/home/rokey/cobot_ws/build/cobot1/prefix_override:/usr/lib/python3/dist-packages/colcon_core/task/python/colcon_distutils_commands:/home/rokey/cobot_ws/install/cobot1/lib/python3.10/site-packages:${PYTHONPATH} /usr/bin/python3 -W ignore:setup.py install is deprecated -W ignore:easy_install command is deprecated setup.py egg_info --egg-base ../../build/cobot1 build --build-base /home/rokey/cobot_ws/build/cobot1/build install --record /home/rokey/cobot_ws/build/cobot1/install.log --single-version-externally-managed install_data
[2.256s] running egg_info
[2.257s] writing ../../build/cobot1/cobot1.egg-info/PKG-INFO
[2.257s] writing dependency_links to ../../build/cobot1/cobot1.egg-info/dependency_links.txt
[2.258s] writing entry points to ../../build/cobot1/cobot1.egg-info/entry_points.txt
[2.258s] writing requirements to ../../build/cobot1/cobot1.egg-info/requires.txt
[2.258s] writing top-level names to ../../build/cobot1/cobot1.egg-info/top_level.txt
[2.265s] reading manifest file '../../build/cobot1/cobot1.egg-info/SOURCES.txt'
[2.265s] adding license file 'LICENSE'
[2.267s] writing manifest file '../../build/cobot1/cobot1.egg-info/SOURCES.txt'
[2.267s] running build
[2.268s] running build_py
[2.269s] running install
[2.270s] running install_lib
[2.273s] running install_data
[2.273s] running install_egg_info
[2.277s] removing '/home/rokey/cobot_ws/install/cobot1/lib/python3.10/site-packages/cobot1-0.0.0-py3.10.egg-info' (and everything under it)
[2.278s] Copying ../../build/cobot1/cobot1.egg-info to /home/rokey/cobot_ws/install/cobot1/lib/python3.10/site-packages/cobot1-0.0.0-py3.10.egg-info
[2.279s] running install_scripts
[2.329s] Installing get_pose script to /home/rokey/cobot_ws/install/cobot1/lib/cobot1
[2.330s] Installing grip_test script to /home/rokey/cobot_ws/install/cobot1/lib/cobot1
[2.331s] Installing move_basic script to /home/rokey/cobot_ws/install/cobot1/lib/cobot1
[2.331s] Installing move_periodic script to /home/rokey/cobot_ws/install/cobot1/lib/cobot1
[2.331s] Installing move_test script to /home/rokey/cobot_ws/install/cobot1/lib/cobot1
[2.331s] Installing pub script to /home/rokey/cobot_ws/install/cobot1/lib/cobot1
[2.331s] Installing robo_pub_test script to /home/rokey/cobot_ws/install/cobot1/lib/cobot1
[2.331s] Installing sub script to /home/rokey/cobot_ws/install/cobot1/lib/cobot1
[2.332s] writing list of installed files to '/home/rokey/cobot_ws/build/cobot1/install.log'
[2.379s] Invoked command in '/home/rokey/cobot_ws/src/cobot1' returned '0': PYTHONPATH=/home/rokey/cobot_ws/build/cobot1/prefix_override:/usr/lib/python3/dist-packages/colcon_core/task/python/colcon_distutils_commands:/home/rokey/cobot_ws/install/cobot1/lib/python3.10/site-packages:${PYTHONPATH} /usr/bin/python3 -W ignore:setup.py install is deprecated -W ignore:easy_install command is deprecated setup.py egg_info --egg-base ../../build/cobot1 build --build-base /home/rokey/cobot_ws/build/cobot1/build install --record /home/rokey/cobot_ws/build/cobot1/install.log --single-version-externally-managed install_data
