[0.107s] Invoking command in '/home/rokey/cobot_ws/build/dsr_moveit_config_m0609': CMAKE_PREFIX_PATH=${CMAKE_PREFIX_PATH}:/home/rokey/cobot_ws/install/dsr_visualservoing:/home/rokey/cobot_ws/install/dsr_tests:/home/rokey/cobot_ws/install/dsr_bringup2:/home/rokey/cobot_ws/install/dsr_example:/home/rokey/cobot_ws/install/cobot1:/opt/ros/humble /usr/bin/cmake --build /home/rokey/cobot_ws/build/dsr_moveit_config_m0609 -- -j8 -l8
[0.215s] Invoked command in '/home/rokey/cobot_ws/build/dsr_moveit_config_m0609' returned '0': CMAKE_PREFIX_PATH=${CMAKE_PREFIX_PATH}:/home/rokey/cobot_ws/install/dsr_visualservoing:/home/rokey/cobot_ws/install/dsr_tests:/home/rokey/cobot_ws/install/dsr_bringup2:/home/rokey/cobot_ws/install/dsr_example:/home/rokey/cobot_ws/install/cobot1:/opt/ros/humble /usr/bin/cmake --build /home/rokey/cobot_ws/build/dsr_moveit_config_m0609 -- -j8 -l8
[0.234s] Invoking command in '/home/rokey/cobot_ws/build/dsr_moveit_config_m0609': CMAKE_PREFIX_PATH=${CMAKE_PREFIX_PATH}:/home/rokey/cobot_ws/install/dsr_visualservoing:/home/rokey/cobot_ws/install/dsr_tests:/home/rokey/cobot_ws/install/dsr_bringup2:/home/rokey/cobot_ws/install/dsr_example:/home/rokey/cobot_ws/install/cobot1:/opt/ros/humble /usr/bin/cmake --install /home/rokey/cobot_ws/build/dsr_moveit_config_m0609
[0.251s] -- Install configuration: ""
[0.251s] -- Up-to-date: /home/rokey/cobot_ws/install/dsr_moveit_config_m0609/share/ament_index/resource_index/package_run_dependencies/dsr_moveit_config_m0609
[0.251s] -- Up-to-date: /home/rokey/cobot_ws/install/dsr_moveit_config_m0609/share/ament_index/resource_index/parent_prefix_path/dsr_moveit_config_m0609
[0.251s] -- Up-to-date: /home/rokey/cobot_ws/install/dsr_moveit_config_m0609/share/dsr_moveit_config_m0609/environment/ament_prefix_path.sh
[0.252s] -- Up-to-date: /home/rokey/cobot_ws/install/dsr_moveit_config_m0609/share/dsr_moveit_config_m0609/environment/ament_prefix_path.dsv
[0.252s] -- Up-to-date: /home/rokey/cobot_ws/install/dsr_moveit_config_m0609/share/dsr_moveit_config_m0609/environment/path.sh
[0.253s] -- Up-to-date: /home/rokey/cobot_ws/install/dsr_moveit_config_m0609/share/dsr_moveit_config_m0609/environment/path.dsv
[0.253s] -- Up-to-date: /home/rokey/cobot_ws/install/dsr_moveit_config_m0609/share/dsr_moveit_config_m0609/local_setup.bash
[0.253s] -- Up-to-date: /home/rokey/cobot_ws/install/dsr_moveit_config_m0609/share/dsr_moveit_config_m0609/local_setup.sh
[0.253s] -- Up-to-date: /home/rokey/cobot_ws/install/dsr_moveit_config_m0609/share/dsr_moveit_config_m0609/local_setup.zsh
[0.254s] -- Up-to-date: /home/rokey/cobot_ws/install/dsr_moveit_config_m0609/share/dsr_moveit_config_m0609/local_setup.dsv
[0.254s] -- Up-to-date: /home/rokey/cobot_ws/install/dsr_moveit_config_m0609/share/dsr_moveit_config_m0609/package.dsv
[0.254s] -- Up-to-date: /home/rokey/cobot_ws/install/dsr_moveit_config_m0609/share/ament_index/resource_index/packages/dsr_moveit_config_m0609
[0.255s] -- Up-to-date: /home/rokey/cobot_ws/install/dsr_moveit_config_m0609/share/dsr_moveit_config_m0609/cmake/dsr_moveit_config_m0609Config.cmake
[0.255s] -- Up-to-date: /home/rokey/cobot_ws/install/dsr_moveit_config_m0609/share/dsr_moveit_config_m0609/cmake/dsr_moveit_config_m0609Config-version.cmake
[0.255s] -- Up-to-date: /home/rokey/cobot_ws/install/dsr_moveit_config_m0609/share/dsr_moveit_config_m0609/package.xml
[0.255s] -- Up-to-date: /home/rokey/cobot_ws/install/dsr_moveit_config_m0609/share/dsr_moveit_config_m0609/launch
[0.255s] -- Up-to-date: /home/rokey/cobot_ws/install/dsr_moveit_config_m0609/share/dsr_moveit_config_m0609/launch/moveit.rviz
[0.255s] -- Up-to-date: /home/rokey/cobot_ws/install/dsr_moveit_config_m0609/share/dsr_moveit_config_m0609/launch/start.launch.py
[0.257s] -- Up-to-date: /home/rokey/cobot_ws/install/dsr_moveit_config_m0609/share/dsr_moveit_config_m0609/launch/demo.launch.py
[0.257s] -- Up-to-date: /home/rokey/cobot_ws/install/dsr_moveit_config_m0609/share/dsr_moveit_config_m0609/config
[0.260s] -- Up-to-date: /home/rokey/cobot_ws/install/dsr_moveit_config_m0609/share/dsr_moveit_config_m0609/config/dsr.ros2_control.xacro
[0.260s] -- Up-to-date: /home/rokey/cobot_ws/install/dsr_moveit_config_m0609/share/dsr_moveit_config_m0609/config/pilz_cartesian_limits.yaml
[0.260s] -- Up-to-date: /home/rokey/cobot_ws/install/dsr_moveit_config_m0609/share/dsr_moveit_config_m0609/config/ros2_controllers.yaml
[0.260s] -- Up-to-date: /home/rokey/cobot_ws/install/dsr_moveit_config_m0609/share/dsr_moveit_config_m0609/config/pilz_industrial_motion_planner_planning.yaml
[0.260s] -- Up-to-date: /home/rokey/cobot_ws/install/dsr_moveit_config_m0609/share/dsr_moveit_config_m0609/config/moveit_controllers.yaml
[0.264s] -- Up-to-date: /home/rokey/cobot_ws/install/dsr_moveit_config_m0609/share/dsr_moveit_config_m0609/config/m0609.urdf.xacro
[0.264s] -- Up-to-date: /home/rokey/cobot_ws/install/dsr_moveit_config_m0609/share/dsr_moveit_config_m0609/config/ompl_planning.yaml
[0.264s] -- Up-to-date: /home/rokey/cobot_ws/install/dsr_moveit_config_m0609/share/dsr_moveit_config_m0609/config/kinematics.yaml
[0.264s] -- Up-to-date: /home/rokey/cobot_ws/install/dsr_moveit_config_m0609/share/dsr_moveit_config_m0609/config/sensors_3d.yaml
[0.264s] -- Up-to-date: /home/rokey/cobot_ws/install/dsr_moveit_config_m0609/share/dsr_moveit_config_m0609/config/initial_positions.yaml
[0.267s] -- Up-to-date: /home/rokey/cobot_ws/install/dsr_moveit_config_m0609/share/dsr_moveit_config_m0609/config/dsr.srdf
[0.267s] -- Up-to-date: /home/rokey/cobot_ws/install/dsr_moveit_config_m0609/share/dsr_moveit_config_m0609/config/joint_limits.yaml
[0.268s] -- Up-to-date: /home/rokey/cobot_ws/install/dsr_moveit_config_m0609/share/dsr_moveit_config_m0609/config/chomp_planning.yaml
[0.268s] -- Up-to-date: /home/rokey/cobot_ws/install/dsr_moveit_config_m0609/share/dsr_moveit_config_m0609/.setup_assistant
[0.316s] Invoked command in '/home/rokey/cobot_ws/build/dsr_moveit_config_m0609' returned '0': CMAKE_PREFIX_PATH=${CMAKE_PREFIX_PATH}:/home/rokey/cobot_ws/install/dsr_visualservoing:/home/rokey/cobot_ws/install/dsr_tests:/home/rokey/cobot_ws/install/dsr_bringup2:/home/rokey/cobot_ws/install/dsr_example:/home/rokey/cobot_ws/install/cobot1:/opt/ros/humble /usr/bin/cmake --install /home/rokey/cobot_ws/build/dsr_moveit_config_m0609
