[0.071s] Invoking command in '/home/rokey/cobot_ws/build/dsr_moveit_config_m1509': CMAKE_PREFIX_PATH=${CMAKE_PREFIX_PATH}:/home/rokey/cobot_ws/install/dsr_visualservoing:/home/rokey/cobot_ws/install/dsr_tests:/home/rokey/cobot_ws/install/dsr_bringup2:/home/rokey/cobot_ws/install/dsr_example:/home/rokey/cobot_ws/install/cobot1:/opt/ros/humble /usr/bin/cmake --build /home/rokey/cobot_ws/build/dsr_moveit_config_m1509 -- -j8 -l8
[0.223s] Invoked command in '/home/rokey/cobot_ws/build/dsr_moveit_config_m1509' returned '0': CMAKE_PREFIX_PATH=${CMAKE_PREFIX_PATH}:/home/rokey/cobot_ws/install/dsr_visualservoing:/home/rokey/cobot_ws/install/dsr_tests:/home/rokey/cobot_ws/install/dsr_bringup2:/home/rokey/cobot_ws/install/dsr_example:/home/rokey/cobot_ws/install/cobot1:/opt/ros/humble /usr/bin/cmake --build /home/rokey/cobot_ws/build/dsr_moveit_config_m1509 -- -j8 -l8
[0.231s] Invoking command in '/home/rokey/cobot_ws/build/dsr_moveit_config_m1509': CMAKE_PREFIX_PATH=${CMAKE_PREFIX_PATH}:/home/rokey/cobot_ws/install/dsr_visualservoing:/home/rokey/cobot_ws/install/dsr_tests:/home/rokey/cobot_ws/install/dsr_bringup2:/home/rokey/cobot_ws/install/dsr_example:/home/rokey/cobot_ws/install/cobot1:/opt/ros/humble /usr/bin/cmake --install /home/rokey/cobot_ws/build/dsr_moveit_config_m1509
[0.266s] -- Install configuration: ""
[0.266s] -- Up-to-date: /home/rokey/cobot_ws/install/dsr_moveit_config_m1509/share/ament_index/resource_index/package_run_dependencies/dsr_moveit_config_m1509
[0.267s] -- Up-to-date: /home/rokey/cobot_ws/install/dsr_moveit_config_m1509/share/ament_index/resource_index/parent_prefix_path/dsr_moveit_config_m1509
[0.267s] -- Up-to-date: /home/rokey/cobot_ws/install/dsr_moveit_config_m1509/share/dsr_moveit_config_m1509/environment/ament_prefix_path.sh
[0.267s] -- Up-to-date: /home/rokey/cobot_ws/install/dsr_moveit_config_m1509/share/dsr_moveit_config_m1509/environment/ament_prefix_path.dsv
[0.267s] -- Up-to-date: /home/rokey/cobot_ws/install/dsr_moveit_config_m1509/share/dsr_moveit_config_m1509/environment/path.sh
[0.267s] -- Up-to-date: /home/rokey/cobot_ws/install/dsr_moveit_config_m1509/share/dsr_moveit_config_m1509/environment/path.dsv
[0.267s] -- Up-to-date: /home/rokey/cobot_ws/install/dsr_moveit_config_m1509/share/dsr_moveit_config_m1509/local_setup.bash
[0.267s] -- Up-to-date: /home/rokey/cobot_ws/install/dsr_moveit_config_m1509/share/dsr_moveit_config_m1509/local_setup.sh
[0.267s] -- Up-to-date: /home/rokey/cobot_ws/install/dsr_moveit_config_m1509/share/dsr_moveit_config_m1509/local_setup.zsh
[0.267s] -- Up-to-date: /home/rokey/cobot_ws/install/dsr_moveit_config_m1509/share/dsr_moveit_config_m1509/local_setup.dsv
[0.268s] -- Up-to-date: /home/rokey/cobot_ws/install/dsr_moveit_config_m1509/share/dsr_moveit_config_m1509/package.dsv
[0.268s] -- Up-to-date: /home/rokey/cobot_ws/install/dsr_moveit_config_m1509/share/ament_index/resource_index/packages/dsr_moveit_config_m1509
[0.268s] -- Up-to-date: /home/rokey/cobot_ws/install/dsr_moveit_config_m1509/share/dsr_moveit_config_m1509/cmake/dsr_moveit_config_m1509Config.cmake
[0.268s] -- Up-to-date: /home/rokey/cobot_ws/install/dsr_moveit_config_m1509/share/dsr_moveit_config_m1509/cmake/dsr_moveit_config_m1509Config-version.cmake
[0.268s] -- Up-to-date: /home/rokey/cobot_ws/install/dsr_moveit_config_m1509/share/dsr_moveit_config_m1509/package.xml
[0.268s] -- Up-to-date: /home/rokey/cobot_ws/install/dsr_moveit_config_m1509/share/dsr_moveit_config_m1509/launch
[0.268s] -- Up-to-date: /home/rokey/cobot_ws/install/dsr_moveit_config_m1509/share/dsr_moveit_config_m1509/launch/moveit.rviz
[0.268s] -- Up-to-date: /home/rokey/cobot_ws/install/dsr_moveit_config_m1509/share/dsr_moveit_config_m1509/launch/start.launch.py
[0.268s] -- Up-to-date: /home/rokey/cobot_ws/install/dsr_moveit_config_m1509/share/dsr_moveit_config_m1509/launch/demo.launch.py
[0.268s] -- Up-to-date: /home/rokey/cobot_ws/install/dsr_moveit_config_m1509/share/dsr_moveit_config_m1509/config
[0.268s] -- Up-to-date: /home/rokey/cobot_ws/install/dsr_moveit_config_m1509/share/dsr_moveit_config_m1509/config/dsr.ros2_control.xacro
[0.269s] -- Up-to-date: /home/rokey/cobot_ws/install/dsr_moveit_config_m1509/share/dsr_moveit_config_m1509/config/pilz_cartesian_limits.yaml
[0.269s] -- Up-to-date: /home/rokey/cobot_ws/install/dsr_moveit_config_m1509/share/dsr_moveit_config_m1509/config/ros2_controllers.yaml
[0.269s] -- Up-to-date: /home/rokey/cobot_ws/install/dsr_moveit_config_m1509/share/dsr_moveit_config_m1509/config/pilz_industrial_motion_planner_planning.yaml
[0.269s] -- Up-to-date: /home/rokey/cobot_ws/install/dsr_moveit_config_m1509/share/dsr_moveit_config_m1509/config/moveit_controllers.yaml
[0.269s] -- Up-to-date: /home/rokey/cobot_ws/install/dsr_moveit_config_m1509/share/dsr_moveit_config_m1509/config/ompl_planning.yaml
[0.269s] -- Up-to-date: /home/rokey/cobot_ws/install/dsr_moveit_config_m1509/share/dsr_moveit_config_m1509/config/kinematics.yaml
[0.269s] -- Up-to-date: /home/rokey/cobot_ws/install/dsr_moveit_config_m1509/share/dsr_moveit_config_m1509/config/sensors_3d.yaml
[0.270s] -- Up-to-date: /home/rokey/cobot_ws/install/dsr_moveit_config_m1509/share/dsr_moveit_config_m1509/config/initial_positions.yaml
[0.270s] -- Up-to-date: /home/rokey/cobot_ws/install/dsr_moveit_config_m1509/share/dsr_moveit_config_m1509/config/dsr.srdf
[0.270s] -- Up-to-date: /home/rokey/cobot_ws/install/dsr_moveit_config_m1509/share/dsr_moveit_config_m1509/config/joint_limits.yaml
[0.270s] -- Up-to-date: /home/rokey/cobot_ws/install/dsr_moveit_config_m1509/share/dsr_moveit_config_m1509/config/m1509.urdf.xacro
[0.270s] -- Up-to-date: /home/rokey/cobot_ws/install/dsr_moveit_config_m1509/share/dsr_moveit_config_m1509/config/chomp_planning.yaml
[0.270s] -- Up-to-date: /home/rokey/cobot_ws/install/dsr_moveit_config_m1509/share/dsr_moveit_config_m1509/.setup_assistant
[0.314s] Invoked command in '/home/rokey/cobot_ws/build/dsr_moveit_config_m1509' returned '0': CMAKE_PREFIX_PATH=${CMAKE_PREFIX_PATH}:/home/rokey/cobot_ws/install/dsr_visualservoing:/home/rokey/cobot_ws/install/dsr_tests:/home/rokey/cobot_ws/install/dsr_bringup2:/home/rokey/cobot_ws/install/dsr_example:/home/rokey/cobot_ws/install/cobot1:/opt/ros/humble /usr/bin/cmake --install /home/rokey/cobot_ws/build/dsr_moveit_config_m1509
