[0.027s] Invoking command in '/home/rokey/cobot_ws/build/dsr_moveit_config_h2017': CMAKE_PREFIX_PATH=/opt/ros/humble /usr/bin/cmake /home/rokey/cobot_ws/src/doosan-robot2/dsr_moveit2/dsr_moveit_config_h2017 -DCMAKE_INSTALL_PREFIX=/home/rokey/cobot_ws/install/dsr_moveit_config_h2017
[1.472s] -- The C compiler identification is GNU 11.4.0
[1.473s] -- The CXX compiler identification is GNU 11.4.0
[1.474s] -- Detecting C compiler ABI info
[1.476s] -- Detecting C compiler ABI info - done
[1.477s] -- Check for working C compiler: /usr/bin/cc - skipped
[1.477s] -- Detecting C compile features
[1.478s] -- Detecting C compile features - done
[1.478s] -- Detecting CXX compiler ABI info
[1.479s] -- Detecting CXX compiler ABI info - done
[1.480s] -- Check for working CXX compiler: /usr/bin/c++ - skipped
[1.480s] -- Detecting CXX compile features
[1.480s] -- Detecting CXX compile features - done
[1.480s] -- Found ament_cmake: 1.3.12 (/opt/ros/humble/share/ament_cmake/cmake)
[1.480s] -- Found Python3: /usr/bin/python3 (found version "3.10.12") found components: Interpreter 
[1.481s] -- Configuring done
[1.481s] -- Generating done
[1.481s] -- Build files have been written to: /home/rokey/cobot_ws/build/dsr_moveit_config_h2017
[1.495s] Invoked command in '/home/rokey/cobot_ws/build/dsr_moveit_config_h2017' returned '0': CMAKE_PREFIX_PATH=/opt/ros/humble /usr/bin/cmake /home/rokey/cobot_ws/src/doosan-robot2/dsr_moveit2/dsr_moveit_config_h2017 -DCMAKE_INSTALL_PREFIX=/home/rokey/cobot_ws/install/dsr_moveit_config_h2017
[1.495s] Invoking command in '/home/rokey/cobot_ws/build/dsr_moveit_config_h2017': CMAKE_PREFIX_PATH=/opt/ros/humble /usr/bin/cmake --build /home/rokey/cobot_ws/build/dsr_moveit_config_h2017 -- -j8 -l8
[1.554s] Invoked command in '/home/rokey/cobot_ws/build/dsr_moveit_config_h2017' returned '0': CMAKE_PREFIX_PATH=/opt/ros/humble /usr/bin/cmake --build /home/rokey/cobot_ws/build/dsr_moveit_config_h2017 -- -j8 -l8
[1.561s] Invoking command in '/home/rokey/cobot_ws/build/dsr_moveit_config_h2017': CMAKE_PREFIX_PATH=/opt/ros/humble /usr/bin/cmake --install /home/rokey/cobot_ws/build/dsr_moveit_config_h2017
[1.577s] -- Install configuration: ""
[1.577s] -- Installing: /home/rokey/cobot_ws/install/dsr_moveit_config_h2017/share/ament_index/resource_index/package_run_dependencies/dsr_moveit_config_h2017
[1.578s] -- Installing: /home/rokey/cobot_ws/install/dsr_moveit_config_h2017/share/ament_index/resource_index/parent_prefix_path/dsr_moveit_config_h2017
[1.579s] -- Installing: /home/rokey/cobot_ws/install/dsr_moveit_config_h2017/share/dsr_moveit_config_h2017/environment/ament_prefix_path.sh
[1.579s] -- Installing: /home/rokey/cobot_ws/install/dsr_moveit_config_h2017/share/dsr_moveit_config_h2017/environment/ament_prefix_path.dsv
[1.580s] -- Installing: /home/rokey/cobot_ws/install/dsr_moveit_config_h2017/share/dsr_moveit_config_h2017/environment/path.sh
[1.580s] -- Installing: /home/rokey/cobot_ws/install/dsr_moveit_config_h2017/share/dsr_moveit_config_h2017/environment/path.dsv
[1.580s] -- Installing: /home/rokey/cobot_ws/install/dsr_moveit_config_h2017/share/dsr_moveit_config_h2017/local_setup.bash
[1.580s] -- Installing: /home/rokey/cobot_ws/install/dsr_moveit_config_h2017/share/dsr_moveit_config_h2017/local_setup.sh
[1.580s] -- Installing: /home/rokey/cobot_ws/install/dsr_moveit_config_h2017/share/dsr_moveit_config_h2017/local_setup.zsh
[1.580s] -- Installing: /home/rokey/cobot_ws/install/dsr_moveit_config_h2017/share/dsr_moveit_config_h2017/local_setup.dsv
[1.580s] -- Installing: /home/rokey/cobot_ws/install/dsr_moveit_config_h2017/share/dsr_moveit_config_h2017/package.dsv
[1.581s] -- Installing: /home/rokey/cobot_ws/install/dsr_moveit_config_h2017/share/ament_index/resource_index/packages/dsr_moveit_config_h2017
[1.581s] -- Installing: /home/rokey/cobot_ws/install/dsr_moveit_config_h2017/share/dsr_moveit_config_h2017/cmake/dsr_moveit_config_h2017Config.cmake
[1.581s] -- Installing: /home/rokey/cobot_ws/install/dsr_moveit_config_h2017/share/dsr_moveit_config_h2017/cmake/dsr_moveit_config_h2017Config-version.cmake
[1.582s] -- Installing: /home/rokey/cobot_ws/install/dsr_moveit_config_h2017/share/dsr_moveit_config_h2017/package.xml
[1.582s] -- Installing: /home/rokey/cobot_ws/install/dsr_moveit_config_h2017/share/dsr_moveit_config_h2017/launch
[1.582s] -- Installing: /home/rokey/cobot_ws/install/dsr_moveit_config_h2017/share/dsr_moveit_config_h2017/launch/moveit.rviz
[1.582s] -- Installing: /home/rokey/cobot_ws/install/dsr_moveit_config_h2017/share/dsr_moveit_config_h2017/launch/start.launch.py
[1.582s] -- Installing: /home/rokey/cobot_ws/install/dsr_moveit_config_h2017/share/dsr_moveit_config_h2017/launch/demo.launch.py
[1.582s] -- Installing: /home/rokey/cobot_ws/install/dsr_moveit_config_h2017/share/dsr_moveit_config_h2017/config
[1.583s] -- Installing: /home/rokey/cobot_ws/install/dsr_moveit_config_h2017/share/dsr_moveit_config_h2017/config/dsr.ros2_control.xacro
[1.583s] -- Installing: /home/rokey/cobot_ws/install/dsr_moveit_config_h2017/share/dsr_moveit_config_h2017/config/pilz_cartesian_limits.yaml
[1.583s] -- Installing: /home/rokey/cobot_ws/install/dsr_moveit_config_h2017/share/dsr_moveit_config_h2017/config/ros2_controllers.yaml
[1.583s] -- Installing: /home/rokey/cobot_ws/install/dsr_moveit_config_h2017/share/dsr_moveit_config_h2017/config/pilz_industrial_motion_planner_planning.yaml
[1.583s] -- Installing: /home/rokey/cobot_ws/install/dsr_moveit_config_h2017/share/dsr_moveit_config_h2017/config/moveit_controllers.yaml
[1.583s] -- Installing: /home/rokey/cobot_ws/install/dsr_moveit_config_h2017/share/dsr_moveit_config_h2017/config/ompl_planning.yaml
[1.584s] -- Installing: /home/rokey/cobot_ws/install/dsr_moveit_config_h2017/share/dsr_moveit_config_h2017/config/kinematics.yaml
[1.584s] -- Installing: /home/rokey/cobot_ws/install/dsr_moveit_config_h2017/share/dsr_moveit_config_h2017/config/sensors_3d.yaml
[1.584s] -- Installing: /home/rokey/cobot_ws/install/dsr_moveit_config_h2017/share/dsr_moveit_config_h2017/config/initial_positions.yaml
[1.584s] -- Installing: /home/rokey/cobot_ws/install/dsr_moveit_config_h2017/share/dsr_moveit_config_h2017/config/h2017.urdf.xacro
[1.584s] -- Installing: /home/rokey/cobot_ws/install/dsr_moveit_config_h2017/share/dsr_moveit_config_h2017/config/dsr.srdf
[1.584s] -- Installing: /home/rokey/cobot_ws/install/dsr_moveit_config_h2017/share/dsr_moveit_config_h2017/config/joint_limits.yaml
[1.584s] -- Installing: /home/rokey/cobot_ws/install/dsr_moveit_config_h2017/share/dsr_moveit_config_h2017/config/chomp_planning.yaml
[1.584s] -- Installing: /home/rokey/cobot_ws/install/dsr_moveit_config_h2017/share/dsr_moveit_config_h2017/.setup_assistant
[1.643s] Invoked command in '/home/rokey/cobot_ws/build/dsr_moveit_config_h2017' returned '0': CMAKE_PREFIX_PATH=/opt/ros/humble /usr/bin/cmake --install /home/rokey/cobot_ws/build/dsr_moveit_config_h2017
