[0.297s] Invoking command in '/home/rokey/cobot_ws/build/dsr_moveit_config_e0509': CMAKE_PREFIX_PATH=${CMAKE_PREFIX_PATH}:/home/rokey/cobot_ws/install/dsr_visualservoing:/home/rokey/cobot_ws/install/dsr_tests:/home/rokey/cobot_ws/install/dsr_bringup2:/home/rokey/cobot_ws/install/dsr_example:/home/rokey/cobot_ws/install/cobot1:/opt/ros/humble /usr/bin/cmake --build /home/rokey/cobot_ws/build/dsr_moveit_config_e0509 -- -j8 -l8
[0.441s] Invoked command in '/home/rokey/cobot_ws/build/dsr_moveit_config_e0509' returned '0': CMAKE_PREFIX_PATH=${CMAKE_PREFIX_PATH}:/home/rokey/cobot_ws/install/dsr_visualservoing:/home/rokey/cobot_ws/install/dsr_tests:/home/rokey/cobot_ws/install/dsr_bringup2:/home/rokey/cobot_ws/install/dsr_example:/home/rokey/cobot_ws/install/cobot1:/opt/ros/humble /usr/bin/cmake --build /home/rokey/cobot_ws/build/dsr_moveit_config_e0509 -- -j8 -l8
[0.444s] Invoking command in '/home/rokey/cobot_ws/build/dsr_moveit_config_e0509': CMAKE_PREFIX_PATH=${CMAKE_PREFIX_PATH}:/home/rokey/cobot_ws/install/dsr_visualservoing:/home/rokey/cobot_ws/install/dsr_tests:/home/rokey/cobot_ws/install/dsr_bringup2:/home/rokey/cobot_ws/install/dsr_example:/home/rokey/cobot_ws/install/cobot1:/opt/ros/humble /usr/bin/cmake --install /home/rokey/cobot_ws/build/dsr_moveit_config_e0509
[0.458s] -- Install configuration: ""
[0.459s] -- Up-to-date: /home/rokey/cobot_ws/install/dsr_moveit_config_e0509/share/ament_index/resource_index/package_run_dependencies/dsr_moveit_config_e0509
[0.459s] -- Up-to-date: /home/rokey/cobot_ws/install/dsr_moveit_config_e0509/share/ament_index/resource_index/parent_prefix_path/dsr_moveit_config_e0509
[0.459s] -- Up-to-date: /home/rokey/cobot_ws/install/dsr_moveit_config_e0509/share/dsr_moveit_config_e0509/environment/ament_prefix_path.sh
[0.459s] -- Up-to-date: /home/rokey/cobot_ws/install/dsr_moveit_config_e0509/share/dsr_moveit_config_e0509/environment/ament_prefix_path.dsv
[0.459s] -- Up-to-date: /home/rokey/cobot_ws/install/dsr_moveit_config_e0509/share/dsr_moveit_config_e0509/environment/path.sh
[0.460s] -- Up-to-date: /home/rokey/cobot_ws/install/dsr_moveit_config_e0509/share/dsr_moveit_config_e0509/environment/path.dsv
[0.460s] -- Up-to-date: /home/rokey/cobot_ws/install/dsr_moveit_config_e0509/share/dsr_moveit_config_e0509/local_setup.bash
[0.460s] -- Up-to-date: /home/rokey/cobot_ws/install/dsr_moveit_config_e0509/share/dsr_moveit_config_e0509/local_setup.sh
[0.460s] -- Up-to-date: /home/rokey/cobot_ws/install/dsr_moveit_config_e0509/share/dsr_moveit_config_e0509/local_setup.zsh
[0.460s] -- Up-to-date: /home/rokey/cobot_ws/install/dsr_moveit_config_e0509/share/dsr_moveit_config_e0509/local_setup.dsv
[0.460s] -- Up-to-date: /home/rokey/cobot_ws/install/dsr_moveit_config_e0509/share/dsr_moveit_config_e0509/package.dsv
[0.460s] -- Up-to-date: /home/rokey/cobot_ws/install/dsr_moveit_config_e0509/share/ament_index/resource_index/packages/dsr_moveit_config_e0509
[0.460s] -- Up-to-date: /home/rokey/cobot_ws/install/dsr_moveit_config_e0509/share/dsr_moveit_config_e0509/cmake/dsr_moveit_config_e0509Config.cmake
[0.460s] -- Up-to-date: /home/rokey/cobot_ws/install/dsr_moveit_config_e0509/share/dsr_moveit_config_e0509/cmake/dsr_moveit_config_e0509Config-version.cmake
[0.461s] -- Up-to-date: /home/rokey/cobot_ws/install/dsr_moveit_config_e0509/share/dsr_moveit_config_e0509/package.xml
[0.461s] -- Up-to-date: /home/rokey/cobot_ws/install/dsr_moveit_config_e0509/share/dsr_moveit_config_e0509/launch
[0.461s] -- Up-to-date: /home/rokey/cobot_ws/install/dsr_moveit_config_e0509/share/dsr_moveit_config_e0509/launch/moveit.rviz
[0.461s] -- Up-to-date: /home/rokey/cobot_ws/install/dsr_moveit_config_e0509/share/dsr_moveit_config_e0509/launch/start.launch.py
[0.461s] -- Up-to-date: /home/rokey/cobot_ws/install/dsr_moveit_config_e0509/share/dsr_moveit_config_e0509/launch/demo.launch.py
[0.461s] -- Up-to-date: /home/rokey/cobot_ws/install/dsr_moveit_config_e0509/share/dsr_moveit_config_e0509/config
[0.461s] -- Up-to-date: /home/rokey/cobot_ws/install/dsr_moveit_config_e0509/share/dsr_moveit_config_e0509/config/dsr.ros2_control.xacro
[0.461s] -- Up-to-date: /home/rokey/cobot_ws/install/dsr_moveit_config_e0509/share/dsr_moveit_config_e0509/config/pilz_cartesian_limits.yaml
[0.461s] -- Up-to-date: /home/rokey/cobot_ws/install/dsr_moveit_config_e0509/share/dsr_moveit_config_e0509/config/ros2_controllers.yaml
[0.462s] -- Up-to-date: /home/rokey/cobot_ws/install/dsr_moveit_config_e0509/share/dsr_moveit_config_e0509/config/pilz_industrial_motion_planner_planning.yaml
[0.462s] -- Up-to-date: /home/rokey/cobot_ws/install/dsr_moveit_config_e0509/share/dsr_moveit_config_e0509/config/moveit_controllers.yaml
[0.462s] -- Up-to-date: /home/rokey/cobot_ws/install/dsr_moveit_config_e0509/share/dsr_moveit_config_e0509/config/e0509.urdf.xacro
[0.462s] -- Up-to-date: /home/rokey/cobot_ws/install/dsr_moveit_config_e0509/share/dsr_moveit_config_e0509/config/ompl_planning.yaml
[0.462s] -- Up-to-date: /home/rokey/cobot_ws/install/dsr_moveit_config_e0509/share/dsr_moveit_config_e0509/config/kinematics.yaml
[0.462s] -- Up-to-date: /home/rokey/cobot_ws/install/dsr_moveit_config_e0509/share/dsr_moveit_config_e0509/config/sensors_3d.yaml
[0.462s] -- Up-to-date: /home/rokey/cobot_ws/install/dsr_moveit_config_e0509/share/dsr_moveit_config_e0509/config/initial_positions.yaml
[0.462s] -- Up-to-date: /home/rokey/cobot_ws/install/dsr_moveit_config_e0509/share/dsr_moveit_config_e0509/config/dsr.srdf
[0.462s] -- Up-to-date: /home/rokey/cobot_ws/install/dsr_moveit_config_e0509/share/dsr_moveit_config_e0509/config/joint_limits.yaml
[0.463s] -- Up-to-date: /home/rokey/cobot_ws/install/dsr_moveit_config_e0509/share/dsr_moveit_config_e0509/config/chomp_planning.yaml
[0.463s] -- Up-to-date: /home/rokey/cobot_ws/install/dsr_moveit_config_e0509/share/dsr_moveit_config_e0509/.setup_assistant
[0.556s] Invoked command in '/home/rokey/cobot_ws/build/dsr_moveit_config_e0509' returned '0': CMAKE_PREFIX_PATH=${CMAKE_PREFIX_PATH}:/home/rokey/cobot_ws/install/dsr_visualservoing:/home/rokey/cobot_ws/install/dsr_tests:/home/rokey/cobot_ws/install/dsr_bringup2:/home/rokey/cobot_ws/install/dsr_example:/home/rokey/cobot_ws/install/cobot1:/opt/ros/humble /usr/bin/cmake --install /home/rokey/cobot_ws/build/dsr_moveit_config_e0509
