[0.027s] Invoking command in '/home/rokey/cobot_ws/build/dsr_moveit_config_h2515': CMAKE_PREFIX_PATH=/opt/ros/humble /usr/bin/cmake /home/rokey/cobot_ws/src/doosan-robot2/dsr_moveit2/dsr_moveit_config_h2515 -DCMAKE_INSTALL_PREFIX=/home/rokey/cobot_ws/install/dsr_moveit_config_h2515
[1.480s] -- The C compiler identification is GNU 11.4.0
[1.480s] -- The CXX compiler identification is GNU 11.4.0
[1.480s] -- Detecting C compiler ABI info
[1.480s] -- Detecting C compiler ABI info - done
[1.480s] -- Check for working C compiler: /usr/bin/cc - skipped
[1.480s] -- Detecting C compile features
[1.481s] -- Detecting C compile features - done
[1.481s] -- Detecting CXX compiler ABI info
[1.481s] -- Detecting CXX compiler ABI info - done
[1.481s] -- Check for working CXX compiler: /usr/bin/c++ - skipped
[1.482s] -- Detecting CXX compile features
[1.482s] -- Detecting CXX compile features - done
[1.483s] -- Found ament_cmake: 1.3.12 (/opt/ros/humble/share/ament_cmake/cmake)
[1.483s] -- Found Python3: /usr/bin/python3 (found version "3.10.12") found components: Interpreter 
[1.483s] -- Configuring done
[1.484s] -- Generating done
[1.484s] -- Build files have been written to: /home/rokey/cobot_ws/build/dsr_moveit_config_h2515
[1.494s] Invoked command in '/home/rokey/cobot_ws/build/dsr_moveit_config_h2515' returned '0': CMAKE_PREFIX_PATH=/opt/ros/humble /usr/bin/cmake /home/rokey/cobot_ws/src/doosan-robot2/dsr_moveit2/dsr_moveit_config_h2515 -DCMAKE_INSTALL_PREFIX=/home/rokey/cobot_ws/install/dsr_moveit_config_h2515
[1.494s] Invoking command in '/home/rokey/cobot_ws/build/dsr_moveit_config_h2515': CMAKE_PREFIX_PATH=/opt/ros/humble /usr/bin/cmake --build /home/rokey/cobot_ws/build/dsr_moveit_config_h2515 -- -j8 -l8
[1.565s] Invoked command in '/home/rokey/cobot_ws/build/dsr_moveit_config_h2515' returned '0': CMAKE_PREFIX_PATH=/opt/ros/humble /usr/bin/cmake --build /home/rokey/cobot_ws/build/dsr_moveit_config_h2515 -- -j8 -l8
[1.569s] Invoking command in '/home/rokey/cobot_ws/build/dsr_moveit_config_h2515': CMAKE_PREFIX_PATH=/opt/ros/humble /usr/bin/cmake --install /home/rokey/cobot_ws/build/dsr_moveit_config_h2515
[1.583s] -- Install configuration: ""
[1.584s] -- Installing: /home/rokey/cobot_ws/install/dsr_moveit_config_h2515/share/ament_index/resource_index/package_run_dependencies/dsr_moveit_config_h2515
[1.584s] -- Installing: /home/rokey/cobot_ws/install/dsr_moveit_config_h2515/share/ament_index/resource_index/parent_prefix_path/dsr_moveit_config_h2515
[1.584s] -- Installing: /home/rokey/cobot_ws/install/dsr_moveit_config_h2515/share/dsr_moveit_config_h2515/environment/ament_prefix_path.sh
[1.584s] -- Installing: /home/rokey/cobot_ws/install/dsr_moveit_config_h2515/share/dsr_moveit_config_h2515/environment/ament_prefix_path.dsv
[1.585s] -- Installing: /home/rokey/cobot_ws/install/dsr_moveit_config_h2515/share/dsr_moveit_config_h2515/environment/path.sh
[1.585s] -- Installing: /home/rokey/cobot_ws/install/dsr_moveit_config_h2515/share/dsr_moveit_config_h2515/environment/path.dsv
[1.585s] -- Installing: /home/rokey/cobot_ws/install/dsr_moveit_config_h2515/share/dsr_moveit_config_h2515/local_setup.bash
[1.585s] -- Installing: /home/rokey/cobot_ws/install/dsr_moveit_config_h2515/share/dsr_moveit_config_h2515/local_setup.sh
[1.585s] -- Installing: /home/rokey/cobot_ws/install/dsr_moveit_config_h2515/share/dsr_moveit_config_h2515/local_setup.zsh
[1.585s] -- Installing: /home/rokey/cobot_ws/install/dsr_moveit_config_h2515/share/dsr_moveit_config_h2515/local_setup.dsv
[1.585s] -- Installing: /home/rokey/cobot_ws/install/dsr_moveit_config_h2515/share/dsr_moveit_config_h2515/package.dsv
[1.585s] -- Installing: /home/rokey/cobot_ws/install/dsr_moveit_config_h2515/share/ament_index/resource_index/packages/dsr_moveit_config_h2515
[1.585s] -- Installing: /home/rokey/cobot_ws/install/dsr_moveit_config_h2515/share/dsr_moveit_config_h2515/cmake/dsr_moveit_config_h2515Config.cmake
[1.586s] -- Installing: /home/rokey/cobot_ws/install/dsr_moveit_config_h2515/share/dsr_moveit_config_h2515/cmake/dsr_moveit_config_h2515Config-version.cmake
[1.586s] -- Installing: /home/rokey/cobot_ws/install/dsr_moveit_config_h2515/share/dsr_moveit_config_h2515/package.xml
[1.586s] -- Installing: /home/rokey/cobot_ws/install/dsr_moveit_config_h2515/share/dsr_moveit_config_h2515/launch
[1.586s] -- Installing: /home/rokey/cobot_ws/install/dsr_moveit_config_h2515/share/dsr_moveit_config_h2515/launch/moveit.rviz
[1.586s] -- Installing: /home/rokey/cobot_ws/install/dsr_moveit_config_h2515/share/dsr_moveit_config_h2515/launch/start.launch.py
[1.586s] -- Installing: /home/rokey/cobot_ws/install/dsr_moveit_config_h2515/share/dsr_moveit_config_h2515/launch/demo.launch.py
[1.586s] -- Installing: /home/rokey/cobot_ws/install/dsr_moveit_config_h2515/share/dsr_moveit_config_h2515/config
[1.586s] -- Installing: /home/rokey/cobot_ws/install/dsr_moveit_config_h2515/share/dsr_moveit_config_h2515/config/dsr.ros2_control.xacro
[1.586s] -- Installing: /home/rokey/cobot_ws/install/dsr_moveit_config_h2515/share/dsr_moveit_config_h2515/config/pilz_cartesian_limits.yaml
[1.586s] -- Installing: /home/rokey/cobot_ws/install/dsr_moveit_config_h2515/share/dsr_moveit_config_h2515/config/ros2_controllers.yaml
[1.586s] -- Installing: /home/rokey/cobot_ws/install/dsr_moveit_config_h2515/share/dsr_moveit_config_h2515/config/pilz_industrial_motion_planner_planning.yaml
[1.586s] -- Installing: /home/rokey/cobot_ws/install/dsr_moveit_config_h2515/share/dsr_moveit_config_h2515/config/moveit_controllers.yaml
[1.586s] -- Installing: /home/rokey/cobot_ws/install/dsr_moveit_config_h2515/share/dsr_moveit_config_h2515/config/ompl_planning.yaml
[1.587s] -- Installing: /home/rokey/cobot_ws/install/dsr_moveit_config_h2515/share/dsr_moveit_config_h2515/config/kinematics.yaml
[1.587s] -- Installing: /home/rokey/cobot_ws/install/dsr_moveit_config_h2515/share/dsr_moveit_config_h2515/config/sensors_3d.yaml
[1.587s] -- Installing: /home/rokey/cobot_ws/install/dsr_moveit_config_h2515/share/dsr_moveit_config_h2515/config/initial_positions.yaml
[1.587s] -- Installing: /home/rokey/cobot_ws/install/dsr_moveit_config_h2515/share/dsr_moveit_config_h2515/config/dsr.srdf
[1.587s] -- Installing: /home/rokey/cobot_ws/install/dsr_moveit_config_h2515/share/dsr_moveit_config_h2515/config/h2515.urdf.xacro
[1.587s] -- Installing: /home/rokey/cobot_ws/install/dsr_moveit_config_h2515/share/dsr_moveit_config_h2515/config/joint_limits.yaml
[1.587s] -- Installing: /home/rokey/cobot_ws/install/dsr_moveit_config_h2515/share/dsr_moveit_config_h2515/config/chomp_planning.yaml
[1.587s] -- Installing: /home/rokey/cobot_ws/install/dsr_moveit_config_h2515/share/dsr_moveit_config_h2515/.setup_assistant
[1.689s] Invoked command in '/home/rokey/cobot_ws/build/dsr_moveit_config_h2515' returned '0': CMAKE_PREFIX_PATH=/opt/ros/humble /usr/bin/cmake --install /home/rokey/cobot_ws/build/dsr_moveit_config_h2515
