[0.031s] Invoking command in '/home/rokey/cobot_ws/build/dsr_mujoco': CMAKE_PREFIX_PATH=/opt/ros/humble /usr/bin/cmake /home/rokey/cobot_ws/src/doosan-robot2/dsr_mujoco -DCMAKE_INSTALL_PREFIX=/home/rokey/cobot_ws/install/dsr_mujoco
[1.258s] -- The C compiler identification is GNU 11.4.0
[1.258s] -- The CXX compiler identification is GNU 11.4.0
[1.258s] -- Detecting C compiler ABI info
[1.258s] -- Detecting C compiler ABI info - done
[1.258s] -- Check for working C compiler: /usr/bin/cc - skipped
[1.258s] -- Detecting C compile features
[1.258s] -- Detecting C compile features - done
[1.258s] -- Detecting CXX compiler ABI info
[1.259s] -- Detecting CXX compiler ABI info - done
[1.259s] -- Check for working CXX compiler: /usr/bin/c++ - skipped
[1.259s] -- Detecting CXX compile features
[1.259s] -- Detecting CXX compile features - done
[1.259s] -- Found ament_cmake: 1.3.12 (/opt/ros/humble/share/ament_cmake/cmake)
[1.259s] -- Found Python3: /usr/bin/python3 (found version "3.10.12") found components: Interpreter 
[1.259s] -- Found rclcpp: 16.0.17 (/opt/ros/humble/share/rclcpp/cmake)
[1.259s] -- Found rosidl_generator_c: 3.1.8 (/opt/ros/humble/share/rosidl_generator_c/cmake)
[1.259s] -- Found rosidl_adapter: 3.1.8 (/opt/ros/humble/share/rosidl_adapter/cmake)
[1.259s] -- Found rosidl_generator_cpp: 3.1.8 (/opt/ros/humble/share/rosidl_generator_cpp/cmake)
[1.259s] -- Using all available rosidl_typesupport_c: rosidl_typesupport_fastrtps_c;rosidl_typesupport_introspection_c
[1.259s] -- Using all available rosidl_typesupport_cpp: rosidl_typesupport_fastrtps_cpp;rosidl_typesupport_introspection_cpp
[1.294s] -- Found rmw_implementation_cmake: 6.1.2 (/opt/ros/humble/share/rmw_implementation_cmake/cmake)
[1.297s] -- Found rmw_fastrtps_cpp: 6.2.9 (/opt/ros/humble/share/rmw_fastrtps_cpp/cmake)
[1.404s] -- Found OpenSSL: /usr/lib/x86_64-linux-gnu/libcrypto.so (found version "3.0.2")  
[1.435s] -- Found FastRTPS: /opt/ros/humble/include  
[1.493s] -- Using RMW implementation 'rmw_fastrtps_cpp' as default
[1.502s] -- Looking for pthread.h
[1.620s] -- Looking for pthread.h - found
[1.620s] -- Performing Test CMAKE_HAVE_LIBC_PTHREAD
[1.685s] -- Performing Test CMAKE_HAVE_LIBC_PTHREAD - Success
[1.686s] -- Found Threads: TRUE  
[1.749s] -- Found rclcpp_action: 16.0.17 (/opt/ros/humble/share/rclcpp_action/cmake)
[1.799s] -- Found control_msgs: 4.8.0 (/opt/ros/humble/share/control_msgs/cmake)
[2.163s] -- Configuring done
[2.167s] -- Generating done
[2.170s] -- Build files have been written to: /home/rokey/cobot_ws/build/dsr_mujoco
[2.183s] Invoked command in '/home/rokey/cobot_ws/build/dsr_mujoco' returned '0': CMAKE_PREFIX_PATH=/opt/ros/humble /usr/bin/cmake /home/rokey/cobot_ws/src/doosan-robot2/dsr_mujoco -DCMAKE_INSTALL_PREFIX=/home/rokey/cobot_ws/install/dsr_mujoco
[2.185s] Invoking command in '/home/rokey/cobot_ws/build/dsr_mujoco': CMAKE_PREFIX_PATH=/opt/ros/humble /usr/bin/cmake --build /home/rokey/cobot_ws/build/dsr_mujoco -- -j8 -l8
[2.249s] Built target ament_cmake_python_copy_dsr_mujoco
[2.528s] running egg_info
[2.529s] creating dsr_mujoco.egg-info
[2.530s] writing dsr_mujoco.egg-info/PKG-INFO
[2.530s] writing dependency_links to dsr_mujoco.egg-info/dependency_links.txt
[2.530s] writing top-level names to dsr_mujoco.egg-info/top_level.txt
[2.531s] writing manifest file 'dsr_mujoco.egg-info/SOURCES.txt'
[2.536s] reading manifest file 'dsr_mujoco.egg-info/SOURCES.txt'
[2.537s] writing manifest file 'dsr_mujoco.egg-info/SOURCES.txt'
[2.570s] Built target ament_cmake_python_build_dsr_mujoco_egg
[2.580s] Invoked command in '/home/rokey/cobot_ws/build/dsr_mujoco' returned '0': CMAKE_PREFIX_PATH=/opt/ros/humble /usr/bin/cmake --build /home/rokey/cobot_ws/build/dsr_mujoco -- -j8 -l8
[2.582s] Invoking command in '/home/rokey/cobot_ws/build/dsr_mujoco': CMAKE_PREFIX_PATH=/opt/ros/humble /usr/bin/cmake --install /home/rokey/cobot_ws/build/dsr_mujoco
[2.588s] -- Install configuration: ""
[2.588s] -- Installing: /home/rokey/cobot_ws/install/dsr_mujoco/share/dsr_mujoco/environment/pythonpath.sh
[2.588s] -- Installing: /home/rokey/cobot_ws/install/dsr_mujoco/share/dsr_mujoco/environment/pythonpath.dsv
[2.588s] -- Installing: /home/rokey/cobot_ws/install/dsr_mujoco/local/lib/python3.10/dist-packages/dsr_mujoco-0.1.0-py3.10.egg-info
[2.588s] -- Installing: /home/rokey/cobot_ws/install/dsr_mujoco/local/lib/python3.10/dist-packages/dsr_mujoco-0.1.0-py3.10.egg-info/PKG-INFO
[2.588s] -- Installing: /home/rokey/cobot_ws/install/dsr_mujoco/local/lib/python3.10/dist-packages/dsr_mujoco-0.1.0-py3.10.egg-info/dependency_links.txt
[2.589s] -- Installing: /home/rokey/cobot_ws/install/dsr_mujoco/local/lib/python3.10/dist-packages/dsr_mujoco-0.1.0-py3.10.egg-info/top_level.txt
[2.589s] -- Installing: /home/rokey/cobot_ws/install/dsr_mujoco/local/lib/python3.10/dist-packages/dsr_mujoco-0.1.0-py3.10.egg-info/SOURCES.txt
[2.589s] -- Installing: /home/rokey/cobot_ws/install/dsr_mujoco/local/lib/python3.10/dist-packages/dsr_mujoco
[2.589s] -- Installing: /home/rokey/cobot_ws/install/dsr_mujoco/local/lib/python3.10/dist-packages/dsr_mujoco/dsr_build_scene.py
[2.589s] -- Installing: /home/rokey/cobot_ws/install/dsr_mujoco/local/lib/python3.10/dist-packages/dsr_mujoco/dsr_merge_gripper.py
[2.589s] -- Installing: /home/rokey/cobot_ws/install/dsr_mujoco/local/lib/python3.10/dist-packages/dsr_mujoco/__init__.py
[2.626s] Listing '/home/rokey/cobot_ws/install/dsr_mujoco/local/lib/python3.10/dist-packages/dsr_mujoco'...
[2.626s] Compiling '/home/rokey/cobot_ws/install/dsr_mujoco/local/lib/python3.10/dist-packages/dsr_mujoco/__init__.py'...
[2.627s] Compiling '/home/rokey/cobot_ws/install/dsr_mujoco/local/lib/python3.10/dist-packages/dsr_mujoco/dsr_build_scene.py'...
[2.627s] Compiling '/home/rokey/cobot_ws/install/dsr_mujoco/local/lib/python3.10/dist-packages/dsr_mujoco/dsr_merge_gripper.py'...
[2.629s] -- Installing: /home/rokey/cobot_ws/install/dsr_mujoco/share/dsr_mujoco//launch
[2.629s] -- Installing: /home/rokey/cobot_ws/install/dsr_mujoco/share/dsr_mujoco//launch/dsr_mujoco.launch.py
[2.629s] -- Installing: /home/rokey/cobot_ws/install/dsr_mujoco/share/dsr_mujoco//launch/dsr_mujoco_default.launch.py
[2.630s] -- Installing: /home/rokey/cobot_ws/install/dsr_mujoco/share/dsr_mujoco//config
[2.630s] -- Installing: /home/rokey/cobot_ws/install/dsr_mujoco/share/dsr_mujoco//config/2f85_controller.yaml
[2.630s] -- Installing: /home/rokey/cobot_ws/install/dsr_mujoco/share/dsr_mujoco//config/dsr_mujoco_controller_with_2f85.yaml
[2.630s] -- Installing: /home/rokey/cobot_ws/install/dsr_mujoco/share/dsr_mujoco//config/dsr_mujoco_controller.yaml
[2.630s] -- Installing: /home/rokey/cobot_ws/install/dsr_mujoco/share/ament_index/resource_index/package_run_dependencies/dsr_mujoco
[2.630s] -- Installing: /home/rokey/cobot_ws/install/dsr_mujoco/share/ament_index/resource_index/parent_prefix_path/dsr_mujoco
[2.631s] -- Installing: /home/rokey/cobot_ws/install/dsr_mujoco/share/dsr_mujoco/environment/ament_prefix_path.sh
[2.631s] -- Installing: /home/rokey/cobot_ws/install/dsr_mujoco/share/dsr_mujoco/environment/ament_prefix_path.dsv
[2.631s] -- Installing: /home/rokey/cobot_ws/install/dsr_mujoco/share/dsr_mujoco/environment/path.sh
[2.632s] -- Installing: /home/rokey/cobot_ws/install/dsr_mujoco/share/dsr_mujoco/environment/path.dsv
[2.632s] -- Installing: /home/rokey/cobot_ws/install/dsr_mujoco/share/dsr_mujoco/local_setup.bash
[2.632s] -- Installing: /home/rokey/cobot_ws/install/dsr_mujoco/share/dsr_mujoco/local_setup.sh
[2.632s] -- Installing: /home/rokey/cobot_ws/install/dsr_mujoco/share/dsr_mujoco/local_setup.zsh
[2.632s] -- Installing: /home/rokey/cobot_ws/install/dsr_mujoco/share/dsr_mujoco/local_setup.dsv
[2.632s] -- Installing: /home/rokey/cobot_ws/install/dsr_mujoco/share/dsr_mujoco/package.dsv
[2.632s] -- Installing: /home/rokey/cobot_ws/install/dsr_mujoco/share/ament_index/resource_index/packages/dsr_mujoco
[2.632s] -- Installing: /home/rokey/cobot_ws/install/dsr_mujoco/share/dsr_mujoco/cmake/dsr_mujocoConfig.cmake
[2.632s] -- Installing: /home/rokey/cobot_ws/install/dsr_mujoco/share/dsr_mujoco/cmake/dsr_mujocoConfig-version.cmake
[2.633s] -- Installing: /home/rokey/cobot_ws/install/dsr_mujoco/share/dsr_mujoco/package.xml
[2.634s] Invoked command in '/home/rokey/cobot_ws/build/dsr_mujoco' returned '0': CMAKE_PREFIX_PATH=/opt/ros/humble /usr/bin/cmake --install /home/rokey/cobot_ws/build/dsr_mujoco
