[0.140s] Invoking command in '/home/rokey/cobot_ws/build/dsr_moveit_config_h2515': CMAKE_PREFIX_PATH=${CMAKE_PREFIX_PATH}:/home/rokey/cobot_ws/install/dsr_visualservoing:/home/rokey/cobot_ws/install/dsr_tests:/home/rokey/cobot_ws/install/dsr_bringup2:/home/rokey/cobot_ws/install/dsr_example:/home/rokey/cobot_ws/install/cobot1:/opt/ros/humble /usr/bin/cmake --build /home/rokey/cobot_ws/build/dsr_moveit_config_h2515 -- -j8 -l8
[0.269s] Invoked command in '/home/rokey/cobot_ws/build/dsr_moveit_config_h2515' returned '0': CMAKE_PREFIX_PATH=${CMAKE_PREFIX_PATH}:/home/rokey/cobot_ws/install/dsr_visualservoing:/home/rokey/cobot_ws/install/dsr_tests:/home/rokey/cobot_ws/install/dsr_bringup2:/home/rokey/cobot_ws/install/dsr_example:/home/rokey/cobot_ws/install/cobot1:/opt/ros/humble /usr/bin/cmake --build /home/rokey/cobot_ws/build/dsr_moveit_config_h2515 -- -j8 -l8
[0.270s] Invoking command in '/home/rokey/cobot_ws/build/dsr_moveit_config_h2515': CMAKE_PREFIX_PATH=${CMAKE_PREFIX_PATH}:/home/rokey/cobot_ws/install/dsr_visualservoing:/home/rokey/cobot_ws/install/dsr_tests:/home/rokey/cobot_ws/install/dsr_bringup2:/home/rokey/cobot_ws/install/dsr_example:/home/rokey/cobot_ws/install/cobot1:/opt/ros/humble /usr/bin/cmake --install /home/rokey/cobot_ws/build/dsr_moveit_config_h2515
[0.302s] -- Install configuration: ""
[0.303s] -- Up-to-date: /home/rokey/cobot_ws/install/dsr_moveit_config_h2515/share/ament_index/resource_index/package_run_dependencies/dsr_moveit_config_h2515
[0.303s] -- Up-to-date: /home/rokey/cobot_ws/install/dsr_moveit_config_h2515/share/ament_index/resource_index/parent_prefix_path/dsr_moveit_config_h2515
[0.303s] -- Up-to-date: /home/rokey/cobot_ws/install/dsr_moveit_config_h2515/share/dsr_moveit_config_h2515/environment/ament_prefix_path.sh
[0.303s] -- Up-to-date: /home/rokey/cobot_ws/install/dsr_moveit_config_h2515/share/dsr_moveit_config_h2515/environment/ament_prefix_path.dsv
[0.303s] -- Up-to-date: /home/rokey/cobot_ws/install/dsr_moveit_config_h2515/share/dsr_moveit_config_h2515/environment/path.sh
[0.303s] -- Up-to-date: /home/rokey/cobot_ws/install/dsr_moveit_config_h2515/share/dsr_moveit_config_h2515/environment/path.dsv
[0.303s] -- Up-to-date: /home/rokey/cobot_ws/install/dsr_moveit_config_h2515/share/dsr_moveit_config_h2515/local_setup.bash
[0.304s] -- Up-to-date: /home/rokey/cobot_ws/install/dsr_moveit_config_h2515/share/dsr_moveit_config_h2515/local_setup.sh
[0.304s] -- Up-to-date: /home/rokey/cobot_ws/install/dsr_moveit_config_h2515/share/dsr_moveit_config_h2515/local_setup.zsh
[0.304s] -- Up-to-date: /home/rokey/cobot_ws/install/dsr_moveit_config_h2515/share/dsr_moveit_config_h2515/local_setup.dsv
[0.304s] -- Up-to-date: /home/rokey/cobot_ws/install/dsr_moveit_config_h2515/share/dsr_moveit_config_h2515/package.dsv
[0.304s] -- Up-to-date: /home/rokey/cobot_ws/install/dsr_moveit_config_h2515/share/ament_index/resource_index/packages/dsr_moveit_config_h2515
[0.304s] -- Up-to-date: /home/rokey/cobot_ws/install/dsr_moveit_config_h2515/share/dsr_moveit_config_h2515/cmake/dsr_moveit_config_h2515Config.cmake
[0.304s] -- Up-to-date: /home/rokey/cobot_ws/install/dsr_moveit_config_h2515/share/dsr_moveit_config_h2515/cmake/dsr_moveit_config_h2515Config-version.cmake
[0.304s] -- Up-to-date: /home/rokey/cobot_ws/install/dsr_moveit_config_h2515/share/dsr_moveit_config_h2515/package.xml
[0.304s] -- Up-to-date: /home/rokey/cobot_ws/install/dsr_moveit_config_h2515/share/dsr_moveit_config_h2515/launch
[0.307s] -- Up-to-date: /home/rokey/cobot_ws/install/dsr_moveit_config_h2515/share/dsr_moveit_config_h2515/launch/moveit.rviz
[0.307s] -- Up-to-date: /home/rokey/cobot_ws/install/dsr_moveit_config_h2515/share/dsr_moveit_config_h2515/launch/start.launch.py
[0.307s] -- Up-to-date: /home/rokey/cobot_ws/install/dsr_moveit_config_h2515/share/dsr_moveit_config_h2515/launch/demo.launch.py
[0.307s] -- Up-to-date: /home/rokey/cobot_ws/install/dsr_moveit_config_h2515/share/dsr_moveit_config_h2515/config
[0.307s] -- Up-to-date: /home/rokey/cobot_ws/install/dsr_moveit_config_h2515/share/dsr_moveit_config_h2515/config/dsr.ros2_control.xacro
[0.307s] -- Up-to-date: /home/rokey/cobot_ws/install/dsr_moveit_config_h2515/share/dsr_moveit_config_h2515/config/pilz_cartesian_limits.yaml
[0.307s] -- Up-to-date: /home/rokey/cobot_ws/install/dsr_moveit_config_h2515/share/dsr_moveit_config_h2515/config/ros2_controllers.yaml
[0.307s] -- Up-to-date: /home/rokey/cobot_ws/install/dsr_moveit_config_h2515/share/dsr_moveit_config_h2515/config/pilz_industrial_motion_planner_planning.yaml
[0.308s] -- Up-to-date: /home/rokey/cobot_ws/install/dsr_moveit_config_h2515/share/dsr_moveit_config_h2515/config/moveit_controllers.yaml
[0.308s] -- Up-to-date: /home/rokey/cobot_ws/install/dsr_moveit_config_h2515/share/dsr_moveit_config_h2515/config/ompl_planning.yaml
[0.308s] -- Up-to-date: /home/rokey/cobot_ws/install/dsr_moveit_config_h2515/share/dsr_moveit_config_h2515/config/kinematics.yaml
[0.308s] -- Up-to-date: /home/rokey/cobot_ws/install/dsr_moveit_config_h2515/share/dsr_moveit_config_h2515/config/sensors_3d.yaml
[0.308s] -- Up-to-date: /home/rokey/cobot_ws/install/dsr_moveit_config_h2515/share/dsr_moveit_config_h2515/config/initial_positions.yaml
[0.308s] -- Up-to-date: /home/rokey/cobot_ws/install/dsr_moveit_config_h2515/share/dsr_moveit_config_h2515/config/dsr.srdf
[0.308s] -- Up-to-date: /home/rokey/cobot_ws/install/dsr_moveit_config_h2515/share/dsr_moveit_config_h2515/config/h2515.urdf.xacro
[0.308s] -- Up-to-date: /home/rokey/cobot_ws/install/dsr_moveit_config_h2515/share/dsr_moveit_config_h2515/config/joint_limits.yaml
[0.308s] -- Up-to-date: /home/rokey/cobot_ws/install/dsr_moveit_config_h2515/share/dsr_moveit_config_h2515/config/chomp_planning.yaml
[0.308s] -- Up-to-date: /home/rokey/cobot_ws/install/dsr_moveit_config_h2515/share/dsr_moveit_config_h2515/.setup_assistant
[0.332s] Invoked command in '/home/rokey/cobot_ws/build/dsr_moveit_config_h2515' returned '0': CMAKE_PREFIX_PATH=${CMAKE_PREFIX_PATH}:/home/rokey/cobot_ws/install/dsr_visualservoing:/home/rokey/cobot_ws/install/dsr_tests:/home/rokey/cobot_ws/install/dsr_bringup2:/home/rokey/cobot_ws/install/dsr_example:/home/rokey/cobot_ws/install/cobot1:/opt/ros/humble /usr/bin/cmake --install /home/rokey/cobot_ws/build/dsr_moveit_config_h2515
