[0.120s] Invoking command in '/home/rokey/cobot_ws/build/dsr_moveit_config_m1013': CMAKE_PREFIX_PATH=${CMAKE_PREFIX_PATH}:/home/rokey/cobot_ws/install/dsr_visualservoing:/home/rokey/cobot_ws/install/dsr_tests:/home/rokey/cobot_ws/install/dsr_bringup2:/home/rokey/cobot_ws/install/dsr_example:/home/rokey/cobot_ws/install/cobot1:/opt/ros/humble /usr/bin/cmake --build /home/rokey/cobot_ws/build/dsr_moveit_config_m1013 -- -j8 -l8
[0.280s] Invoked command in '/home/rokey/cobot_ws/build/dsr_moveit_config_m1013' returned '0': CMAKE_PREFIX_PATH=${CMAKE_PREFIX_PATH}:/home/rokey/cobot_ws/install/dsr_visualservoing:/home/rokey/cobot_ws/install/dsr_tests:/home/rokey/cobot_ws/install/dsr_bringup2:/home/rokey/cobot_ws/install/dsr_example:/home/rokey/cobot_ws/install/cobot1:/opt/ros/humble /usr/bin/cmake --build /home/rokey/cobot_ws/build/dsr_moveit_config_m1013 -- -j8 -l8
[0.284s] Invoking command in '/home/rokey/cobot_ws/build/dsr_moveit_config_m1013': CMAKE_PREFIX_PATH=${CMAKE_PREFIX_PATH}:/home/rokey/cobot_ws/install/dsr_visualservoing:/home/rokey/cobot_ws/install/dsr_tests:/home/rokey/cobot_ws/install/dsr_bringup2:/home/rokey/cobot_ws/install/dsr_example:/home/rokey/cobot_ws/install/cobot1:/opt/ros/humble /usr/bin/cmake --install /home/rokey/cobot_ws/build/dsr_moveit_config_m1013
[0.326s] -- Install configuration: ""
[0.326s] -- Up-to-date: /home/rokey/cobot_ws/install/dsr_moveit_config_m1013/share/ament_index/resource_index/package_run_dependencies/dsr_moveit_config_m1013
[0.326s] -- Up-to-date: /home/rokey/cobot_ws/install/dsr_moveit_config_m1013/share/ament_index/resource_index/parent_prefix_path/dsr_moveit_config_m1013
[0.327s] -- Up-to-date: /home/rokey/cobot_ws/install/dsr_moveit_config_m1013/share/dsr_moveit_config_m1013/environment/ament_prefix_path.sh
[0.327s] -- Up-to-date: /home/rokey/cobot_ws/install/dsr_moveit_config_m1013/share/dsr_moveit_config_m1013/environment/ament_prefix_path.dsv
[0.327s] -- Up-to-date: /home/rokey/cobot_ws/install/dsr_moveit_config_m1013/share/dsr_moveit_config_m1013/environment/path.sh
[0.327s] -- Up-to-date: /home/rokey/cobot_ws/install/dsr_moveit_config_m1013/share/dsr_moveit_config_m1013/environment/path.dsv
[0.327s] -- Up-to-date: /home/rokey/cobot_ws/install/dsr_moveit_config_m1013/share/dsr_moveit_config_m1013/local_setup.bash
[0.327s] -- Up-to-date: /home/rokey/cobot_ws/install/dsr_moveit_config_m1013/share/dsr_moveit_config_m1013/local_setup.sh
[0.327s] -- Up-to-date: /home/rokey/cobot_ws/install/dsr_moveit_config_m1013/share/dsr_moveit_config_m1013/local_setup.zsh
[0.327s] -- Up-to-date: /home/rokey/cobot_ws/install/dsr_moveit_config_m1013/share/dsr_moveit_config_m1013/local_setup.dsv
[0.327s] -- Up-to-date: /home/rokey/cobot_ws/install/dsr_moveit_config_m1013/share/dsr_moveit_config_m1013/package.dsv
[0.327s] -- Up-to-date: /home/rokey/cobot_ws/install/dsr_moveit_config_m1013/share/ament_index/resource_index/packages/dsr_moveit_config_m1013
[0.327s] -- Up-to-date: /home/rokey/cobot_ws/install/dsr_moveit_config_m1013/share/dsr_moveit_config_m1013/cmake/dsr_moveit_config_m1013Config.cmake
[0.328s] -- Up-to-date: /home/rokey/cobot_ws/install/dsr_moveit_config_m1013/share/dsr_moveit_config_m1013/cmake/dsr_moveit_config_m1013Config-version.cmake
[0.328s] -- Up-to-date: /home/rokey/cobot_ws/install/dsr_moveit_config_m1013/share/dsr_moveit_config_m1013/package.xml
[0.328s] -- Up-to-date: /home/rokey/cobot_ws/install/dsr_moveit_config_m1013/share/dsr_moveit_config_m1013/launch
[0.328s] -- Up-to-date: /home/rokey/cobot_ws/install/dsr_moveit_config_m1013/share/dsr_moveit_config_m1013/launch/moveit.rviz
[0.328s] -- Up-to-date: /home/rokey/cobot_ws/install/dsr_moveit_config_m1013/share/dsr_moveit_config_m1013/launch/start.launch.py
[0.328s] -- Up-to-date: /home/rokey/cobot_ws/install/dsr_moveit_config_m1013/share/dsr_moveit_config_m1013/launch/demo.launch.py
[0.328s] -- Up-to-date: /home/rokey/cobot_ws/install/dsr_moveit_config_m1013/share/dsr_moveit_config_m1013/config
[0.328s] -- Up-to-date: /home/rokey/cobot_ws/install/dsr_moveit_config_m1013/share/dsr_moveit_config_m1013/config/dsr.ros2_control.xacro
[0.328s] -- Up-to-date: /home/rokey/cobot_ws/install/dsr_moveit_config_m1013/share/dsr_moveit_config_m1013/config/pilz_cartesian_limits.yaml
[0.329s] -- Up-to-date: /home/rokey/cobot_ws/install/dsr_moveit_config_m1013/share/dsr_moveit_config_m1013/config/ros2_controllers.yaml
[0.329s] -- Up-to-date: /home/rokey/cobot_ws/install/dsr_moveit_config_m1013/share/dsr_moveit_config_m1013/config/pilz_industrial_motion_planner_planning.yaml
[0.329s] -- Up-to-date: /home/rokey/cobot_ws/install/dsr_moveit_config_m1013/share/dsr_moveit_config_m1013/config/moveit_controllers.yaml
[0.329s] -- Up-to-date: /home/rokey/cobot_ws/install/dsr_moveit_config_m1013/share/dsr_moveit_config_m1013/config/ompl_planning.yaml
[0.329s] -- Up-to-date: /home/rokey/cobot_ws/install/dsr_moveit_config_m1013/share/dsr_moveit_config_m1013/config/kinematics.yaml
[0.329s] -- Up-to-date: /home/rokey/cobot_ws/install/dsr_moveit_config_m1013/share/dsr_moveit_config_m1013/config/sensors_3d.yaml
[0.329s] -- Up-to-date: /home/rokey/cobot_ws/install/dsr_moveit_config_m1013/share/dsr_moveit_config_m1013/config/initial_positions.yaml
[0.329s] -- Up-to-date: /home/rokey/cobot_ws/install/dsr_moveit_config_m1013/share/dsr_moveit_config_m1013/config/dsr.srdf
[0.329s] -- Up-to-date: /home/rokey/cobot_ws/install/dsr_moveit_config_m1013/share/dsr_moveit_config_m1013/config/m1013.urdf.xacro
[0.329s] -- Up-to-date: /home/rokey/cobot_ws/install/dsr_moveit_config_m1013/share/dsr_moveit_config_m1013/config/joint_limits.yaml
[0.330s] -- Up-to-date: /home/rokey/cobot_ws/install/dsr_moveit_config_m1013/share/dsr_moveit_config_m1013/config/chomp_planning.yaml
[0.330s] -- Up-to-date: /home/rokey/cobot_ws/install/dsr_moveit_config_m1013/share/dsr_moveit_config_m1013/.setup_assistant
[0.395s] Invoked command in '/home/rokey/cobot_ws/build/dsr_moveit_config_m1013' returned '0': CMAKE_PREFIX_PATH=${CMAKE_PREFIX_PATH}:/home/rokey/cobot_ws/install/dsr_visualservoing:/home/rokey/cobot_ws/install/dsr_tests:/home/rokey/cobot_ws/install/dsr_bringup2:/home/rokey/cobot_ws/install/dsr_example:/home/rokey/cobot_ws/install/cobot1:/opt/ros/humble /usr/bin/cmake --install /home/rokey/cobot_ws/build/dsr_moveit_config_m1013
