running develop
running egg_info
writing cobot1.egg-info/PKG-INFO
writing dependency_links to cobot1.egg-info/dependency_links.txt
writing entry points to cobot1.egg-info/entry_points.txt
writing requirements to cobot1.egg-info/requires.txt
writing top-level names to cobot1.egg-info/top_level.txt
reading manifest file 'cobot1.egg-info/SOURCES.txt'
writing manifest file 'cobot1.egg-info/SOURCES.txt'
running build_ext
Creating /home/rokey/cobot_ws/install/cobot1/lib/python3.10/site-packages/cobot1.egg-link (link to .)
Installing grip_test script to /home/rokey/cobot_ws/install/cobot1/lib/cobot1
Installing move_basic script to /home/rokey/cobot_ws/install/cobot1/lib/cobot1
Installing move_periodic script to /home/rokey/cobot_ws/install/cobot1/lib/cobot1
Installing pub script to /home/rokey/cobot_ws/install/cobot1/lib/cobot1
Installing robo_pub_test script to /home/rokey/cobot_ws/install/cobot1/lib/cobot1
Installing sub script to /home/rokey/cobot_ws/install/cobot1/lib/cobot1

Installed /home/rokey/cobot_ws/build/cobot1
running symlink_data
symbolically linking /home/rokey/cobot_ws/build/cobot1/resource/cobot1 -> /home/rokey/cobot_ws/install/cobot1/share/ament_index/resource_index/packages
symbolically linking /home/rokey/cobot_ws/build/cobot1/package.xml -> /home/rokey/cobot_ws/install/cobot1/share/cobot1
