[0.593s] Invoking command in '/home/rokey/cobot_ws/build/cobot1': PYTHONPATH=/home/rokey/cobot_ws/build/cobot1/prefix_override:/usr/lib/python3/dist-packages/colcon_core/task/python/colcon_distutils_commands:/home/rokey/cobot_ws/install/cobot1/lib/python3.10/site-packages:${PYTHONPATH} /usr/bin/python3 -W ignore:setup.py install is deprecated -W ignore:easy_install command is deprecated setup.py develop --editable --build-directory /home/rokey/cobot_ws/build/cobot1/build --no-deps symlink_data --force
[0.870s] running develop
[1.014s] running egg_info
[1.014s] writing cobot1.egg-info/PKG-INFO
[1.015s] writing dependency_links to cobot1.egg-info/dependency_links.txt
[1.015s] writing entry points to cobot1.egg-info/entry_points.txt
[1.015s] writing requirements to cobot1.egg-info/requires.txt
[1.015s] writing top-level names to cobot1.egg-info/top_level.txt
[1.017s] reading manifest file 'cobot1.egg-info/SOURCES.txt'
[1.018s] writing manifest file 'cobot1.egg-info/SOURCES.txt'
[1.019s] running build_ext
[1.019s] Creating /home/rokey/cobot_ws/install/cobot1/lib/python3.10/site-packages/cobot1.egg-link (link to .)
[1.020s] Installing grip_test script to /home/rokey/cobot_ws/install/cobot1/lib/cobot1
[1.020s] Installing move_basic script to /home/rokey/cobot_ws/install/cobot1/lib/cobot1
[1.020s] Installing move_periodic script to /home/rokey/cobot_ws/install/cobot1/lib/cobot1
[1.021s] Installing pub script to /home/rokey/cobot_ws/install/cobot1/lib/cobot1
[1.021s] Installing robo_pub_test script to /home/rokey/cobot_ws/install/cobot1/lib/cobot1
[1.021s] Installing sub script to /home/rokey/cobot_ws/install/cobot1/lib/cobot1
[1.021s] 
[1.021s] Installed /home/rokey/cobot_ws/build/cobot1
[1.021s] running symlink_data
[1.021s] symbolically linking /home/rokey/cobot_ws/build/cobot1/resource/cobot1 -> /home/rokey/cobot_ws/install/cobot1/share/ament_index/resource_index/packages
[1.021s] symbolically linking /home/rokey/cobot_ws/build/cobot1/package.xml -> /home/rokey/cobot_ws/install/cobot1/share/cobot1
[1.048s] Invoked command in '/home/rokey/cobot_ws/build/cobot1' returned '0': PYTHONPATH=/home/rokey/cobot_ws/build/cobot1/prefix_override:/usr/lib/python3/dist-packages/colcon_core/task/python/colcon_distutils_commands:/home/rokey/cobot_ws/install/cobot1/lib/python3.10/site-packages:${PYTHONPATH} /usr/bin/python3 -W ignore:setup.py install is deprecated -W ignore:easy_install command is deprecated setup.py develop --editable --build-directory /home/rokey/cobot_ws/build/cobot1/build --no-deps symlink_data --force
