[0.112s] Invoking command in '/home/rokey/cobot_ws/build/dsr_moveit_config_m0617': CMAKE_PREFIX_PATH=${CMAKE_PREFIX_PATH}:/home/rokey/cobot_ws/install/dsr_visualservoing:/home/rokey/cobot_ws/install/dsr_tests:/home/rokey/cobot_ws/install/dsr_bringup2:/home/rokey/cobot_ws/install/dsr_example:/home/rokey/cobot_ws/install/cobot1:/opt/ros/humble /usr/bin/cmake --build /home/rokey/cobot_ws/build/dsr_moveit_config_m0617 -- -j8 -l8
[0.282s] Invoked command in '/home/rokey/cobot_ws/build/dsr_moveit_config_m0617' returned '0': CMAKE_PREFIX_PATH=${CMAKE_PREFIX_PATH}:/home/rokey/cobot_ws/install/dsr_visualservoing:/home/rokey/cobot_ws/install/dsr_tests:/home/rokey/cobot_ws/install/dsr_bringup2:/home/rokey/cobot_ws/install/dsr_example:/home/rokey/cobot_ws/install/cobot1:/opt/ros/humble /usr/bin/cmake --build /home/rokey/cobot_ws/build/dsr_moveit_config_m0617 -- -j8 -l8
[0.289s] Invoking command in '/home/rokey/cobot_ws/build/dsr_moveit_config_m0617': CMAKE_PREFIX_PATH=${CMAKE_PREFIX_PATH}:/home/rokey/cobot_ws/install/dsr_visualservoing:/home/rokey/cobot_ws/install/dsr_tests:/home/rokey/cobot_ws/install/dsr_bringup2:/home/rokey/cobot_ws/install/dsr_example:/home/rokey/cobot_ws/install/cobot1:/opt/ros/humble /usr/bin/cmake --install /home/rokey/cobot_ws/build/dsr_moveit_config_m0617
[0.331s] -- Install configuration: ""
[0.331s] -- Up-to-date: /home/rokey/cobot_ws/install/dsr_moveit_config_m0617/share/ament_index/resource_index/package_run_dependencies/dsr_moveit_config_m0617
[0.332s] -- Up-to-date: /home/rokey/cobot_ws/install/dsr_moveit_config_m0617/share/ament_index/resource_index/parent_prefix_path/dsr_moveit_config_m0617
[0.332s] -- Up-to-date: /home/rokey/cobot_ws/install/dsr_moveit_config_m0617/share/dsr_moveit_config_m0617/environment/ament_prefix_path.sh
[0.332s] -- Up-to-date: /home/rokey/cobot_ws/install/dsr_moveit_config_m0617/share/dsr_moveit_config_m0617/environment/ament_prefix_path.dsv
[0.332s] -- Up-to-date: /home/rokey/cobot_ws/install/dsr_moveit_config_m0617/share/dsr_moveit_config_m0617/environment/path.sh
[0.332s] -- Up-to-date: /home/rokey/cobot_ws/install/dsr_moveit_config_m0617/share/dsr_moveit_config_m0617/environment/path.dsv
[0.332s] -- Up-to-date: /home/rokey/cobot_ws/install/dsr_moveit_config_m0617/share/dsr_moveit_config_m0617/local_setup.bash
[0.333s] -- Up-to-date: /home/rokey/cobot_ws/install/dsr_moveit_config_m0617/share/dsr_moveit_config_m0617/local_setup.sh
[0.333s] -- Up-to-date: /home/rokey/cobot_ws/install/dsr_moveit_config_m0617/share/dsr_moveit_config_m0617/local_setup.zsh
[0.333s] -- Up-to-date: /home/rokey/cobot_ws/install/dsr_moveit_config_m0617/share/dsr_moveit_config_m0617/local_setup.dsv
[0.333s] -- Up-to-date: /home/rokey/cobot_ws/install/dsr_moveit_config_m0617/share/dsr_moveit_config_m0617/package.dsv
[0.333s] -- Up-to-date: /home/rokey/cobot_ws/install/dsr_moveit_config_m0617/share/ament_index/resource_index/packages/dsr_moveit_config_m0617
[0.333s] -- Up-to-date: /home/rokey/cobot_ws/install/dsr_moveit_config_m0617/share/dsr_moveit_config_m0617/cmake/dsr_moveit_config_m0617Config.cmake
[0.333s] -- Up-to-date: /home/rokey/cobot_ws/install/dsr_moveit_config_m0617/share/dsr_moveit_config_m0617/cmake/dsr_moveit_config_m0617Config-version.cmake
[0.333s] -- Up-to-date: /home/rokey/cobot_ws/install/dsr_moveit_config_m0617/share/dsr_moveit_config_m0617/package.xml
[0.333s] -- Up-to-date: /home/rokey/cobot_ws/install/dsr_moveit_config_m0617/share/dsr_moveit_config_m0617/launch
[0.333s] -- Up-to-date: /home/rokey/cobot_ws/install/dsr_moveit_config_m0617/share/dsr_moveit_config_m0617/launch/moveit.rviz
[0.334s] -- Up-to-date: /home/rokey/cobot_ws/install/dsr_moveit_config_m0617/share/dsr_moveit_config_m0617/launch/start.launch.py
[0.334s] -- Up-to-date: /home/rokey/cobot_ws/install/dsr_moveit_config_m0617/share/dsr_moveit_config_m0617/launch/demo.launch.py
[0.334s] -- Up-to-date: /home/rokey/cobot_ws/install/dsr_moveit_config_m0617/share/dsr_moveit_config_m0617/config
[0.334s] -- Up-to-date: /home/rokey/cobot_ws/install/dsr_moveit_config_m0617/share/dsr_moveit_config_m0617/config/dsr.ros2_control.xacro
[0.334s] -- Up-to-date: /home/rokey/cobot_ws/install/dsr_moveit_config_m0617/share/dsr_moveit_config_m0617/config/pilz_cartesian_limits.yaml
[0.334s] -- Up-to-date: /home/rokey/cobot_ws/install/dsr_moveit_config_m0617/share/dsr_moveit_config_m0617/config/ros2_controllers.yaml
[0.334s] -- Up-to-date: /home/rokey/cobot_ws/install/dsr_moveit_config_m0617/share/dsr_moveit_config_m0617/config/pilz_industrial_motion_planner_planning.yaml
[0.334s] -- Up-to-date: /home/rokey/cobot_ws/install/dsr_moveit_config_m0617/share/dsr_moveit_config_m0617/config/moveit_controllers.yaml
[0.335s] -- Up-to-date: /home/rokey/cobot_ws/install/dsr_moveit_config_m0617/share/dsr_moveit_config_m0617/config/ompl_planning.yaml
[0.335s] -- Up-to-date: /home/rokey/cobot_ws/install/dsr_moveit_config_m0617/share/dsr_moveit_config_m0617/config/kinematics.yaml
[0.335s] -- Up-to-date: /home/rokey/cobot_ws/install/dsr_moveit_config_m0617/share/dsr_moveit_config_m0617/config/sensors_3d.yaml
[0.335s] -- Up-to-date: /home/rokey/cobot_ws/install/dsr_moveit_config_m0617/share/dsr_moveit_config_m0617/config/initial_positions.yaml
[0.335s] -- Up-to-date: /home/rokey/cobot_ws/install/dsr_moveit_config_m0617/share/dsr_moveit_config_m0617/config/dsr.srdf
[0.335s] -- Up-to-date: /home/rokey/cobot_ws/install/dsr_moveit_config_m0617/share/dsr_moveit_config_m0617/config/m0617.urdf.xacro
[0.335s] -- Up-to-date: /home/rokey/cobot_ws/install/dsr_moveit_config_m0617/share/dsr_moveit_config_m0617/config/joint_limits.yaml
[0.335s] -- Up-to-date: /home/rokey/cobot_ws/install/dsr_moveit_config_m0617/share/dsr_moveit_config_m0617/config/chomp_planning.yaml
[0.335s] -- Up-to-date: /home/rokey/cobot_ws/install/dsr_moveit_config_m0617/share/dsr_moveit_config_m0617/.setup_assistant
[0.364s] Invoked command in '/home/rokey/cobot_ws/build/dsr_moveit_config_m0617' returned '0': CMAKE_PREFIX_PATH=${CMAKE_PREFIX_PATH}:/home/rokey/cobot_ws/install/dsr_visualservoing:/home/rokey/cobot_ws/install/dsr_tests:/home/rokey/cobot_ws/install/dsr_bringup2:/home/rokey/cobot_ws/install/dsr_example:/home/rokey/cobot_ws/install/cobot1:/opt/ros/humble /usr/bin/cmake --install /home/rokey/cobot_ws/build/dsr_moveit_config_m0617
