[1.392s] Invoking command in '/home/rokey/cobot_ws/src/doosan-robot2/dsr_example2/dsr_example': CMAKE_PREFIX_PATH=/home/rokey/cobot_ws/install/dsr_common2:/home/rokey/cobot_ws/install/dsr_realtime_control:/home/rokey/cobot_ws/install/dsr_mujoco:/home/rokey/cobot_ws/install/dsr_controller2:/home/rokey/cobot_ws/install/dsr_msgs2:/home/rokey/cobot_ws/install/dsr_moveit_config_p3020:/home/rokey/cobot_ws/install/dsr_moveit_config_m1509:/home/rokey/cobot_ws/install/dsr_moveit_config_m1013:/home/rokey/cobot_ws/install/dsr_moveit_config_m0617:/home/rokey/cobot_ws/install/dsr_moveit_config_m0609:/home/rokey/cobot_ws/install/dsr_moveit_config_h2515:/home/rokey/cobot_ws/install/dsr_moveit_config_h2017:/home/rokey/cobot_ws/install/dsr_moveit_config_e0509:/home/rokey/cobot_ws/install/dsr_moveit_config_a0912:/home/rokey/cobot_ws/install/dsr_moveit_config_a0509:/home/rokey/cobot_ws/install/dsr_hardware2:/home/rokey/cobot_ws/install/dsr_gazebo2:/home/rokey/cobot_ws/install/dsr_description2 PYTHONPATH=/home/rokey/cobot_ws/build/dsr_example/prefix_override:/usr/lib/python3/dist-packages/colcon_core/task/python/colcon_distutils_commands:/home/rokey/cobot_ws/install/dsr_example/lib/python3.10/site-packages:/home/rokey/cobot_ws/install/dsr_common2/lib/python3.10/site-packages:/home/rokey/cobot_ws/install/dsr_visualservoing/lib/python3.10/site-packages:/home/rokey/cobot_ws/install/dsr_tests/lib/python3.10/site-packages:/home/rokey/cobot_ws/install/dsr_mujoco/local/lib/python3.10/dist-packages:/home/rokey/cobot_ws/install/dsr_bringup2/lib/python3.10/site-packages:/home/rokey/cobot_ws/install/dsr_msgs2/local/lib/python3.10/dist-packages:/home/rokey/cobot_ws/install/dsr_example/lib/python3.10/site-packages:/home/rokey/cobot_ws/install/cobot1/lib/python3.10/site-packages:/opt/ros/humble/lib/python3.10/site-packages:/opt/ros/humble/local/lib/python3.10/dist-packages /usr/bin/python3 -W ignore:setup.py install is deprecated -W ignore:easy_install command is deprecated setup.py egg_info --egg-base ../../../../build/dsr_example build --build-base /home/rokey/cobot_ws/build/dsr_example/build install --record /home/rokey/cobot_ws/build/dsr_example/install.log --single-version-externally-managed install_data
[1.732s] running egg_info
[1.733s] writing ../../../../build/dsr_example/dsr_example.egg-info/PKG-INFO
[1.734s] writing dependency_links to ../../../../build/dsr_example/dsr_example.egg-info/dependency_links.txt
[1.734s] writing entry points to ../../../../build/dsr_example/dsr_example.egg-info/entry_points.txt
[1.734s] writing requirements to ../../../../build/dsr_example/dsr_example.egg-info/requires.txt
[1.734s] writing top-level names to ../../../../build/dsr_example/dsr_example.egg-info/top_level.txt
[1.736s] reading manifest file '../../../../build/dsr_example/dsr_example.egg-info/SOURCES.txt'
[1.738s] writing manifest file '../../../../build/dsr_example/dsr_example.egg-info/SOURCES.txt'
[1.738s] running build
[1.738s] running build_py
[1.739s] running install
[1.740s] running install_lib
[1.743s] running install_data
[1.744s] running install_egg_info
[1.746s] removing '/home/rokey/cobot_ws/install/dsr_example/lib/python3.10/site-packages/dsr_example-0.0.0-py3.10.egg-info' (and everything under it)
[1.746s] Copying ../../../../build/dsr_example/dsr_example.egg-info to /home/rokey/cobot_ws/install/dsr_example/lib/python3.10/site-packages/dsr_example-0.0.0-py3.10.egg-info
[1.747s] running install_scripts
[1.768s] Installing dance script to /home/rokey/cobot_ws/install/dsr_example/lib/dsr_example
[1.769s] Installing single_robot_simple script to /home/rokey/cobot_ws/install/dsr_example/lib/dsr_example
[1.769s] Installing slope_demo script to /home/rokey/cobot_ws/install/dsr_example/lib/dsr_example
[1.769s] Installing test script to /home/rokey/cobot_ws/install/dsr_example/lib/dsr_example
[1.769s] Installing test2 script to /home/rokey/cobot_ws/install/dsr_example/lib/dsr_example
[1.769s] writing list of installed files to '/home/rokey/cobot_ws/build/dsr_example/install.log'
[1.797s] Invoked command in '/home/rokey/cobot_ws/src/doosan-robot2/dsr_example2/dsr_example' returned '0': CMAKE_PREFIX_PATH=/home/rokey/cobot_ws/install/dsr_common2:/home/rokey/cobot_ws/install/dsr_realtime_control:/home/rokey/cobot_ws/install/dsr_mujoco:/home/rokey/cobot_ws/install/dsr_controller2:/home/rokey/cobot_ws/install/dsr_msgs2:/home/rokey/cobot_ws/install/dsr_moveit_config_p3020:/home/rokey/cobot_ws/install/dsr_moveit_config_m1509:/home/rokey/cobot_ws/install/dsr_moveit_config_m1013:/home/rokey/cobot_ws/install/dsr_moveit_config_m0617:/home/rokey/cobot_ws/install/dsr_moveit_config_m0609:/home/rokey/cobot_ws/install/dsr_moveit_config_h2515:/home/rokey/cobot_ws/install/dsr_moveit_config_h2017:/home/rokey/cobot_ws/install/dsr_moveit_config_e0509:/home/rokey/cobot_ws/install/dsr_moveit_config_a0912:/home/rokey/cobot_ws/install/dsr_moveit_config_a0509:/home/rokey/cobot_ws/install/dsr_hardware2:/home/rokey/cobot_ws/install/dsr_gazebo2:/home/rokey/cobot_ws/install/dsr_description2 PYTHONPATH=/home/rokey/cobot_ws/build/dsr_example/prefix_override:/usr/lib/python3/dist-packages/colcon_core/task/python/colcon_distutils_commands:/home/rokey/cobot_ws/install/dsr_example/lib/python3.10/site-packages:/home/rokey/cobot_ws/install/dsr_common2/lib/python3.10/site-packages:/home/rokey/cobot_ws/install/dsr_visualservoing/lib/python3.10/site-packages:/home/rokey/cobot_ws/install/dsr_tests/lib/python3.10/site-packages:/home/rokey/cobot_ws/install/dsr_mujoco/local/lib/python3.10/dist-packages:/home/rokey/cobot_ws/install/dsr_bringup2/lib/python3.10/site-packages:/home/rokey/cobot_ws/install/dsr_msgs2/local/lib/python3.10/dist-packages:/home/rokey/cobot_ws/install/dsr_example/lib/python3.10/site-packages:/home/rokey/cobot_ws/install/cobot1/lib/python3.10/site-packages:/opt/ros/humble/lib/python3.10/site-packages:/opt/ros/humble/local/lib/python3.10/dist-packages /usr/bin/python3 -W ignore:setup.py install is deprecated -W ignore:easy_install command is deprecated setup.py egg_info --egg-base ../../../../build/dsr_example build --build-base /home/rokey/cobot_ws/build/dsr_example/build install --record /home/rokey/cobot_ws/build/dsr_example/install.log --single-version-externally-managed install_data
