running develop
running egg_info
creating cobot1.egg-info
writing cobot1.egg-info/PKG-INFO
writing dependency_links to cobot1.egg-info/dependency_links.txt
writing entry points to cobot1.egg-info/entry_points.txt
writing requirements to cobot1.egg-info/requires.txt
writing top-level names to cobot1.egg-info/top_level.txt
writing manifest file 'cobot1.egg-info/SOURCES.txt'
reading manifest file 'cobot1.egg-info/SOURCES.txt'
writing manifest file 'cobot1.egg-info/SOURCES.txt'
running build_ext
Creating /home/rokey/cobot_ws/install/cobot1/lib/python3.10/site-packages/cobot1.egg-link (link to .)

Installed /home/rokey/cobot_ws/build/cobot1
running symlink_data
creating /home/rokey/cobot_ws/install/cobot1/share/ament_index
creating /home/rokey/cobot_ws/install/cobot1/share/ament_index/resource_index
creating /home/rokey/cobot_ws/install/cobot1/share/ament_index/resource_index/packages
symbolically linking /home/rokey/cobot_ws/build/cobot1/resource/cobot1 -> /home/rokey/cobot_ws/install/cobot1/share/ament_index/resource_index/packages
symbolically linking /home/rokey/cobot_ws/build/cobot1/package.xml -> /home/rokey/cobot_ws/install/cobot1/share/cobot1
