[0.052s] Invoking command in '/home/rokey/cobot_ws/build/dsr_moveit_config_m1013': CMAKE_PREFIX_PATH=/opt/ros/humble /usr/bin/cmake /home/rokey/cobot_ws/src/doosan-robot2/dsr_moveit2/dsr_moveit_config_m1013 -DCMAKE_INSTALL_PREFIX=/home/rokey/cobot_ws/install/dsr_moveit_config_m1013
[0.170s] -- The C compiler identification is GNU 11.4.0
[0.292s] -- The CXX compiler identification is GNU 11.4.0
[0.308s] -- Detecting C compiler ABI info
[0.445s] -- Detecting C compiler ABI info - done
[0.467s] -- Check for working C compiler: /usr/bin/cc - skipped
[0.467s] -- Detecting C compile features
[0.468s] -- Detecting C compile features - done
[0.474s] -- Detecting CXX compiler ABI info
[0.656s] -- Detecting CXX compiler ABI info - done
[0.673s] -- Check for working CXX compiler: /usr/bin/c++ - skipped
[0.674s] -- Detecting CXX compile features
[0.675s] -- Detecting CXX compile features - done
[0.678s] -- Found ament_cmake: 1.3.12 (/opt/ros/humble/share/ament_cmake/cmake)
[1.022s] -- Found Python3: /usr/bin/python3 (found version "3.10.12") found components: Interpreter 
[1.307s] -- Configuring done
[1.310s] -- Generating done
[1.312s] -- Build files have been written to: /home/rokey/cobot_ws/build/dsr_moveit_config_m1013
[1.397s] Invoked command in '/home/rokey/cobot_ws/build/dsr_moveit_config_m1013' returned '0': CMAKE_PREFIX_PATH=/opt/ros/humble /usr/bin/cmake /home/rokey/cobot_ws/src/doosan-robot2/dsr_moveit2/dsr_moveit_config_m1013 -DCMAKE_INSTALL_PREFIX=/home/rokey/cobot_ws/install/dsr_moveit_config_m1013
[1.402s] Invoking command in '/home/rokey/cobot_ws/build/dsr_moveit_config_m1013': CMAKE_PREFIX_PATH=/opt/ros/humble /usr/bin/cmake --build /home/rokey/cobot_ws/build/dsr_moveit_config_m1013 -- -j8 -l8
[1.447s] Invoked command in '/home/rokey/cobot_ws/build/dsr_moveit_config_m1013' returned '0': CMAKE_PREFIX_PATH=/opt/ros/humble /usr/bin/cmake --build /home/rokey/cobot_ws/build/dsr_moveit_config_m1013 -- -j8 -l8
[1.450s] Invoking command in '/home/rokey/cobot_ws/build/dsr_moveit_config_m1013': CMAKE_PREFIX_PATH=/opt/ros/humble /usr/bin/cmake --install /home/rokey/cobot_ws/build/dsr_moveit_config_m1013
[1.479s] -- Install configuration: ""
[1.480s] -- Installing: /home/rokey/cobot_ws/install/dsr_moveit_config_m1013/share/ament_index/resource_index/package_run_dependencies/dsr_moveit_config_m1013
[1.480s] -- Installing: /home/rokey/cobot_ws/install/dsr_moveit_config_m1013/share/ament_index/resource_index/parent_prefix_path/dsr_moveit_config_m1013
[1.480s] -- Installing: /home/rokey/cobot_ws/install/dsr_moveit_config_m1013/share/dsr_moveit_config_m1013/environment/ament_prefix_path.sh
[1.480s] -- Installing: /home/rokey/cobot_ws/install/dsr_moveit_config_m1013/share/dsr_moveit_config_m1013/environment/ament_prefix_path.dsv
[1.480s] -- Installing: /home/rokey/cobot_ws/install/dsr_moveit_config_m1013/share/dsr_moveit_config_m1013/environment/path.sh
[1.482s] -- Installing: /home/rokey/cobot_ws/install/dsr_moveit_config_m1013/share/dsr_moveit_config_m1013/environment/path.dsv
[1.483s] -- Installing: /home/rokey/cobot_ws/install/dsr_moveit_config_m1013/share/dsr_moveit_config_m1013/local_setup.bash
[1.483s] -- Installing: /home/rokey/cobot_ws/install/dsr_moveit_config_m1013/share/dsr_moveit_config_m1013/local_setup.sh
[1.483s] -- Installing: /home/rokey/cobot_ws/install/dsr_moveit_config_m1013/share/dsr_moveit_config_m1013/local_setup.zsh
[1.483s] -- Installing: /home/rokey/cobot_ws/install/dsr_moveit_config_m1013/share/dsr_moveit_config_m1013/local_setup.dsv
[1.484s] -- Installing: /home/rokey/cobot_ws/install/dsr_moveit_config_m1013/share/dsr_moveit_config_m1013/package.dsv
[1.484s] -- Installing: /home/rokey/cobot_ws/install/dsr_moveit_config_m1013/share/ament_index/resource_index/packages/dsr_moveit_config_m1013
[1.484s] -- Installing: /home/rokey/cobot_ws/install/dsr_moveit_config_m1013/share/dsr_moveit_config_m1013/cmake/dsr_moveit_config_m1013Config.cmake
[1.486s] -- Installing: /home/rokey/cobot_ws/install/dsr_moveit_config_m1013/share/dsr_moveit_config_m1013/cmake/dsr_moveit_config_m1013Config-version.cmake
[1.486s] -- Installing: /home/rokey/cobot_ws/install/dsr_moveit_config_m1013/share/dsr_moveit_config_m1013/package.xml
[1.487s] -- Installing: /home/rokey/cobot_ws/install/dsr_moveit_config_m1013/share/dsr_moveit_config_m1013/launch
[1.487s] -- Installing: /home/rokey/cobot_ws/install/dsr_moveit_config_m1013/share/dsr_moveit_config_m1013/launch/moveit.rviz
[1.489s] -- Installing: /home/rokey/cobot_ws/install/dsr_moveit_config_m1013/share/dsr_moveit_config_m1013/launch/start.launch.py
[1.489s] -- Installing: /home/rokey/cobot_ws/install/dsr_moveit_config_m1013/share/dsr_moveit_config_m1013/launch/demo.launch.py
[1.489s] -- Installing: /home/rokey/cobot_ws/install/dsr_moveit_config_m1013/share/dsr_moveit_config_m1013/config
[1.490s] -- Installing: /home/rokey/cobot_ws/install/dsr_moveit_config_m1013/share/dsr_moveit_config_m1013/config/dsr.ros2_control.xacro
[1.491s] -- Installing: /home/rokey/cobot_ws/install/dsr_moveit_config_m1013/share/dsr_moveit_config_m1013/config/pilz_cartesian_limits.yaml
[1.493s] -- Installing: /home/rokey/cobot_ws/install/dsr_moveit_config_m1013/share/dsr_moveit_config_m1013/config/ros2_controllers.yaml
[1.493s] -- Installing: /home/rokey/cobot_ws/install/dsr_moveit_config_m1013/share/dsr_moveit_config_m1013/config/pilz_industrial_motion_planner_planning.yaml
[1.493s] -- Installing: /home/rokey/cobot_ws/install/dsr_moveit_config_m1013/share/dsr_moveit_config_m1013/config/moveit_controllers.yaml
[1.493s] -- Installing: /home/rokey/cobot_ws/install/dsr_moveit_config_m1013/share/dsr_moveit_config_m1013/config/ompl_planning.yaml
[1.496s] -- Installing: /home/rokey/cobot_ws/install/dsr_moveit_config_m1013/share/dsr_moveit_config_m1013/config/kinematics.yaml
[1.496s] -- Installing: /home/rokey/cobot_ws/install/dsr_moveit_config_m1013/share/dsr_moveit_config_m1013/config/sensors_3d.yaml
[1.497s] -- Installing: /home/rokey/cobot_ws/install/dsr_moveit_config_m1013/share/dsr_moveit_config_m1013/config/initial_positions.yaml
[1.497s] -- Installing: /home/rokey/cobot_ws/install/dsr_moveit_config_m1013/share/dsr_moveit_config_m1013/config/dsr.srdf
[1.497s] -- Installing: /home/rokey/cobot_ws/install/dsr_moveit_config_m1013/share/dsr_moveit_config_m1013/config/m1013.urdf.xacro
[1.497s] -- Installing: /home/rokey/cobot_ws/install/dsr_moveit_config_m1013/share/dsr_moveit_config_m1013/config/joint_limits.yaml
[1.497s] -- Installing: /home/rokey/cobot_ws/install/dsr_moveit_config_m1013/share/dsr_moveit_config_m1013/config/chomp_planning.yaml
[1.497s] -- Installing: /home/rokey/cobot_ws/install/dsr_moveit_config_m1013/share/dsr_moveit_config_m1013/.setup_assistant
[1.512s] Invoked command in '/home/rokey/cobot_ws/build/dsr_moveit_config_m1013' returned '0': CMAKE_PREFIX_PATH=/opt/ros/humble /usr/bin/cmake --install /home/rokey/cobot_ws/build/dsr_moveit_config_m1013
