[1.335s] Invoking command in '/home/rokey/cobot_ws/src/cobot1': PYTHONPATH=/home/rokey/cobot_ws/build/cobot1/prefix_override:/usr/lib/python3/dist-packages/colcon_core/task/python/colcon_distutils_commands:/home/rokey/cobot_ws/install/cobot1/lib/python3.10/site-packages:${PYTHONPATH} /usr/bin/python3 -W ignore:setup.py install is deprecated -W ignore:easy_install command is deprecated setup.py egg_info --egg-base ../../build/cobot1 build --build-base /home/rokey/cobot_ws/build/cobot1/build install --record /home/rokey/cobot_ws/build/cobot1/install.log --single-version-externally-managed install_data
[1.573s] running egg_info
[1.574s] writing ../../build/cobot1/cobot1.egg-info/PKG-INFO
[1.574s] writing dependency_links to ../../build/cobot1/cobot1.egg-info/dependency_links.txt
[1.574s] writing entry points to ../../build/cobot1/cobot1.egg-info/entry_points.txt
[1.575s] writing requirements to ../../build/cobot1/cobot1.egg-info/requires.txt
[1.575s] writing top-level names to ../../build/cobot1/cobot1.egg-info/top_level.txt
[1.577s] reading manifest file '../../build/cobot1/cobot1.egg-info/SOURCES.txt'
[1.578s] adding license file 'LICENSE'
[1.578s] writing manifest file '../../build/cobot1/cobot1.egg-info/SOURCES.txt'
[1.578s] running build
[1.579s] running build_py
[1.579s] copying cobot1/pub.py -> /home/rokey/cobot_ws/build/cobot1/build/lib/cobot1
[1.579s] running install
[1.579s] running install_lib
[1.580s] copying /home/rokey/cobot_ws/build/cobot1/build/lib/cobot1/pub.py -> /home/rokey/cobot_ws/install/cobot1/lib/python3.10/site-packages/cobot1
[1.581s] byte-compiling /home/rokey/cobot_ws/install/cobot1/lib/python3.10/site-packages/cobot1/pub.py to pub.cpython-310.pyc
[1.581s] running install_data
[1.582s] running install_egg_info
[1.584s] removing '/home/rokey/cobot_ws/install/cobot1/lib/python3.10/site-packages/cobot1-0.0.0-py3.10.egg-info' (and everything under it)
[1.584s] Copying ../../build/cobot1/cobot1.egg-info to /home/rokey/cobot_ws/install/cobot1/lib/python3.10/site-packages/cobot1-0.0.0-py3.10.egg-info
[1.585s] running install_scripts
[1.606s] Installing grip_test script to /home/rokey/cobot_ws/install/cobot1/lib/cobot1
[1.607s] Installing move_basic script to /home/rokey/cobot_ws/install/cobot1/lib/cobot1
[1.607s] Installing move_periodic script to /home/rokey/cobot_ws/install/cobot1/lib/cobot1
[1.607s] Installing pub script to /home/rokey/cobot_ws/install/cobot1/lib/cobot1
[1.607s] Installing sub script to /home/rokey/cobot_ws/install/cobot1/lib/cobot1
[1.607s] writing list of installed files to '/home/rokey/cobot_ws/build/cobot1/install.log'
[1.758s] Invoked command in '/home/rokey/cobot_ws/src/cobot1' returned '0': PYTHONPATH=/home/rokey/cobot_ws/build/cobot1/prefix_override:/usr/lib/python3/dist-packages/colcon_core/task/python/colcon_distutils_commands:/home/rokey/cobot_ws/install/cobot1/lib/python3.10/site-packages:${PYTHONPATH} /usr/bin/python3 -W ignore:setup.py install is deprecated -W ignore:easy_install command is deprecated setup.py egg_info --egg-base ../../build/cobot1 build --build-base /home/rokey/cobot_ws/build/cobot1/build install --record /home/rokey/cobot_ws/build/cobot1/install.log --single-version-externally-managed install_data
